<?xml version="1.0" encoding="UTF-8" standalone="yes"?><!DOCTYPE report PUBLIC "-//JACOCO//DTD Report 1.0//EN" "report.dtd"><report name="finnMath"><sessioninfo id="archlinux-f8db59ea" start="1507581950159" dump="1507581957435"/><package name="com/github/ltennstedt/finnmath/linear"><class name="com/github/ltennstedt/finnmath/linear/AbstractMatrix"><method name="&lt;init&gt;" desc="(Lcom/google/common/collect/ImmutableTable;)V" line="48"><counter type="INSTRUCTION" missed="0" covered="6"/><counter type="LINE" missed="0" covered="3"/><counter type="COMPLEXITY" missed="0" covered="1"/><counter type="METHOD" missed="0" covered="1"/></method><method name="square" desc="()Z" line="86"><counter type="INSTRUCTION" missed="0" covered="13"/><counter type="BRANCH" missed="0" covered="2"/><counter type="LINE" missed="0" covered="1"/><counter type="COMPLEXITY" missed="0" covered="2"/><counter type="METHOD" missed="0" covered="1"/></method><method name="triangular" desc="()Z" line="101"><counter type="INSTRUCTION" missed="0" covered="10"/><counter type="BRANCH" missed="0" covered="4"/><counter type="LINE" missed="0" covered="1"/><counter type="COMPLEXITY" missed="0" covered="3"/><counter type="METHOD" missed="0" covered="1"/></method><method name="diagonal" desc="()Z" line="120"><counter type="INSTRUCTION" missed="0" covered="10"/><counter type="BRANCH" missed="1" covered="3"/><counter type="LINE" missed="0" covered="1"/><counter type="COMPLEXITY" missed="1" covered="2"/><counter type="METHOD" missed="0" covered="1"/></method><method name="symmetric" desc="()Z" line="139"><counter type="INSTRUCTION" missed="0" covered="12"/><counter type="BRANCH" missed="0" covered="4"/><counter type="LINE" missed="0" covered="1"/><counter type="COMPLEXITY" missed="0" covered="3"/><counter type="METHOD" missed="0" covered="1"/></method><method name="skewSymmetric" desc="()Z" line="155"><counter type="INSTRUCTION" missed="0" covered="13"/><counter type="BRANCH" missed="0" covered="4"/><counter type="LINE" missed="0" covered="1"/><counter type="COMPLEXITY" missed="0" covered="3"/><counter type="METHOD" missed="0" covered="1"/></method><method name="rowIndexes" desc="()Lcom/google/common/collect/ImmutableSet;" line="167"><counter type="INSTRUCTION" missed="0" covered="4"/><counter type="LINE" missed="0" covered="1"/><counter type="COMPLEXITY" missed="0" covered="1"/><counter type="METHOD" missed="0" covered="1"/></method><method name="columnIndexes" desc="()Lcom/google/common/collect/ImmutableSet;" line="179"><counter type="INSTRUCTION" missed="0" covered="4"/><counter type="LINE" missed="0" covered="1"/><counter type="COMPLEXITY" missed="0" covered="1"/><counter type="METHOD" missed="0" covered="1"/></method><method name="element" desc="(Ljava/lang/Integer;Ljava/lang/Integer;)Ljava/lang/Object;" line="203"><counter type="INSTRUCTION" missed="0" covered="38"/><counter type="LINE" missed="0" covered="7"/><counter type="COMPLEXITY" missed="0" covered="1"/><counter type="METHOD" missed="0" covered="1"/></method><method name="cells" desc="()Lcom/google/common/collect/ImmutableSet;" line="221"><counter type="INSTRUCTION" missed="0" covered="4"/><counter type="LINE" missed="0" covered="1"/><counter type="COMPLEXITY" missed="0" covered="1"/><counter type="METHOD" missed="0" covered="1"/></method><method name="row" desc="(Ljava/lang/Integer;)Lcom/google/common/collect/ImmutableMap;" line="240"><counter type="INSTRUCTION" missed="0" covered="21"/><counter type="LINE" missed="0" covered="4"/><counter type="COMPLEXITY" missed="0" covered="1"/><counter type="METHOD" missed="0" covered="1"/></method><method name="column" desc="(Ljava/lang/Integer;)Lcom/google/common/collect/ImmutableMap;" line="262"><counter type="INSTRUCTION" missed="0" covered="21"/><counter type="LINE" missed="0" covered="4"/><counter type="COMPLEXITY" missed="0" covered="1"/><counter type="METHOD" missed="0" covered="1"/></method><method name="rows" desc="()Lcom/google/common/collect/ImmutableMap;" line="277"><counter type="INSTRUCTION" missed="0" covered="4"/><counter type="LINE" missed="0" covered="1"/><counter type="COMPLEXITY" missed="0" covered="1"/><counter type="METHOD" missed="0" covered="1"/></method><method name="columns" desc="()Lcom/google/common/collect/ImmutableMap;" line="289"><counter type="INSTRUCTION" missed="0" covered="4"/><counter type="LINE" missed="0" covered="1"/><counter type="COMPLEXITY" missed="0" covered="1"/><counter type="METHOD" missed="0" covered="1"/></method><method name="elements" desc="()Lcom/google/common/collect/ImmutableCollection;" line="301"><counter type="INSTRUCTION" missed="0" covered="4"/><counter type="LINE" missed="0" covered="1"/><counter type="COMPLEXITY" missed="0" covered="1"/><counter type="METHOD" missed="0" covered="1"/></method><method name="size" desc="()J" line="312"><counter type="INSTRUCTION" missed="0" covered="16"/><counter type="LINE" missed="0" covered="1"/><counter type="COMPLEXITY" missed="0" covered="1"/><counter type="METHOD" missed="0" covered="1"/></method><method name="rowSize" desc="()I" line="324"><counter type="INSTRUCTION" missed="0" covered="5"/><counter type="LINE" missed="0" covered="1"/><counter type="COMPLEXITY" missed="0" covered="1"/><counter type="METHOD" missed="0" covered="1"/></method><method name="columnSize" desc="()I" line="336"><counter type="INSTRUCTION" missed="0" covered="5"/><counter type="LINE" missed="0" covered="1"/><counter type="COMPLEXITY" missed="0" covered="1"/><counter type="METHOD" missed="0" covered="1"/></method><method name="toString" desc="()Ljava/lang/String;" line="341"><counter type="INSTRUCTION" missed="0" covered="8"/><counter type="LINE" missed="0" covered="1"/><counter type="COMPLEXITY" missed="0" covered="1"/><counter type="METHOD" missed="0" covered="1"/></method><method name="getTable" desc="()Lcom/google/common/collect/ImmutableTable;" line="345"><counter type="INSTRUCTION" missed="0" covered="3"/><counter type="LINE" missed="0" covered="1"/><counter type="COMPLEXITY" missed="0" covered="1"/><counter type="METHOD" missed="0" covered="1"/></method><counter type="INSTRUCTION" missed="0" covered="205"/><counter type="BRANCH" missed="1" covered="17"/><counter type="LINE" missed="0" covered="34"/><counter type="COMPLEXITY" missed="1" covered="28"/><counter type="METHOD" missed="0" covered="20"/><counter type="CLASS" missed="0" covered="1"/></class><class name="com/github/ltennstedt/finnmath/linear/DecimalVector$DecimalVectorBuilder"><method name="&lt;init&gt;" desc="(I)V" line="478"><counter type="INSTRUCTION" missed="0" covered="4"/><counter type="LINE" missed="0" covered="2"/><counter type="COMPLEXITY" missed="0" covered="1"/><counter type="METHOD" missed="0" covered="1"/></method><method name="put" desc="(Ljava/math/BigDecimal;)Lcom/github/ltennstedt/finnmath/linear/DecimalVector$DecimalVectorBuilder;" line="497"><counter type="INSTRUCTION" missed="1" covered="32"/><counter type="BRANCH" missed="1" covered="1"/><counter type="LINE" missed="0" covered="5"/><counter type="COMPLEXITY" missed="1" covered="1"/><counter type="METHOD" missed="0" covered="1"/></method><method name="put" desc="(Ljava/lang/Integer;Ljava/math/BigDecimal;)Lcom/github/ltennstedt/finnmath/linear/DecimalVector$DecimalVectorBuilder;" line="522"><counter type="INSTRUCTION" missed="0" covered="33"/><counter type="BRANCH" missed="0" covered="4"/><counter type="LINE" missed="0" covered="5"/><counter type="COMPLEXITY" missed="0" covered="3"/><counter type="METHOD" missed="0" covered="1"/></method><method name="putAll" desc="(Ljava/math/BigDecimal;)Lcom/github/ltennstedt/finnmath/linear/DecimalVector$DecimalVectorBuilder;" line="541"><counter type="INSTRUCTION" missed="0" covered="21"/><counter type="BRANCH" missed="0" covered="2"/><counter type="LINE" missed="0" covered="4"/><counter type="COMPLEXITY" missed="0" covered="2"/><counter type="METHOD" missed="0" covered="1"/></method><method name="build" desc="()Lcom/github/ltennstedt/finnmath/linear/DecimalVector;" line="560"><counter type="INSTRUCTION" missed="0" covered="19"/><counter type="LINE" missed="0" covered="2"/><counter type="COMPLEXITY" missed="0" covered="1"/><counter type="METHOD" missed="0" covered="1"/></method><method name="lambda$build$0" desc="(Ljava/lang/Integer;)V" line="561"><counter type="INSTRUCTION" missed="0" covered="9"/><counter type="LINE" missed="0" covered="2"/><counter type="COMPLEXITY" missed="0" covered="1"/><counter type="METHOD" missed="0" covered="1"/></method><counter type="INSTRUCTION" missed="1" covered="118"/><counter type="BRANCH" missed="1" covered="7"/><counter type="LINE" missed="0" covered="20"/><counter type="COMPLEXITY" missed="1" covered="9"/><counter type="METHOD" missed="0" covered="6"/><counter type="CLASS" missed="0" covered="1"/></class><class name="com/github/ltennstedt/finnmath/linear/DecimalMatrix"><method name="&lt;init&gt;" desc="(Lcom/google/common/collect/ImmutableTable;)V" line="43"><counter type="INSTRUCTION" missed="0" covered="4"/><counter type="LINE" missed="0" covered="2"/><counter type="COMPLEXITY" missed="0" covered="1"/><counter type="METHOD" missed="0" covered="1"/></method><method name="add" desc="(Lcom/github/ltennstedt/finnmath/linear/DecimalMatrix;)Lcom/github/ltennstedt/finnmath/linear/DecimalMatrix;" line="64"><counter type="INSTRUCTION" missed="0" covered="56"/><counter type="BRANCH" missed="0" covered="4"/><counter type="LINE" missed="0" covered="8"/><counter type="COMPLEXITY" missed="0" covered="3"/><counter type="METHOD" missed="0" covered="1"/></method><method name="subtract" desc="(Lcom/github/ltennstedt/finnmath/linear/DecimalMatrix;)Lcom/github/ltennstedt/finnmath/linear/DecimalMatrix;" line="96"><counter type="INSTRUCTION" missed="0" covered="56"/><counter type="BRANCH" missed="0" covered="4"/><counter type="LINE" missed="0" covered="9"/><counter type="COMPLEXITY" missed="0" covered="3"/><counter type="METHOD" missed="0" covered="1"/></method><method name="multiply" desc="(Lcom/github/ltennstedt/finnmath/linear/DecimalMatrix;)Lcom/github/ltennstedt/finnmath/linear/DecimalMatrix;" line="127"><counter type="INSTRUCTION" missed="0" covered="41"/><counter type="BRANCH" missed="0" covered="2"/><counter type="LINE" missed="0" covered="7"/><counter type="COMPLEXITY" missed="0" covered="2"/><counter type="METHOD" missed="0" covered="1"/></method><method name="multiplyVector" desc="(Lcom/github/ltennstedt/finnmath/linear/DecimalVector;)Lcom/github/ltennstedt/finnmath/linear/DecimalVector;" line="158"><counter type="INSTRUCTION" missed="0" covered="38"/><counter type="BRANCH" missed="0" covered="2"/><counter type="LINE" missed="0" covered="6"/><counter type="COMPLEXITY" missed="0" covered="2"/><counter type="METHOD" missed="0" covered="1"/></method><method name="multiplyRowWithColumn" desc="(Ljava/util/Map;Ljava/util/Map;)Ljava/math/BigDecimal;" line="175"><counter type="INSTRUCTION" missed="1" covered="49"/><counter type="BRANCH" missed="1" covered="3"/><counter type="LINE" missed="0" covered="9"/><counter type="COMPLEXITY" missed="1" covered="2"/><counter type="METHOD" missed="0" covered="1"/></method><method name="scalarMultiply" desc="(Ljava/math/BigDecimal;)Lcom/github/ltennstedt/finnmath/linear/DecimalMatrix;" line="201"><counter type="INSTRUCTION" missed="0" covered="24"/><counter type="LINE" missed="0" covered="4"/><counter type="COMPLEXITY" missed="0" covered="1"/><counter type="METHOD" missed="0" covered="1"/></method><method name="negate" desc="()Lcom/github/ltennstedt/finnmath/linear/DecimalMatrix;" line="219"><counter type="INSTRUCTION" missed="0" covered="5"/><counter type="LINE" missed="0" covered="1"/><counter type="COMPLEXITY" missed="0" covered="1"/><counter type="METHOD" missed="0" covered="1"/></method><method name="trace" desc="()Ljava/math/BigDecimal;" line="231"><counter type="INSTRUCTION" missed="0" covered="38"/><counter type="BRANCH" missed="0" covered="2"/><counter type="LINE" missed="0" covered="7"/><counter type="COMPLEXITY" missed="0" covered="2"/><counter type="METHOD" missed="0" covered="1"/></method><method name="determinant" desc="()Ljava/math/BigDecimal;" line="260"><counter type="INSTRUCTION" missed="0" covered="138"/><counter type="BRANCH" missed="0" covered="12"/><counter type="LINE" missed="0" covered="17"/><counter type="COMPLEXITY" missed="0" covered="7"/><counter type="METHOD" missed="0" covered="1"/></method><method name="ruleOfSarrus" desc="()Ljava/math/BigDecimal;" line="284"><counter type="INSTRUCTION" missed="0" covered="188"/><counter type="LINE" missed="0" covered="8"/><counter type="COMPLEXITY" missed="0" covered="1"/><counter type="METHOD" missed="0" covered="1"/></method><method name="transpose" desc="()Lcom/github/ltennstedt/finnmath/linear/DecimalMatrix;" line="304"><counter type="INSTRUCTION" missed="0" covered="19"/><counter type="LINE" missed="0" covered="3"/><counter type="COMPLEXITY" missed="0" covered="1"/><counter type="METHOD" missed="0" covered="1"/></method><method name="minor" desc="(Ljava/lang/Integer;Ljava/lang/Integer;)Lcom/github/ltennstedt/finnmath/linear/DecimalMatrix;" line="334"><counter type="INSTRUCTION" missed="0" covered="55"/><counter type="LINE" missed="0" covered="9"/><counter type="COMPLEXITY" missed="0" covered="1"/><counter type="METHOD" missed="0" covered="1"/></method><method name="upperTriangular" desc="()Z" line="364"><counter type="INSTRUCTION" missed="0" covered="37"/><counter type="BRANCH" missed="0" covered="8"/><counter type="LINE" missed="0" covered="7"/><counter type="COMPLEXITY" missed="0" covered="5"/><counter type="METHOD" missed="0" covered="1"/></method><method name="lowerTriangular" desc="()Z" line="386"><counter type="INSTRUCTION" missed="0" covered="37"/><counter type="BRANCH" missed="0" covered="8"/><counter type="LINE" missed="0" covered="7"/><counter type="COMPLEXITY" missed="0" covered="5"/><counter type="METHOD" missed="0" covered="1"/></method><method name="identity" desc="()Z" line="409"><counter type="INSTRUCTION" missed="0" covered="31"/><counter type="BRANCH" missed="0" covered="6"/><counter type="LINE" missed="0" covered="7"/><counter type="COMPLEXITY" missed="0" covered="4"/><counter type="METHOD" missed="0" covered="1"/></method><method name="invertible" desc="()Z" line="432"><counter type="INSTRUCTION" missed="0" covered="9"/><counter type="BRANCH" missed="0" covered="2"/><counter type="LINE" missed="0" covered="1"/><counter type="COMPLEXITY" missed="0" covered="2"/><counter type="METHOD" missed="0" covered="1"/></method><method name="builder" desc="(II)Lcom/github/ltennstedt/finnmath/linear/DecimalMatrix$DecimalMatrixBuilder;" line="447"><counter type="INSTRUCTION" missed="0" covered="22"/><counter type="BRANCH" missed="0" covered="4"/><counter type="LINE" missed="0" covered="3"/><counter type="COMPLEXITY" missed="0" covered="3"/><counter type="METHOD" missed="0" covered="1"/></method><method name="hashCode" desc="()I" line="454"><counter type="INSTRUCTION" missed="0" covered="9"/><counter type="LINE" missed="0" covered="1"/><counter type="COMPLEXITY" missed="0" covered="1"/><counter type="METHOD" missed="0" covered="1"/></method><method name="equals" desc="(Ljava/lang/Object;)Z" line="459"><counter type="INSTRUCTION" missed="0" covered="19"/><counter type="BRANCH" missed="0" covered="4"/><counter type="LINE" missed="0" covered="6"/><counter type="COMPLEXITY" missed="0" covered="3"/><counter type="METHOD" missed="0" covered="1"/></method><method name="lambda$minor$8" desc="(Ljava/lang/Integer;Ljava/lang/Integer;Lcom/github/ltennstedt/finnmath/linear/DecimalMatrix$DecimalMatrixBuilder;Lcom/google/common/collect/Table$Cell;)V" line="342"><counter type="INSTRUCTION" missed="0" covered="53"/><counter type="BRANCH" missed="0" covered="8"/><counter type="LINE" missed="0" covered="7"/><counter type="COMPLEXITY" missed="0" covered="5"/><counter type="METHOD" missed="0" covered="1"/></method><method name="lambda$transpose$7" desc="(Lcom/github/ltennstedt/finnmath/linear/DecimalMatrix$DecimalMatrixBuilder;Lcom/google/common/collect/Table$Cell;)V" line="306"><counter type="INSTRUCTION" missed="0" covered="13"/><counter type="LINE" missed="0" covered="2"/><counter type="COMPLEXITY" missed="0" covered="1"/><counter type="METHOD" missed="0" covered="1"/></method><method name="lambda$scalarMultiply$6" desc="(Lcom/github/ltennstedt/finnmath/linear/DecimalMatrix$DecimalMatrixBuilder;Ljava/math/BigDecimal;Lcom/google/common/collect/Table$Cell;)V" line="204"><counter type="INSTRUCTION" missed="0" covered="15"/><counter type="LINE" missed="0" covered="2"/><counter type="COMPLEXITY" missed="0" covered="1"/><counter type="METHOD" missed="0" covered="1"/></method><method name="lambda$multiplyVector$5" desc="(Lcom/github/ltennstedt/finnmath/linear/DecimalVector$DecimalVectorBuilder;Lcom/github/ltennstedt/finnmath/linear/DecimalVector;Ljava/lang/Integer;Ljava/util/Map;)V" line="163"><counter type="INSTRUCTION" missed="0" covered="7"/><counter type="LINE" missed="0" covered="2"/><counter type="COMPLEXITY" missed="0" covered="1"/><counter type="METHOD" missed="0" covered="1"/></method><method name="lambda$multiplyVector$4" desc="(Lcom/github/ltennstedt/finnmath/linear/DecimalVector$DecimalVectorBuilder;Ljava/lang/Integer;Lcom/github/ltennstedt/finnmath/linear/DecimalVector;Ljava/lang/Integer;Ljava/math/BigDecimal;)V" line="164"><counter type="INSTRUCTION" missed="0" covered="24"/><counter type="BRANCH" missed="0" covered="2"/><counter type="LINE" missed="0" covered="4"/><counter type="COMPLEXITY" missed="0" covered="2"/><counter type="METHOD" missed="0" covered="1"/></method><method name="lambda$multiply$3" desc="(Lcom/github/ltennstedt/finnmath/linear/DecimalMatrix;Lcom/github/ltennstedt/finnmath/linear/DecimalMatrix$DecimalMatrixBuilder;Ljava/lang/Integer;Ljava/util/Map;)V" line="133"><counter type="INSTRUCTION" missed="0" covered="9"/><counter type="LINE" missed="0" covered="2"/><counter type="COMPLEXITY" missed="0" covered="1"/><counter type="METHOD" missed="0" covered="1"/></method><method name="lambda$multiply$2" desc="(Ljava/util/Map;Lcom/github/ltennstedt/finnmath/linear/DecimalMatrix$DecimalMatrixBuilder;Ljava/lang/Integer;Ljava/lang/Integer;Ljava/util/Map;)V" line="134"><counter type="INSTRUCTION" missed="0" covered="12"/><counter type="LINE" missed="0" covered="3"/><counter type="COMPLEXITY" missed="0" covered="1"/><counter type="METHOD" missed="0" covered="1"/></method><method name="lambda$subtract$1" desc="(Lcom/github/ltennstedt/finnmath/linear/DecimalMatrix$DecimalMatrixBuilder;Lcom/github/ltennstedt/finnmath/linear/DecimalMatrix;Lcom/google/common/collect/Table$Cell;)V" line="104"><counter type="INSTRUCTION" missed="0" covered="23"/><counter type="LINE" missed="0" covered="4"/><counter type="COMPLEXITY" missed="0" covered="1"/><counter type="METHOD" missed="0" covered="1"/></method><method name="lambda$add$0" desc="(Lcom/github/ltennstedt/finnmath/linear/DecimalMatrix$DecimalMatrixBuilder;Lcom/github/ltennstedt/finnmath/linear/DecimalMatrix;Lcom/google/common/collect/Table$Cell;)V" line="71"><counter type="INSTRUCTION" missed="0" covered="23"/><counter type="LINE" missed="0" covered="4"/><counter type="COMPLEXITY" missed="0" covered="1"/><counter type="METHOD" missed="0" covered="1"/></method><counter type="INSTRUCTION" missed="1" covered="1054"/><counter type="BRANCH" missed="1" covered="71"/><counter type="LINE" missed="0" covered="152"/><counter type="COMPLEXITY" missed="1" covered="64"/><counter type="METHOD" missed="0" covered="29"/><counter type="CLASS" missed="0" covered="1"/></class><class name="com/github/ltennstedt/finnmath/linear/AbstractMatrixBuilder"><method name="&lt;init&gt;" desc="(II)V" line="39"><counter type="INSTRUCTION" missed="0" covered="24"/><counter type="LINE" missed="0" covered="5"/><counter type="COMPLEXITY" missed="0" covered="1"/><counter type="METHOD" missed="0" covered="1"/></method><method name="toString" desc="()Ljava/lang/String;" line="47"><counter type="INSTRUCTION" missed="8" covered="0"/><counter type="LINE" missed="1" covered="0"/><counter type="COMPLEXITY" missed="1" covered="0"/><counter type="METHOD" missed="1" covered="0"/></method><method name="getTable" desc="()Lcom/google/common/collect/Table;" line="51"><counter type="INSTRUCTION" missed="3" covered="0"/><counter type="LINE" missed="1" covered="0"/><counter type="COMPLEXITY" missed="1" covered="0"/><counter type="METHOD" missed="1" covered="0"/></method><counter type="INSTRUCTION" missed="11" covered="24"/><counter type="LINE" missed="2" covered="5"/><counter type="COMPLEXITY" missed="2" covered="1"/><counter type="METHOD" missed="2" covered="1"/><counter type="CLASS" missed="0" covered="1"/></class><class name="com/github/ltennstedt/finnmath/linear/AbstractVector"><method name="&lt;init&gt;" desc="(Lcom/google/common/collect/ImmutableMap;)V" line="46"><counter type="INSTRUCTION" missed="0" covered="6"/><counter type="LINE" missed="0" covered="3"/><counter type="COMPLEXITY" missed="0" covered="1"/><counter type="METHOD" missed="0" covered="1"/></method><method name="element" desc="(Ljava/lang/Integer;)Ljava/lang/Object;" line="65"><counter type="INSTRUCTION" missed="0" covered="19"/><counter type="LINE" missed="0" covered="3"/><counter type="COMPLEXITY" missed="0" covered="1"/><counter type="METHOD" missed="0" covered="1"/></method><method name="entries" desc="()Lcom/google/common/collect/ImmutableSet;" line="80"><counter type="INSTRUCTION" missed="0" covered="4"/><counter type="LINE" missed="0" covered="1"/><counter type="COMPLEXITY" missed="0" covered="1"/><counter type="METHOD" missed="0" covered="1"/></method><method name="elements" desc="()Lcom/google/common/collect/ImmutableCollection;" line="92"><counter type="INSTRUCTION" missed="0" covered="4"/><counter type="LINE" missed="0" covered="1"/><counter type="COMPLEXITY" missed="0" covered="1"/><counter type="METHOD" missed="0" covered="1"/></method><method name="size" desc="()I" line="133"><counter type="INSTRUCTION" missed="4" covered="0"/><counter type="LINE" missed="1" covered="0"/><counter type="COMPLEXITY" missed="1" covered="0"/><counter type="METHOD" missed="1" covered="0"/></method><method name="toString" desc="()Ljava/lang/String;" line="138"><counter type="INSTRUCTION" missed="0" covered="8"/><counter type="LINE" missed="0" covered="1"/><counter type="COMPLEXITY" missed="0" covered="1"/><counter type="METHOD" missed="0" covered="1"/></method><method name="getMap" desc="()Lcom/google/common/collect/ImmutableMap;" line="142"><counter type="INSTRUCTION" missed="0" covered="3"/><counter type="LINE" missed="0" covered="1"/><counter type="COMPLEXITY" missed="0" covered="1"/><counter type="METHOD" missed="0" covered="1"/></method><counter type="INSTRUCTION" missed="4" covered="44"/><counter type="LINE" missed="1" covered="10"/><counter type="COMPLEXITY" missed="1" covered="6"/><counter type="METHOD" missed="1" covered="6"/><counter type="CLASS" missed="0" covered="1"/></class><class name="com/github/ltennstedt/finnmath/linear/DecimalVector"><method name="&lt;init&gt;" desc="(Lcom/google/common/collect/ImmutableMap;)V" line="43"><counter type="INSTRUCTION" missed="0" covered="4"/><counter type="LINE" missed="0" covered="2"/><counter type="COMPLEXITY" missed="0" covered="1"/><counter type="METHOD" missed="0" covered="1"/></method><method name="add" desc="(Lcom/github/ltennstedt/finnmath/linear/DecimalVector;)Lcom/github/ltennstedt/finnmath/linear/DecimalVector;" line="59"><counter type="INSTRUCTION" missed="0" covered="34"/><counter type="BRANCH" missed="0" covered="2"/><counter type="LINE" missed="0" covered="6"/><counter type="COMPLEXITY" missed="0" covered="2"/><counter type="METHOD" missed="0" covered="1"/></method><method name="subtract" desc="(Lcom/github/ltennstedt/finnmath/linear/DecimalVector;)Lcom/github/ltennstedt/finnmath/linear/DecimalVector;" line="82"><counter type="INSTRUCTION" missed="0" covered="34"/><counter type="BRANCH" missed="0" covered="2"/><counter type="LINE" missed="0" covered="6"/><counter type="COMPLEXITY" missed="0" covered="2"/><counter type="METHOD" missed="0" covered="1"/></method><method name="dotProduct" desc="(Lcom/github/ltennstedt/finnmath/linear/DecimalVector;)Ljava/math/BigDecimal;" line="107"><counter type="INSTRUCTION" missed="0" covered="50"/><counter type="BRANCH" missed="0" covered="4"/><counter type="LINE" missed="0" covered="8"/><counter type="COMPLEXITY" missed="0" covered="3"/><counter type="METHOD" missed="0" covered="1"/></method><method name="scalarMultiply" desc="(Ljava/math/BigDecimal;)Lcom/github/ltennstedt/finnmath/linear/DecimalVector;" line="130"><counter type="INSTRUCTION" missed="0" covered="19"/><counter type="LINE" missed="0" covered="4"/><counter type="COMPLEXITY" missed="0" covered="1"/><counter type="METHOD" missed="0" covered="1"/></method><method name="negate" desc="()Lcom/github/ltennstedt/finnmath/linear/DecimalVector;" line="148"><counter type="INSTRUCTION" missed="0" covered="5"/><counter type="LINE" missed="0" covered="1"/><counter type="COMPLEXITY" missed="0" covered="1"/><counter type="METHOD" missed="0" covered="1"/></method><method name="euclideanNormPow2" desc="()Ljava/math/BigDecimal;" line="161"><counter type="INSTRUCTION" missed="0" covered="4"/><counter type="LINE" missed="0" covered="1"/><counter type="COMPLEXITY" missed="0" covered="1"/><counter type="METHOD" missed="0" covered="1"/></method><method name="euclideanNorm" desc="()Ljava/math/BigDecimal;" line="175"><counter type="INSTRUCTION" missed="0" covered="7"/><counter type="LINE" missed="0" covered="1"/><counter type="COMPLEXITY" missed="0" covered="1"/><counter type="METHOD" missed="0" covered="1"/></method><method name="euclideanNorm" desc="(Ljava/math/BigDecimal;)Ljava/math/BigDecimal;" line="195"><counter type="INSTRUCTION" missed="0" covered="26"/><counter type="BRANCH" missed="0" covered="4"/><counter type="LINE" missed="0" covered="3"/><counter type="COMPLEXITY" missed="0" covered="3"/><counter type="METHOD" missed="0" covered="1"/></method><method name="euclideanNorm" desc="(II)Ljava/math/BigDecimal;" line="221"><counter type="INSTRUCTION" missed="0" covered="29"/><counter type="BRANCH" missed="0" covered="6"/><counter type="LINE" missed="0" covered="3"/><counter type="COMPLEXITY" missed="0" covered="4"/><counter type="METHOD" missed="0" covered="1"/></method><method name="euclideanNorm" desc="(Ljava/math/BigDecimal;II)Ljava/math/BigDecimal;" line="253"><counter type="INSTRUCTION" missed="0" covered="48"/><counter type="BRANCH" missed="0" covered="10"/><counter type="LINE" missed="0" covered="5"/><counter type="COMPLEXITY" missed="0" covered="6"/><counter type="METHOD" missed="0" covered="1"/></method><method name="euclideanDistancePow2" desc="(Lcom/github/ltennstedt/finnmath/linear/DecimalVector;)Ljava/math/BigDecimal;" line="280"><counter type="INSTRUCTION" missed="0" covered="25"/><counter type="BRANCH" missed="0" covered="2"/><counter type="LINE" missed="0" covered="4"/><counter type="COMPLEXITY" missed="0" covered="2"/><counter type="METHOD" missed="0" covered="1"/></method><method name="euclideanDistance" desc="(Lcom/github/ltennstedt/finnmath/linear/DecimalVector;)Ljava/math/BigDecimal;" line="304"><counter type="INSTRUCTION" missed="0" covered="28"/><counter type="BRANCH" missed="0" covered="2"/><counter type="LINE" missed="0" covered="4"/><counter type="COMPLEXITY" missed="0" covered="2"/><counter type="METHOD" missed="0" covered="1"/></method><method name="euclideanDistance" desc="(Lcom/github/ltennstedt/finnmath/linear/DecimalVector;Ljava/math/BigDecimal;)Ljava/math/BigDecimal;" line="334"><counter type="INSTRUCTION" missed="0" covered="47"/><counter type="BRANCH" missed="0" covered="6"/><counter type="LINE" missed="0" covered="6"/><counter type="COMPLEXITY" missed="0" covered="4"/><counter type="METHOD" missed="0" covered="1"/></method><method name="euclideanDistance" desc="(Lcom/github/ltennstedt/finnmath/linear/DecimalVector;II)Ljava/math/BigDecimal;" line="370"><counter type="INSTRUCTION" missed="0" covered="50"/><counter type="BRANCH" missed="0" covered="8"/><counter type="LINE" missed="0" covered="6"/><counter type="COMPLEXITY" missed="0" covered="5"/><counter type="METHOD" missed="0" covered="1"/></method><method name="euclideanDistance" desc="(Lcom/github/ltennstedt/finnmath/linear/DecimalVector;Ljava/math/BigDecimal;II)Ljava/math/BigDecimal;" line="413"><counter type="INSTRUCTION" missed="0" covered="69"/><counter type="BRANCH" missed="0" covered="12"/><counter type="LINE" missed="0" covered="8"/><counter type="COMPLEXITY" missed="0" covered="7"/><counter type="METHOD" missed="0" covered="1"/></method><method name="size" desc="()I" line="434"><counter type="INSTRUCTION" missed="0" covered="4"/><counter type="LINE" missed="0" covered="1"/><counter type="COMPLEXITY" missed="0" covered="1"/><counter type="METHOD" missed="0" covered="1"/></method><method name="builder" desc="(I)Lcom/github/ltennstedt/finnmath/linear/DecimalVector$DecimalVectorBuilder;" line="447"><counter type="INSTRUCTION" missed="0" covered="14"/><counter type="BRANCH" missed="0" covered="2"/><counter type="LINE" missed="0" covered="2"/><counter type="COMPLEXITY" missed="0" covered="2"/><counter type="METHOD" missed="0" covered="1"/></method><method name="hashCode" desc="()I" line="453"><counter type="INSTRUCTION" missed="0" covered="9"/><counter type="LINE" missed="0" covered="1"/><counter type="COMPLEXITY" missed="0" covered="1"/><counter type="METHOD" missed="0" covered="1"/></method><method name="equals" desc="(Ljava/lang/Object;)Z" line="458"><counter type="INSTRUCTION" missed="0" covered="19"/><counter type="BRANCH" missed="0" covered="4"/><counter type="LINE" missed="0" covered="6"/><counter type="COMPLEXITY" missed="0" covered="3"/><counter type="METHOD" missed="0" covered="1"/></method><method name="lambda$scalarMultiply$2" desc="(Lcom/github/ltennstedt/finnmath/linear/DecimalVector$DecimalVectorBuilder;Ljava/math/BigDecimal;Ljava/math/BigDecimal;)V" line="133"><counter type="INSTRUCTION" missed="0" covered="7"/><counter type="LINE" missed="0" covered="2"/><counter type="COMPLEXITY" missed="0" covered="1"/><counter type="METHOD" missed="0" covered="1"/></method><method name="lambda$subtract$1" desc="(Lcom/github/ltennstedt/finnmath/linear/DecimalVector$DecimalVectorBuilder;Lcom/github/ltennstedt/finnmath/linear/DecimalVector;Ljava/lang/Integer;Ljava/math/BigDecimal;)V" line="87"><counter type="INSTRUCTION" missed="0" covered="10"/><counter type="LINE" missed="0" covered="2"/><counter type="COMPLEXITY" missed="0" covered="1"/><counter type="METHOD" missed="0" covered="1"/></method><method name="lambda$add$0" desc="(Lcom/github/ltennstedt/finnmath/linear/DecimalVector$DecimalVectorBuilder;Lcom/github/ltennstedt/finnmath/linear/DecimalVector;Ljava/lang/Integer;Ljava/math/BigDecimal;)V" line="64"><counter type="INSTRUCTION" missed="0" covered="10"/><counter type="LINE" missed="0" covered="2"/><counter type="COMPLEXITY" missed="0" covered="1"/><counter type="METHOD" missed="0" covered="1"/></method><counter type="INSTRUCTION" missed="0" covered="552"/><counter type="BRANCH" missed="0" covered="64"/><counter type="LINE" missed="0" covered="84"/><counter type="COMPLEXITY" missed="0" covered="55"/><counter type="METHOD" missed="0" covered="23"/><counter type="CLASS" missed="0" covered="1"/></class><class name="com/github/ltennstedt/finnmath/linear/BigIntMatrix"><method name="&lt;init&gt;" desc="(Lcom/google/common/collect/ImmutableTable;)V" line="43"><counter type="INSTRUCTION" missed="0" covered="4"/><counter type="LINE" missed="0" covered="2"/><counter type="COMPLEXITY" missed="0" covered="1"/><counter type="METHOD" missed="0" covered="1"/></method><method name="add" desc="(Lcom/github/ltennstedt/finnmath/linear/BigIntMatrix;)Lcom/github/ltennstedt/finnmath/linear/BigIntMatrix;" line="64"><counter type="INSTRUCTION" missed="0" covered="56"/><counter type="BRANCH" missed="0" covered="4"/><counter type="LINE" missed="0" covered="8"/><counter type="COMPLEXITY" missed="0" covered="3"/><counter type="METHOD" missed="0" covered="1"/></method><method name="subtract" desc="(Lcom/github/ltennstedt/finnmath/linear/BigIntMatrix;)Lcom/github/ltennstedt/finnmath/linear/BigIntMatrix;" line="96"><counter type="INSTRUCTION" missed="0" covered="56"/><counter type="BRANCH" missed="0" covered="4"/><counter type="LINE" missed="0" covered="9"/><counter type="COMPLEXITY" missed="0" covered="3"/><counter type="METHOD" missed="0" covered="1"/></method><method name="multiply" desc="(Lcom/github/ltennstedt/finnmath/linear/BigIntMatrix;)Lcom/github/ltennstedt/finnmath/linear/BigIntMatrix;" line="127"><counter type="INSTRUCTION" missed="0" covered="41"/><counter type="BRANCH" missed="0" covered="2"/><counter type="LINE" missed="0" covered="7"/><counter type="COMPLEXITY" missed="0" covered="2"/><counter type="METHOD" missed="0" covered="1"/></method><method name="multiplyVector" desc="(Lcom/github/ltennstedt/finnmath/linear/BigIntVector;)Lcom/github/ltennstedt/finnmath/linear/BigIntVector;" line="158"><counter type="INSTRUCTION" missed="0" covered="38"/><counter type="BRANCH" missed="0" covered="2"/><counter type="LINE" missed="0" covered="6"/><counter type="COMPLEXITY" missed="0" covered="2"/><counter type="METHOD" missed="0" covered="1"/></method><method name="multiplyRowWithColumn" desc="(Ljava/util/Map;Ljava/util/Map;)Ljava/math/BigInteger;" line="175"><counter type="INSTRUCTION" missed="1" covered="49"/><counter type="BRANCH" missed="1" covered="3"/><counter type="LINE" missed="0" covered="9"/><counter type="COMPLEXITY" missed="1" covered="2"/><counter type="METHOD" missed="0" covered="1"/></method><method name="scalarMultiply" desc="(Ljava/math/BigInteger;)Lcom/github/ltennstedt/finnmath/linear/BigIntMatrix;" line="201"><counter type="INSTRUCTION" missed="0" covered="24"/><counter type="LINE" missed="0" covered="4"/><counter type="COMPLEXITY" missed="0" covered="1"/><counter type="METHOD" missed="0" covered="1"/></method><method name="negate" desc="()Lcom/github/ltennstedt/finnmath/linear/BigIntMatrix;" line="219"><counter type="INSTRUCTION" missed="0" covered="5"/><counter type="LINE" missed="0" covered="1"/><counter type="COMPLEXITY" missed="0" covered="1"/><counter type="METHOD" missed="0" covered="1"/></method><method name="trace" desc="()Ljava/math/BigInteger;" line="231"><counter type="INSTRUCTION" missed="0" covered="38"/><counter type="BRANCH" missed="0" covered="2"/><counter type="LINE" missed="0" covered="7"/><counter type="COMPLEXITY" missed="0" covered="2"/><counter type="METHOD" missed="0" covered="1"/></method><method name="determinant" desc="()Ljava/math/BigInteger;" line="260"><counter type="INSTRUCTION" missed="0" covered="120"/><counter type="BRANCH" missed="0" covered="12"/><counter type="LINE" missed="0" covered="15"/><counter type="COMPLEXITY" missed="0" covered="7"/><counter type="METHOD" missed="0" covered="1"/></method><method name="ruleOfSarrus" desc="()Ljava/math/BigInteger;" line="282"><counter type="INSTRUCTION" missed="0" covered="177"/><counter type="LINE" missed="0" covered="7"/><counter type="COMPLEXITY" missed="0" covered="1"/><counter type="METHOD" missed="0" covered="1"/></method><method name="transpose" desc="()Lcom/github/ltennstedt/finnmath/linear/BigIntMatrix;" line="301"><counter type="INSTRUCTION" missed="0" covered="19"/><counter type="LINE" missed="0" covered="3"/><counter type="COMPLEXITY" missed="0" covered="1"/><counter type="METHOD" missed="0" covered="1"/></method><method name="minor" desc="(Ljava/lang/Integer;Ljava/lang/Integer;)Lcom/github/ltennstedt/finnmath/linear/BigIntMatrix;" line="331"><counter type="INSTRUCTION" missed="0" covered="55"/><counter type="LINE" missed="0" covered="9"/><counter type="COMPLEXITY" missed="0" covered="1"/><counter type="METHOD" missed="0" covered="1"/></method><method name="upperTriangular" desc="()Z" line="361"><counter type="INSTRUCTION" missed="0" covered="37"/><counter type="BRANCH" missed="0" covered="8"/><counter type="LINE" missed="0" covered="7"/><counter type="COMPLEXITY" missed="0" covered="5"/><counter type="METHOD" missed="0" covered="1"/></method><method name="lowerTriangular" desc="()Z" line="383"><counter type="INSTRUCTION" missed="0" covered="37"/><counter type="BRANCH" missed="0" covered="8"/><counter type="LINE" missed="0" covered="7"/><counter type="COMPLEXITY" missed="0" covered="5"/><counter type="METHOD" missed="0" covered="1"/></method><method name="identity" desc="()Z" line="406"><counter type="INSTRUCTION" missed="0" covered="31"/><counter type="BRANCH" missed="0" covered="6"/><counter type="LINE" missed="0" covered="7"/><counter type="COMPLEXITY" missed="0" covered="4"/><counter type="METHOD" missed="0" covered="1"/></method><method name="invertible" desc="()Z" line="429"><counter type="INSTRUCTION" missed="0" covered="15"/><counter type="BRANCH" missed="0" covered="4"/><counter type="LINE" missed="0" covered="1"/><counter type="COMPLEXITY" missed="0" covered="3"/><counter type="METHOD" missed="0" covered="1"/></method><method name="builder" desc="(II)Lcom/github/ltennstedt/finnmath/linear/BigIntMatrix$BigIntMatrixBuilder;" line="444"><counter type="INSTRUCTION" missed="0" covered="23"/><counter type="BRANCH" missed="0" covered="4"/><counter type="LINE" missed="0" covered="3"/><counter type="COMPLEXITY" missed="0" covered="3"/><counter type="METHOD" missed="0" covered="1"/></method><method name="hashCode" desc="()I" line="451"><counter type="INSTRUCTION" missed="0" covered="9"/><counter type="LINE" missed="0" covered="1"/><counter type="COMPLEXITY" missed="0" covered="1"/><counter type="METHOD" missed="0" covered="1"/></method><method name="equals" desc="(Ljava/lang/Object;)Z" line="456"><counter type="INSTRUCTION" missed="0" covered="19"/><counter type="BRANCH" missed="0" covered="4"/><counter type="LINE" missed="0" covered="6"/><counter type="COMPLEXITY" missed="0" covered="3"/><counter type="METHOD" missed="0" covered="1"/></method><method name="lambda$minor$8" desc="(Ljava/lang/Integer;Ljava/lang/Integer;Lcom/github/ltennstedt/finnmath/linear/BigIntMatrix$BigIntMatrixBuilder;Lcom/google/common/collect/Table$Cell;)V" line="339"><counter type="INSTRUCTION" missed="0" covered="53"/><counter type="BRANCH" missed="0" covered="8"/><counter type="LINE" missed="0" covered="7"/><counter type="COMPLEXITY" missed="0" covered="5"/><counter type="METHOD" missed="0" covered="1"/></method><method name="lambda$transpose$7" desc="(Lcom/github/ltennstedt/finnmath/linear/BigIntMatrix$BigIntMatrixBuilder;Lcom/google/common/collect/Table$Cell;)V" line="303"><counter type="INSTRUCTION" missed="0" covered="13"/><counter type="LINE" missed="0" covered="2"/><counter type="COMPLEXITY" missed="0" covered="1"/><counter type="METHOD" missed="0" covered="1"/></method><method name="lambda$scalarMultiply$6" desc="(Lcom/github/ltennstedt/finnmath/linear/BigIntMatrix$BigIntMatrixBuilder;Ljava/math/BigInteger;Lcom/google/common/collect/Table$Cell;)V" line="204"><counter type="INSTRUCTION" missed="0" covered="15"/><counter type="LINE" missed="0" covered="2"/><counter type="COMPLEXITY" missed="0" covered="1"/><counter type="METHOD" missed="0" covered="1"/></method><method name="lambda$multiplyVector$5" desc="(Lcom/github/ltennstedt/finnmath/linear/BigIntVector$BigIntVectorBuilder;Lcom/github/ltennstedt/finnmath/linear/BigIntVector;Ljava/lang/Integer;Ljava/util/Map;)V" line="163"><counter type="INSTRUCTION" missed="0" covered="7"/><counter type="LINE" missed="0" covered="2"/><counter type="COMPLEXITY" missed="0" covered="1"/><counter type="METHOD" missed="0" covered="1"/></method><method name="lambda$multiplyVector$4" desc="(Lcom/github/ltennstedt/finnmath/linear/BigIntVector$BigIntVectorBuilder;Ljava/lang/Integer;Lcom/github/ltennstedt/finnmath/linear/BigIntVector;Ljava/lang/Integer;Ljava/math/BigInteger;)V" line="164"><counter type="INSTRUCTION" missed="0" covered="24"/><counter type="BRANCH" missed="0" covered="2"/><counter type="LINE" missed="0" covered="4"/><counter type="COMPLEXITY" missed="0" covered="2"/><counter type="METHOD" missed="0" covered="1"/></method><method name="lambda$multiply$3" desc="(Lcom/github/ltennstedt/finnmath/linear/BigIntMatrix;Lcom/github/ltennstedt/finnmath/linear/BigIntMatrix$BigIntMatrixBuilder;Ljava/lang/Integer;Ljava/util/Map;)V" line="133"><counter type="INSTRUCTION" missed="0" covered="9"/><counter type="LINE" missed="0" covered="2"/><counter type="COMPLEXITY" missed="0" covered="1"/><counter type="METHOD" missed="0" covered="1"/></method><method name="lambda$multiply$2" desc="(Ljava/util/Map;Lcom/github/ltennstedt/finnmath/linear/BigIntMatrix$BigIntMatrixBuilder;Ljava/lang/Integer;Ljava/lang/Integer;Ljava/util/Map;)V" line="134"><counter type="INSTRUCTION" missed="0" covered="12"/><counter type="LINE" missed="0" covered="3"/><counter type="COMPLEXITY" missed="0" covered="1"/><counter type="METHOD" missed="0" covered="1"/></method><method name="lambda$subtract$1" desc="(Lcom/github/ltennstedt/finnmath/linear/BigIntMatrix$BigIntMatrixBuilder;Lcom/github/ltennstedt/finnmath/linear/BigIntMatrix;Lcom/google/common/collect/Table$Cell;)V" line="104"><counter type="INSTRUCTION" missed="0" covered="23"/><counter type="LINE" missed="0" covered="4"/><counter type="COMPLEXITY" missed="0" covered="1"/><counter type="METHOD" missed="0" covered="1"/></method><method name="lambda$add$0" desc="(Lcom/github/ltennstedt/finnmath/linear/BigIntMatrix$BigIntMatrixBuilder;Lcom/github/ltennstedt/finnmath/linear/BigIntMatrix;Lcom/google/common/collect/Table$Cell;)V" line="71"><counter type="INSTRUCTION" missed="0" covered="23"/><counter type="LINE" missed="0" covered="4"/><counter type="COMPLEXITY" missed="0" covered="1"/><counter type="METHOD" missed="0" covered="1"/></method><counter type="INSTRUCTION" missed="1" covered="1032"/><counter type="BRANCH" missed="1" covered="73"/><counter type="LINE" missed="0" covered="149"/><counter type="COMPLEXITY" missed="1" covered="65"/><counter type="METHOD" missed="0" covered="29"/><counter type="CLASS" missed="0" covered="1"/></class><class name="com/github/ltennstedt/finnmath/linear/BigIntVector$BigIntVectorBuilder"><method name="&lt;init&gt;" desc="(Ljava/lang/Integer;)V" line="483"><counter type="INSTRUCTION" missed="0" covered="5"/><counter type="LINE" missed="0" covered="2"/><counter type="COMPLEXITY" missed="0" covered="1"/><counter type="METHOD" missed="0" covered="1"/></method><method name="put" desc="(Ljava/math/BigInteger;)Lcom/github/ltennstedt/finnmath/linear/BigIntVector$BigIntVectorBuilder;" line="502"><counter type="INSTRUCTION" missed="1" covered="32"/><counter type="BRANCH" missed="1" covered="1"/><counter type="LINE" missed="0" covered="5"/><counter type="COMPLEXITY" missed="1" covered="1"/><counter type="METHOD" missed="0" covered="1"/></method><method name="put" desc="(Ljava/lang/Integer;Ljava/math/BigInteger;)Lcom/github/ltennstedt/finnmath/linear/BigIntVector$BigIntVectorBuilder;" line="527"><counter type="INSTRUCTION" missed="0" covered="33"/><counter type="BRANCH" missed="0" covered="4"/><counter type="LINE" missed="0" covered="5"/><counter type="COMPLEXITY" missed="0" covered="3"/><counter type="METHOD" missed="0" covered="1"/></method><method name="putAll" desc="(Ljava/math/BigInteger;)Lcom/github/ltennstedt/finnmath/linear/BigIntVector$BigIntVectorBuilder;" line="546"><counter type="INSTRUCTION" missed="0" covered="21"/><counter type="BRANCH" missed="0" covered="2"/><counter type="LINE" missed="0" covered="4"/><counter type="COMPLEXITY" missed="0" covered="2"/><counter type="METHOD" missed="0" covered="1"/></method><method name="build" desc="()Lcom/github/ltennstedt/finnmath/linear/BigIntVector;" line="565"><counter type="INSTRUCTION" missed="0" covered="19"/><counter type="LINE" missed="0" covered="2"/><counter type="COMPLEXITY" missed="0" covered="1"/><counter type="METHOD" missed="0" covered="1"/></method><method name="lambda$build$0" desc="(Ljava/lang/Integer;)V" line="566"><counter type="INSTRUCTION" missed="0" covered="9"/><counter type="LINE" missed="0" covered="2"/><counter type="COMPLEXITY" missed="0" covered="1"/><counter type="METHOD" missed="0" covered="1"/></method><counter type="INSTRUCTION" missed="1" covered="119"/><counter type="BRANCH" missed="1" covered="7"/><counter type="LINE" missed="0" covered="20"/><counter type="COMPLEXITY" missed="1" covered="9"/><counter type="METHOD" missed="0" covered="6"/><counter type="CLASS" missed="0" covered="1"/></class><class name="com/github/ltennstedt/finnmath/linear/BigIntMatrix$BigIntMatrixBuilder"><method name="&lt;init&gt;" desc="(II)V" line="475"><counter type="INSTRUCTION" missed="0" covered="5"/><counter type="LINE" missed="0" covered="2"/><counter type="COMPLEXITY" missed="0" covered="1"/><counter type="METHOD" missed="0" covered="1"/></method><method name="put" desc="(Ljava/lang/Integer;Ljava/lang/Integer;Ljava/math/BigInteger;)Lcom/github/ltennstedt/finnmath/linear/BigIntMatrix$BigIntMatrixBuilder;" line="491"><counter type="INSTRUCTION" missed="0" covered="45"/><counter type="LINE" missed="0" covered="9"/><counter type="COMPLEXITY" missed="0" covered="1"/><counter type="METHOD" missed="0" covered="1"/></method><method name="putAll" desc="(Ljava/math/BigInteger;)Lcom/github/ltennstedt/finnmath/linear/BigIntMatrix$BigIntMatrixBuilder;" line="514"><counter type="INSTRUCTION" missed="0" covered="13"/><counter type="LINE" missed="0" covered="3"/><counter type="COMPLEXITY" missed="0" covered="1"/><counter type="METHOD" missed="0" covered="1"/></method><method name="build" desc="()Lcom/github/ltennstedt/finnmath/linear/BigIntMatrix;" line="535"><counter type="INSTRUCTION" missed="0" covered="13"/><counter type="LINE" missed="0" covered="2"/><counter type="COMPLEXITY" missed="0" covered="1"/><counter type="METHOD" missed="0" covered="1"/></method><method name="lambda$build$2" desc="(Lcom/google/common/collect/Table$Cell;)V" line="536"><counter type="INSTRUCTION" missed="0" covered="7"/><counter type="LINE" missed="0" covered="2"/><counter type="COMPLEXITY" missed="0" covered="1"/><counter type="METHOD" missed="0" covered="1"/></method><method name="lambda$putAll$1" desc="(Ljava/math/BigInteger;Ljava/lang/Integer;)V" line="516"><counter type="INSTRUCTION" missed="0" covered="9"/><counter type="LINE" missed="0" covered="2"/><counter type="COMPLEXITY" missed="0" covered="1"/><counter type="METHOD" missed="0" covered="1"/></method><method name="lambda$putAll$0" desc="(Ljava/lang/Integer;Ljava/math/BigInteger;Ljava/lang/Integer;)V" line="517"><counter type="INSTRUCTION" missed="0" covered="8"/><counter type="LINE" missed="0" covered="2"/><counter type="COMPLEXITY" missed="0" covered="1"/><counter type="METHOD" missed="0" covered="1"/></method><counter type="INSTRUCTION" missed="0" covered="100"/><counter type="LINE" missed="0" covered="22"/><counter type="COMPLEXITY" missed="0" covered="7"/><counter type="METHOD" missed="0" covered="7"/><counter type="CLASS" missed="0" covered="1"/></class><class name="com/github/ltennstedt/finnmath/linear/BigIntVector"><method name="&lt;init&gt;" desc="(Lcom/google/common/collect/ImmutableMap;)V" line="44"><counter type="INSTRUCTION" missed="0" covered="4"/><counter type="LINE" missed="0" covered="2"/><counter type="COMPLEXITY" missed="0" covered="1"/><counter type="METHOD" missed="0" covered="1"/></method><method name="add" desc="(Lcom/github/ltennstedt/finnmath/linear/BigIntVector;)Lcom/github/ltennstedt/finnmath/linear/BigIntVector;" line="62"><counter type="INSTRUCTION" missed="0" covered="34"/><counter type="BRANCH" missed="0" covered="2"/><counter type="LINE" missed="0" covered="6"/><counter type="COMPLEXITY" missed="0" covered="2"/><counter type="METHOD" missed="0" covered="1"/></method><method name="subtract" desc="(Lcom/github/ltennstedt/finnmath/linear/BigIntVector;)Lcom/github/ltennstedt/finnmath/linear/BigIntVector;" line="87"><counter type="INSTRUCTION" missed="0" covered="34"/><counter type="BRANCH" missed="0" covered="2"/><counter type="LINE" missed="0" covered="6"/><counter type="COMPLEXITY" missed="0" covered="2"/><counter type="METHOD" missed="0" covered="1"/></method><method name="scalarMultiply" desc="(Ljava/math/BigInteger;)Lcom/github/ltennstedt/finnmath/linear/BigIntVector;" line="110"><counter type="INSTRUCTION" missed="0" covered="19"/><counter type="LINE" missed="0" covered="4"/><counter type="COMPLEXITY" missed="0" covered="1"/><counter type="METHOD" missed="0" covered="1"/></method><method name="negate" desc="()Lcom/github/ltennstedt/finnmath/linear/BigIntVector;" line="128"><counter type="INSTRUCTION" missed="0" covered="5"/><counter type="LINE" missed="0" covered="1"/><counter type="COMPLEXITY" missed="0" covered="1"/><counter type="METHOD" missed="0" covered="1"/></method><method name="euclideanNormPow2" desc="()Ljava/math/BigInteger;" line="141"><counter type="INSTRUCTION" missed="0" covered="4"/><counter type="LINE" missed="0" covered="1"/><counter type="COMPLEXITY" missed="0" covered="1"/><counter type="METHOD" missed="0" covered="1"/></method><method name="euclideanNorm" desc="()Ljava/math/BigDecimal;" line="155"><counter type="INSTRUCTION" missed="0" covered="7"/><counter type="LINE" missed="0" covered="1"/><counter type="COMPLEXITY" missed="0" covered="1"/><counter type="METHOD" missed="0" covered="1"/></method><method name="euclideanNorm" desc="(Ljava/math/BigDecimal;)Ljava/math/BigDecimal;" line="175"><counter type="INSTRUCTION" missed="0" covered="26"/><counter type="BRANCH" missed="0" covered="4"/><counter type="LINE" missed="0" covered="3"/><counter type="COMPLEXITY" missed="0" covered="3"/><counter type="METHOD" missed="0" covered="1"/></method><method name="euclideanNorm" desc="(II)Ljava/math/BigDecimal;" line="201"><counter type="INSTRUCTION" missed="0" covered="29"/><counter type="BRANCH" missed="0" covered="6"/><counter type="LINE" missed="0" covered="3"/><counter type="COMPLEXITY" missed="0" covered="4"/><counter type="METHOD" missed="0" covered="1"/></method><method name="euclideanNorm" desc="(Ljava/math/BigDecimal;II)Ljava/math/BigDecimal;" line="233"><counter type="INSTRUCTION" missed="0" covered="48"/><counter type="BRANCH" missed="0" covered="10"/><counter type="LINE" missed="0" covered="5"/><counter type="COMPLEXITY" missed="0" covered="6"/><counter type="METHOD" missed="0" covered="1"/></method><method name="dotProduct" desc="(Lcom/github/ltennstedt/finnmath/linear/BigIntVector;)Ljava/math/BigInteger;" line="257"><counter type="INSTRUCTION" missed="0" covered="50"/><counter type="BRANCH" missed="0" covered="4"/><counter type="LINE" missed="0" covered="8"/><counter type="COMPLEXITY" missed="0" covered="3"/><counter type="METHOD" missed="0" covered="1"/></method><method name="euclideanDistancePow2" desc="(Lcom/github/ltennstedt/finnmath/linear/BigIntVector;)Ljava/math/BigInteger;" line="285"><counter type="INSTRUCTION" missed="0" covered="25"/><counter type="BRANCH" missed="0" covered="2"/><counter type="LINE" missed="0" covered="4"/><counter type="COMPLEXITY" missed="0" covered="2"/><counter type="METHOD" missed="0" covered="1"/></method><method name="euclideanDistance" desc="(Lcom/github/ltennstedt/finnmath/linear/BigIntVector;)Ljava/math/BigDecimal;" line="309"><counter type="INSTRUCTION" missed="0" covered="28"/><counter type="BRANCH" missed="0" covered="2"/><counter type="LINE" missed="0" covered="4"/><counter type="COMPLEXITY" missed="0" covered="2"/><counter type="METHOD" missed="0" covered="1"/></method><method name="euclideanDistance" desc="(Lcom/github/ltennstedt/finnmath/linear/BigIntVector;Ljava/math/BigDecimal;)Ljava/math/BigDecimal;" line="339"><counter type="INSTRUCTION" missed="0" covered="47"/><counter type="BRANCH" missed="0" covered="6"/><counter type="LINE" missed="0" covered="6"/><counter type="COMPLEXITY" missed="0" covered="4"/><counter type="METHOD" missed="0" covered="1"/></method><method name="euclideanDistance" desc="(Lcom/github/ltennstedt/finnmath/linear/BigIntVector;II)Ljava/math/BigDecimal;" line="375"><counter type="INSTRUCTION" missed="0" covered="50"/><counter type="BRANCH" missed="0" covered="8"/><counter type="LINE" missed="0" covered="6"/><counter type="COMPLEXITY" missed="0" covered="5"/><counter type="METHOD" missed="0" covered="1"/></method><method name="euclideanDistance" desc="(Lcom/github/ltennstedt/finnmath/linear/BigIntVector;Ljava/math/BigDecimal;II)Ljava/math/BigDecimal;" line="418"><counter type="INSTRUCTION" missed="0" covered="69"/><counter type="BRANCH" missed="0" covered="12"/><counter type="LINE" missed="0" covered="8"/><counter type="COMPLEXITY" missed="0" covered="7"/><counter type="METHOD" missed="0" covered="1"/></method><method name="size" desc="()I" line="439"><counter type="INSTRUCTION" missed="0" covered="4"/><counter type="LINE" missed="0" covered="1"/><counter type="COMPLEXITY" missed="0" covered="1"/><counter type="METHOD" missed="0" covered="1"/></method><method name="builder" desc="(I)Lcom/github/ltennstedt/finnmath/linear/BigIntVector$BigIntVectorBuilder;" line="452"><counter type="INSTRUCTION" missed="0" covered="15"/><counter type="BRANCH" missed="0" covered="2"/><counter type="LINE" missed="0" covered="2"/><counter type="COMPLEXITY" missed="0" covered="2"/><counter type="METHOD" missed="0" covered="1"/></method><method name="hashCode" desc="()I" line="458"><counter type="INSTRUCTION" missed="0" covered="9"/><counter type="LINE" missed="0" covered="1"/><counter type="COMPLEXITY" missed="0" covered="1"/><counter type="METHOD" missed="0" covered="1"/></method><method name="equals" desc="(Ljava/lang/Object;)Z" line="463"><counter type="INSTRUCTION" missed="0" covered="19"/><counter type="BRANCH" missed="0" covered="4"/><counter type="LINE" missed="0" covered="6"/><counter type="COMPLEXITY" missed="0" covered="3"/><counter type="METHOD" missed="0" covered="1"/></method><method name="lambda$scalarMultiply$2" desc="(Lcom/github/ltennstedt/finnmath/linear/BigIntVector$BigIntVectorBuilder;Ljava/math/BigInteger;Ljava/math/BigInteger;)V" line="113"><counter type="INSTRUCTION" missed="0" covered="7"/><counter type="LINE" missed="0" covered="2"/><counter type="COMPLEXITY" missed="0" covered="1"/><counter type="METHOD" missed="0" covered="1"/></method><method name="lambda$subtract$1" desc="(Lcom/github/ltennstedt/finnmath/linear/BigIntVector$BigIntVectorBuilder;Lcom/github/ltennstedt/finnmath/linear/BigIntVector;Ljava/lang/Integer;Ljava/math/BigInteger;)V" line="92"><counter type="INSTRUCTION" missed="0" covered="10"/><counter type="LINE" missed="0" covered="2"/><counter type="COMPLEXITY" missed="0" covered="1"/><counter type="METHOD" missed="0" covered="1"/></method><method name="lambda$add$0" desc="(Lcom/github/ltennstedt/finnmath/linear/BigIntVector$BigIntVectorBuilder;Lcom/github/ltennstedt/finnmath/linear/BigIntVector;Ljava/lang/Integer;Ljava/math/BigInteger;)V" line="67"><counter type="INSTRUCTION" missed="0" covered="10"/><counter type="LINE" missed="0" covered="2"/><counter type="COMPLEXITY" missed="0" covered="1"/><counter type="METHOD" missed="0" covered="1"/></method><counter type="INSTRUCTION" missed="0" covered="553"/><counter type="BRANCH" missed="0" covered="64"/><counter type="LINE" missed="0" covered="84"/><counter type="COMPLEXITY" missed="0" covered="55"/><counter type="METHOD" missed="0" covered="23"/><counter type="CLASS" missed="0" covered="1"/></class><class name="com/github/ltennstedt/finnmath/linear/AbstractVectorBuilder"><method name="&lt;init&gt;" desc="(I)V" line="37"><counter type="INSTRUCTION" missed="1" covered="18"/><counter type="BRANCH" missed="1" covered="1"/><counter type="LINE" missed="0" covered="5"/><counter type="COMPLEXITY" missed="1" covered="1"/><counter type="METHOD" missed="0" covered="1"/></method><method name="element" desc="(Ljava/lang/Integer;)Ljava/lang/Object;" line="64"><counter type="INSTRUCTION" missed="1" covered="25"/><counter type="BRANCH" missed="2" covered="2"/><counter type="LINE" missed="0" covered="3"/><counter type="COMPLEXITY" missed="2" covered="1"/><counter type="METHOD" missed="0" covered="1"/></method><method name="toString" desc="()Ljava/lang/String;" line="71"><counter type="INSTRUCTION" missed="12" covered="0"/><counter type="LINE" missed="1" covered="0"/><counter type="COMPLEXITY" missed="1" covered="0"/><counter type="METHOD" missed="1" covered="0"/></method><method name="getMap" desc="()Ljava/util/Map;" line="75"><counter type="INSTRUCTION" missed="3" covered="0"/><counter type="LINE" missed="1" covered="0"/><counter type="COMPLEXITY" missed="1" covered="0"/><counter type="METHOD" missed="1" covered="0"/></method><method name="getSize" desc="()I" line="79"><counter type="INSTRUCTION" missed="3" covered="0"/><counter type="LINE" missed="1" covered="0"/><counter type="COMPLEXITY" missed="1" covered="0"/><counter type="METHOD" missed="1" covered="0"/></method><counter type="INSTRUCTION" missed="20" covered="43"/><counter type="BRANCH" missed="3" covered="3"/><counter type="LINE" missed="3" covered="8"/><counter type="COMPLEXITY" missed="6" covered="2"/><counter type="METHOD" missed="3" covered="2"/><counter type="CLASS" missed="0" covered="1"/></class><class name="com/github/ltennstedt/finnmath/linear/DecimalMatrix$DecimalMatrixBuilder"><method name="&lt;init&gt;" desc="(II)V" line="478"><counter type="INSTRUCTION" missed="0" covered="5"/><counter type="LINE" missed="0" covered="2"/><counter type="COMPLEXITY" missed="0" covered="1"/><counter type="METHOD" missed="0" covered="1"/></method><method name="put" desc="(Ljava/lang/Integer;Ljava/lang/Integer;Ljava/math/BigDecimal;)Lcom/github/ltennstedt/finnmath/linear/DecimalMatrix$DecimalMatrixBuilder;" line="506"><counter type="INSTRUCTION" missed="0" covered="45"/><counter type="LINE" missed="0" covered="9"/><counter type="COMPLEXITY" missed="0" covered="1"/><counter type="METHOD" missed="0" covered="1"/></method><method name="putAll" desc="(Ljava/math/BigDecimal;)Lcom/github/ltennstedt/finnmath/linear/DecimalMatrix$DecimalMatrixBuilder;" line="529"><counter type="INSTRUCTION" missed="0" covered="13"/><counter type="LINE" missed="0" covered="3"/><counter type="COMPLEXITY" missed="0" covered="1"/><counter type="METHOD" missed="0" covered="1"/></method><method name="build" desc="()Lcom/github/ltennstedt/finnmath/linear/DecimalMatrix;" line="550"><counter type="INSTRUCTION" missed="0" covered="13"/><counter type="LINE" missed="0" covered="2"/><counter type="COMPLEXITY" missed="0" covered="1"/><counter type="METHOD" missed="0" covered="1"/></method><method name="lambda$build$2" desc="(Lcom/google/common/collect/Table$Cell;)V" line="551"><counter type="INSTRUCTION" missed="0" covered="7"/><counter type="LINE" missed="0" covered="2"/><counter type="COMPLEXITY" missed="0" covered="1"/><counter type="METHOD" missed="0" covered="1"/></method><method name="lambda$putAll$1" desc="(Ljava/math/BigDecimal;Ljava/lang/Integer;)V" line="531"><counter type="INSTRUCTION" missed="0" covered="9"/><counter type="LINE" missed="0" covered="2"/><counter type="COMPLEXITY" missed="0" covered="1"/><counter type="METHOD" missed="0" covered="1"/></method><method name="lambda$putAll$0" desc="(Ljava/lang/Integer;Ljava/math/BigDecimal;Ljava/lang/Integer;)V" line="532"><counter type="INSTRUCTION" missed="0" covered="8"/><counter type="LINE" missed="0" covered="2"/><counter type="COMPLEXITY" missed="0" covered="1"/><counter type="METHOD" missed="0" covered="1"/></method><counter type="INSTRUCTION" missed="0" covered="100"/><counter type="LINE" missed="0" covered="22"/><counter type="COMPLEXITY" missed="0" covered="7"/><counter type="METHOD" missed="0" covered="7"/><counter type="CLASS" missed="0" covered="1"/></class><sourcefile name="DecimalVector.java"><line nr="43" mi="0" ci="3" mb="0" cb="0"/><line nr="44" mi="0" ci="1" mb="0" cb="0"/><line nr="59" mi="0" ci="4" mb="0" cb="0"/><line nr="60" mi="0" ci="15" mb="0" cb="2"/><line nr="61" mi="0" ci="1" mb="0" cb="0"/><line nr="62" mi="0" ci="5" mb="0" cb="0"/><line nr="63" mi="0" ci="6" mb="0" cb="0"/><line nr="64" mi="0" ci="9" mb="0" cb="0"/><line nr="65" mi="0" ci="1" mb="0" cb="0"/><line nr="66" mi="0" ci="3" mb="0" cb="0"/><line nr="82" mi="0" ci="4" mb="0" cb="0"/><line nr="83" mi="0" ci="15" mb="0" cb="2"/><line nr="84" mi="0" ci="1" mb="0" cb="0"/><line nr="85" mi="0" ci="5" mb="0" cb="0"/><line nr="86" mi="0" ci="6" mb="0" cb="0"/><line nr="87" mi="0" ci="9" mb="0" cb="0"/><line nr="88" mi="0" ci="1" mb="0" cb="0"/><line nr="89" mi="0" ci="3" mb="0" cb="0"/><line nr="107" mi="0" ci="4" mb="0" cb="0"/><line nr="108" mi="0" ci="15" mb="0" cb="2"/><line nr="109" mi="0" ci="1" mb="0" cb="0"/><line nr="110" mi="0" ci="2" mb="0" cb="0"/><line nr="111" mi="0" ci="12" mb="0" cb="2"/><line nr="112" mi="0" ci="13" mb="0" cb="0"/><line nr="113" mi="0" ci="1" mb="0" cb="0"/><line nr="114" mi="0" ci="2" mb="0" cb="0"/><line nr="130" mi="0" ci="4" mb="0" cb="0"/><line nr="131" mi="0" ci="5" mb="0" cb="0"/><line nr="132" mi="0" ci="7" mb="0" cb="0"/><line nr="133" mi="0" ci="6" mb="0" cb="0"/><line nr="134" mi="0" ci="1" mb="0" cb="0"/><line nr="135" mi="0" ci="3" mb="0" cb="0"/><line nr="148" mi="0" ci="5" mb="0" cb="0"/><line nr="161" mi="0" ci="4" mb="0" cb="0"/><line nr="175" mi="0" ci="7" mb="0" cb="0"/><line nr="195" mi="0" ci="4" mb="0" cb="0"/><line nr="196" mi="0" ci="14" mb="0" cb="4"/><line nr="198" mi="0" ci="8" mb="0" cb="0"/><line nr="221" mi="0" ci="8" mb="0" cb="2"/><line nr="222" mi="0" ci="12" mb="0" cb="4"/><line nr="224" mi="0" ci="9" mb="0" cb="0"/><line nr="253" mi="0" ci="4" mb="0" cb="0"/><line nr="254" mi="0" ci="14" mb="0" cb="4"/><line nr="256" mi="0" ci="8" mb="0" cb="2"/><line nr="257" mi="0" ci="12" mb="0" cb="4"/><line nr="259" mi="0" ci="10" mb="0" cb="0"/><line nr="280" mi="0" ci="4" mb="0" cb="0"/><line nr="281" mi="0" ci="15" mb="0" cb="2"/><line nr="282" mi="0" ci="1" mb="0" cb="0"/><line nr="283" mi="0" ci="5" mb="0" cb="0"/><line nr="304" mi="0" ci="4" mb="0" cb="0"/><line nr="305" mi="0" ci="15" mb="0" cb="2"/><line nr="306" mi="0" ci="1" mb="0" cb="0"/><line nr="307" mi="0" ci="8" mb="0" cb="0"/><line nr="334" mi="0" ci="4" mb="0" cb="0"/><line nr="335" mi="0" ci="15" mb="0" cb="2"/><line nr="336" mi="0" ci="1" mb="0" cb="0"/><line nr="337" mi="0" ci="4" mb="0" cb="0"/><line nr="338" mi="0" ci="14" mb="0" cb="4"/><line nr="340" mi="0" ci="9" mb="0" cb="0"/><line nr="370" mi="0" ci="4" mb="0" cb="0"/><line nr="371" mi="0" ci="15" mb="0" cb="2"/><line nr="372" mi="0" ci="1" mb="0" cb="0"/><line nr="373" mi="0" ci="8" mb="0" cb="2"/><line nr="374" mi="0" ci="12" mb="0" cb="4"/><line nr="376" mi="0" ci="10" mb="0" cb="0"/><line nr="413" mi="0" ci="4" mb="0" cb="0"/><line nr="414" mi="0" ci="15" mb="0" cb="2"/><line nr="415" mi="0" ci="1" mb="0" cb="0"/><line nr="416" mi="0" ci="4" mb="0" cb="0"/><line nr="417" mi="0" ci="14" mb="0" cb="4"/><line nr="419" mi="0" ci="8" mb="0" cb="2"/><line nr="420" mi="0" ci="12" mb="0" cb="4"/><line nr="422" mi="0" ci="11" mb="0" cb="0"/><line nr="434" mi="0" ci="4" mb="0" cb="0"/><line nr="447" mi="0" ci="8" mb="0" cb="2"/><line nr="448" mi="0" ci="6" mb="0" cb="0"/><line nr="453" mi="0" ci="9" mb="0" cb="0"/><line nr="458" mi="0" ci="3" mb="0" cb="2"/><line nr="459" mi="0" ci="2" mb="0" cb="0"/><line nr="461" mi="0" ci="3" mb="0" cb="2"/><line nr="462" mi="0" ci="2" mb="0" cb="0"/><line nr="464" mi="0" ci="3" mb="0" cb="0"/><line nr="465" mi="0" ci="6" mb="0" cb="0"/><line nr="478" mi="0" ci="3" mb="0" cb="0"/><line nr="479" mi="0" ci="1" mb="0" cb="0"/><line nr="497" mi="0" ci="4" mb="0" cb="0"/><line nr="498" mi="0" ci="6" mb="0" cb="0"/><line nr="499" mi="1" ci="13" mb="1" cb="1"/><line nr="500" mi="0" ci="7" mb="0" cb="0"/><line nr="501" mi="0" ci="2" mb="0" cb="0"/><line nr="522" mi="0" ci="4" mb="0" cb="0"/><line nr="523" mi="0" ci="4" mb="0" cb="0"/><line nr="524" mi="0" ci="17" mb="0" cb="4"/><line nr="525" mi="0" ci="6" mb="0" cb="0"/><line nr="526" mi="0" ci="2" mb="0" cb="0"/><line nr="541" mi="0" ci="4" mb="0" cb="0"/><line nr="542" mi="0" ci="8" mb="0" cb="2"/><line nr="543" mi="0" ci="7" mb="0" cb="0"/><line nr="545" mi="0" ci="2" mb="0" cb="0"/><line nr="560" mi="0" ci="11" mb="0" cb="0"/><line nr="561" mi="0" ci="8" mb="0" cb="0"/><line nr="562" mi="0" ci="1" mb="0" cb="0"/><line nr="563" mi="0" ci="8" mb="0" cb="0"/><counter type="INSTRUCTION" missed="1" covered="670"/><counter type="BRANCH" missed="1" covered="71"/><counter type="LINE" missed="0" covered="104"/><counter type="COMPLEXITY" missed="1" covered="64"/><counter type="METHOD" missed="0" covered="29"/><counter type="CLASS" missed="0" covered="2"/></sourcefile><sourcefile name="AbstractVector.java"><line nr="46" mi="0" ci="2" mb="0" cb="0"/><line nr="47" mi="0" ci="3" mb="0" cb="0"/><line nr="48" mi="0" ci="1" mb="0" cb="0"/><line nr="65" mi="0" ci="4" mb="0" cb="0"/><line nr="66" mi="0" ci="10" mb="0" cb="0"/><line nr="67" mi="0" ci="5" mb="0" cb="0"/><line nr="80" mi="0" ci="4" mb="0" cb="0"/><line nr="92" mi="0" ci="4" mb="0" cb="0"/><line nr="133" mi="4" ci="0" mb="0" cb="0"/><line nr="138" mi="0" ci="8" mb="0" cb="0"/><line nr="142" mi="0" ci="3" mb="0" cb="0"/><counter type="INSTRUCTION" missed="4" covered="44"/><counter type="LINE" missed="1" covered="10"/><counter type="COMPLEXITY" missed="1" covered="6"/><counter type="METHOD" missed="1" covered="6"/><counter type="CLASS" missed="0" covered="1"/></sourcefile><sourcefile name="AbstractVectorBuilder.java"><line nr="37" mi="0" ci="5" mb="0" cb="0"/><line nr="44" mi="0" ci="2" mb="0" cb="0"/><line nr="45" mi="1" ci="7" mb="1" cb="1"/><line nr="46" mi="0" ci="3" mb="0" cb="0"/><line nr="47" mi="0" ci="1" mb="0" cb="0"/><line nr="64" mi="0" ci="4" mb="0" cb="0"/><line nr="65" mi="1" ci="16" mb="2" cb="2"/><line nr="66" mi="0" ci="5" mb="0" cb="0"/><line nr="71" mi="12" ci="0" mb="0" cb="0"/><line nr="75" mi="3" ci="0" mb="0" cb="0"/><line nr="79" mi="3" ci="0" mb="0" cb="0"/><counter type="INSTRUCTION" missed="20" covered="43"/><counter type="BRANCH" missed="3" covered="3"/><counter type="LINE" missed="3" covered="8"/><counter type="COMPLEXITY" missed="6" covered="2"/><counter type="METHOD" missed="3" covered="2"/><counter type="CLASS" missed="0" covered="1"/></sourcefile><sourcefile name="DecimalMatrix.java"><line nr="43" mi="0" ci="3" mb="0" cb="0"/><line nr="44" mi="0" ci="1" mb="0" cb="0"/><line nr="64" mi="0" ci="4" mb="0" cb="0"/><line nr="65" mi="0" ci="14" mb="0" cb="2"/><line nr="66" mi="0" ci="4" mb="0" cb="0"/><line nr="67" mi="0" ci="14" mb="0" cb="2"/><line nr="68" mi="0" ci="4" mb="0" cb="0"/><line nr="69" mi="0" ci="6" mb="0" cb="0"/><line nr="70" mi="0" ci="7" mb="0" cb="0"/><line nr="71" mi="0" ci="4" mb="0" cb="0"/><line nr="72" mi="0" ci="4" mb="0" cb="0"/><line nr="73" mi="0" ci="14" mb="0" cb="0"/><line nr="74" mi="0" ci="1" mb="0" cb="0"/><line nr="75" mi="0" ci="3" mb="0" cb="0"/><line nr="96" mi="0" ci="4" mb="0" cb="0"/><line nr="97" mi="0" ci="14" mb="0" cb="2"/><line nr="98" mi="0" ci="4" mb="0" cb="0"/><line nr="99" mi="0" ci="14" mb="0" cb="2"/><line nr="100" mi="0" ci="3" mb="0" cb="0"/><line nr="101" mi="0" ci="1" mb="0" cb="0"/><line nr="102" mi="0" ci="6" mb="0" cb="0"/><line nr="103" mi="0" ci="7" mb="0" cb="0"/><line nr="104" mi="0" ci="4" mb="0" cb="0"/><line nr="105" mi="0" ci="4" mb="0" cb="0"/><line nr="106" mi="0" ci="14" mb="0" cb="0"/><line nr="107" mi="0" ci="1" mb="0" cb="0"/><line nr="108" mi="0" ci="3" mb="0" cb="0"/><line nr="127" mi="0" ci="4" mb="0" cb="0"/><line nr="128" mi="0" ci="14" mb="0" cb="2"/><line nr="129" mi="0" ci="3" mb="0" cb="0"/><line nr="130" mi="0" ci="1" mb="0" cb="0"/><line nr="131" mi="0" ci="8" mb="0" cb="0"/><line nr="132" mi="0" ci="8" mb="0" cb="0"/><line nr="133" mi="0" ci="8" mb="0" cb="0"/><line nr="134" mi="0" ci="5" mb="0" cb="0"/><line nr="135" mi="0" ci="6" mb="0" cb="0"/><line nr="136" mi="0" ci="1" mb="0" cb="0"/><line nr="137" mi="0" ci="1" mb="0" cb="0"/><line nr="138" mi="0" ci="3" mb="0" cb="0"/><line nr="158" mi="0" ci="4" mb="0" cb="0"/><line nr="159" mi="0" ci="14" mb="0" cb="2"/><line nr="160" mi="0" ci="4" mb="0" cb="0"/><line nr="161" mi="0" ci="6" mb="0" cb="0"/><line nr="162" mi="0" ci="7" mb="0" cb="0"/><line nr="163" mi="0" ci="6" mb="0" cb="0"/><line nr="164" mi="0" ci="9" mb="0" cb="2"/><line nr="165" mi="0" ci="2" mb="0" cb="0"/><line nr="166" mi="0" ci="12" mb="0" cb="0"/><line nr="167" mi="0" ci="1" mb="0" cb="0"/><line nr="168" mi="0" ci="1" mb="0" cb="0"/><line nr="169" mi="0" ci="3" mb="0" cb="0"/><line nr="175" mi="0" ci="4" mb="0" cb="0"/><line nr="176" mi="0" ci="4" mb="0" cb="0"/><line nr="177" mi="1" ci="12" mb="1" cb="1"/><line nr="178" mi="0" ci="1" mb="0" cb="0"/><line nr="179" mi="0" ci="2" mb="0" cb="0"/><line nr="180" mi="0" ci="11" mb="0" cb="2"/><line nr="181" mi="0" ci="12" mb="0" cb="0"/><line nr="182" mi="0" ci="1" mb="0" cb="0"/><line nr="183" mi="0" ci="2" mb="0" cb="0"/><line nr="201" mi="0" ci="4" mb="0" cb="0"/><line nr="202" mi="0" ci="10" mb="0" cb="0"/><line nr="203" mi="0" ci="7" mb="0" cb="0"/><line nr="204" mi="0" ci="14" mb="0" cb="0"/><line nr="205" mi="0" ci="1" mb="0" cb="0"/><line nr="206" mi="0" ci="3" mb="0" cb="0"/><line nr="219" mi="0" ci="5" mb="0" cb="0"/><line nr="231" mi="0" ci="10" mb="0" cb="0"/><line nr="232" mi="0" ci="2" mb="0" cb="0"/><line nr="233" mi="0" ci="2" mb="0" cb="0"/><line nr="234" mi="0" ci="12" mb="0" cb="2"/><line nr="235" mi="0" ci="9" mb="0" cb="0"/><line nr="236" mi="0" ci="1" mb="0" cb="0"/><line nr="237" mi="0" ci="2" mb="0" cb="0"/><line nr="260" mi="0" ci="15" mb="0" cb="2"/><line nr="261" mi="0" ci="13" mb="0" cb="2"/><line nr="262" mi="0" ci="2" mb="0" cb="0"/><line nr="263" mi="0" ci="10" mb="0" cb="0"/><line nr="264" mi="0" ci="2" mb="0" cb="0"/><line nr="265" mi="0" ci="10" mb="0" cb="0"/><line nr="266" mi="0" ci="3" mb="0" cb="2"/><line nr="267" mi="0" ci="4" mb="0" cb="0"/><line nr="268" mi="0" ci="12" mb="0" cb="2"/><line nr="269" mi="0" ci="7" mb="0" cb="2"/><line nr="270" mi="0" ci="6" mb="0" cb="0"/><line nr="272" mi="0" ci="1" mb="0" cb="0"/><line nr="273" mi="0" ci="5" mb="0" cb="0"/><line nr="275" mi="0" ci="6" mb="0" cb="2"/><line nr="276" mi="0" ci="3" mb="0" cb="0"/><line nr="278" mi="0" ci="38" mb="0" cb="0"/><line nr="279" mi="0" ci="1" mb="0" cb="0"/><line nr="284" mi="0" ci="27" mb="0" cb="0"/><line nr="285" mi="0" ci="27" mb="0" cb="0"/><line nr="286" mi="0" ci="27" mb="0" cb="0"/><line nr="287" mi="0" ci="28" mb="0" cb="0"/><line nr="288" mi="0" ci="28" mb="0" cb="0"/><line nr="289" mi="0" ci="28" mb="0" cb="0"/><line nr="290" mi="0" ci="15" mb="0" cb="0"/><line nr="291" mi="0" ci="8" mb="0" cb="0"/><line nr="304" mi="0" ci="10" mb="0" cb="0"/><line nr="305" mi="0" ci="6" mb="0" cb="0"/><line nr="306" mi="0" ci="12" mb="0" cb="0"/><line nr="307" mi="0" ci="1" mb="0" cb="0"/><line nr="308" mi="0" ci="3" mb="0" cb="0"/><line nr="334" mi="0" ci="4" mb="0" cb="0"/><line nr="335" mi="0" ci="4" mb="0" cb="0"/><line nr="336" mi="0" ci="8" mb="0" cb="0"/><line nr="337" mi="0" ci="3" mb="0" cb="0"/><line nr="338" mi="0" ci="8" mb="0" cb="0"/><line nr="339" mi="0" ci="3" mb="0" cb="0"/><line nr="340" mi="0" ci="14" mb="0" cb="0"/><line nr="341" mi="0" ci="8" mb="0" cb="0"/><line nr="342" mi="0" ci="4" mb="0" cb="0"/><line nr="343" mi="0" ci="4" mb="0" cb="0"/><line nr="344" mi="0" ci="8" mb="0" cb="4"/><line nr="345" mi="0" ci="14" mb="0" cb="2"/><line nr="346" mi="0" ci="14" mb="0" cb="2"/><line nr="347" mi="0" ci="8" mb="0" cb="0"/><line nr="349" mi="0" ci="1" mb="0" cb="0"/><line nr="350" mi="0" ci="3" mb="0" cb="0"/><line nr="364" mi="0" ci="3" mb="0" cb="2"/><line nr="365" mi="0" ci="12" mb="0" cb="2"/><line nr="366" mi="0" ci="15" mb="0" cb="4"/><line nr="367" mi="0" ci="2" mb="0" cb="0"/><line nr="369" mi="0" ci="1" mb="0" cb="0"/><line nr="370" mi="0" ci="2" mb="0" cb="0"/><line nr="372" mi="0" ci="2" mb="0" cb="0"/><line nr="386" mi="0" ci="3" mb="0" cb="2"/><line nr="387" mi="0" ci="12" mb="0" cb="2"/><line nr="388" mi="0" ci="15" mb="0" cb="4"/><line nr="389" mi="0" ci="2" mb="0" cb="0"/><line nr="391" mi="0" ci="1" mb="0" cb="0"/><line nr="392" mi="0" ci="2" mb="0" cb="0"/><line nr="394" mi="0" ci="2" mb="0" cb="0"/><line nr="409" mi="0" ci="3" mb="0" cb="2"/><line nr="410" mi="0" ci="12" mb="0" cb="2"/><line nr="411" mi="0" ci="9" mb="0" cb="2"/><line nr="412" mi="0" ci="2" mb="0" cb="0"/><line nr="414" mi="0" ci="1" mb="0" cb="0"/><line nr="415" mi="0" ci="2" mb="0" cb="0"/><line nr="417" mi="0" ci="2" mb="0" cb="0"/><line nr="432" mi="0" ci="9" mb="0" cb="2"/><line nr="447" mi="0" ci="8" mb="0" cb="2"/><line nr="448" mi="0" ci="8" mb="0" cb="2"/><line nr="449" mi="0" ci="6" mb="0" cb="0"/><line nr="454" mi="0" ci="9" mb="0" cb="0"/><line nr="459" mi="0" ci="3" mb="0" cb="2"/><line nr="460" mi="0" ci="2" mb="0" cb="0"/><line nr="462" mi="0" ci="3" mb="0" cb="2"/><line nr="463" mi="0" ci="2" mb="0" cb="0"/><line nr="465" mi="0" ci="3" mb="0" cb="0"/><line nr="466" mi="0" ci="6" mb="0" cb="0"/><line nr="478" mi="0" ci="4" mb="0" cb="0"/><line nr="479" mi="0" ci="1" mb="0" cb="0"/><line nr="506" mi="0" ci="4" mb="0" cb="0"/><line nr="507" mi="0" ci="4" mb="0" cb="0"/><line nr="508" mi="0" ci="4" mb="0" cb="0"/><line nr="509" mi="0" ci="9" mb="0" cb="0"/><line nr="510" mi="0" ci="3" mb="0" cb="0"/><line nr="511" mi="0" ci="9" mb="0" cb="0"/><line nr="512" mi="0" ci="3" mb="0" cb="0"/><line nr="513" mi="0" ci="7" mb="0" cb="0"/><line nr="514" mi="0" ci="2" mb="0" cb="0"/><line nr="529" mi="0" ci="4" mb="0" cb="0"/><line nr="530" mi="0" ci="7" mb="0" cb="0"/><line nr="531" mi="0" ci="8" mb="0" cb="0"/><line nr="532" mi="0" ci="7" mb="0" cb="0"/><line nr="533" mi="0" ci="1" mb="0" cb="0"/><line nr="534" mi="0" ci="1" mb="0" cb="0"/><line nr="535" mi="0" ci="2" mb="0" cb="0"/><line nr="550" mi="0" ci="5" mb="0" cb="0"/><line nr="551" mi="0" ci="6" mb="0" cb="0"/><line nr="552" mi="0" ci="1" mb="0" cb="0"/><line nr="553" mi="0" ci="8" mb="0" cb="0"/><counter type="INSTRUCTION" missed="1" covered="1154"/><counter type="BRANCH" missed="1" covered="71"/><counter type="LINE" missed="0" covered="174"/><counter type="COMPLEXITY" missed="1" covered="71"/><counter type="METHOD" missed="0" covered="36"/><counter type="CLASS" missed="0" covered="2"/></sourcefile><sourcefile name="AbstractMatrix.java"><line nr="48" mi="0" ci="2" mb="0" cb="0"/><line nr="49" mi="0" ci="3" mb="0" cb="0"/><line nr="50" mi="0" ci="1" mb="0" cb="0"/><line nr="86" mi="0" ci="13" mb="0" cb="2"/><line nr="101" mi="0" ci="10" mb="0" cb="4"/><line nr="120" mi="0" ci="10" mb="1" cb="3"/><line nr="139" mi="0" ci="12" mb="0" cb="4"/><line nr="155" mi="0" ci="13" mb="0" cb="4"/><line nr="167" mi="0" ci="4" mb="0" cb="0"/><line nr="179" mi="0" ci="4" mb="0" cb="0"/><line nr="203" mi="0" ci="4" mb="0" cb="0"/><line nr="204" mi="0" ci="4" mb="0" cb="0"/><line nr="205" mi="0" ci="9" mb="0" cb="0"/><line nr="206" mi="0" ci="3" mb="0" cb="0"/><line nr="207" mi="0" ci="9" mb="0" cb="0"/><line nr="208" mi="0" ci="3" mb="0" cb="0"/><line nr="209" mi="0" ci="6" mb="0" cb="0"/><line nr="221" mi="0" ci="4" mb="0" cb="0"/><line nr="240" mi="0" ci="4" mb="0" cb="0"/><line nr="241" mi="0" ci="9" mb="0" cb="0"/><line nr="242" mi="0" ci="3" mb="0" cb="0"/><line nr="243" mi="0" ci="5" mb="0" cb="0"/><line nr="262" mi="0" ci="4" mb="0" cb="0"/><line nr="263" mi="0" ci="9" mb="0" cb="0"/><line nr="264" mi="0" ci="3" mb="0" cb="0"/><line nr="265" mi="0" ci="5" mb="0" cb="0"/><line nr="277" mi="0" ci="4" mb="0" cb="0"/><line nr="289" mi="0" ci="4" mb="0" cb="0"/><line nr="301" mi="0" ci="4" mb="0" cb="0"/><line nr="312" mi="0" ci="16" mb="0" cb="0"/><line nr="324" mi="0" ci="5" mb="0" cb="0"/><line nr="336" mi="0" ci="5" mb="0" cb="0"/><line nr="341" mi="0" ci="8" mb="0" cb="0"/><line nr="345" mi="0" ci="3" mb="0" cb="0"/><counter type="INSTRUCTION" missed="0" covered="205"/><counter type="BRANCH" missed="1" covered="17"/><counter type="LINE" missed="0" covered="34"/><counter type="COMPLEXITY" missed="1" covered="28"/><counter type="METHOD" missed="0" covered="20"/><counter type="CLASS" missed="0" covered="1"/></sourcefile><sourcefile name="BigIntMatrix.java"><line nr="43" mi="0" ci="3" mb="0" cb="0"/><line nr="44" mi="0" ci="1" mb="0" cb="0"/><line nr="64" mi="0" ci="4" mb="0" cb="0"/><line nr="65" mi="0" ci="14" mb="0" cb="2"/><line nr="66" mi="0" ci="4" mb="0" cb="0"/><line nr="67" mi="0" ci="14" mb="0" cb="2"/><line nr="68" mi="0" ci="4" mb="0" cb="0"/><line nr="69" mi="0" ci="6" mb="0" cb="0"/><line nr="70" mi="0" ci="7" mb="0" cb="0"/><line nr="71" mi="0" ci="4" mb="0" cb="0"/><line nr="72" mi="0" ci="4" mb="0" cb="0"/><line nr="73" mi="0" ci="14" mb="0" cb="0"/><line nr="74" mi="0" ci="1" mb="0" cb="0"/><line nr="75" mi="0" ci="3" mb="0" cb="0"/><line nr="96" mi="0" ci="4" mb="0" cb="0"/><line nr="97" mi="0" ci="14" mb="0" cb="2"/><line nr="98" mi="0" ci="4" mb="0" cb="0"/><line nr="99" mi="0" ci="14" mb="0" cb="2"/><line nr="100" mi="0" ci="3" mb="0" cb="0"/><line nr="101" mi="0" ci="1" mb="0" cb="0"/><line nr="102" mi="0" ci="6" mb="0" cb="0"/><line nr="103" mi="0" ci="7" mb="0" cb="0"/><line nr="104" mi="0" ci="4" mb="0" cb="0"/><line nr="105" mi="0" ci="4" mb="0" cb="0"/><line nr="106" mi="0" ci="14" mb="0" cb="0"/><line nr="107" mi="0" ci="1" mb="0" cb="0"/><line nr="108" mi="0" ci="3" mb="0" cb="0"/><line nr="127" mi="0" ci="4" mb="0" cb="0"/><line nr="128" mi="0" ci="14" mb="0" cb="2"/><line nr="129" mi="0" ci="3" mb="0" cb="0"/><line nr="130" mi="0" ci="1" mb="0" cb="0"/><line nr="131" mi="0" ci="8" mb="0" cb="0"/><line nr="132" mi="0" ci="8" mb="0" cb="0"/><line nr="133" mi="0" ci="8" mb="0" cb="0"/><line nr="134" mi="0" ci="5" mb="0" cb="0"/><line nr="135" mi="0" ci="6" mb="0" cb="0"/><line nr="136" mi="0" ci="1" mb="0" cb="0"/><line nr="137" mi="0" ci="1" mb="0" cb="0"/><line nr="138" mi="0" ci="3" mb="0" cb="0"/><line nr="158" mi="0" ci="4" mb="0" cb="0"/><line nr="159" mi="0" ci="14" mb="0" cb="2"/><line nr="160" mi="0" ci="4" mb="0" cb="0"/><line nr="161" mi="0" ci="6" mb="0" cb="0"/><line nr="162" mi="0" ci="7" mb="0" cb="0"/><line nr="163" mi="0" ci="6" mb="0" cb="0"/><line nr="164" mi="0" ci="9" mb="0" cb="2"/><line nr="165" mi="0" ci="2" mb="0" cb="0"/><line nr="166" mi="0" ci="12" mb="0" cb="0"/><line nr="167" mi="0" ci="1" mb="0" cb="0"/><line nr="168" mi="0" ci="1" mb="0" cb="0"/><line nr="169" mi="0" ci="3" mb="0" cb="0"/><line nr="175" mi="0" ci="4" mb="0" cb="0"/><line nr="176" mi="0" ci="4" mb="0" cb="0"/><line nr="177" mi="1" ci="12" mb="1" cb="1"/><line nr="178" mi="0" ci="1" mb="0" cb="0"/><line nr="179" mi="0" ci="2" mb="0" cb="0"/><line nr="180" mi="0" ci="11" mb="0" cb="2"/><line nr="181" mi="0" ci="12" mb="0" cb="0"/><line nr="182" mi="0" ci="1" mb="0" cb="0"/><line nr="183" mi="0" ci="2" mb="0" cb="0"/><line nr="201" mi="0" ci="4" mb="0" cb="0"/><line nr="202" mi="0" ci="10" mb="0" cb="0"/><line nr="203" mi="0" ci="7" mb="0" cb="0"/><line nr="204" mi="0" ci="14" mb="0" cb="0"/><line nr="205" mi="0" ci="1" mb="0" cb="0"/><line nr="206" mi="0" ci="3" mb="0" cb="0"/><line nr="219" mi="0" ci="5" mb="0" cb="0"/><line nr="231" mi="0" ci="10" mb="0" cb="0"/><line nr="232" mi="0" ci="2" mb="0" cb="0"/><line nr="233" mi="0" ci="2" mb="0" cb="0"/><line nr="234" mi="0" ci="12" mb="0" cb="2"/><line nr="235" mi="0" ci="9" mb="0" cb="0"/><line nr="236" mi="0" ci="1" mb="0" cb="0"/><line nr="237" mi="0" ci="2" mb="0" cb="0"/><line nr="260" mi="0" ci="15" mb="0" cb="2"/><line nr="261" mi="0" ci="13" mb="0" cb="2"/><line nr="262" mi="0" ci="2" mb="0" cb="0"/><line nr="263" mi="0" ci="10" mb="0" cb="0"/><line nr="264" mi="0" ci="2" mb="0" cb="0"/><line nr="265" mi="0" ci="3" mb="0" cb="2"/><line nr="266" mi="0" ci="2" mb="0" cb="0"/><line nr="267" mi="0" ci="12" mb="0" cb="2"/><line nr="268" mi="0" ci="7" mb="0" cb="2"/><line nr="269" mi="0" ci="6" mb="0" cb="0"/><line nr="271" mi="0" ci="1" mb="0" cb="0"/><line nr="272" mi="0" ci="2" 
[...]
i="0" ci="5" mb="0" cb="0"/><line nr="919" mi="0" ci="7" mb="0" cb="2"/><line nr="920" mi="0" ci="6" mb="0" cb="0"/><line nr="922" mi="0" ci="2" mb="0" cb="0"/><line nr="944" mi="0" ci="10" mb="0" cb="2"/><line nr="945" mi="0" ci="8" mb="0" cb="2"/><line nr="946" mi="0" ci="5" mb="0" cb="0"/><line nr="947" mi="0" ci="7" mb="0" cb="2"/><line nr="948" mi="0" ci="6" mb="0" cb="0"/><line nr="950" mi="0" ci="2" mb="0" cb="0"/><line nr="969" mi="0" ci="10" mb="0" cb="2"/><line nr="970" mi="0" ci="9" mb="0" cb="2"/><line nr="971" mi="0" ci="5" mb="0" cb="0"/><line nr="972" mi="0" ci="5" mb="0" cb="0"/><line nr="973" mi="0" ci="6" mb="0" cb="0"/><line nr="991" mi="0" ci="10" mb="0" cb="2"/><line nr="992" mi="0" ci="9" mb="0" cb="2"/><line nr="993" mi="0" ci="5" mb="0" cb="0"/><line nr="994" mi="0" ci="9" mb="0" cb="2"/><line nr="995" mi="0" ci="5" mb="0" cb="0"/><line nr="996" mi="0" ci="4" mb="0" cb="2"/><line nr="997" mi="0" ci="6" mb="0" cb="0"/><line nr="999" mi="0" ci="6" mb="0" cb="0"/><line nr="1023" mi="0" ci="10" mb="0" cb="2"/><line nr="1024" mi="0" ci="9" mb="0" cb="2"/><line nr="1025" mi="0" ci="8" mb="0" cb="2"/><line nr="1026" mi="0" ci="5" mb="0" cb="0"/><line nr="1027" mi="0" ci="7" mb="0" cb="2"/><line nr="1028" mi="0" ci="7" mb="0" cb="0"/><line nr="1030" mi="0" ci="2" mb="0" cb="0"/><line nr="1055" mi="0" ci="10" mb="0" cb="2"/><line nr="1056" mi="0" ci="9" mb="0" cb="2"/><line nr="1057" mi="0" ci="8" mb="0" cb="2"/><line nr="1058" mi="0" ci="5" mb="0" cb="0"/><line nr="1059" mi="0" ci="7" mb="0" cb="2"/><line nr="1060" mi="0" ci="7" mb="0" cb="0"/><line nr="1062" mi="0" ci="2" mb="0" cb="0"/><line nr="1082" mi="0" ci="10" mb="0" cb="2"/><line nr="1083" mi="0" ci="8" mb="0" cb="2"/><line nr="1084" mi="0" ci="3" mb="0" cb="0"/><line nr="1085" mi="0" ci="7" mb="0" cb="2"/><line nr="1086" mi="0" ci="7" mb="0" cb="0"/><line nr="1088" mi="0" ci="3" mb="0" cb="0"/><line nr="1111" mi="0" ci="10" mb="0" cb="2"/><line nr="1112" mi="0" ci="8" mb="0" cb="2"/><line nr="1113" mi="0" ci="8" mb="0" cb="2"/><line nr="1114" mi="0" ci="5" mb="0" cb="0"/><line nr="1115" mi="0" ci="7" mb="0" cb="2"/><line nr="1116" mi="0" ci="7" mb="0" cb="0"/><line nr="1118" mi="0" ci="2" mb="0" cb="0"/><line nr="1142" mi="0" ci="10" mb="0" cb="2"/><line nr="1143" mi="0" ci="8" mb="0" cb="2"/><line nr="1144" mi="0" ci="8" mb="0" cb="2"/><line nr="1145" mi="0" ci="4" mb="0" cb="0"/><line nr="1146" mi="0" ci="13" mb="0" cb="0"/><line nr="1147" mi="0" ci="13" mb="0" cb="0"/><line nr="1148" mi="0" ci="9" mb="0" cb="0"/><line nr="1149" mi="0" ci="1" mb="0" cb="0"/><line nr="1150" mi="0" ci="1" mb="0" cb="0"/><line nr="1151" mi="0" ci="3" mb="0" cb="0"/><line nr="1172" mi="0" ci="10" mb="0" cb="2"/><line nr="1173" mi="0" ci="8" mb="0" cb="2"/><line nr="1174" mi="0" ci="4" mb="0" cb="0"/><line nr="1175" mi="0" ci="13" mb="0" cb="0"/><line nr="1176" mi="0" ci="13" mb="0" cb="0"/><line nr="1177" mi="0" ci="5" mb="0" cb="2"/><line nr="1178" mi="0" ci="10" mb="0" cb="0"/><line nr="1180" mi="0" ci="6" mb="0" cb="0"/><line nr="1182" mi="0" ci="1" mb="0" cb="0"/><line nr="1183" mi="0" ci="1" mb="0" cb="0"/><line nr="1184" mi="0" ci="3" mb="0" cb="0"/><line nr="1205" mi="0" ci="10" mb="0" cb="2"/><line nr="1206" mi="0" ci="8" mb="0" cb="2"/><line nr="1207" mi="0" ci="4" mb="0" cb="0"/><line nr="1208" mi="0" ci="13" mb="0" cb="0"/><line nr="1209" mi="0" ci="13" mb="0" cb="0"/><line nr="1210" mi="0" ci="5" mb="0" cb="2"/><line nr="1211" mi="0" ci="10" mb="0" cb="0"/><line nr="1213" mi="0" ci="6" mb="0" cb="0"/><line nr="1215" mi="0" ci="1" mb="0" cb="0"/><line nr="1216" mi="0" ci="1" mb="0" cb="0"/><line nr="1217" mi="0" ci="3" mb="0" cb="0"/><line nr="1239" mi="0" ci="10" mb="0" cb="2"/><line nr="1240" mi="0" ci="8" mb="0" cb="2"/><line nr="1241" mi="0" ci="4" mb="0" cb="2"/><line nr="1242" mi="0" ci="5" mb="0" cb="0"/><line nr="1244" mi="0" ci="5" mb="0" cb="0"/><line nr="1264" mi="0" ci="10" mb="0" cb="2"/><line nr="1265" mi="0" ci="8" mb="0" cb="2"/><line nr="1266" mi="0" ci="4" mb="0" cb="0"/><line nr="1267" mi="0" ci="13" mb="0" cb="0"/><line nr="1268" mi="0" ci="13" mb="0" cb="0"/><line nr="1269" mi="0" ci="4" mb="0" cb="2"/><line nr="1270" mi="0" ci="10" mb="0" cb="0"/><line nr="1272" mi="0" ci="6" mb="0" cb="0"/><line nr="1274" mi="0" ci="1" mb="0" cb="0"/><line nr="1275" mi="0" ci="1" mb="0" cb="0"/><line nr="1276" mi="0" ci="3" mb="0" cb="0"/><line nr="1296" mi="0" ci="10" mb="0" cb="2"/><line nr="1297" mi="0" ci="8" mb="0" cb="2"/><line nr="1298" mi="0" ci="4" mb="0" cb="0"/><line nr="1299" mi="0" ci="13" mb="0" cb="0"/><line nr="1300" mi="0" ci="13" mb="0" cb="0"/><line nr="1301" mi="0" ci="5" mb="0" cb="0"/><line nr="1302" mi="0" ci="5" mb="0" cb="2"/><line nr="1303" mi="0" ci="6" mb="0" cb="0"/><line nr="1304" mi="0" ci="6" mb="0" cb="0"/><line nr="1306" mi="0" ci="4" mb="0" cb="2"/><line nr="1307" mi="0" ci="6" mb="0" cb="0"/><line nr="1309" mi="0" ci="1" mb="0" cb="0"/><line nr="1310" mi="0" ci="1" mb="0" cb="0"/><line nr="1311" mi="0" ci="3" mb="0" cb="0"/><line nr="1331" mi="0" ci="10" mb="0" cb="2"/><line nr="1332" mi="0" ci="8" mb="0" cb="2"/><line nr="1333" mi="0" ci="4" mb="0" cb="0"/><line nr="1334" mi="0" ci="13" mb="0" cb="0"/><line nr="1335" mi="0" ci="13" mb="0" cb="0"/><line nr="1336" mi="0" ci="5" mb="0" cb="2"/><line nr="1337" mi="0" ci="5" mb="0" cb="0"/><line nr="1338" mi="0" ci="6" mb="0" cb="0"/><line nr="1339" mi="0" ci="7" mb="0" cb="0"/><line nr="1341" mi="0" ci="4" mb="0" cb="2"/><line nr="1342" mi="0" ci="6" mb="0" cb="0"/><line nr="1344" mi="0" ci="1" mb="0" cb="0"/><line nr="1345" mi="0" ci="1" mb="0" cb="0"/><line nr="1346" mi="0" ci="3" mb="0" cb="0"/><line nr="1377" mi="0" ci="10" mb="0" cb="2"/><line nr="1378" mi="0" ci="8" mb="0" cb="2"/><line nr="1379" mi="0" ci="8" mb="0" cb="2"/><line nr="1380" mi="0" ci="8" mb="0" cb="2"/><line nr="1381" mi="0" ci="5" mb="0" cb="0"/><line nr="1382" mi="0" ci="7" mb="0" cb="2"/><line nr="1383" mi="0" ci="8" mb="0" cb="0"/><line nr="1385" mi="0" ci="2" mb="0" cb="0"/><line nr="1412" mi="0" ci="10" mb="0" cb="2"/><line nr="1413" mi="0" ci="8" mb="0" cb="2"/><line nr="1414" mi="0" ci="8" mb="0" cb="2"/><line nr="1415" mi="0" ci="5" mb="0" cb="0"/><line nr="1416" mi="0" ci="7" mb="0" cb="2"/><line nr="1417" mi="0" ci="7" mb="0" cb="0"/><line nr="1419" mi="0" ci="2" mb="0" cb="0"/><line nr="1446" mi="0" ci="10" mb="0" cb="2"/><line nr="1447" mi="0" ci="8" mb="0" cb="2"/><line nr="1448" mi="0" ci="8" mb="0" cb="2"/><line nr="1449" mi="0" ci="5" mb="0" cb="0"/><line nr="1450" mi="0" ci="7" mb="0" cb="2"/><line nr="1451" mi="0" ci="7" mb="0" cb="0"/><line nr="1453" mi="0" ci="2" mb="0" cb="0"/><line nr="1480" mi="0" ci="10" mb="0" cb="2"/><line nr="1481" mi="0" ci="8" mb="0" cb="2"/><line nr="1482" mi="0" ci="8" mb="0" cb="2"/><line nr="1483" mi="0" ci="5" mb="0" cb="0"/><line nr="1484" mi="0" ci="7" mb="0" cb="2"/><line nr="1485" mi="0" ci="7" mb="0" cb="0"/><line nr="1487" mi="0" ci="2" mb="0" cb="0"/><line nr="1514" mi="0" ci="10" mb="0" cb="2"/><line nr="1515" mi="0" ci="8" mb="0" cb="2"/><line nr="1516" mi="0" ci="8" mb="0" cb="2"/><line nr="1517" mi="0" ci="5" mb="0" cb="0"/><line nr="1518" mi="0" ci="7" mb="0" cb="2"/><line nr="1519" mi="0" ci="7" mb="0" cb="0"/><line nr="1521" mi="0" ci="2" mb="0" cb="0"/><line nr="1548" mi="0" ci="10" mb="0" cb="2"/><line nr="1549" mi="0" ci="8" mb="0" cb="2"/><line nr="1550" mi="0" ci="8" mb="0" cb="2"/><line nr="1551" mi="0" ci="5" mb="0" cb="0"/><line nr="1552" mi="0" ci="7" mb="0" cb="2"/><line nr="1553" mi="0" ci="7" mb="0" cb="0"/><line nr="1555" mi="0" ci="2" mb="0" cb="0"/><line nr="1582" mi="0" ci="10" mb="0" cb="2"/><line nr="1583" mi="0" ci="8" mb="0" cb="2"/><line nr="1584" mi="0" ci="8" mb="0" cb="2"/><line nr="1585" mi="0" ci="5" mb="0" cb="0"/><line nr="1586" mi="0" ci="7" mb="0" cb="2"/><line nr="1587" mi="0" ci="7" mb="0" cb="0"/><line nr="1589" mi="0" ci="2" mb="0" cb="0"/><line nr="1613" mi="0" ci="10" mb="0" cb="2"/><line nr="1614" mi="0" ci="9" mb="0" cb="2"/><line nr="1615" mi="0" ci="8" mb="0" cb="2"/><line nr="1616" mi="0" ci="3" mb="0" cb="0"/><line nr="1617" mi="0" ci="7" mb="0" cb="2"/><line nr="1618" mi="0" ci="7" mb="0" cb="0"/><line nr="1620" mi="0" ci="3" mb="0" cb="0"/><line nr="1652" mi="0" ci="10" mb="0" cb="2"/><line nr="1653" mi="0" ci="9" mb="0" cb="2"/><line nr="1654" mi="0" ci="8" mb="0" cb="2"/><line nr="1655" mi="0" ci="8" mb="0" cb="2"/><line nr="1656" mi="0" ci="5" mb="0" cb="0"/><line nr="1657" mi="0" ci="7" mb="0" cb="2"/><line nr="1658" mi="0" ci="8" mb="0" cb="0"/><line nr="1660" mi="0" ci="2" mb="0" cb="0"/><line nr="1688" mi="0" ci="10" mb="0" cb="2"/><line nr="1689" mi="0" ci="9" mb="0" cb="2"/><line nr="1690" mi="0" ci="8" mb="0" cb="2"/><line nr="1691" mi="0" ci="8" mb="0" cb="2"/><line nr="1692" mi="0" ci="4" mb="0" cb="0"/><line nr="1693" mi="0" ci="14" mb="0" cb="0"/><line nr="1694" mi="0" ci="14" mb="0" cb="0"/><line nr="1695" mi="0" ci="9" mb="0" cb="0"/><line nr="1696" mi="0" ci="1" mb="0" cb="0"/><line nr="1697" mi="0" ci="1" mb="0" cb="0"/><line nr="1698" mi="0" ci="3" mb="0" cb="0"/><line nr="1723" mi="0" ci="10" mb="0" cb="2"/><line nr="1724" mi="0" ci="8" mb="0" cb="2"/><line nr="1725" mi="0" ci="4" mb="0" cb="0"/><line nr="1726" mi="0" ci="14" mb="0" cb="0"/><line nr="1727" mi="0" ci="14" mb="0" cb="0"/><line nr="1728" mi="0" ci="5" mb="0" cb="2"/><line nr="1729" mi="0" ci="10" mb="0" cb="0"/><line nr="1731" mi="0" ci="6" mb="0" cb="0"/><line nr="1733" mi="0" ci="1" mb="0" cb="0"/><line nr="1734" mi="0" ci="1" mb="0" cb="0"/><line nr="1735" mi="0" ci="3" mb="0" cb="0"/><line nr="1760" mi="0" ci="10" mb="0" cb="2"/><line nr="1761" mi="0" ci="8" mb="0" cb="2"/><line nr="1762" mi="0" ci="4" mb="0" cb="0"/><line nr="1763" mi="0" ci="14" mb="0" cb="0"/><line nr="1764" mi="0" ci="14" mb="0" cb="0"/><line nr="1765" mi="0" ci="5" mb="0" cb="2"/><line nr="1766" mi="0" ci="10" mb="0" cb="0"/><line nr="1768" mi="0" ci="6" mb="0" cb="0"/><line nr="1770" mi="0" ci="1" mb="0" cb="0"/><line nr="1771" mi="0" ci="1" mb="0" cb="0"/><line nr="1772" mi="0" ci="3" mb="0" cb="0"/><line nr="1798" mi="0" ci="10" mb="0" cb="2"/><line nr="1799" mi="0" ci="8" mb="0" cb="2"/><line nr="1800" mi="0" ci="4" mb="0" cb="2"/><line nr="1801" mi="0" ci="6" mb="0" cb="0"/><line nr="1803" mi="0" ci="6" mb="0" cb="0"/><line nr="1827" mi="0" ci="10" mb="0" cb="2"/><line nr="1828" mi="0" ci="8" mb="0" cb="2"/><line nr="1829" mi="0" ci="4" mb="0" cb="0"/><line nr="1830" mi="0" ci="14" mb="0" cb="0"/><line nr="1831" mi="0" ci="14" mb="0" cb="0"/><line nr="1832" mi="0" ci="4" mb="0" cb="2"/><line nr="1833" mi="0" ci="10" mb="0" cb="0"/><line nr="1835" mi="0" ci="6" mb="0" cb="0"/><line nr="1837" mi="0" ci="1" mb="0" cb="0"/><line nr="1838" mi="0" ci="1" mb="0" cb="0"/><line nr="1839" mi="0" ci="3" mb="0" cb="0"/><line nr="1863" mi="0" ci="10" mb="0" cb="2"/><line nr="1864" mi="0" ci="8" mb="0" cb="2"/><line nr="1865" mi="0" ci="4" mb="0" cb="0"/><line nr="1866" mi="0" ci="14" mb="0" cb="0"/><line nr="1867" mi="0" ci="14" mb="0" cb="0"/><line nr="1868" mi="0" ci="5" mb="0" cb="0"/><line nr="1869" mi="0" ci="5" mb="0" cb="2"/><line nr="1870" mi="0" ci="6" mb="0" cb="0"/><line nr="1871" mi="0" ci="6" mb="0" cb="0"/><line nr="1873" mi="0" ci="4" mb="0" cb="2"/><line nr="1874" mi="0" ci="6" mb="0" cb="0"/><line nr="1876" mi="0" ci="1" mb="0" cb="0"/><line nr="1877" mi="0" ci="1" mb="0" cb="0"/><line nr="1878" mi="0" ci="3" mb="0" cb="0"/><line nr="1902" mi="0" ci="10" mb="0" cb="2"/><line nr="1903" mi="0" ci="8" mb="0" cb="2"/><line nr="1904" mi="0" ci="4" mb="0" cb="0"/><line nr="1905" mi="0" ci="14" mb="0" cb="0"/><line nr="1906" mi="0" ci="14" mb="0" cb="0"/><line nr="1907" mi="0" ci="5" mb="0" cb="2"/><line nr="1908" mi="0" ci="5" mb="0" cb="0"/><line nr="1909" mi="0" ci="6" mb="0" cb="0"/><line nr="1910" mi="0" ci="7" mb="0" cb="0"/><line nr="1912" mi="0" ci="4" mb="0" cb="2"/><line nr="1913" mi="0" ci="6" mb="0" cb="0"/><line nr="1915" mi="0" ci="1" mb="0" cb="0"/><line nr="1917" mi="0" ci="1" mb="0" cb="0"/><line nr="1918" mi="0" ci="3" mb="0" cb="0"/><line nr="1954" mi="0" ci="10" mb="0" cb="2"/><line nr="1955" mi="0" ci="9" mb="0" cb="2"/><line nr="1956" mi="0" ci="8" mb="0" cb="2"/><line nr="1957" mi="0" ci="8" mb="0" cb="2"/><line nr="1958" mi="0" ci="8" mb="0" cb="2"/><line nr="1959" mi="0" ci="5" mb="0" cb="0"/><line nr="1960" mi="0" ci="7" mb="0" cb="2"/><line nr="1961" mi="0" ci="9" mb="0" cb="0"/><line nr="1963" mi="0" ci="2" mb="0" cb="0"/><line nr="1995" mi="0" ci="10" mb="0" cb="2"/><line nr="1996" mi="0" ci="9" mb="0" cb="2"/><line nr="1997" mi="0" ci="8" mb="0" cb="2"/><line nr="1998" mi="0" ci="8" mb="0" cb="2"/><line nr="1999" mi="0" ci="5" mb="0" cb="0"/><line nr="2000" mi="0" ci="7" mb="0" cb="2"/><line nr="2001" mi="0" ci="8" mb="0" cb="0"/><line nr="2003" mi="0" ci="2" mb="0" cb="0"/><line nr="2035" mi="0" ci="10" mb="0" cb="2"/><line nr="2036" mi="0" ci="9" mb="0" cb="2"/><line nr="2037" mi="0" ci="8" mb="0" cb="2"/><line nr="2038" mi="0" ci="8" mb="0" cb="2"/><line nr="2039" mi="0" ci="5" mb="0" cb="0"/><line nr="2040" mi="0" ci="7" mb="0" cb="2"/><line nr="2041" mi="0" ci="8" mb="0" cb="0"/><line nr="2043" mi="0" ci="2" mb="0" cb="0"/><line nr="2075" mi="0" ci="10" mb="0" cb="2"/><line nr="2076" mi="0" ci="9" mb="0" cb="2"/><line nr="2077" mi="0" ci="8" mb="0" cb="2"/><line nr="2078" mi="0" ci="8" mb="0" cb="2"/><line nr="2079" mi="0" ci="5" mb="0" cb="0"/><line nr="2080" mi="0" ci="7" mb="0" cb="2"/><line nr="2081" mi="0" ci="8" mb="0" cb="0"/><line nr="2083" mi="0" ci="2" mb="0" cb="0"/><line nr="2115" mi="0" ci="10" mb="0" cb="2"/><line nr="2116" mi="0" ci="9" mb="0" cb="2"/><line nr="2117" mi="0" ci="8" mb="0" cb="2"/><line nr="2118" mi="0" ci="8" mb="0" cb="2"/><line nr="2119" mi="0" ci="5" mb="0" cb="0"/><line nr="2120" mi="0" ci="7" mb="0" cb="2"/><line nr="2121" mi="0" ci="8" mb="0" cb="0"/><line nr="2123" mi="0" ci="2" mb="0" cb="0"/><line nr="2155" mi="0" ci="10" mb="0" cb="2"/><line nr="2156" mi="0" ci="9" mb="0" cb="2"/><line nr="2157" mi="0" ci="8" mb="0" cb="2"/><line nr="2158" mi="0" ci="8" mb="0" cb="2"/><line nr="2159" mi="0" ci="5" mb="0" cb="0"/><line nr="2160" mi="0" ci="7" mb="0" cb="2"/><line nr="2161" mi="0" ci="8" mb="0" cb="0"/><line nr="2163" mi="0" ci="2" mb="0" cb="0"/><line nr="2195" mi="0" ci="10" mb="0" cb="2"/><line nr="2196" mi="0" ci="9" mb="0" cb="2"/><line nr="2197" mi="0" ci="8" mb="0" cb="2"/><line nr="2198" mi="0" ci="8" mb="0" cb="2"/><line nr="2199" mi="0" ci="5" mb="0" cb="0"/><line nr="2200" mi="0" ci="7" mb="0" cb="2"/><line nr="2201" mi="0" ci="8" mb="0" cb="0"/><line nr="2203" mi="0" ci="2" mb="0" cb="0"/><line nr="2208" mi="0" ci="8" mb="0" cb="0"/><line nr="2213" mi="0" ci="3" mb="0" cb="0"/><counter type="INSTRUCTION" missed="28" covered="3323"/><counter type="BRANCH" missed="11" covered="459"/><counter type="LINE" missed="6" covered="505"/><counter type="COMPLEXITY" missed="10" covered="324"/><counter type="METHOD" missed="0" covered="99"/><counter type="CLASS" missed="0" covered="1"/></sourcefile><sourcefile name="SquareRootCalculator.java"><line nr="46" mi="0" ci="3" mb="0" cb="0"/><line nr="58" mi="0" ci="4" mb="0" cb="0"/><line nr="81" mi="0" ci="2" mb="0" cb="0"/><line nr="82" mi="0" ci="3" mb="0" cb="0"/><line nr="83" mi="0" ci="3" mb="0" cb="0"/><line nr="84" mi="0" ci="3" mb="0" cb="0"/><line nr="85" mi="0" ci="1" mb="0" cb="0"/><line nr="99" mi="0" ci="2" mb="0" cb="0"/><line nr="100" mi="0" ci="4" mb="0" cb="0"/><line nr="101" mi="0" ci="14" mb="0" cb="4"/><line nr="103" mi="0" ci="3" mb="0" cb="0"/><line nr="104" mi="0" ci="3" mb="0" cb="0"/><line nr="105" mi="0" ci="3" mb="0" cb="0"/><line nr="106" mi="0" ci="1" mb="0" cb="0"/><line nr="124" mi="0" ci="2" mb="0" cb="0"/><line nr="125" mi="0" ci="8" mb="0" cb="2"/><line nr="126" mi="0" ci="12" mb="0" cb="4"/><line nr="128" mi="0" ci="3" mb="0" cb="0"/><line nr="129" mi="0" ci="3" mb="0" cb="0"/><line nr="130" mi="0" ci="3" mb="0" cb="0"/><line nr="131" mi="0" ci="1" mb="0" cb="0"/><line nr="157" mi="0" ci="2" mb="0" cb="0"/><line nr="158" mi="0" ci="4" mb="0" cb="0"/><line nr="159" mi="0" ci="14" mb="0" cb="4"/><line nr="161" mi="0" ci="8" mb="0" cb="2"/><line nr="162" mi="0" ci="12" mb="0" cb="4"/><line nr="164" mi="0" ci="3" mb="0" cb="0"/><line nr="165" mi="0" ci="3" mb="0" cb="0"/><line nr="166" mi="0" ci="3" mb="0" cb="0"/><line nr="167" mi="0" ci="1" mb="0" cb="0"/><line nr="184" mi="0" ci="4" mb="0" cb="0"/><line nr="185" mi="0" ci="11" mb="0" cb="2"/><line nr="186" mi="0" ci="7" mb="0" cb="0"/><line nr="204" mi="0" ci="4" mb="0" cb="0"/><line nr="205" mi="1" ci="10" mb="1" cb="1"/><line nr="206" mi="0" ci="9" mb="0" cb="0"/><line nr="228" mi="0" ci="4" mb="0" cb="0"/><line nr="229" mi="1" ci="10" mb="1" cb="1"/><line nr="230" mi="0" ci="6" mb="0" cb="0"/><line nr="231" mi="0" ci="4" mb="0" cb="0"/><line nr="249" mi="0" ci="4" mb="0" cb="0"/><line nr="250" mi="1" ci="10" mb="1" cb="1"/><line nr="251" mi="0" ci="2" mb="0" cb="0"/><line nr="252" mi="0" ci="12" mb="0" cb="2"/><line nr="253" mi="0" ci="4" mb="0" cb="0"/><line nr="255" mi="0" ci="4" mb="0" cb="0"/><line nr="259" mi="0" ci="7" mb="0" cb="0"/><line nr="260" mi="0" ci="1" mb="0" cb="0"/><line nr="261" mi="0" ci="4" mb="0" cb="0"/><line nr="262" mi="0" ci="5" mb="0" cb="0"/><line nr="263" mi="0" ci="5" mb="0" cb="0"/><line nr="264" mi="0" ci="2" mb="0" cb="0"/><line nr="265" mi="0" ci="9" mb="0" cb="2"/><line nr="266" mi="0" ci="8" mb="0" cb="0"/><line nr="267" mi="0" ci="2" mb="0" cb="0"/><line nr="268" mi="0" ci="5" mb="0" cb="0"/><line nr="269" mi="0" ci="5" mb="0" cb="0"/><line nr="271" mi="0" ci="5" mb="0" cb="0"/><line nr="272" mi="0" ci="7" mb="0" cb="0"/><line nr="273" mi="0" ci="2" mb="0" cb="0"/><line nr="277" mi="0" ci="3" mb="0" cb="0"/><line nr="278" mi="0" ci="5" mb="0" cb="0"/><line nr="279" mi="0" ci="5" mb="0" cb="0"/><line nr="280" mi="0" ci="4" mb="1" cb="1"/><line nr="281" mi="0" ci="12" mb="0" cb="0"/><line nr="282" mi="1" ci="1" mb="0" cb="0"/><line nr="283" mi="0" ci="5" mb="0" cb="0"/><line nr="284" mi="0" ci="2" mb="0" cb="0"/><line nr="288" mi="0" ci="4" mb="0" cb="0"/><line nr="289" mi="0" ci="7" mb="0" cb="0"/><line nr="290" mi="0" ci="6" mb="0" cb="2"/><line nr="291" mi="0" ci="10" mb="0" cb="0"/><line nr="293" mi="0" ci="10" mb="0" cb="0"/><line nr="298" mi="0" ci="5" mb="0" cb="0"/><line nr="299" mi="0" ci="2" mb="0" cb="0"/><line nr="300" mi="0" ci="2" mb="0" cb="0"/><line nr="301" mi="0" ci="5" mb="0" cb="0"/><line nr="302" mi="0" ci="5" mb="0" cb="0"/><line nr="303" mi="0" ci="6" mb="0" cb="2"/><line nr="304" mi="0" ci="3" mb="0" cb="0"/><line nr="305" mi="0" ci="7" mb="0" cb="0"/><line nr="306" mi="0" ci="4" mb="0" cb="0"/><line nr="307" mi="0" ci="5" mb="0" cb="0"/><line nr="308" mi="0" ci="6" mb="0" cb="0"/><line nr="310" mi="0" ci="6" mb="0" cb="0"/><line nr="315" mi="0" ci="14" mb="0" cb="0"/><line nr="316" mi="0" ci="2" mb="0" cb="0"/><line nr="320" mi="0" ci="3" mb="0" cb="0"/><line nr="324" mi="0" ci="3" mb="0" cb="0"/><line nr="328" mi="0" ci="3" mb="0" cb="0"/><counter type="INSTRUCTION" missed="4" covered="458"/><counter type="BRANCH" missed="4" covered="34"/><counter type="LINE" missed="0" covered="90"/><counter type="COMPLEXITY" missed="4" covered="32"/><counter type="METHOD" missed="0" covered="17"/><counter type="CLASS" missed="0" covered="1"/></sourcefile><counter type="INSTRUCTION" missed="32" covered="3781"/><counter type="BRANCH" missed="15" covered="493"/><counter type="LINE" missed="6" covered="595"/><counter type="COMPLEXITY" missed="14" covered="356"/><counter type="METHOD" missed="0" covered="116"/><counter type="CLASS" missed="0" covered="2"/></package><counter type="INSTRUCTION" missed="73" covered="9041"/><counter type="BRANCH" missed="24" covered="888"/><counter type="LINE" missed="13" covered="1408"/><counter type="COMPLEXITY" missed="29" covered="783"/><counter type="METHOD" missed="6" covered="350"/><counter type="CLASS" missed="0" covered="19"/></report>