<?xml version="1.0" encoding="UTF-8" standalone="yes"?><!DOCTYPE report PUBLIC "-//JACOCO//DTD Report 1.0//EN" "report.dtd"><report name="finnMath"><sessioninfo id="archlinux-6e2803ed" start="1513702563916" dump="1513702598444"/><package name="com/github/ltennstedt/finnmath/linear"><class name="com/github/ltennstedt/finnmath/linear/SimpleComplexNumberMatrix"><method name="&lt;init&gt;" desc="(Lcom/google/common/collect/ImmutableTable;)V" line="50"><counter type="INSTRUCTION" missed="0" covered="4"/><counter type="LINE" missed="0" covered="2"/><counter type="COMPLEXITY" missed="0" covered="1"/><counter type="METHOD" missed="0" covered="1"/></method><method name="add" desc="(Lcom/github/ltennstedt/finnmath/linear/SimpleComplexNumberMatrix;)Lcom/github/ltennstedt/finnmath/linear/SimpleComplexNumberMatrix;" line="71"><counter type="INSTRUCTION" missed="0" covered="56"/><counter type="BRANCH" missed="0" covered="4"/><counter type="LINE" missed="0" covered="8"/><counter type="COMPLEXITY" missed="0" covered="3"/><counter type="METHOD" missed="0" covered="1"/></method><method name="subtract" desc="(Lcom/github/ltennstedt/finnmath/linear/SimpleComplexNumberMatrix;)Lcom/github/ltennstedt/finnmath/linear/SimpleComplexNumberMatrix;" line="103"><counter type="INSTRUCTION" missed="0" covered="56"/><counter type="BRANCH" missed="0" covered="4"/><counter type="LINE" missed="0" covered="9"/><counter type="COMPLEXITY" missed="0" covered="3"/><counter type="METHOD" missed="0" covered="1"/></method><method name="multiply" desc="(Lcom/github/ltennstedt/finnmath/linear/SimpleComplexNumberMatrix;)Lcom/github/ltennstedt/finnmath/linear/SimpleComplexNumberMatrix;" line="134"><counter type="INSTRUCTION" missed="0" covered="41"/><counter type="BRANCH" missed="0" covered="2"/><counter type="LINE" missed="0" covered="7"/><counter type="COMPLEXITY" missed="0" covered="2"/><counter type="METHOD" missed="0" covered="1"/></method><method name="multiplyVector" desc="(Lcom/github/ltennstedt/finnmath/linear/SimpleComplexNumberVector;)Lcom/github/ltennstedt/finnmath/linear/SimpleComplexNumberVector;" line="164"><counter type="INSTRUCTION" missed="0" covered="38"/><counter type="BRANCH" missed="0" covered="2"/><counter type="LINE" missed="0" covered="6"/><counter type="COMPLEXITY" missed="0" covered="2"/><counter type="METHOD" missed="0" covered="1"/></method><method name="multiplyRowWithColumn" desc="(Ljava/util/Map;Ljava/util/Map;)Lcom/github/ltennstedt/finnmath/number/SimpleComplexNumber;" line="181"><counter type="INSTRUCTION" missed="1" covered="49"/><counter type="BRANCH" missed="1" covered="3"/><counter type="LINE" missed="0" covered="9"/><counter type="COMPLEXITY" missed="1" covered="2"/><counter type="METHOD" missed="0" covered="1"/></method><method name="scalarMultiply" desc="(Lcom/github/ltennstedt/finnmath/number/SimpleComplexNumber;)Lcom/github/ltennstedt/finnmath/linear/SimpleComplexNumberMatrix;" line="206"><counter type="INSTRUCTION" missed="0" covered="24"/><counter type="LINE" missed="0" covered="4"/><counter type="COMPLEXITY" missed="0" covered="1"/><counter type="METHOD" missed="0" covered="1"/></method><method name="negate" desc="()Lcom/github/ltennstedt/finnmath/linear/SimpleComplexNumberMatrix;" line="224"><counter type="INSTRUCTION" missed="0" covered="5"/><counter type="LINE" missed="0" covered="1"/><counter type="COMPLEXITY" missed="0" covered="1"/><counter type="METHOD" missed="0" covered="1"/></method><method name="trace" desc="()Lcom/github/ltennstedt/finnmath/number/SimpleComplexNumber;" line="236"><counter type="INSTRUCTION" missed="0" covered="38"/><counter type="BRANCH" missed="0" covered="2"/><counter type="LINE" missed="0" covered="7"/><counter type="COMPLEXITY" missed="0" covered="2"/><counter type="METHOD" missed="0" covered="1"/></method><method name="determinant" desc="()Lcom/github/ltennstedt/finnmath/number/SimpleComplexNumber;" line="258"><counter type="INSTRUCTION" missed="0" covered="95"/><counter type="BRANCH" missed="0" covered="10"/><counter type="LINE" missed="0" covered="14"/><counter type="COMPLEXITY" missed="0" covered="6"/><counter type="METHOD" missed="0" covered="1"/></method><method name="leibnizFormula" desc="()Lcom/github/ltennstedt/finnmath/number/SimpleComplexNumber;" line="282"><counter type="INSTRUCTION" missed="0" covered="78"/><counter type="BRANCH" missed="0" covered="8"/><counter type="LINE" missed="0" covered="14"/><counter type="COMPLEXITY" missed="0" covered="5"/><counter type="METHOD" missed="0" covered="1"/></method><method name="ruleOfSarrus" desc="()Lcom/github/ltennstedt/finnmath/number/SimpleComplexNumber;" line="303"><counter type="INSTRUCTION" missed="0" covered="174"/><counter type="LINE" missed="0" covered="7"/><counter type="COMPLEXITY" missed="0" covered="1"/><counter type="METHOD" missed="0" covered="1"/></method><method name="transpose" desc="()Lcom/github/ltennstedt/finnmath/linear/SimpleComplexNumberMatrix;" line="322"><counter type="INSTRUCTION" missed="0" covered="19"/><counter type="LINE" missed="0" covered="3"/><counter type="COMPLEXITY" missed="0" covered="1"/><counter type="METHOD" missed="0" covered="1"/></method><method name="minor" desc="(Ljava/lang/Integer;Ljava/lang/Integer;)Lcom/github/ltennstedt/finnmath/linear/SimpleComplexNumberMatrix;" line="351"><counter type="INSTRUCTION" missed="0" covered="55"/><counter type="LINE" missed="0" covered="10"/><counter type="COMPLEXITY" missed="0" covered="1"/><counter type="METHOD" missed="0" covered="1"/></method><method name="maxAbsColumnSumNorm" desc="()Ljava/math/BigDecimal;" line="380"><counter type="INSTRUCTION" missed="0" covered="42"/><counter type="BRANCH" missed="0" covered="4"/><counter type="LINE" missed="0" covered="9"/><counter type="COMPLEXITY" missed="0" covered="3"/><counter type="METHOD" missed="0" covered="1"/></method><method name="maxAbsRowSumNorm" desc="()Ljava/math/BigDecimal;" line="400"><counter type="INSTRUCTION" missed="0" covered="42"/><counter type="BRANCH" missed="0" covered="4"/><counter type="LINE" missed="0" covered="9"/><counter type="COMPLEXITY" missed="0" covered="3"/><counter type="METHOD" missed="0" covered="1"/></method><method name="frobeniusNormPow2" desc="()Ljava/math/BigInteger;" line="420"><counter type="INSTRUCTION" missed="0" covered="22"/><counter type="BRANCH" missed="0" covered="2"/><counter type="LINE" missed="0" covered="5"/><counter type="COMPLEXITY" missed="0" covered="2"/><counter type="METHOD" missed="0" covered="1"/></method><method name="frobeniusNorm" desc="()Ljava/math/BigDecimal;" line="438"><counter type="INSTRUCTION" missed="0" covered="7"/><counter type="LINE" missed="0" covered="1"/><counter type="COMPLEXITY" missed="0" covered="1"/><counter type="METHOD" missed="0" covered="1"/></method><method name="frobeniusNorm" desc="(Ljava/math/BigDecimal;)Ljava/math/BigDecimal;" line="458"><counter type="INSTRUCTION" missed="0" covered="26"/><counter type="BRANCH" missed="0" covered="4"/><counter type="LINE" missed="0" covered="3"/><counter type="COMPLEXITY" missed="0" covered="3"/><counter type="METHOD" missed="0" covered="1"/></method><method name="frobeniusNorm" desc="(ILjava/math/RoundingMode;)Ljava/math/BigDecimal;" line="481"><counter type="INSTRUCTION" missed="0" covered="17"/><counter type="BRANCH" missed="0" covered="2"/><counter type="LINE" missed="0" covered="2"/><counter type="COMPLEXITY" missed="0" covered="2"/><counter type="METHOD" missed="0" covered="1"/></method><method name="frobeniusNorm" desc="(Ljava/math/BigDecimal;ILjava/math/RoundingMode;)Ljava/math/BigDecimal;" line="508"><counter type="INSTRUCTION" missed="0" covered="36"/><counter type="BRANCH" missed="0" covered="6"/><counter type="LINE" missed="0" covered="4"/><counter type="COMPLEXITY" missed="0" covered="4"/><counter type="METHOD" missed="0" covered="1"/></method><method name="maxNorm" desc="()Ljava/math/BigDecimal;" line="524"><counter type="INSTRUCTION" missed="0" covered="22"/><counter type="BRANCH" missed="0" covered="2"/><counter type="LINE" missed="0" covered="5"/><counter type="COMPLEXITY" missed="0" covered="2"/><counter type="METHOD" missed="0" covered="1"/></method><method name="upperTriangular" desc="()Z" line="540"><counter type="INSTRUCTION" missed="0" covered="37"/><counter type="BRANCH" missed="0" covered="8"/><counter type="LINE" missed="0" covered="7"/><counter type="COMPLEXITY" missed="0" covered="5"/><counter type="METHOD" missed="0" covered="1"/></method><method name="lowerTriangular" desc="()Z" line="560"><counter type="INSTRUCTION" missed="0" covered="37"/><counter type="BRANCH" missed="0" covered="8"/><counter type="LINE" missed="0" covered="7"/><counter type="COMPLEXITY" missed="0" covered="5"/><counter type="METHOD" missed="0" covered="1"/></method><method name="identity" desc="()Z" line="581"><counter type="INSTRUCTION" missed="0" covered="31"/><counter type="BRANCH" missed="0" covered="6"/><counter type="LINE" missed="0" covered="7"/><counter type="COMPLEXITY" missed="0" covered="4"/><counter type="METHOD" missed="0" covered="1"/></method><method name="invertible" desc="()Z" line="602"><counter type="INSTRUCTION" missed="0" covered="15"/><counter type="BRANCH" missed="0" covered="4"/><counter type="LINE" missed="0" covered="1"/><counter type="COMPLEXITY" missed="0" covered="3"/><counter type="METHOD" missed="0" covered="1"/></method><method name="builder" desc="(II)Lcom/github/ltennstedt/finnmath/linear/SimpleComplexNumberMatrix$SimpleComplexNumberMatrixBuilder;" line="617"><counter type="INSTRUCTION" missed="0" covered="23"/><counter type="BRANCH" missed="0" covered="4"/><counter type="LINE" missed="0" covered="3"/><counter type="COMPLEXITY" missed="0" covered="3"/><counter type="METHOD" missed="0" covered="1"/></method><method name="hashCode" desc="()I" line="624"><counter type="INSTRUCTION" missed="0" covered="9"/><counter type="LINE" missed="0" covered="1"/><counter type="COMPLEXITY" missed="0" covered="1"/><counter type="METHOD" missed="0" covered="1"/></method><method name="equals" desc="(Ljava/lang/Object;)Z" line="629"><counter type="INSTRUCTION" missed="0" covered="19"/><counter type="BRANCH" missed="0" covered="4"/><counter type="LINE" missed="0" covered="6"/><counter type="COMPLEXITY" missed="0" covered="3"/><counter type="METHOD" missed="0" covered="1"/></method><method name="lambda$minor$8" desc="(Ljava/lang/Integer;Ljava/lang/Integer;Lcom/github/ltennstedt/finnmath/linear/SimpleComplexNumberMatrix$SimpleComplexNumberMatrixBuilder;Lcom/google/common/collect/Table$Cell;)V" line="360"><counter type="INSTRUCTION" missed="0" covered="51"/><counter type="BRANCH" missed="0" covered="8"/><counter type="LINE" missed="0" covered="7"/><counter type="COMPLEXITY" missed="0" covered="5"/><counter type="METHOD" missed="0" covered="1"/></method><method name="lambda$transpose$7" desc="(Lcom/github/ltennstedt/finnmath/linear/SimpleComplexNumberMatrix$SimpleComplexNumberMatrixBuilder;Lcom/google/common/collect/Table$Cell;)V" line="324"><counter type="INSTRUCTION" missed="0" covered="13"/><counter type="LINE" missed="0" covered="2"/><counter type="COMPLEXITY" missed="0" covered="1"/><counter type="METHOD" missed="0" covered="1"/></method><method name="lambda$scalarMultiply$6" desc="(Lcom/github/ltennstedt/finnmath/linear/SimpleComplexNumberMatrix$SimpleComplexNumberMatrixBuilder;Lcom/github/ltennstedt/finnmath/number/SimpleComplexNumber;Lcom/google/common/collect/Table$Cell;)V" line="209"><counter type="INSTRUCTION" missed="0" covered="15"/><counter type="LINE" missed="0" covered="2"/><counter type="COMPLEXITY" missed="0" covered="1"/><counter type="METHOD" missed="0" covered="1"/></method><method name="lambda$multiplyVector$5" desc="(Lcom/github/ltennstedt/finnmath/linear/SimpleComplexNumberVector$SimpleComplexNumberVectorBuilder;Lcom/github/ltennstedt/finnmath/linear/SimpleComplexNumberVector;Ljava/lang/Integer;Ljava/util/Map;)V" line="169"><counter type="INSTRUCTION" missed="0" covered="7"/><counter type="LINE" missed="0" covered="2"/><counter type="COMPLEXITY" missed="0" covered="1"/><counter type="METHOD" missed="0" covered="1"/></method><method name="lambda$multiplyVector$4" desc="(Lcom/github/ltennstedt/finnmath/linear/SimpleComplexNumberVector$SimpleComplexNumberVectorBuilder;Ljava/lang/Integer;Lcom/github/ltennstedt/finnmath/linear/SimpleComplexNumberVector;Ljava/lang/Integer;Lcom/github/ltennstedt/finnmath/number/SimpleComplexNumber;)V" line="171"><counter type="INSTRUCTION" missed="0" covered="24"/><counter type="BRANCH" missed="0" covered="2"/><counter type="LINE" missed="0" covered="3"/><counter type="COMPLEXITY" missed="0" covered="2"/><counter type="METHOD" missed="0" covered="1"/></method><method name="lambda$multiply$3" desc="(Lcom/github/ltennstedt/finnmath/linear/SimpleComplexNumberMatrix;Lcom/github/ltennstedt/finnmath/linear/SimpleComplexNumberMatrix$SimpleComplexNumberMatrixBuilder;Ljava/lang/Integer;Ljava/util/Map;)V" line="140"><counter type="INSTRUCTION" missed="0" covered="9"/><counter type="LINE" missed="0" covered="2"/><counter type="COMPLEXITY" missed="0" covered="1"/><counter type="METHOD" missed="0" covered="1"/></method><method name="lambda$multiply$2" desc="(Ljava/util/Map;Lcom/github/ltennstedt/finnmath/linear/SimpleComplexNumberMatrix$SimpleComplexNumberMatrixBuilder;Ljava/lang/Integer;Ljava/lang/Integer;Ljava/util/Map;)V" line="141"><counter type="INSTRUCTION" missed="0" covered="12"/><counter type="LINE" missed="0" covered="3"/><counter type="COMPLEXITY" missed="0" covered="1"/><counter type="METHOD" missed="0" covered="1"/></method><method name="lambda$subtract$1" desc="(Lcom/github/ltennstedt/finnmath/linear/SimpleComplexNumberMatrix$SimpleComplexNumberMatrixBuilder;Lcom/github/ltennstedt/finnmath/linear/SimpleComplexNumberMatrix;Lcom/google/common/collect/Table$Cell;)V" line="111"><counter type="INSTRUCTION" missed="0" covered="23"/><counter type="LINE" missed="0" covered="4"/><counter type="COMPLEXITY" missed="0" covered="1"/><counter type="METHOD" missed="0" covered="1"/></method><method name="lambda$add$0" desc="(Lcom/github/ltennstedt/finnmath/linear/SimpleComplexNumberMatrix$SimpleComplexNumberMatrixBuilder;Lcom/github/ltennstedt/finnmath/linear/SimpleComplexNumberMatrix;Lcom/google/common/collect/Table$Cell;)V" line="78"><counter type="INSTRUCTION" missed="0" covered="23"/><counter type="LINE" missed="0" covered="4"/><counter type="COMPLEXITY" missed="0" covered="1"/><counter type="METHOD" missed="0" covered="1"/></method><counter type="INSTRUCTION" missed="1" covered="1294"/><counter type="BRANCH" missed="1" covered="103"/><counter type="LINE" missed="0" covered="200"/><counter type="COMPLEXITY" missed="1" covered="89"/><counter type="METHOD" missed="0" covered="38"/><counter type="CLASS" missed="0" covered="1"/></class><class name="com/github/ltennstedt/finnmath/linear/RealComplexNumberMatrix$RealComplexNumberMatrixBuilder"><method name="&lt;init&gt;" desc="(II)V" line="648"><counter type="INSTRUCTION" missed="0" covered="5"/><counter type="LINE" missed="0" covered="2"/><counter type="COMPLEXITY" missed="0" covered="1"/><counter type="METHOD" missed="0" covered="1"/></method><method name="put" desc="(Ljava/lang/Integer;Ljava/lang/Integer;Lcom/github/ltennstedt/finnmath/number/RealComplexNumber;)Lcom/github/ltennstedt/finnmath/linear/RealComplexNumberMatrix$RealComplexNumberMatrixBuilder;" line="664"><counter type="INSTRUCTION" missed="0" covered="45"/><counter type="LINE" missed="0" covered="9"/><counter type="COMPLEXITY" missed="0" covered="1"/><counter type="METHOD" missed="0" covered="1"/></method><method name="putAll" desc="(Lcom/github/ltennstedt/finnmath/number/RealComplexNumber;)Lcom/github/ltennstedt/finnmath/linear/RealComplexNumberMatrix$RealComplexNumberMatrixBuilder;" line="687"><counter type="INSTRUCTION" missed="0" covered="13"/><counter type="LINE" missed="0" covered="3"/><counter type="COMPLEXITY" missed="0" covered="1"/><counter type="METHOD" missed="0" covered="1"/></method><method name="build" desc="()Lcom/github/ltennstedt/finnmath/linear/RealComplexNumberMatrix;" line="708"><counter type="INSTRUCTION" missed="0" covered="13"/><counter type="LINE" missed="0" covered="2"/><counter type="COMPLEXITY" missed="0" covered="1"/><counter type="METHOD" missed="0" covered="1"/></method><method name="lambda$build$2" desc="(Lcom/google/common/collect/Table$Cell;)V" line="709"><counter type="INSTRUCTION" missed="0" covered="7"/><counter type="LINE" missed="0" covered="2"/><counter type="COMPLEXITY" missed="0" covered="1"/><counter type="METHOD" missed="0" covered="1"/></method><method name="lambda$putAll$1" desc="(Lcom/github/ltennstedt/finnmath/number/RealComplexNumber;Ljava/lang/Integer;)V" line="689"><counter type="INSTRUCTION" missed="0" covered="9"/><counter type="LINE" missed="0" covered="2"/><counter type="COMPLEXITY" missed="0" covered="1"/><counter type="METHOD" missed="0" covered="1"/></method><method name="lambda$putAll$0" desc="(Ljava/lang/Integer;Lcom/github/ltennstedt/finnmath/number/RealComplexNumber;Ljava/lang/Integer;)V" line="690"><counter type="INSTRUCTION" missed="0" covered="8"/><counter type="LINE" missed="0" covered="2"/><counter type="COMPLEXITY" missed="0" covered="1"/><counter type="METHOD" missed="0" covered="1"/></method><counter type="INSTRUCTION" missed="0" covered="100"/><counter type="LINE" missed="0" covered="22"/><counter type="COMPLEXITY" missed="0" covered="7"/><counter type="METHOD" missed="0" covered="7"/><counter type="CLASS" missed="0" covered="1"/></class><class name="com/github/ltennstedt/finnmath/linear/RealComplexNumberVector$RealComplexNumberVectorBuilder"><method name="&lt;init&gt;" desc="(Ljava/lang/Integer;)V" line="533"><counter type="INSTRUCTION" missed="0" covered="5"/><counter type="LINE" missed="0" covered="2"/><counter type="COMPLEXITY" missed="0" covered="1"/><counter type="METHOD" missed="0" covered="1"/></method><method name="put" desc="(Lcom/github/ltennstedt/finnmath/number/RealComplexNumber;)Lcom/github/ltennstedt/finnmath/linear/RealComplexNumberVector$RealComplexNumberVectorBuilder;" line="552"><counter type="INSTRUCTION" missed="1" covered="32"/><counter type="BRANCH" missed="1" covered="1"/><counter type="LINE" missed="0" covered="5"/><counter type="COMPLEXITY" missed="1" covered="1"/><counter type="METHOD" missed="0" covered="1"/></method><method name="put" desc="(Ljava/lang/Integer;Lcom/github/ltennstedt/finnmath/number/RealComplexNumber;)Lcom/github/ltennstedt/finnmath/linear/RealComplexNumberVector$RealComplexNumberVectorBuilder;" line="577"><counter type="INSTRUCTION" missed="1" covered="32"/><counter type="BRANCH" missed="2" covered="2"/><counter type="LINE" missed="0" covered="5"/><counter type="COMPLEXITY" missed="2" covered="1"/><counter type="METHOD" missed="0" covered="1"/></method><method name="putAll" desc="(Lcom/github/ltennstedt/finnmath/number/RealComplexNumber;)Lcom/github/ltennstedt/finnmath/linear/RealComplexNumberVector$RealComplexNumberVectorBuilder;" line="596"><counter type="INSTRUCTION" missed="0" covered="21"/><counter type="BRANCH" missed="0" covered="2"/><counter type="LINE" missed="0" covered="4"/><counter type="COMPLEXITY" missed="0" covered="2"/><counter type="METHOD" missed="0" covered="1"/></method><method name="build" desc="()Lcom/github/ltennstedt/finnmath/linear/RealComplexNumberVector;" line="615"><counter type="INSTRUCTION" missed="0" covered="19"/><counter type="LINE" missed="0" covered="2"/><counter type="COMPLEXITY" missed="0" covered="1"/><counter type="METHOD" missed="0" covered="1"/></method><method name="lambda$build$0" desc="(Ljava/lang/Integer;)V" line="616"><counter type="INSTRUCTION" missed="0" covered="9"/><counter type="LINE" missed="0" covered="2"/><counter type="COMPLEXITY" missed="0" covered="1"/><counter type="METHOD" missed="0" covered="1"/></method><counter type="INSTRUCTION" missed="2" covered="118"/><counter type="BRANCH" missed="3" covered="5"/><counter type="LINE" missed="0" covered="20"/><counter type="COMPLEXITY" missed="3" covered="7"/><counter type="METHOD" missed="0" covered="6"/><counter type="CLASS" missed="0" covered="1"/></class><class name="com/github/ltennstedt/finnmath/linear/SimpleComplexNumberMatrix$SimpleComplexNumberMatrixBuilder"><method name="&lt;init&gt;" desc="(II)V" line="649"><counter type="INSTRUCTION" missed="0" covered="5"/><counter type="LINE" missed="0" covered="2"/><counter type="COMPLEXITY" missed="0" covered="1"/><counter type="METHOD" missed="0" covered="1"/></method><method name="put" desc="(Ljava/lang/Integer;Ljava/lang/Integer;Lcom/github/ltennstedt/finnmath/number/SimpleComplexNumber;)Lcom/github/ltennstedt/finnmath/linear/SimpleComplexNumberMatrix$SimpleComplexNumberMatrixBuilder;" line="665"><counter type="INSTRUCTION" missed="0" covered="45"/><counter type="LINE" missed="0" covered="9"/><counter type="COMPLEXITY" missed="0" covered="1"/><counter type="METHOD" missed="0" covered="1"/></method><method name="putAll" desc="(Lcom/github/ltennstedt/finnmath/number/SimpleComplexNumber;)Lcom/github/ltennstedt/finnmath/linear/SimpleComplexNumberMatrix$SimpleComplexNumberMatrixBuilder;" line="688"><counter type="INSTRUCTION" missed="0" covered="13"/><counter type="LINE" missed="0" covered="3"/><counter type="COMPLEXITY" missed="0" covered="1"/><counter type="METHOD" missed="0" covered="1"/></method><method name="build" desc="()Lcom/github/ltennstedt/finnmath/linear/SimpleComplexNumberMatrix;" line="709"><counter type="INSTRUCTION" missed="0" covered="13"/><counter type="LINE" missed="0" covered="2"/><counter type="COMPLEXITY" missed="0" covered="1"/><counter type="METHOD" missed="0" covered="1"/></method><method name="lambda$build$2" desc="(Lcom/google/common/collect/Table$Cell;)V" line="710"><counter type="INSTRUCTION" missed="0" covered="7"/><counter type="LINE" missed="0" covered="2"/><counter type="COMPLEXITY" missed="0" covered="1"/><counter type="METHOD" missed="0" covered="1"/></method><method name="lambda$putAll$1" desc="(Lcom/github/ltennstedt/finnmath/number/SimpleComplexNumber;Ljava/lang/Integer;)V" line="690"><counter type="INSTRUCTION" missed="0" covered="9"/><counter type="LINE" missed="0" covered="2"/><counter type="COMPLEXITY" missed="0" covered="1"/><counter type="METHOD" missed="0" covered="1"/></method><method name="lambda$putAll$0" desc="(Ljava/lang/Integer;Lcom/github/ltennstedt/finnmath/number/SimpleComplexNumber;Ljava/lang/Integer;)V" line="691"><counter type="INSTRUCTION" missed="0" covered="8"/><counter type="LINE" missed="0" covered="2"/><counter type="COMPLEXITY" missed="0" covered="1"/><counter type="METHOD" missed="0" covered="1"/></method><counter type="INSTRUCTION" missed="0" covered="100"/><counter type="LINE" missed="0" covered="22"/><counter type="COMPLEXITY" missed="0" covered="7"/><counter type="METHOD" missed="0" covered="7"/><counter type="CLASS" missed="0" covered="1"/></class><class name="com/github/ltennstedt/finnmath/linear/DecimalMatrix"><method name="&lt;init&gt;" desc="(Lcom/google/common/collect/ImmutableTable;)V" line="47"><counter type="INSTRUCTION" missed="0" covered="4"/><counter type="LINE" missed="0" covered="2"/><counter type="COMPLEXITY" missed="0" covered="1"/><counter type="METHOD" missed="0" covered="1"/></method><method name="add" desc="(Lcom/github/ltennstedt/finnmath/linear/DecimalMatrix;)Lcom/github/ltennstedt/finnmath/linear/DecimalMatrix;" line="68"><counter type="INSTRUCTION" missed="0" covered="56"/><counter type="BRANCH" missed="0" covered="4"/><counter type="LINE" missed="0" covered="8"/><counter type="COMPLEXITY" missed="0" covered="3"/><counter type="METHOD" missed="0" covered="1"/></method><method name="subtract" desc="(Lcom/github/ltennstedt/finnmath/linear/DecimalMatrix;)Lcom/github/ltennstedt/finnmath/linear/DecimalMatrix;" line="100"><counter type="INSTRUCTION" missed="0" covered="56"/><counter type="BRANCH" missed="0" covered="4"/><counter type="LINE" missed="0" covered="9"/><counter type="COMPLEXITY" missed="0" covered="3"/><counter type="METHOD" missed="0" covered="1"/></method><method name="multiply" desc="(Lcom/github/ltennstedt/finnmath/linear/DecimalMatrix;)Lcom/github/ltennstedt/finnmath/linear/DecimalMatrix;" line="131"><counter type="INSTRUCTION" missed="0" covered="41"/><counter type="BRANCH" missed="0" covered="2"/><counter type="LINE" missed="0" covered="7"/><counter type="COMPLEXITY" missed="0" covered="2"/><counter type="METHOD" missed="0" covered="1"/></method><method name="multiplyVector" desc="(Lcom/github/ltennstedt/finnmath/linear/DecimalVector;)Lcom/github/ltennstedt/finnmath/linear/DecimalVector;" line="161"><counter type="INSTRUCTION" missed="19" covered="19"/><counter type="BRANCH" missed="1" covered="1"/><counter type="LINE" missed="3" covered="3"/><counter type="COMPLEXITY" missed="1" covered="1"/><counter type="METHOD" missed="0" covered="1"/></method><method name="multiplyRowWithColumn" desc="(Ljava/util/Map;Ljava/util/Map;)Ljava/math/BigDecimal;" line="178"><counter type="INSTRUCTION" missed="1" covered="49"/><counter type="BRANCH" missed="1" covered="3"/><counter type="LINE" missed="0" covered="9"/><counter type="COMPLEXITY" missed="1" covered="2"/><counter type="METHOD" missed="0" covered="1"/></method><method name="scalarMultiply" desc="(Ljava/math/BigDecimal;)Lcom/github/ltennstedt/finnmath/linear/DecimalMatrix;" line="203"><counter type="INSTRUCTION" missed="0" covered="24"/><counter type="LINE" missed="0" covered="4"/><counter type="COMPLEXITY" missed="0" covered="1"/><counter type="METHOD" missed="0" covered="1"/></method><method name="negate" desc="()Lcom/github/ltennstedt/finnmath/linear/DecimalMatrix;" line="221"><counter type="INSTRUCTION" missed="0" covered="5"/><counter type="LINE" missed="0" covered="1"/><counter type="COMPLEXITY" missed="0" covered="1"/><counter type="METHOD" missed="0" covered="1"/></method><method name="trace" desc="()Ljava/math/BigDecimal;" line="233"><counter type="INSTRUCTION" missed="0" covered="38"/><counter type="BRANCH" missed="0" covered="2"/><counter type="LINE" missed="0" covered="7"/><counter type="COMPLEXITY" missed="0" covered="2"/><counter type="METHOD" missed="0" covered="1"/></method><method name="determinant" desc="()Ljava/math/BigDecimal;" line="255"><counter type="INSTRUCTION" missed="0" covered="95"/><counter type="BRANCH" missed="0" covered="10"/><counter type="LINE" missed="0" covered="14"/><counter type="COMPLEXITY" missed="0" covered="6"/><counter type="METHOD" missed="0" covered="1"/></method><method name="leibnizFormula" desc="()Ljava/math/BigDecimal;" line="279"><counter type="INSTRUCTION" missed="0" covered="78"/><counter type="BRANCH" missed="0" covered="8"/><counter type="LINE" missed="0" covered="14"/><counter type="COMPLEXITY" missed="0" covered="5"/><counter type="METHOD" missed="0" covered="1"/></method><method name="ruleOfSarrus" desc="()Ljava/math/BigDecimal;" line="300"><counter type="INSTRUCTION" missed="0" covered="174"/><counter type="LINE" missed="0" covered="7"/><counter type="COMPLEXITY" missed="0" covered="1"/><counter type="METHOD" missed="0" covered="1"/></method><method name="transpose" desc="()Lcom/github/ltennstedt/finnmath/linear/DecimalMatrix;" line="319"><counter type="INSTRUCTION" missed="0" covered="19"/><counter type="LINE" missed="0" covered="3"/><counter type="COMPLEXITY" missed="0" covered="1"/><counter type="METHOD" missed="0" covered="1"/></method><method name="minor" desc="(Ljava/lang/Integer;Ljava/lang/Integer;)Lcom/github/ltennstedt/finnmath/linear/DecimalMatrix;" line="348"><counter type="INSTRUCTION" missed="0" covered="55"/><counter type="LINE" missed="0" covered="9"/><counter type="COMPLEXITY" missed="0" covered="1"/><counter type="METHOD" missed="0" covered="1"/></method><method name="maxAbsColumnSumNorm" desc="()Ljava/math/BigDecimal;" line="376"><counter type="INSTRUCTION" missed="0" covered="42"/><counter type="BRANCH" missed="0" covered="4"/><counter type="LINE" missed="0" covered="9"/><counter type="COMPLEXITY" missed="0" covered="3"/><counter type="METHOD" missed="0" covered="1"/></method><method name="maxAbsRowSumNorm" desc="()Ljava/math/BigDecimal;" line="396"><counter type="INSTRUCTION" missed="0" covered="42"/><counter type="BRANCH" missed="0" covered="4"/><counter type="LINE" missed="0" covered="9"/><counter type="COMPLEXITY" missed="0" covered="3"/><counter type="METHOD" missed="0" covered="1"/></method><method name="frobeniusNormPow2" desc="()Ljava/math/BigDecimal;" line="416"><counter type="INSTRUCTION" missed="0" covered="23"/><counter type="BRANCH" missed="0" covered="2"/><counter type="LINE" missed="0" covered="5"/><counter type="COMPLEXITY" missed="0" covered="2"/><counter type="METHOD" missed="0" covered="1"/></method><method name="frobeniusNorm" desc="()Ljava/math/BigDecimal;" line="433"><counter type="INSTRUCTION" missed="0" covered="27"/><counter type="BRANCH" missed="0" covered="2"/><counter type="LINE" missed="0" covered="5"/><counter type="COMPLEXITY" missed="0" covered="2"/><counter type="METHOD" missed="0" covered="1"/></method><method name="frobeniusNorm" desc="(Ljava/math/BigDecimal;)Ljava/math/BigDecimal;" line="456"><counter type="INSTRUCTION" missed="0" covered="46"/><counter type="BRANCH" missed="0" covered="6"/><counter type="LINE" missed="0" covered="7"/><counter type="COMPLEXITY" missed="0" covered="4"/><counter type="METHOD" missed="0" covered="1"/></method><method name="frobeniusNorm" desc="(ILjava/math/RoundingMode;)Ljava/math/BigDecimal;" line="482"><counter type="INSTRUCTION" missed="0" covered="37"/><counter type="BRANCH" missed="0" covered="4"/><counter type="LINE" missed="0" covered="6"/><counter type="COMPLEXITY" missed="0" covered="3"/><counter type="METHOD" missed="0" covered="1"/></method><method name="frobeniusNorm" desc="(Ljava/math/BigDecimal;ILjava/math/RoundingMode;)Ljava/math/BigDecimal;" line="512"><counter type="INSTRUCTION" missed="0" covered="56"/><counter type="BRANCH" missed="0" covered="8"/><counter type="LINE" missed="0" covered="8"/><counter type="COMPLEXITY" missed="0" covered="5"/><counter type="METHOD" missed="0" covered="1"/></method><method name="maxNorm" desc="()Ljava/math/BigDecimal;" line="532"><counter type="INSTRUCTION" missed="0" covered="22"/><counter type="BRANCH" missed="0" covered="2"/><counter type="LINE" missed="0" covered="5"/><counter type="COMPLEXITY" missed="0" covered="2"/><counter type="METHOD" missed="0" covered="1"/></method><method name="upperTriangular" desc="()Z" line="548"><counter type="INSTRUCTION" missed="0" covered="37"/><counter type="BRANCH" missed="0" covered="8"/><counter type="LINE" missed="0" covered="7"/><counter type="COMPLEXITY" missed="0" covered="5"/><counter type="METHOD" missed="0" covered="1"/></method><method name="lowerTriangular" desc="()Z" line="568"><counter type="INSTRUCTION" missed="0" covered="37"/><counter type="BRANCH" missed="0" covered="8"/><counter type="LINE" missed="0" covered="7"/><counter type="COMPLEXITY" missed="0" covered="5"/><counter type="METHOD" missed="0" covered="1"/></method><method name="identity" desc="()Z" line="589"><counter type="INSTRUCTION" missed="0" covered="31"/><counter type="BRANCH" missed="0" covered="6"/><counter type="LINE" missed="0" covered="7"/><counter type="COMPLEXITY" missed="0" covered="4"/><counter type="METHOD" missed="0" covered="1"/></method><method name="invertible" desc="()Z" line="610"><counter type="INSTRUCTION" missed="0" covered="9"/><counter type="BRANCH" missed="0" covered="2"/><counter type="LINE" missed="0" covered="1"/><counter type="COMPLEXITY" missed="0" covered="2"/><counter type="METHOD" missed="0" covered="1"/></method><method name="builder" desc="(II)Lcom/github/ltennstedt/finnmath/linear/DecimalMatrix$DecimalMatrixBuilder;" line="625"><counter type="INSTRUCTION" missed="0" covered="22"/><counter type="BRANCH" missed="0" covered="4"/><counter type="LINE" missed="0" covered="3"/><counter type="COMPLEXITY" missed="0" covered="3"/><counter type="METHOD" missed="0" covered="1"/></method><method name="hashCode" desc="()I" line="632"><counter type="INSTRUCTION" missed="0" covered="9"/><counter type="LINE" missed="0" covered="1"/><counter type="COMPLEXITY" missed="0" covered="1"/><counter type="METHOD" missed="0" covered="1"/></method><method name="equals" desc="(Ljava/lang/Object;)Z" line="637"><counter type="INSTRUCTION" missed="0" covered="19"/><counter type="BRANCH" missed="0" covered="4"/><counter type="LINE" missed="0" covered="6"/><counter type="COMPLEXITY" missed="0" covered="3"/><counter type="METHOD" missed="0" covered="1"/></method><method name="lambda$minor$8" desc="(Ljava/lang/Integer;Ljava/lang/Integer;Lcom/github/ltennstedt/finnmath/linear/DecimalMatrix$DecimalMatrixBuilder;Lcom/google/common/collect/Table$Cell;)V" line="356"><counter type="INSTRUCTION" missed="0" covered="51"/><counter type="BRANCH" missed="0" covered="8"/><counter type="LINE" missed="0" covered="7"/><counter type="COMPLEXITY" missed="0" covered="5"/><counter type="METHOD" missed="0" covered="1"/></method><method name="lambda$transpose$7" desc="(Lcom/github/ltennstedt/finnmath/linear/DecimalMatrix$DecimalMatrixBuilder;Lcom/google/common/collect/Table$Cell;)V" line="321"><counter type="INSTRUCTION" missed="0" covered="13"/><counter type="LINE" missed="0" covered="2"/><counter type="COMPLEXITY" missed="0" covered="1"/><counter type="METHOD" missed="0" covered="1"/></method><method name="lambda$scalarMultiply$6" desc="(Lcom/github/ltennstedt/finnmath/linear/DecimalMatrix$DecimalMatrixBuilder;Ljava/math/BigDecimal;Lcom/google/common/collect/Table$Cell;)V" line="206"><counter type="INSTRUCTION" missed="0" covered="15"/><counter type="LINE" missed="0" covered="2"/><counter type="COMPLEXITY" missed="0" covered="1"/><counter type="METHOD" missed="0" covered="1"/></method><method name="lambda$multiplyVector$5" desc="(Lcom/github/ltennstedt/finnmath/linear/DecimalVector$DecimalVectorBuilder;Lcom/github/ltennstedt/finnmath/linear/DecimalVector;Ljava/lang/Integer;Ljava/util/Map;)V" line="166"><counter type="INSTRUCTION" missed="7" covered="0"/><counter type="LINE" missed="2" covered="0"/><counter type="COMPLEXITY" missed="1" covered="0"/><counter type="METHOD" missed="1" covered="0"/></method><method name="lambda$multiplyVector$4" desc="(Lcom/github/ltennstedt/finnmath/linear/DecimalVector$DecimalVectorBuilder;Ljava/lang/Integer;Lcom/github/ltennstedt/finnmath/linear/DecimalVector;Ljava/lang/Integer;Ljava/math/BigDecimal;)V" line="168"><counter type="INSTRUCTION" missed="24" covered="0"/><counter type="BRANCH" missed="2" covered="0"/><counter type="LINE" missed="3" covered="0"/><counter type="COMPLEXITY" missed="2" covered="0"/><counter type="METHOD" missed="1" covered="0"/></method><method name="lambda$multiply$3" desc="(Lcom/github/ltennstedt/finnmath/linear/DecimalMatrix;Lcom/github/ltennstedt/finnmath/linear/DecimalMatrix$DecimalMatrixBuilder;Ljava/lang/Integer;Ljava/util/Map;)V" line="137"><counter type="INSTRUCTION" missed="0" covered="9"/><counter type="LINE" missed="0" covered="2"/><counter type="COMPLEXITY" missed="0" covered="1"/><counter type="METHOD" missed="0" covered="1"/></method><method name="lambda$multiply$2" desc="(Ljava/util/Map;Lcom/github/ltennstedt/finnmath/linear/DecimalMatrix$DecimalMatrixBuilder;Ljava/lang/Integer;Ljava/lang/Integer;Ljava/util/Map;)V" line="138"><counter type="INSTRUCTION" missed="0" covered="12"/><counter type="LINE" missed="0" covered="3"/><counter type="COMPLEXITY" missed="0" covered="1"/><counter type="METHOD" missed="0" covered="1"/></method><method name="lambda$subtract$1" desc="(Lcom/github/ltennstedt/finnmath/linear/DecimalMatrix$DecimalMatrixBuilder;Lcom/github/ltennstedt/finnmath/linear/DecimalMatrix;Lcom/google/common/collect/Table$Cell;)V" line="108"><counter type="INSTRUCTION" missed="0" covered="23"/><counter type="LINE" missed="0" covered="4"/><counter type="COMPLEXITY" missed="0" covered="1"/><counter type="METHOD" missed="0" covered="1"/></method><method name="lambda$add$0" desc="(Lcom/github/ltennstedt/finnmath/linear/DecimalMatrix$DecimalMatrixBuilder;Lcom/github/ltennstedt/finnmath/linear/DecimalMatrix;Lcom/google/common/collect/Table$Cell;)V" line="75"><counter type="INSTRUCTION" missed="0" covered="23"/><counter type="LINE" missed="0" covered="4"/><counter type="COMPLEXITY" missed="0" covered="1"/><counter type="METHOD" missed="0" covered="1"/></method><counter type="INSTRUCTION" missed="51" covered="1318"/><counter type="BRANCH" missed="4" covered="106"/><counter type="LINE" missed="8" covered="207"/><counter type="COMPLEXITY" missed="5" covered="88"/><counter type="METHOD" missed="2" covered="36"/><counter type="CLASS" missed="0" covered="1"/></class><class name="com/github/ltennstedt/finnmath/linear/AbstractMatrixBuilder"><method name="&lt;init&gt;" desc="(II)V" line="43"><counter type="INSTRUCTION" missed="0" covered="24"/><counter type="LINE" missed="0" covered="5"/><counter type="COMPLEXITY" missed="0" covered="1"/><counter type="METHOD" missed="0" covered="1"/></method><method name="toString" desc="()Ljava/lang/String;" line="51"><counter type="INSTRUCTION" missed="0" covered="8"/><counter type="LINE" missed="0" covered="1"/><counter type="COMPLEXITY" missed="0" covered="1"/><counter type="METHOD" missed="0" covered="1"/></method><method name="getTable" desc="()Lcom/google/common/collect/Table;" line="55"><counter type="INSTRUCTION" missed="0" covered="3"/><counter type="LINE" missed="0" covered="1"/><counter type="COMPLEXITY" missed="0" covered="1"/><counter type="METHOD" missed="0" covered="1"/></method><counter type="INSTRUCTION" missed="0" covered="35"/><counter type="LINE" missed="0" covered="7"/><counter type="COMPLEXITY" missed="0" covered="3"/><counter type="METHOD" missed="0" covered="3"/><counter type="CLASS" missed="0" covered="1"/></class><class name="com/github/ltennstedt/finnmath/linear/SimpleComplexNumberVector"><method name="&lt;init&gt;" desc="(Lcom/google/common/collect/ImmutableMap;)V" line="46"><counter type="INSTRUCTION" missed="0" covered="4"/><counter type="LINE" missed="0" covered="2"/><counter type="COMPLEXITY" missed="0" covered="1"/><counter type="METHOD" missed="0" covered="1"/></method><method name="add" desc="(Lcom/github/ltennstedt/finnmath/linear/SimpleComplexNumberVector;)Lcom/github/ltennstedt/finnmath/linear/SimpleComplexNumberVector;" line="64"><counter type="INSTRUCTION" missed="0" covered="34"/><counter type="BRANCH" missed="0" covered="2"/><counter type="LINE" missed="0" covered="6"/><counter type="COMPLEXITY" missed="0" covered="2"/><counter type="METHOD" missed="0" covered="1"/></method><method name="subtract" desc="(Lcom/github/ltennstedt/finnmath/linear/SimpleComplexNumberVector;)Lcom/github/ltennstedt/finnmath/linear/SimpleComplexNumberVector;" line="89"><counter type="INSTRUCTION" missed="0" covered="34"/><counter type="BRANCH" missed="0" covered="2"/><counter type="LINE" missed="0" covered="6"/><counter type="COMPLEXITY" missed="0" covered="2"/><counter type="METHOD" missed="0" covered="1"/></method><method name="scalarMultiply" desc="(Lcom/github/ltennstedt/finnmath/number/SimpleComplexNumber;)Lcom/github/ltennstedt/finnmath/linear/SimpleComplexNumberVector;" line="112"><counter type="INSTRUCTION" missed="0" covered="19"/><counter type="LINE" missed="0" covered="4"/><counter type="COMPLEXITY" missed="0" covered="1"/><counter type="METHOD" missed="0" covered="1"/></method><method name="negate" desc="()Lcom/github/ltennstedt/finnmath/linear/SimpleComplexNumberVector;" line="130"><counter type="INSTRUCTION" missed="0" covered="5"/><counter type="LINE" missed="0" covered="1"/><counter type="COMPLEXITY" missed="0" covered="1"/><counter type="METHOD" missed="0" covered="1"/></method><method name="taxicabNorm" desc="()Ljava/math/BigDecimal;" line="142"><counter type="INSTRUCTION" missed="0" covered="22"/><counter type="BRANCH" missed="0" covered="2"/><counter type="LINE" missed="0" covered="5"/><counter type="COMPLEXITY" missed="0" covered="2"/><counter type="METHOD" missed="0" covered="1"/></method><method name="taxicabDistance" desc="(Lcom/github/ltennstedt/finnmath/linear/SimpleComplexNumberVector;)Ljava/math/BigDecimal;" line="166"><counter type="INSTRUCTION" missed="0" covered="25"/><counter type="BRANCH" missed="0" covered="2"/><counter type="LINE" missed="0" covered="3"/><counter type="COMPLEXITY" missed="0" covered="2"/><counter type="METHOD" missed="0" covered="1"/></method><method name="euclideanNormPow2" desc="()Ljava/math/BigInteger;" line="180"><counter type="INSTRUCTION" missed="0" covered="22"/><counter type="BRANCH" missed="0" covered="2"/><counter type="LINE" missed="0" covered="5"/><counter type="COMPLEXITY" missed="0" covered="2"/><counter type="METHOD" missed="0" covered="1"/></method><method name="euclideanNorm" desc="()Ljava/math/BigDecimal;" line="198"><counter type="INSTRUCTION" missed="0" covered="7"/><counter type="LINE" missed="0" covered="1"/><counter type="COMPLEXITY" missed="0" covered="1"/><counter type="METHOD" missed="0" covered="1"/></method><method name="euclideanNorm" desc="(Ljava/math/BigDecimal;)Ljava/math/BigDecimal;" line="218"><counter type="INSTRUCTION" missed="0" covered="26"/><counter type="BRANCH" missed="0" covered="4"/><counter type="LINE" missed="0" covered="3"/><counter type="COMPLEXITY" missed="0" covered="3"/><counter type="METHOD" missed="0" covered="1"/></method><method name="euclideanNorm" desc="(ILjava/math/RoundingMode;)Ljava/math/BigDecimal;" line="241"><counter type="INSTRUCTION" missed="0" covered="17"/><counter type="BRANCH" missed="0" covered="2"/><counter type="LINE" missed="0" covered="2"/><counter type="COMPLEXITY" missed="0" covered="2"/><counter type="METHOD" missed="0" covered="1"/></method><method name="euclideanNorm" desc="(Ljava/math/BigDecimal;ILjava/math/RoundingMode;)Ljava/math/BigDecimal;" line="268"><counter type="INSTRUCTION" missed="0" covered="36"/><counter type="BRANCH" missed="0" covered="6"/><counter type="LINE" missed="0" covered="4"/><counter type="COMPLEXITY" missed="0" covered="4"/><counter type="METHOD" missed="0" covered="1"/></method><method name="dotProduct" desc="(Lcom/github/ltennstedt/finnmath/linear/SimpleComplexNumberVector;)Lcom/github/ltennstedt/finnmath/number/SimpleComplexNumber;" line="290"><counter type="INSTRUCTION" missed="0" covered="50"/><counter type="BRANCH" missed="0" covered="4"/><counter type="LINE" missed="0" covered="7"/><counter type="COMPLEXITY" missed="0" covered="3"/><counter type="METHOD" missed="0" covered="1"/></method><method name="euclideanDistancePow2" desc="(Lcom/github/ltennstedt/finnmath/linear/SimpleComplexNumberVector;)Ljava/math/BigInteger;" line="316"><counter type="INSTRUCTION" missed="0" covered="25"/><counter type="BRANCH" missed="0" covered="2"/><counter type="LINE" missed="0" covered="3"/><counter type="COMPLEXITY" missed="0" covered="2"/><counter type="METHOD" missed="0" covered="1"/></method><method name="euclideanDistance" desc="(Lcom/github/ltennstedt/finnmath/linear/SimpleComplexNumberVector;)Ljava/math/BigDecimal;" line="338"><counter type="INSTRUCTION" missed="0" covered="28"/><counter type="BRANCH" missed="0" covered="2"/><counter type="LINE" missed="0" covered="3"/><counter type="COMPLEXITY" missed="0" covered="2"/><counter type="METHOD" missed="0" covered="1"/></method><method name="euclideanDistance" desc="(Lcom/github/ltennstedt/finnmath/linear/SimpleComplexNumberVector;Ljava/math/BigDecimal;)Ljava/math/BigDecimal;" line="366"><counter type="INSTRUCTION" missed="0" covered="47"/><counter type="BRANCH" missed="0" covered="6"/><counter type="LINE" missed="0" covered="5"/><counter type="COMPLEXITY" missed="0" covered="4"/><counter type="METHOD" missed="0" covered="1"/></method><method name="euclideanDistance" desc="(Lcom/github/ltennstedt/finnmath/linear/SimpleComplexNumberVector;ILjava/math/RoundingMode;)Ljava/math/BigDecimal;" line="398"><counter type="INSTRUCTION" missed="0" covered="38"/><counter type="BRANCH" missed="0" covered="4"/><counter type="LINE" missed="0" covered="4"/><counter type="COMPLEXITY" missed="0" covered="3"/><counter type="METHOD" missed="0" covered="1"/></method><method name="euclideanDistance" desc="(Lcom/github/ltennstedt/finnmath/linear/SimpleComplexNumberVector;Ljava/math/BigDecimal;ILjava/math/RoundingMode;)Ljava/math/BigDecimal;" line="434"><counter type="INSTRUCTION" missed="0" covered="57"/><counter type="BRANCH" missed="0" covered="8"/><counter type="LINE" missed="0" covered="6"/><counter type="COMPLEXITY" missed="0" covered="5"/><counter type="METHOD" missed="0" covered="1"/></method><method name="maxNorm" desc="()Ljava/math/BigDecimal;" line="452"><counter type="INSTRUCTION" missed="0" covered="22"/><counter type="BRANCH" missed="0" covered="2"/><counter type="LINE" missed="0" covered="5"/><counter type="COMPLEXITY" missed="0" covered="2"/><counter type="METHOD" missed="0" covered="1"/></method><method name="maxDistance" desc="(Lcom/github/ltennstedt/finnmath/linear/SimpleComplexNumberVector;)Ljava/math/BigDecimal;" line="476"><counter type="INSTRUCTION" missed="0" covered="25"/><counter type="BRANCH" missed="0" covered="2"/><counter type="LINE" missed="0" covered="3"/><counter type="COMPLEXITY" missed="0" covered="2"/><counter type="METHOD" missed="0" covered="1"/></method><method name="size" desc="()I" line="490"><counter type="INSTRUCTION" missed="0" covered="4"/><counter type="LINE" missed="0" covered="1"/><counter type="COMPLEXITY" missed="0" covered="1"/><counter type="METHOD" missed="0" covered="1"/></method><method name="builder" desc="(I)Lcom/github/ltennstedt/finnmath/linear/SimpleComplexNumberVector$SimpleComplexNumberVectorBuilder;" line="503"><counter type="INSTRUCTION" missed="0" covered="15"/><counter type="BRANCH" missed="0" covered="2"/><counter type="LINE" missed="0" covered="2"/><counter type="COMPLEXITY" missed="0" covered="2"/><counter type="METHOD" missed="0" covered="1"/></method><method name="hashCode" desc="()I" line="509"><counter type="INSTRUCTION" missed="0" covered="9"/><counter type="LINE" missed="0" covered="1"/><counter type="COMPLEXITY" missed="0" covered="1"/><counter type="METHOD" missed="0" covered="1"/></method><method name="equals" desc="(Ljava/lang/Object;)Z" line="514"><counter type="INSTRUCTION" missed="0" covered="19"/><counter type="BRANCH" missed="0" covered="4"/><counter type="LINE" missed="0" covered="6"/><counter type="COMPLEXITY" missed="0" covered="3"/><counter type="METHOD" missed="0" covered="1"/></method><method name="lambda$scalarMultiply$2" desc="(Lcom/github/ltennstedt/finnmath/linear/SimpleComplexNumberVector$SimpleComplexNumberVectorBuilder;Lcom/github/ltennstedt/finnmath/number/SimpleComplexNumber;Lcom/github/ltennstedt/finnmath/number/SimpleComplexNumber;)V" line="115"><counter type="INSTRUCTION" missed="0" covered="7"/><counter type="LINE" missed="0" covered="2"/><counter type="COMPLEXITY" missed="0" covered="1"/><counter type="METHOD" missed="0" covered="1"/></method><method name="lambda$subtract$1" desc="(Lcom/github/ltennstedt/finnmath/linear/SimpleComplexNumberVector$SimpleComplexNumberVectorBuilder;Lcom/github/ltennstedt/finnmath/linear/SimpleComplexNumberVector;Ljava/lang/Integer;Lcom/github/ltennstedt/finnmath/number/SimpleComplexNumber;)V" line="94"><counter type="INSTRUCTION" missed="0" covered="10"/><counter type="LINE" missed="0" covered="2"/><counter type="COMPLEXITY" missed="0" covered="1"/><counter type="METHOD" missed="0" covered="1"/></method><method name="lambda$add$0" desc="(Lcom/github/ltennstedt/finnmath/linear/SimpleComplexNumberVector$SimpleComplexNumberVectorBuilder;Lcom/github/ltennstedt/finnmath/linear/SimpleComplexNumberVector;Ljava/lang/Integer;Lcom/github/ltennstedt/finnmath/number/SimpleComplexNumber;)V" line="69"><counter type="INSTRUCTION" missed="0" covered="10"/><counter type="LINE" missed="0" covered="2"/><counter type="COMPLEXITY" missed="0" covered="1"/><counter type="METHOD" missed="0" covered="1"/></method><counter type="INSTRUCTION" missed="0" covered="617"/><counter type="BRANCH" missed="0" covered="58"/><counter type="LINE" missed="0" covered="94"/><counter type="COMPLEXITY" missed="0" covered="56"/><counter type="METHOD" missed="0" covered="27"/><counter type="CLASS" missed="0" covered="1"/></class><class name="com/github/ltennstedt/finnmath/linear/RealComplexNumberVector"><method name="&lt;init&gt;" desc="(Lcom/google/common/collect/ImmutableMap;)V" line="45"><counter type="INSTRUCTION" missed="0" covered="4"/><counter type="LINE" missed="0" covered="2"/><counter type="COMPLEXITY" missed="0" covered="1"/><counter type="METHOD" missed="0" covered="1"/></method><method name="add" desc="(Lcom/github/ltennstedt/finnmath/linear/RealComplexNumberVector;)Lcom/github/ltennstedt/finnmath/linear/RealComplexNumberVector;" line="63"><counter type="INSTRUCTION" missed="0" covered="34"/><counter type="BRANCH" missed="0" covered="2"/><counter type="LINE" missed="0" covered="6"/><counter type="COMPLEXITY" missed="0" covered="2"/><counter type="METHOD" missed="0" covered="1"/></method><method name="subtract" desc="(Lcom/github/ltennstedt/finnmath/linear/RealComplexNumberVector;)Lcom/github/ltennstedt/finnmath/linear/RealComplexNumberVector;" line="88"><counter type="INSTRUCTION" missed="0" covered="34"/><counter type="BRANCH" missed="0" covered="2"/><counter type="LINE" missed="0" covered="6"/><counter type="COMPLEXITY" missed="0" covered="2"/><counter type="METHOD" missed="0" covered="1"/></method><method name="scalarMultiply" desc="(Lcom/github/ltennstedt/finnmath/number/RealComplexNumber;)Lcom/github/ltennstedt/finnmath/linear/RealComplexNumberVector;" line="111"><counter type="INSTRUCTION" missed="0" covered="19"/><counter type="LINE" missed="0" covered="4"/><counter type="COMPLEXITY" missed="0" covered="1"/><counter type="METHOD" missed="0" covered="1"/></method><method name="negate" desc="()Lcom/github/ltennstedt/finnmath/linear/RealComplexNumberVector;" line="129"><counter type="INSTRUCTION" missed="0" covered="5"/><counter type="LINE" missed="0" covered="1"/><counter type="COMPLEXITY" missed="0" covered="1"/><counter type="METHOD" missed="0" covered="1"/></method><method name="taxicabNorm" desc="()Ljava/math/BigDecimal;" line="141"><counter type="INSTRUCTION" missed="0" covered="22"/><counter type="BRANCH" missed="0" covered="2"/><counter type="LINE" missed="0" covered="5"/><counter type="COMPLEXITY" missed="0" covered="2"/><counter type="METHOD" missed="0" covered="1"/></method><method name="taxicabDistance" desc="(Lcom/github/ltennstedt/finnmath/linear/RealComplexNumberVector;)Ljava/math/BigDecimal;" line="165"><counter type="INSTRUCTION" missed="0" covered="25"/><counter type="BRANCH" missed="0" covered="2"/><counter type="LINE" missed="0" covered="3"/><counter type="COMPLEXITY" missed="0" covered="2"/><counter type="METHOD" missed="0" covered="1"/></method><method name="euclideanNormPow2" desc="()Ljava/math/BigDecimal;" line="179"><counter type="INSTRUCTION" missed="0" covered="22"/><counter type="BRANCH" missed="0" covered="2"/><counter type="LINE" missed="0" covered="5"/><counter type="COMPLEXITY" missed="0" covered="2"/><counter type="METHOD" missed="0" covered="1"/></method><method name="euclideanNorm" desc="()Ljava/math/BigDecimal;" line="197"><counter type="INSTRUCTION" missed="0" covered="7"/><counter type="LINE" missed="0" covered="1"/><counter type="COMPLEXITY" missed="0" covered="1"/><counter type="METHOD" missed="0" covered="1"/></method><method name="euclideanNorm" desc="(Ljava/math/BigDecimal;)Ljava/math/BigDecimal;" line="217"><counter type="INSTRUCTION" missed="0" covered="26"/><counter type="BRANCH" missed="0" covered="4"/><counter type="LINE" missed="0" covered="3"/><counter type="COMPLEXITY" missed="0" covered="3"/><counter type="METHOD" missed="0" covered="1"/></method><method name="euclideanNorm" desc="(ILjava/math/RoundingMode;)Ljava/math/BigDecimal;" line="240"><counter type="INSTRUCTION" missed="0" covered="17"/><counter type="BRANCH" missed="0" covered="2"/><counter type="LINE" missed="0" covered="2"/><counter type="COMPLEXITY" missed="0" covered="2"/><counter type="METHOD" missed="0" covered="1"/></method><method name="euclideanNorm" desc="(Ljava/math/BigDecimal;ILjava/math/RoundingMode;)Ljava/math/BigDecimal;" line="267"><counter type="INSTRUCTION" missed="0" covered="36"/><counter type="BRANCH" missed="0" covered="6"/><counter type="LINE" missed="0" covered="4"/><counter type="COMPLEXITY" missed="0" covered="4"/><counter type="METHOD" missed="0" covered="1"/></method><method name="dotProduct" desc="(Lcom/github/ltennstedt/finnmath/linear/RealComplexNumberVector;)Lcom/github/ltennstedt/finnmath/number/RealComplexNumber;" line="289"><counter type="INSTRUCTION" missed="0" covered="50"/><counter type="BRANCH" missed="0" covered="4"/><counter type="LINE" missed="0" covered="7"/><counter type="COMPLEXITY" missed="0" covered="3"/><counter type="METHOD" missed="0" covered="1"/></method><method name="euclideanDistancePow2" desc="(Lcom/github/ltennstedt/finnmath/linear/RealComplexNumberVector;)Ljava/math/BigDecimal;" line="315"><counter type="INSTRUCTION" missed="0" covered="25"/><counter type="BRANCH" missed="0" covered="2"/><counter type="LINE" missed="0" covered="3"/><counter type="COMPLEXITY" missed="0" covered="2"/><counter type="METHOD" missed="0" covered="1"/></method><method name="euclideanDistance" desc="(Lcom/github/ltennstedt/finnmath/linear/RealComplexNumberVector;)Ljava/math/BigDecimal;" line="337"><counter type="INSTRUCTION" missed="0" covered="28"/><counter type="BRANCH" missed="0" covered="2"/><counter type="LINE" missed="0" covered="3"/><counter type="COMPLEXITY" missed="0" covered="2"/><counter type="METHOD" missed="0" covered="1"/></method><method name="euclideanDistance" desc="(Lcom/github/ltennstedt/finnmath/linear/RealComplexNumberVector;Ljava/math/BigDecimal;)Ljava/math/BigDecimal;" line="365"><counter type="INSTRUCTION" missed="0" covered="47"/><counter type="BRANCH" missed="0" covered="6"/><counter type="LINE" missed="0" covered="5"/><counter type="COMPLEXITY" missed="0" covered="4"/><counter type="METHOD" missed="0" covered="1"/></method><method name="euclideanDistance" desc="(Lcom/github/ltennstedt/finnmath/linear/RealComplexNumberVector;ILjava/math/RoundingMode;)Ljava/math/BigDecimal;" line="397"><counter type="INSTRUCTION" missed="0" covered="38"/><counter type="BRANCH" missed="0" covered="4"/><counter type="LINE" missed="0" covered="4"/><counter type="COMPLEXITY" missed="0" covered="3"/><counter type="METHOD" missed="0" covered="1"/></method><method name="euclideanDistance" desc="(Lcom/github/ltennstedt/finnmath/linear/RealComplexNumberVector;Ljava/math/BigDecimal;ILjava/math/RoundingMode;)Ljava/math/BigDecimal;" line="433"><counter type="INSTRUCTION" missed="0" covered="57"/><counter type="BRANCH" missed="0" covered="8"/><counter type="LINE" missed="0" covered="6"/><counter type="COMPLEXITY" missed="0" covered="5"/><counter type="METHOD" missed="0" covered="1"/></method><method name="maxNorm" desc="()Ljava/math/BigDecimal;" line="451"><counter type="INSTRUCTION" missed="0" covered="22"/><counter type="BRANCH" missed="0" covered="2"/><counter type="LINE" missed="0" covered="5"/><counter type="COMPLEXITY" missed="0" covered="2"/><counter type="METHOD" missed="0" covered="1"/></method><method name="maxDistance" desc="(Lcom/github/ltennstedt/finnmath/linear/RealComplexNumberVector;)Ljava/math/BigDecimal;" line="475"><counter type="INSTRUCTION" missed="0" covered="25"/><counter type="BRANCH" missed="0" covered="2"/><counter type="LINE" missed="0" covered="3"/><counter type="COMPLEXITY" missed="0" covered="2"/><counter type="METHOD" missed="0" covered="1"/></method><method name="size" desc="()I" line="489"><counter type="INSTRUCTION" missed="0" covered="4"/><counter type="LINE" missed="0" covered="1"/><counter type="COMPLEXITY" missed="0" covered="1"/><counter type="METHOD" missed="0" covered="1"/></method><method name="builder" desc="(I)Lcom/github/ltennstedt/finnmath/linear/RealComplexNumberVector$RealComplexNumberVectorBuilder;" line="502"><counter type="INSTRUCTION" missed="0" covered="15"/><counter type="BRANCH" missed="0" covered="2"/><counter type="LINE" missed="0" covered="2"/><counter type="COMPLEXITY" missed="0" covered="2"/><counter type="METHOD" missed="0" covered="1"/></method><method name="hashCode" desc="()I" line="508"><counter type="INSTRUCTION" missed="0" covered="9"/><counter type="LINE" missed="0" covered="1"/><counter type="COMPLEXITY" missed="0" covered="1"/><counter type="METHOD" missed="0" covered="1"/></method><method name="equals" desc="(Ljava/lang/Object;)Z" line="513"><counter type="INSTRUCTION" missed="0" covered="19"/><counter type="BRANCH" missed="0" covered="4"/><counter type="LINE" missed="0" covered="6"/><counter type="COMPLEXITY" missed="0" covered="3"/><counter type="METHOD" missed="0" covered="1"/></method><method name="lambda$scalarMultiply$2" desc="(Lcom/github/ltennstedt/finnmath/linear/RealComplexNumberVector$RealComplexNumberVectorBuilder;Lcom/github/ltennstedt/finnmath/number/RealComplexNumber;Lcom/github/ltennstedt/finnmath/number/RealComplexNumber;)V" line="114"><counter type="INSTRUCTION" missed="0" covered="7"/><counter type="LINE" missed="0" covered="2"/><counter type="COMPLEXITY" missed="0" covered="1"/><counter type="METHOD" missed="0" covered="1"/></method><method name="lambda$subtract$1" desc="(Lcom/github/ltennstedt/finnmath/linear/RealComplexNumberVector$RealComplexNumberVectorBuilder;Lcom/github/ltennstedt/finnmath/linear/RealComplexNumberVector;Ljava/lang/Integer;Lcom/github/ltennstedt/finnmath/number/RealComplexNumber;)V" line="93"><counter type="INSTRUCTION" missed="0" covered="10"/><counter type="LINE" missed="0" covered="2"/><counter type="COMPLEXITY" missed="0" covered="1"/><counter type="METHOD" missed="0" covered="1"/></method><method name="lambda$add$0" desc="(Lcom/github/ltennstedt/finnmath/linear/RealComplexNumberVector$RealComplexNumberVectorBuilder;Lcom/github/ltennstedt/finnmath/linear/RealComplexNumberVector;Ljava/lang/Integer;Lcom/github/ltennstedt/finnmath/number/RealComplexNumber;)V" line="68"><counter type="INSTRUCTION" missed="0" covered="10"/><counter type="LINE" missed="0" covered="2"/><counter type="COMPLEXITY" missed="0" covered="1"/><counter type="METHOD" missed="0" covered="1"/></method><counter type="INSTRUCTION" missed="0" covered="617"/><counter type="BRANCH" missed="0" covered="58"/><counter type="LINE" missed="0" covered="94"/><counter type="COMPLEXITY" missed="0" covered="56"/><counter type="METHOD" missed="0" covered="27"/><counter type="CLASS" missed="0" covered="1"/></class><class name="com/github/ltennstedt/finnmath/linear/BigIntMatrix$BigIntMatrixBuilder"><method name="&lt;init&gt;" desc="(II)V" line="644"><counter type="INSTRUCTION" missed="0" covered="5"/><counter type="LINE" missed="0" covered="2"/><counter type="COMPLEXITY" missed="0" covered="1"/><counter type="METHOD" missed="0" covered="1"/></method><method name="put" desc="(Ljava/lang/Integer;Ljava/lang/Integer;Ljava/math/BigInteger;)Lcom/github/ltennstedt/finnmath/linear/BigIntMatrix$BigIntMatrixBuilder;" line="659"><counter type="INSTRUCTION" missed="0" covered="45"/><counter type="LINE" missed="0" covered="9"/><counter type="COMPLEXITY" missed="0" covered="1"/><counter type="METHOD" missed="0" covered="1"/></method><method name="putAll" desc="(Ljava/math/BigInteger;)Lcom/github/ltennstedt/finnmath/linear/BigIntMatrix$BigIntMatrixBuilder;" line="682"><counter type="INSTRUCTION" missed="0" covered="13"/><counter type="LINE" missed="0" covered="3"/><counter type="COMPLEXITY" missed="0" covered="1"/><counter type="METHOD" missed="0" covered="1"/></method><method name="build" desc="()Lcom/github/ltennstedt/finnmath/linear/BigIntMatrix;" line="703"><counter type="INSTRUCTION" missed="0" covered="13"/><counter type="LINE" missed="0" covered="2"/><counter type="COMPLEXITY" missed="0" covered="1"/><counter type="METHOD" missed="0" covered="1"/></method><method name="lambda$build$2" desc="(Lcom/google/common/collect/Table$Cell;)V" line="704"><counter type="INSTRUCTION" missed="0" covered="7"/><counter type="LINE" missed="0" covered="2"/><counter type="COMPLEXITY" missed="0" covered="1"/><counter type="METHOD" missed="0" covered="1"/></method><method name="lambda$putAll$1" desc="(Ljava/math/BigInteger;Ljava/lang/Integer;)V" line="684"><counter type="INSTRUCTION" missed="0" covered="9"/><counter type="LINE" missed="0" covered="2"/><counter type="COMPLEXITY" missed="0" covered="1"/><counter type="METHOD" missed="0" covered="1"/></method><method name="lambda$putAll$0" desc="(Ljava/lang/Integer;Ljava/math/BigInteger;Ljava/lang/Integer;)V" line="685"><counter type="INSTRUCTION" missed="0" covered="8"/><counter type="LINE" missed="0" covered="2"/><counter type="COMPLEXITY" missed="0" covered="1"/><counter type="METHOD" missed="0" covered="1"/></method><counter type="INSTRUCTION" missed="0" covered="100"/><counter type="LINE" missed="0" covered="22"/><counter type="COMPLEXITY" missed="0" covered="7"/><counter type="METHOD" missed="0" covered="7"/><counter type="CLASS" missed="0" covered="1"/></class><class name="com/github/ltennstedt/finnmath/linear/DecimalMatrix$DecimalMatrixBuilder"><method name="&lt;init&gt;" desc="(II)V" line="656"><counter type="INSTRUCTION" missed="0" covered="5"/><counter type="LINE" missed="0" covered="2"/><counter type="COMPLEXITY" missed="0" covered="1"/><counter type="METHOD" missed="0" covered="1"/></method><method name="put" desc="(Ljava/lang/Integer;Ljava/lang/Integer;Ljava/math/BigDecimal;)Lcom/github/ltennstedt/finnmath/linear/DecimalMatrix$DecimalMatrixBuilder;" line="683"><counter type="INSTRUCTION" missed="0" covered="45"/><counter type="LINE" missed="0" covered="9"/><counter type="COMPLEXITY" missed="0" covered="1"/><counter type="METHOD" missed="0" covered="1"/></method><method name="putAll" desc="(Ljava/math/BigDecimal;)Lcom/github/ltennstedt/finnmath/linear/DecimalMatrix$DecimalMatrixBuilder;" line="706"><counter type="INSTRUCTION" missed="0" covered="13"/><counter type="LINE" missed="0" covered="3"/><counter type="COMPLEXITY" missed="0" covered="1"/><counter type="METHOD" missed="0" covered="1"/></method><method name="build" desc="()Lcom/github/ltennstedt/finnmath/linear/DecimalMatrix;" line="727"><counter type="INSTRUCTION" missed="0" covered="13"/><counter type="LINE" missed="0" covered="2"/><counter type="COMPLEXITY" missed="0" covered="1"/><counter type="METHOD" missed="0" covered="1"/></method><method name="lambda$build$2" desc="(Lcom/google/common/collect/Table$Cell;)V" line="728"><counter type="INSTRUCTION" missed="0" covered="7"/><counter type="LINE" missed="0" covered="2"/><counter type="COMPLEXITY" missed="0" covered="1"/><counter type="METHOD" missed="0" covered="1"/></method><method name="lambda$putAll$1" desc="(Ljava/math/BigDecimal;Ljava/lang/Integer;)V" line="708"><counter type="INSTRUCTION" missed="0" covered="9"/><counter type="LINE" missed="0" covered="2"/><counter type="COMPLEXITY" missed="0" covered="1"/><counter type="METHOD" missed="0" covered="1"/></method><method name="lambda$putAll$0" desc="(Ljava/lang/Integer;Ljava/math/BigDecimal;Ljava/lang/Integer;)V" line="709"><counter type="INSTRUCTION" missed="0" covered="8"/><counter type="LINE" missed="0" covered="2"/><counter type="COMPLEXITY" missed="0" covered="1"/><counter type="METHOD" missed="0" covered="1"/></method><counter type="INSTRUCTION" missed="0" covered="100"/><counter type="LINE" missed="0" covered="22"/><counter type="COMPLEXITY" missed="0" covered="7"/><counter type="METHOD" missed="0" covered="7"/><counter type="CLASS" missed="0" covered="1"/></class><class name="com/github/ltennstedt/finnmath/linear/AbstractMatrix"><method name="&lt;init&gt;" desc="(Lcom/google/common/collect/ImmutableTable;)V" line="60"><counter type="INSTRUCTION" missed="0" covered="6"/><counter type="LINE" missed="0" covered="3"/><counter type="COMPLEXITY" missed="0" covered="1"/><counter type="METHOD" missed="0" covered="1"/></method><method name="square" desc="()Z" line="114"><counter type="INSTRUCTION" missed="0" covered="13"/><counter type="BRANCH" missed="0" covered="2"/><counter type="LINE" missed="0" covered="1"/><counter type="COMPLEXITY" missed="0" covered="2"/><counter type="METHOD" missed="0" covered="1"/></method><method name="triangular" desc="()Z" line="127"><counter type="INSTRUCTION" missed="0" covered="10"/><counter type="BRANCH" missed="0" covered="4"/><counter type="LINE" missed="0" covered="1"/><counter type="COMPLEXITY" missed="0" covered="3"/><counter type="METHOD" missed="0" covered="1"/></method><method name="diagonal" desc="()Z" line="144"><counter type="INSTRUCTION" missed="0" covered="10"/><counter type="BRANCH" missed="1" covered="3"/><counter type="LINE" missed="0" covered="1"/><counter type="COMPLEXITY" missed="1" covered="2"/><counter type="METHOD" missed="0" covered="1"/></method><method name="symmetric" desc="()Z" line="161"><counter type="INSTRUCTION" missed="0" covered="12"/><counter type="BRANCH" missed="0" covered="4"/><counter type="LINE" missed="0" covered="1"/><counter type="COMPLEXITY" missed="0" covered="3"/><counter type="METHOD" missed="0" covered="1"/></method><method name="skewSymmetric" desc="()Z" line="175"><counter type="INSTRUCTION" missed="0" covered="13"/><counter type="BRANCH" missed="0" covered="4"/><counter type="LINE" missed="0" covered="1"/><counter type="COMPLEXITY" missed="0" covered="3"/><counter type="METHOD" missed="0" covered="1"/></method><method name="rowIndexes" desc="()Lcom/google/common/collect/ImmutableSet;" line="187"><counter type="INSTRUCTION" missed="0" covered="4"/><counter type="LINE" missed="0" covered="1"/><counter type="COMPLEXITY" missed="0" covered="1"/><counter type="METHOD" missed="0" covered="1"/></method><method name="columnIndexes" desc="()Lcom/google/common/collect/ImmutableSet;" line="199"><counter type="INSTRUCTION" missed="0" covered="4"/><counter type="LINE" missed="0" covered="1"/><counter type="COMPLEXITY" missed="0" covered="1"/><counter type="METHOD" missed="0" covered="1"/></method><method name="element" desc="(Ljava/lang/Integer;Ljava/lang/Integer;)Ljava/lang/Object;" line="223"><counter type="INSTRUCTION" missed="0" covered="38"/><counter type="LINE" missed="0" covered="7"/><counter type="COMPLEXITY" missed="0" covered="1"/><counter type="METHOD" missed="0" covered="1"/></method><method name="cells" desc="()Lcom/google/common/collect/ImmutableSet;" line="241"><counter type="INSTRUCTION" missed="0" covered="4"/><counter type="LINE" missed="0" covered="1"/><counter type="COMPLEXITY" missed="0" covered="1"/><counter type="METHOD" missed="0" covered="1"/></method><method name="row" desc="(Ljava/lang/Integer;)Lcom/google/common/collect/ImmutableMap;" line="259"><counter type="INSTRUCTION" missed="0" covered="21"/><counter type="LINE" missed="0" covered="4"/><counter type="COMPLEXITY" missed="0" covered="1"/><counter type="METHOD" missed="0" covered="1"/></method><method name="column" desc="(Ljava/lang/Integer;)Lcom/google/common/collect/ImmutableMap;" line="280"><counter type="INSTRUCTION" missed="0" covered="21"/><counter type="LINE" missed="0" covered="4"/><counter type="COMPLEXITY" missed="0" covered="1"/><counter type="METHOD" missed="0" covered="1"/></method><method name="rows" desc="()Lcom/google/common/collect/ImmutableMap;" line="295"><counter type="INSTRUCTION" missed="0" covered="4"/><counter type="LINE" missed="0" covered="1"/><counter type="COMPLEXITY" missed="0" covered="1"/><counter type="METHOD" missed="0" covered="1"/></method><method name="columns" desc="()Lcom/google/common/collect/ImmutableMap;" line="307"><counter type="INSTRUCTION" missed="0" covered="4"/><counter type="LINE" missed="0" covered="1"/><counter type="COMPLEXITY" missed="0" covered="1"/><counter type="METHOD" missed="0" covered="1"/></method><method name="elements" desc="()Lcom/google/common/collect/ImmutableCollection;" line="319"><counter type="INSTRUCTION" missed="0" covered="4"/><counter type="LINE" missed="0" covered="1"/><counter type="COMPLEXITY" missed="0" covered="1"/><counter type="METHOD" missed="0" covered="1"/></method><method name="size" desc="()J" line="330"><counter type="INSTRUCTION" missed="0" covered="16"/><counter type="LINE" missed="0" covered="1"/><counter type="COMPLEXITY" missed="0" covered="1"/><counter type="METHOD" missed="0" covered="1"/></method><method name="rowSize" desc="()I" line="342"><counter type="INSTRUCTION" missed="0" covered="5"/><counter type="LINE" missed="0" covered="1"/><counter type="COMPLEXITY" missed="0" covered="1"/><counter type="METHOD" missed="0" covered="1"/></method><method name="columnSize" desc="()I" line="354"><counter type="INSTRUCTION" missed="0" covered="5"/><counter type="LINE" missed="0" covered="1"/><counter type="COMPLEXITY" missed="0" covered="1"/><counter type="METHOD" missed="0" covered="1"/></method><method name="toString" desc="()Ljava/lang/String;" line="359"><counter type="INSTRUCTION" missed="0" covered="8"/><counter type="LINE" missed="0" covered="1"/><counter type="COMPLEXITY" missed="0" covered="1"/><counter type="METHOD" missed="0" covered="1"/></method><method name="getTable" desc="()Lcom/google/common/collect/ImmutableTable;" line="363"><counter type="INSTRUCTION" missed="0" covered="3"/><counter type="LINE" missed="0" covered="1"/><counter type="COMPLEXITY" missed="0" covered="1"/><counter type="METHOD" missed="0" covered="1"/></method><counter type="INSTRUCTION" missed="0" covered="205"/><counter type="BRANCH" missed="1" covered="17"/><counter type="LINE" missed="0" covered="34"/><counter type="COMPLEXITY" missed="1" covered="28"/><counter type="METHOD" missed="0" covered="20"/><counter type="CLASS" missed="0" covered="1"/></class><class name="com/github/ltennstedt/finnmath/linear/RealComplexNumberMatrix"><method name="&lt;init&gt;" desc="(Lcom/google/common/collect/ImmutableTable;)V" line="49"><counter type="INSTRUCTION" missed="0" covered="4"/><counter type="LINE" missed="0" covered="2"/><counter type="COMPLEXITY" missed="0" covered="1"/><counter type="METHOD" missed="0" covered="1"/></method><method name="add" desc="(Lcom/github/ltennstedt/finnmath/linear/RealComplexNumberMatrix;)Lcom/github/ltennstedt/finnmath/linear/RealComplexNumberMatrix;" line="70"><counter type="INSTRUCTION" missed="0" covered="56"/><counter type="BRANCH" missed="0" covered="4"/><counter type="LINE" missed="0" covered="8"/><counter type="COMPLEXITY" missed="0" covered="3"/><counter type="METHOD" missed="0" covered="1"/></method><method name="subtract" desc="(Lcom/github/ltennstedt/finnmath/linear/RealComplexNumberMatrix;)Lcom/github/ltennstedt/finnmath/linear/RealComplexNumberMatrix;" line="102"><counter type="INSTRUCTION" missed="0" covered="56"/><counter type="BRANCH" missed="0" covered="4"/><counter type="LINE" missed="0" covered="9"/><counter type="COMPLEXITY" missed="0" covered="3"/><counter type="METHOD" missed="0" covered="1"/></method><method name="multiply" desc="(Lcom/github/ltennstedt/finnmath/linear/RealComplexNumberMatrix;)Lcom/github/ltennstedt/finnmath/linear/RealComplexNumberMatrix;" line="133"><counter type="INSTRUCTION" missed="0" covered="41"/><counter type="BRANCH" missed="0" covered="2"/><counter type="LINE" missed="0" covered="7"/><counter type="COMPLEXITY" missed="0" covered="2"/><counter type="METHOD" missed="0" covered="1"/></method><method name="multiplyVector" desc="(Lcom/github/ltennstedt/finnmath/linear/RealComplexNumberVector;)Lcom/github/ltennstedt/finnmath/linear/RealComplexNumberVector;" line="163"><counter type="INSTRUCTION" missed="0" covered="38"/><counter type="BRANCH" missed="0" covered="2"/><counter type="LINE" missed="0" covered="6"/><counter type="COMPLEXITY" missed="0" covered="2"/><counter type="METHOD" missed="0" covered="1"/></method><method name="multiplyRowWithColumn" desc="(Ljava/util/Map;Ljava/util/Map;)Lcom/github/ltennstedt/finnmath/number/RealComplexNumber;" line="180"><counter type="INSTRUCTION" missed="1" covered="49"/><counter type="BRANCH" missed="1" covered="3"/><counter type="LINE" missed="0" covered="9"/><counter type="COMPLEXITY" missed="1" covered="2"/><counter type="METHOD" missed="0" covered="1"/></method><method name="scalarMultiply" desc="(Lcom/github/ltennstedt/finnmath/number/RealComplexNumber;)Lcom/github/ltennstedt/finnmath/linear/RealComplexNumberMatrix;" line="205"><counter type="INSTRUCTION" missed="0" covered="24"/><counter type="LINE" missed="0" covered="4"/><counter type="COMPLEXITY" missed="0" covered="1"/><counter type="METHOD" missed="0" covered="1"/></method><method name="negate" desc="()Lcom/github/ltennstedt/finnmath/linear/RealComplexNumberMatrix;" line="223"><counter type="INSTRUCTION" missed="0" covered="5"/><counter type="LINE" missed="0" covered="1"/><counter type="COMPLEXITY" missed="0" covered="1"/><counter type="METHOD" missed="0" covered="1"/></method><method name="trace" desc="()Lcom/github/ltennstedt/finnmath/number/RealComplexNumber;" line="235"><counter type="INSTRUCTION" missed="0" covered="38"/><counter type="BRANCH" missed="0" covered="2"/><counter type="LINE" missed="0" covered="7"/><counter type="COMPLEXITY" missed="0" covered="2"/><counter type="METHOD" missed="0" covered="1"/></method><method name="determinant" desc="()Lcom/github/ltennstedt/finnmath/number/RealComplexNumber;" line="257"><counter type="INSTRUCTION" missed="0" covered="95"/><counter type="BRANCH" missed="0" covered="10"/><counter type="LINE" missed="0" covered="14"/><counter type="COMPLEXITY" missed="0" covered="6"/><counter type="METHOD" missed="0" covered="1"/></method><method name="leibnizFormula" desc="()Lcom/github/ltennstedt/finnmath/number/RealComplexNumber;" line="281"><counter type="INSTRUCTION" missed="0" covered="78"/><counter type="BRANCH" missed="0" covered="8"/><counter type="LINE" missed="0" covered="14"/><counter type="COMPLEXITY" missed="0" covered="5"/><counter type="METHOD" missed="0" covered="1"/></method><method name="ruleOfSarrus" desc="()Lcom/github/ltennstedt/finnmath/number/RealComplexNumber;" line="302"><counter type="INSTRUCTION" missed="0" covered="174"/><counter type="LINE" missed="0" covered="7"/><counter type="COMPLEXITY" missed="0" covered="1"/><counter type="METHOD" missed="0" covered="1"/></method><method name="transpose" desc="()Lcom/github/ltennstedt/finnmath/linear/RealComplexNumberMatrix;" line="321"><counter type="INSTRUCTION" missed="0" covered="19"/><counter type="LINE" missed="0" covered="3"/><counter type="COMPLEXITY" missed="0" covered="1"/><counter type="METHOD" missed="0" covered="1"/></method><method name="minor" desc="(Ljava/lang/Integer;Ljava/lang/Integer;)Lcom/github/ltennstedt/finnmath/linear/RealComplexNumberMatrix;" line="350"><counter type="INSTRUCTION" missed="0" covered="55"/><counter type="LINE" missed="0" covered="10"/><counter type="COMPLEXITY" missed="0" covered="1"/><counter type="METHOD" missed="0" covered="1"/></method><method name="maxAbsColumnSumNorm" desc="()Ljava/math/BigDecimal;" line="379"><counter type="INSTRUCTION" missed="0" covered="42"/><counter type="BRANCH" missed="0" covered="4"/><counter type="LINE" missed="0" covered="9"/><counter type="COMPLEXITY" missed="0" covered="3"/><counter type="METHOD" missed="0" covered="1"/></method><method name="maxAbsRowSumNorm" desc="()Ljava/math/BigDecimal;" line="399"><counter type="INSTRUCTION" missed="0" covered="42"/><counter type="BRANCH" missed="0" covered="4"/><counter type="LINE" missed="0" covered="9"/><counter type="COMPLEXITY" missed="0" covered="3"/><counter type="METHOD" missed="0" covered="1"/></method><method name="frobeniusNormPow2" desc="()Ljava/math/BigDecimal;" line="419"><counter type="INSTRUCTION" missed="0" covered="22"/><counter type="BRANCH" missed="0" covered="2"/><counter type="LINE" missed="0" covered="5"/><counter type="COMPLEXITY" missed="0" covered="2"/><counter type="METHOD" missed="0" covered="1"/></method><method name="frobeniusNorm" desc="()Ljava/math/BigDecimal;" line="437"><counter type="INSTRUCTION" missed="0" covered="7"/><counter type="LINE" missed="0" covered="1"/><counter type="COMPLEXITY" missed="0" covered="1"/><counter type="METHOD" missed="0" covered="1"/></method><method name="frobeniusNorm" desc="(Ljava/math/BigDecimal;)Ljava/math/BigDecimal;" line="457"><counter type="INSTRUCTION" missed="0" covered="26"/><counter type="BRANCH" missed="0" covered="4"/><counter type="LINE" missed="0" covered="3"/><counter type="COMPLEXITY" missed="0" covered="3"/><counter type="METHOD" missed="0" covered="1"/></method><method name="frobeniusNorm" desc="(ILjava/math/RoundingMode;)Ljava/math/BigDecimal;" line="480"><counter type="INSTRUCTION" missed="0" covered="17"/><counter type="BRANCH" missed="0" covered="2"/><counter type="LINE" missed="0" covered="2"/><counter type="COMPLEXITY" missed="0" covered="2"/><counter type="METHOD" missed="0" covered="1"/></method><method name="frobeniusNorm" desc="(Ljava/math/BigDecimal;ILjava/math/RoundingMode;)Ljava/math/BigDecimal;" line="507"><counter type="INSTRUCTION" missed="0" covered="36"/><counter type="BRANCH" missed="0" covered="6"/><counter type="LINE" missed="0" covered="4"/><counter type="COMPLEXITY" missed="0" covered="4"/><counter type="METHOD" missed="0" covered="1"/></method><method name="maxNorm" desc="()Ljava/math/BigDecimal;" line="523"><counter type="INSTRUCTION" missed="0" covered="22"/><counter type="BRANCH" missed="0" covered="2"/><counter type="LINE" missed="0" covered="5"/><counter type="COMPLEXITY" missed="0" covered="2"/><counter type="METHOD" missed="0" covered="1"/></method><method name="upperTriangular" desc="()Z" line="539"><counter type="INSTRUCTION" missed="0" covered="37"/><counter type="BRANCH" missed="0" covered="8"/><counter type="LINE" missed="0" covered="7"/><counter type="COMPLEXITY" missed="0" covered="5"/><counter type="METHOD" missed="0" covered="1"/></method><method name="lowerTriangular" desc="()Z" line="559"><counter type="INSTRUCTION" missed="0" covered="37"/><counter type="BRANCH" missed="0" covered="8"/><counter type="LINE" missed="0" covered="7"/><counter type="COMPLEXITY" missed="0" covered="5"/><counter type="METHOD" missed="0" covered="1"/></method><method name="identity" desc="()Z" line="580"><counter type="INSTRUCTION" missed="0" covered="31"/><counter type="BRANCH" missed="0" covered="6"/><counter type="LINE" missed="0" covered="7"/><counter type="COMPLEXITY" missed="0" covered="4"/><counter type="METHOD" missed="0" covered="1"/></method><method name="invertible" desc="()Z" line="601"><counter type="INSTRUCTION" missed="0" covered="15"/><counter type="BRANCH" missed="0" covered="4"/><counter type="LINE" missed="0" covered="1"/><counter type="COMPLEXITY" missed="0" covered="3"/><counter type="METHOD" missed="0" covered="1"/></method><method name="builder" desc="(II)Lcom/github/ltennstedt/finnmath/linear/RealComplexNumberMatrix$RealComplexNumberMatrixBuilder;" line="616"><counter type="INSTRUCTION" missed="0" covered="23"/><counter type="BRANCH" missed="0" covered="4"/><counter type="LINE" missed="0" covered="3"/><counter type="COMPLEXITY" missed="0" covered="3"/><counter type="METHOD" missed="0" covered="1"/></method><method name="hashCode" desc="()I" line="623"><counter type="INSTRUCTION" missed="0" covered="9"/><counter type="LINE" missed="0" covered="1"/><counter type="COMPLEXITY" missed="0" covered="1"/><counter type="METHOD" missed="0" covered="1"/></method><method name="equals" desc="(Ljava/lang/Object;)Z" line="628"><counter type="INSTRUCTION" missed="0" covered="19"/><counter type="BRANCH" missed="0" covered="4"/><counter type="LINE" missed="0" covered="6"/><counter type="COMPLEXITY" missed="0" covered="3"/><counter type="METHOD" missed="0" covered="1"/></method><method name="lambda$minor$8" desc="(Ljava/lang/Integer;Ljava/lang/Integer;Lcom/github/ltennstedt/finnmath/
[...]
 cb="0"/><line nr="2087" mi="0" ci="10" mb="0" cb="2"/><line nr="2088" mi="0" ci="9" mb="0" cb="2"/><line nr="2089" mi="0" ci="8" mb="0" cb="2"/><line nr="2090" mi="0" ci="8" mb="0" cb="2"/><line nr="2091" mi="0" ci="5" mb="0" cb="0"/><line nr="2092" mi="0" ci="7" mb="0" cb="2"/><line nr="2093" mi="0" ci="8" mb="0" cb="0"/><line nr="2095" mi="0" ci="2" mb="0" cb="0"/><line nr="2124" mi="0" ci="10" mb="0" cb="2"/><line nr="2125" mi="0" ci="9" mb="0" cb="2"/><line nr="2126" mi="0" ci="8" mb="0" cb="2"/><line nr="2127" mi="0" ci="8" mb="0" cb="2"/><line nr="2128" mi="0" ci="5" mb="0" cb="0"/><line nr="2129" mi="0" ci="7" mb="0" cb="2"/><line nr="2130" mi="0" ci="8" mb="0" cb="0"/><line nr="2132" mi="0" ci="2" mb="0" cb="0"/><line nr="2161" mi="0" ci="10" mb="0" cb="2"/><line nr="2162" mi="0" ci="9" mb="0" cb="2"/><line nr="2163" mi="0" ci="8" mb="0" cb="2"/><line nr="2164" mi="0" ci="8" mb="0" cb="2"/><line nr="2165" mi="0" ci="5" mb="0" cb="0"/><line nr="2166" mi="0" ci="7" mb="0" cb="2"/><line nr="2167" mi="0" ci="8" mb="0" cb="0"/><line nr="2169" mi="0" ci="2" mb="0" cb="0"/><line nr="2199" mi="0" ci="10" mb="0" cb="2"/><line nr="2200" mi="0" ci="9" mb="0" cb="2"/><line nr="2201" mi="0" ci="8" mb="0" cb="2"/><line nr="2202" mi="0" ci="8" mb="0" cb="2"/><line nr="2203" mi="0" ci="5" mb="0" cb="0"/><line nr="2204" mi="0" ci="7" mb="0" cb="2"/><line nr="2205" mi="0" ci="8" mb="0" cb="0"/><line nr="2207" mi="0" ci="2" mb="0" cb="0"/><line nr="2227" mi="0" ci="10" mb="0" cb="2"/><line nr="2228" mi="0" ci="8" mb="0" cb="2"/><line nr="2229" mi="0" ci="3" mb="0" cb="0"/><line nr="2230" mi="0" ci="7" mb="0" cb="2"/><line nr="2231" mi="0" ci="6" mb="0" cb="0"/><line nr="2233" mi="0" ci="3" mb="0" cb="0"/><line nr="2257" mi="0" ci="10" mb="0" cb="2"/><line nr="2258" mi="0" ci="8" mb="0" cb="2"/><line nr="2259" mi="0" ci="8" mb="0" cb="2"/><line nr="2260" mi="0" ci="5" mb="0" cb="0"/><line nr="2261" mi="0" ci="7" mb="0" cb="2"/><line nr="2262" mi="0" ci="7" mb="0" cb="0"/><line nr="2264" mi="0" ci="2" mb="0" cb="0"/><line nr="2289" mi="0" ci="10" mb="0" cb="2"/><line nr="2290" mi="0" ci="8" mb="0" cb="2"/><line nr="2291" mi="0" ci="8" mb="0" cb="2"/><line nr="2292" mi="0" ci="4" mb="0" cb="0"/><line nr="2293" mi="0" ci="13" mb="0" cb="0"/><line nr="2294" mi="0" ci="13" mb="0" cb="0"/><line nr="2295" mi="0" ci="8" mb="0" cb="0"/><line nr="2296" mi="0" ci="1" mb="0" cb="0"/><line nr="2297" mi="0" ci="1" mb="0" cb="0"/><line nr="2298" mi="0" ci="3" mb="0" cb="0"/><line nr="2319" mi="0" ci="10" mb="0" cb="2"/><line nr="2320" mi="0" ci="8" mb="0" cb="2"/><line nr="2321" mi="0" ci="4" mb="0" cb="0"/><line nr="2322" mi="0" ci="13" mb="0" cb="0"/><line nr="2323" mi="0" ci="13" mb="0" cb="0"/><line nr="2324" mi="0" ci="5" mb="0" cb="2"/><line nr="2325" mi="0" ci="9" mb="0" cb="0"/><line nr="2327" mi="0" ci="6" mb="0" cb="0"/><line nr="2329" mi="0" ci="1" mb="0" cb="0"/><line nr="2330" mi="0" ci="1" mb="0" cb="0"/><line nr="2331" mi="0" ci="3" mb="0" cb="0"/><line nr="2352" mi="0" ci="10" mb="0" cb="2"/><line nr="2353" mi="0" ci="8" mb="0" cb="2"/><line nr="2354" mi="0" ci="4" mb="0" cb="0"/><line nr="2355" mi="0" ci="13" mb="0" cb="0"/><line nr="2356" mi="0" ci="13" mb="0" cb="0"/><line nr="2357" mi="0" ci="5" mb="0" cb="2"/><line nr="2358" mi="0" ci="9" mb="0" cb="0"/><line nr="2360" mi="0" ci="6" mb="0" cb="0"/><line nr="2362" mi="0" ci="1" mb="0" cb="0"/><line nr="2363" mi="0" ci="1" mb="0" cb="0"/><line nr="2364" mi="0" ci="3" mb="0" cb="0"/><line nr="2386" mi="0" ci="10" mb="0" cb="2"/><line nr="2387" mi="0" ci="8" mb="0" cb="2"/><line nr="2388" mi="0" ci="4" mb="0" cb="2"/><line nr="2389" mi="0" ci="5" mb="0" cb="0"/><line nr="2391" mi="0" ci="5" mb="0" cb="0"/><line nr="2411" mi="0" ci="10" mb="0" cb="2"/><line nr="2412" mi="0" ci="8" mb="0" cb="2"/><line nr="2413" mi="0" ci="4" mb="0" cb="0"/><line nr="2414" mi="0" ci="13" mb="0" cb="0"/><line nr="2415" mi="0" ci="13" mb="0" cb="0"/><line nr="2416" mi="0" ci="4" mb="0" cb="2"/><line nr="2417" mi="0" ci="9" mb="0" cb="0"/><line nr="2419" mi="0" ci="6" mb="0" cb="0"/><line nr="2421" mi="0" ci="1" mb="0" cb="0"/><line nr="2422" mi="0" ci="1" mb="0" cb="0"/><line nr="2423" mi="0" ci="3" mb="0" cb="0"/><line nr="2443" mi="0" ci="10" mb="0" cb="2"/><line nr="2444" mi="0" ci="8" mb="0" cb="2"/><line nr="2445" mi="0" ci="4" mb="0" cb="0"/><line nr="2446" mi="0" ci="13" mb="0" cb="0"/><line nr="2447" mi="0" ci="13" mb="0" cb="0"/><line nr="2448" mi="0" ci="4" mb="0" cb="0"/><line nr="2449" mi="0" ci="5" mb="0" cb="2"/><line nr="2450" mi="0" ci="6" mb="0" cb="0"/><line nr="2451" mi="0" ci="6" mb="0" cb="0"/><line nr="2453" mi="0" ci="4" mb="0" cb="2"/><line nr="2454" mi="0" ci="6" mb="0" cb="0"/><line nr="2456" mi="0" ci="1" mb="0" cb="0"/><line nr="2457" mi="0" ci="1" mb="0" cb="0"/><line nr="2458" mi="0" ci="3" mb="0" cb="0"/><line nr="2478" mi="0" ci="10" mb="0" cb="2"/><line nr="2479" mi="0" ci="8" mb="0" cb="2"/><line nr="2480" mi="0" ci="4" mb="0" cb="0"/><line nr="2481" mi="0" ci="13" mb="0" cb="0"/><line nr="2482" mi="0" ci="13" mb="0" cb="0"/><line nr="2483" mi="0" ci="5" mb="0" cb="2"/><line nr="2484" mi="0" ci="4" mb="0" cb="0"/><line nr="2485" mi="0" ci="6" mb="0" cb="0"/><line nr="2486" mi="0" ci="7" mb="0" cb="0"/><line nr="2488" mi="0" ci="4" mb="0" cb="2"/><line nr="2489" mi="0" ci="6" mb="0" cb="0"/><line nr="2491" mi="0" ci="1" mb="0" cb="0"/><line nr="2492" mi="0" ci="1" mb="0" cb="0"/><line nr="2493" mi="0" ci="3" mb="0" cb="0"/><line nr="2523" mi="0" ci="10" mb="0" cb="2"/><line nr="2524" mi="0" ci="8" mb="0" cb="2"/><line nr="2525" mi="0" ci="8" mb="0" cb="2"/><line nr="2526" mi="0" ci="8" mb="0" cb="2"/><line nr="2527" mi="0" ci="5" mb="0" cb="0"/><line nr="2528" mi="0" ci="7" mb="0" cb="2"/><line nr="2529" mi="0" ci="8" mb="0" cb="0"/><line nr="2531" mi="0" ci="2" mb="0" cb="0"/><line nr="2559" mi="0" ci="10" mb="0" cb="2"/><line nr="2560" mi="0" ci="8" mb="0" cb="2"/><line nr="2561" mi="0" ci="8" mb="0" cb="2"/><line nr="2562" mi="0" ci="5" mb="0" cb="0"/><line nr="2563" mi="0" ci="7" mb="0" cb="2"/><line nr="2564" mi="0" ci="7" mb="0" cb="0"/><line nr="2566" mi="0" ci="2" mb="0" cb="0"/><line nr="2594" mi="0" ci="10" mb="0" cb="2"/><line nr="2595" mi="0" ci="8" mb="0" cb="2"/><line nr="2596" mi="0" ci="8" mb="0" cb="2"/><line nr="2597" mi="0" ci="5" mb="0" cb="0"/><line nr="2598" mi="0" ci="7" mb="0" cb="2"/><line nr="2599" mi="0" ci="7" mb="0" cb="0"/><line nr="2601" mi="0" ci="2" mb="0" cb="0"/><line nr="2627" mi="0" ci="10" mb="0" cb="2"/><line nr="2628" mi="0" ci="8" mb="0" cb="2"/><line nr="2629" mi="0" ci="8" mb="0" cb="2"/><line nr="2630" mi="0" ci="5" mb="0" cb="0"/><line nr="2631" mi="0" ci="7" mb="0" cb="2"/><line nr="2632" mi="0" ci="7" mb="0" cb="0"/><line nr="2634" mi="0" ci="2" mb="0" cb="0"/><line nr="2660" mi="0" ci="10" mb="0" cb="2"/><line nr="2661" mi="0" ci="8" mb="0" cb="2"/><line nr="2662" mi="0" ci="8" mb="0" cb="2"/><line nr="2663" mi="0" ci="5" mb="0" cb="0"/><line nr="2664" mi="0" ci="7" mb="0" cb="2"/><line nr="2665" mi="0" ci="7" mb="0" cb="0"/><line nr="2667" mi="0" ci="2" mb="0" cb="0"/><line nr="2693" mi="0" ci="10" mb="0" cb="2"/><line nr="2694" mi="0" ci="8" mb="0" cb="2"/><line nr="2695" mi="0" ci="8" mb="0" cb="2"/><line nr="2696" mi="0" ci="5" mb="0" cb="0"/><line nr="2697" mi="0" ci="7" mb="0" cb="2"/><line nr="2698" mi="0" ci="7" mb="0" cb="0"/><line nr="2700" mi="0" ci="2" mb="0" cb="0"/><line nr="2728" mi="0" ci="10" mb="0" cb="2"/><line nr="2729" mi="0" ci="8" mb="0" cb="2"/><line nr="2730" mi="0" ci="8" mb="0" cb="2"/><line nr="2731" mi="0" ci="5" mb="0" cb="0"/><line nr="2732" mi="0" ci="7" mb="0" cb="2"/><line nr="2733" mi="0" ci="7" mb="0" cb="0"/><line nr="2735" mi="0" ci="2" mb="0" cb="0"/><line nr="2759" mi="0" ci="10" mb="0" cb="2"/><line nr="2760" mi="0" ci="9" mb="0" cb="2"/><line nr="2761" mi="0" ci="8" mb="0" cb="2"/><line nr="2762" mi="0" ci="3" mb="0" cb="0"/><line nr="2763" mi="0" ci="7" mb="0" cb="2"/><line nr="2764" mi="0" ci="7" mb="0" cb="0"/><line nr="2766" mi="0" ci="3" mb="0" cb="0"/><line nr="2794" mi="0" ci="10" mb="0" cb="2"/><line nr="2795" mi="0" ci="9" mb="0" cb="2"/><line nr="2796" mi="0" ci="8" mb="0" cb="2"/><line nr="2797" mi="0" ci="8" mb="0" cb="2"/><line nr="2798" mi="0" ci="5" mb="0" cb="0"/><line nr="2799" mi="0" ci="7" mb="0" cb="2"/><line nr="2800" mi="0" ci="8" mb="0" cb="0"/><line nr="2802" mi="0" ci="2" mb="0" cb="0"/><line nr="2831" mi="0" ci="10" mb="0" cb="2"/><line nr="2832" mi="0" ci="9" mb="0" cb="2"/><line nr="2833" mi="0" ci="8" mb="0" cb="2"/><line nr="2834" mi="0" ci="8" mb="0" cb="2"/><line nr="2835" mi="0" ci="4" mb="0" cb="0"/><line nr="2836" mi="0" ci="14" mb="0" cb="0"/><line nr="2837" mi="0" ci="14" mb="0" cb="0"/><line nr="2838" mi="0" ci="9" mb="0" cb="0"/><line nr="2839" mi="0" ci="1" mb="0" cb="0"/><line nr="2840" mi="0" ci="1" mb="0" cb="0"/><line nr="2841" mi="0" ci="3" mb="0" cb="0"/><line nr="2867" mi="0" ci="10" mb="0" cb="2"/><line nr="2868" mi="0" ci="9" mb="0" cb="2"/><line nr="2869" mi="0" ci="8" mb="0" cb="2"/><line nr="2870" mi="0" ci="4" mb="0" cb="0"/><line nr="2871" mi="0" ci="14" mb="0" cb="0"/><line nr="2872" mi="0" ci="14" mb="0" cb="0"/><line nr="2873" mi="0" ci="5" mb="0" cb="2"/><line nr="2874" mi="0" ci="10" mb="0" cb="0"/><line nr="2876" mi="0" ci="6" mb="0" cb="0"/><line nr="2878" mi="0" ci="1" mb="0" cb="0"/><line nr="2879" mi="0" ci="1" mb="0" cb="0"/><line nr="2880" mi="0" ci="3" mb="0" cb="0"/><line nr="2906" mi="0" ci="10" mb="0" cb="2"/><line nr="2907" mi="0" ci="9" mb="0" cb="2"/><line nr="2908" mi="0" ci="8" mb="0" cb="2"/><line nr="2909" mi="0" ci="4" mb="0" cb="0"/><line nr="2910" mi="0" ci="14" mb="0" cb="0"/><line nr="2911" mi="0" ci="14" mb="0" cb="0"/><line nr="2912" mi="0" ci="5" mb="0" cb="2"/><line nr="2913" mi="0" ci="10" mb="0" cb="0"/><line nr="2915" mi="0" ci="6" mb="0" cb="0"/><line nr="2917" mi="0" ci="1" mb="0" cb="0"/><line nr="2918" mi="0" ci="1" mb="0" cb="0"/><line nr="2919" mi="0" ci="3" mb="0" cb="0"/><line nr="2946" mi="0" ci="10" mb="0" cb="2"/><line nr="2947" mi="0" ci="9" mb="0" cb="2"/><line nr="2948" mi="0" ci="8" mb="0" cb="2"/><line nr="2949" mi="0" ci="4" mb="0" cb="2"/><line nr="2950" mi="0" ci="6" mb="0" cb="0"/><line nr="2952" mi="0" ci="6" mb="0" cb="0"/><line nr="2977" mi="0" ci="10" mb="0" cb="2"/><line nr="2978" mi="0" ci="9" mb="0" cb="2"/><line nr="2979" mi="0" ci="8" mb="0" cb="2"/><line nr="2980" mi="0" ci="4" mb="0" cb="0"/><line nr="2981" mi="0" ci="14" mb="0" cb="0"/><line nr="2982" mi="0" ci="14" mb="0" cb="0"/><line nr="2983" mi="0" ci="4" mb="0" cb="2"/><line nr="2984" mi="0" ci="10" mb="0" cb="0"/><line nr="2986" mi="0" ci="6" mb="0" cb="0"/><line nr="2988" mi="0" ci="1" mb="0" cb="0"/><line nr="2989" mi="0" ci="1" mb="0" cb="0"/><line nr="2990" mi="0" ci="3" mb="0" cb="0"/><line nr="3015" mi="0" ci="10" mb="0" cb="2"/><line nr="3016" mi="0" ci="9" mb="0" cb="2"/><line nr="3017" mi="0" ci="8" mb="0" cb="2"/><line nr="3018" mi="0" ci="4" mb="0" cb="0"/><line nr="3019" mi="0" ci="14" mb="0" cb="0"/><line nr="3020" mi="0" ci="14" mb="0" cb="0"/><line nr="3021" mi="0" ci="5" mb="0" cb="0"/><line nr="3022" mi="0" ci="5" mb="0" cb="2"/><line nr="3023" mi="0" ci="6" mb="0" cb="0"/><line nr="3024" mi="0" ci="6" mb="0" cb="0"/><line nr="3026" mi="0" ci="4" mb="0" cb="2"/><line nr="3027" mi="0" ci="6" mb="0" cb="0"/><line nr="3029" mi="0" ci="1" mb="0" cb="0"/><line nr="3030" mi="0" ci="1" mb="0" cb="0"/><line nr="3031" mi="0" ci="3" mb="0" cb="0"/><line nr="3056" mi="0" ci="10" mb="0" cb="2"/><line nr="3057" mi="0" ci="9" mb="0" cb="2"/><line nr="3058" mi="0" ci="8" mb="0" cb="2"/><line nr="3059" mi="0" ci="4" mb="0" cb="0"/><line nr="3060" mi="0" ci="14" mb="0" cb="0"/><line nr="3061" mi="0" ci="14" mb="0" cb="0"/><line nr="3062" mi="0" ci="5" mb="0" cb="2"/><line nr="3063" mi="0" ci="5" mb="0" cb="0"/><line nr="3064" mi="0" ci="6" mb="0" cb="0"/><line nr="3065" mi="0" ci="7" mb="0" cb="0"/><line nr="3067" mi="0" ci="4" mb="0" cb="2"/><line nr="3068" mi="0" ci="6" mb="0" cb="0"/><line nr="3070" mi="0" ci="1" mb="0" cb="0"/><line nr="3071" mi="0" ci="1" mb="0" cb="0"/><line nr="3072" mi="0" ci="3" mb="0" cb="0"/><line nr="3107" mi="0" ci="10" mb="0" cb="2"/><line nr="3108" mi="0" ci="9" mb="0" cb="2"/><line nr="3109" mi="0" ci="8" mb="0" cb="2"/><line nr="3110" mi="0" ci="8" mb="0" cb="2"/><line nr="3111" mi="0" ci="8" mb="0" cb="2"/><line nr="3112" mi="0" ci="5" mb="0" cb="0"/><line nr="3113" mi="0" ci="7" mb="0" cb="2"/><line nr="3114" mi="0" ci="9" mb="0" cb="0"/><line nr="3116" mi="0" ci="2" mb="0" cb="0"/><line nr="3148" mi="0" ci="10" mb="0" cb="2"/><line nr="3149" mi="0" ci="9" mb="0" cb="2"/><line nr="3150" mi="0" ci="8" mb="0" cb="2"/><line nr="3151" mi="0" ci="8" mb="0" cb="2"/><line nr="3152" mi="0" ci="5" mb="0" cb="0"/><line nr="3153" mi="0" ci="7" mb="0" cb="2"/><line nr="3154" mi="0" ci="8" mb="0" cb="0"/><line nr="3156" mi="0" ci="2" mb="0" cb="0"/><line nr="3188" mi="0" ci="10" mb="0" cb="2"/><line nr="3189" mi="0" ci="9" mb="0" cb="2"/><line nr="3190" mi="0" ci="8" mb="0" cb="2"/><line nr="3191" mi="0" ci="8" mb="0" cb="2"/><line nr="3192" mi="0" ci="5" mb="0" cb="0"/><line nr="3193" mi="0" ci="7" mb="0" cb="2"/><line nr="3194" mi="0" ci="8" mb="0" cb="0"/><line nr="3196" mi="0" ci="2" mb="0" cb="0"/><line nr="3226" mi="0" ci="10" mb="0" cb="2"/><line nr="3227" mi="0" ci="9" mb="0" cb="2"/><line nr="3228" mi="0" ci="8" mb="0" cb="2"/><line nr="3229" mi="0" ci="8" mb="0" cb="2"/><line nr="3230" mi="0" ci="5" mb="0" cb="0"/><line nr="3231" mi="0" ci="7" mb="0" cb="2"/><line nr="3232" mi="0" ci="8" mb="0" cb="0"/><line nr="3234" mi="0" ci="2" mb="0" cb="0"/><line nr="3264" mi="0" ci="10" mb="0" cb="2"/><line nr="3265" mi="0" ci="9" mb="0" cb="2"/><line nr="3266" mi="0" ci="8" mb="0" cb="2"/><line nr="3267" mi="0" ci="8" mb="0" cb="2"/><line nr="3268" mi="0" ci="5" mb="0" cb="0"/><line nr="3269" mi="0" ci="7" mb="0" cb="2"/><line nr="3270" mi="0" ci="8" mb="0" cb="0"/><line nr="3272" mi="0" ci="2" mb="0" cb="0"/><line nr="3302" mi="0" ci="10" mb="0" cb="2"/><line nr="3303" mi="0" ci="9" mb="0" cb="2"/><line nr="3304" mi="0" ci="8" mb="0" cb="2"/><line nr="3305" mi="0" ci="8" mb="0" cb="2"/><line nr="3306" mi="0" ci="5" mb="0" cb="0"/><line nr="3307" mi="0" ci="7" mb="0" cb="2"/><line nr="3308" mi="0" ci="8" mb="0" cb="0"/><line nr="3310" mi="0" ci="2" mb="0" cb="0"/><line nr="3340" mi="0" ci="10" mb="0" cb="2"/><line nr="3341" mi="0" ci="9" mb="0" cb="2"/><line nr="3342" mi="0" ci="8" mb="0" cb="2"/><line nr="3343" mi="0" ci="8" mb="0" cb="2"/><line nr="3344" mi="0" ci="5" mb="0" cb="0"/><line nr="3345" mi="0" ci="7" mb="0" cb="2"/><line nr="3346" mi="0" ci="8" mb="0" cb="0"/><line nr="3348" mi="0" ci="2" mb="0" cb="0"/><line nr="3353" mi="0" ci="8" mb="0" cb="0"/><line nr="3358" mi="0" ci="3" mb="0" cb="0"/><counter type="INSTRUCTION" missed="11" covered="5398"/><counter type="BRANCH" missed="6" covered="742"/><counter type="LINE" missed="3" covered="809"/><counter type="COMPLEXITY" missed="6" covered="525"/><counter type="METHOD" missed="0" covered="157"/><counter type="CLASS" missed="0" covered="1"/></sourcefile><sourcefile name="SquareRootCalculator.java"><line nr="45" mi="0" ci="3" mb="0" cb="0"/><line nr="55" mi="0" ci="2" mb="0" cb="0"/><line nr="57" mi="0" ci="4" mb="0" cb="0"/><line nr="80" mi="0" ci="2" mb="0" cb="0"/><line nr="81" mi="0" ci="3" mb="0" cb="0"/><line nr="82" mi="0" ci="3" mb="0" cb="0"/><line nr="83" mi="0" ci="3" mb="0" cb="0"/><line nr="84" mi="0" ci="1" mb="0" cb="0"/><line nr="98" mi="0" ci="2" mb="0" cb="0"/><line nr="99" mi="0" ci="4" mb="0" cb="0"/><line nr="100" mi="0" ci="14" mb="0" cb="4"/><line nr="102" mi="0" ci="3" mb="0" cb="0"/><line nr="103" mi="0" ci="3" mb="0" cb="0"/><line nr="104" mi="0" ci="3" mb="0" cb="0"/><line nr="105" mi="0" ci="1" mb="0" cb="0"/><line nr="119" mi="0" ci="2" mb="0" cb="0"/><line nr="120" mi="0" ci="8" mb="0" cb="2"/><line nr="121" mi="0" ci="3" mb="0" cb="0"/><line nr="122" mi="0" ci="3" mb="0" cb="0"/><line nr="123" mi="0" ci="3" mb="0" cb="0"/><line nr="124" mi="0" ci="1" mb="0" cb="0"/><line nr="144" mi="0" ci="2" mb="0" cb="0"/><line nr="145" mi="0" ci="4" mb="0" cb="0"/><line nr="146" mi="0" ci="14" mb="0" cb="4"/><line nr="148" mi="0" ci="8" mb="0" cb="2"/><line nr="149" mi="0" ci="3" mb="0" cb="0"/><line nr="150" mi="0" ci="3" mb="0" cb="0"/><line nr="151" mi="0" ci="3" mb="0" cb="0"/><line nr="152" mi="0" ci="1" mb="0" cb="0"/><line nr="169" mi="0" ci="4" mb="0" cb="0"/><line nr="170" mi="0" ci="11" mb="0" cb="2"/><line nr="171" mi="0" ci="7" mb="0" cb="0"/><line nr="189" mi="0" ci="4" mb="0" cb="0"/><line nr="190" mi="1" ci="10" mb="1" cb="1"/><line nr="191" mi="0" ci="9" mb="0" cb="0"/><line nr="212" mi="0" ci="4" mb="0" cb="0"/><line nr="213" mi="1" ci="10" mb="1" cb="1"/><line nr="214" mi="0" ci="6" mb="0" cb="0"/><line nr="215" mi="0" ci="4" mb="0" cb="0"/><line nr="232" mi="0" ci="4" mb="0" cb="0"/><line nr="233" mi="1" ci="10" mb="1" cb="1"/><line nr="234" mi="0" ci="2" mb="0" cb="0"/><line nr="235" mi="0" ci="12" mb="0" cb="2"/><line nr="236" mi="0" ci="4" mb="0" cb="0"/><line nr="238" mi="0" ci="4" mb="0" cb="0"/><line nr="242" mi="0" ci="7" mb="0" cb="0"/><line nr="243" mi="0" ci="1" mb="0" cb="0"/><line nr="244" mi="0" ci="4" mb="0" cb="0"/><line nr="245" mi="0" ci="5" mb="0" cb="0"/><line nr="246" mi="0" ci="5" mb="0" cb="0"/><line nr="247" mi="0" ci="2" mb="0" cb="0"/><line nr="248" mi="0" ci="9" mb="0" cb="2"/><line nr="249" mi="0" ci="8" mb="0" cb="0"/><line nr="250" mi="0" ci="2" mb="0" cb="0"/><line nr="251" mi="0" ci="5" mb="0" cb="0"/><line nr="252" mi="0" ci="5" mb="0" cb="0"/><line nr="254" mi="0" ci="5" mb="0" cb="0"/><line nr="255" mi="0" ci="7" mb="0" cb="0"/><line nr="256" mi="0" ci="2" mb="0" cb="0"/><line nr="260" mi="0" ci="3" mb="0" cb="0"/><line nr="261" mi="0" ci="5" mb="0" cb="0"/><line nr="262" mi="0" ci="5" mb="0" cb="0"/><line nr="263" mi="0" ci="4" mb="1" cb="1"/><line nr="264" mi="1" ci="13" mb="0" cb="0"/><line nr="265" mi="0" ci="5" mb="0" cb="0"/><line nr="266" mi="0" ci="2" mb="0" cb="0"/><line nr="270" mi="0" ci="4" mb="0" cb="0"/><line nr="271" mi="0" ci="7" mb="0" cb="0"/><line nr="272" mi="0" ci="6" mb="0" cb="2"/><line nr="273" mi="0" ci="10" mb="0" cb="0"/><line nr="275" mi="0" ci="10" mb="0" cb="0"/><line nr="280" mi="0" ci="5" mb="0" cb="0"/><line nr="281" mi="0" ci="2" mb="0" cb="0"/><line nr="282" mi="0" ci="2" mb="0" cb="0"/><line nr="283" mi="0" ci="5" mb="0" cb="0"/><line nr="284" mi="0" ci="5" mb="0" cb="0"/><line nr="285" mi="0" ci="6" mb="0" cb="2"/><line nr="286" mi="0" ci="3" mb="0" cb="0"/><line nr="287" mi="0" ci="7" mb="0" cb="0"/><line nr="288" mi="0" ci="4" mb="0" cb="0"/><line nr="289" mi="0" ci="5" mb="0" cb="0"/><line nr="290" mi="0" ci="6" mb="0" cb="0"/><line nr="292" mi="0" ci="6" mb="0" cb="0"/><line nr="297" mi="0" ci="14" mb="0" cb="0"/><line nr="298" mi="0" ci="2" mb="0" cb="0"/><line nr="302" mi="0" ci="3" mb="0" cb="0"/><line nr="306" mi="0" ci="3" mb="0" cb="0"/><line nr="310" mi="0" ci="3" mb="0" cb="0"/><counter type="INSTRUCTION" missed="4" covered="436"/><counter type="BRANCH" missed="4" covered="26"/><counter type="LINE" missed="0" covered="88"/><counter type="COMPLEXITY" missed="4" covered="28"/><counter type="METHOD" missed="0" covered="17"/><counter type="CLASS" missed="0" covered="1"/></sourcefile><counter type="INSTRUCTION" missed="15" covered="5834"/><counter type="BRANCH" missed="10" covered="768"/><counter type="LINE" missed="3" covered="897"/><counter type="COMPLEXITY" missed="10" covered="553"/><counter type="METHOD" missed="0" covered="174"/><counter type="CLASS" missed="0" covered="2"/></package><counter type="INSTRUCTION" missed="132" covered="16782"/><counter type="BRANCH" missed="37" covered="1631"/><counter type="LINE" missed="21" covered="2619"/><counter type="COMPLEXITY" missed="38" covered="1431"/><counter type="METHOD" missed="4" covered="631"/><counter type="CLASS" missed="0" covered="29"/></report>