<?xml version="1.0" encoding="UTF-8" standalone="yes"?><!DOCTYPE report PUBLIC "-//JACOCO//DTD Report 1.0//EN" "report.dtd"><report name="finnMath"><sessioninfo id="archlinux-94a8345b" start="1510259610344" dump="1510259637185"/><package name="com/github/ltennstedt/finnmath/linear"><class name="com/github/ltennstedt/finnmath/linear/AbstractMatrix"><method name="&lt;init&gt;" desc="(Lcom/google/common/collect/ImmutableTable;)V" line="56"><counter type="INSTRUCTION" missed="0" covered="6"/><counter type="LINE" missed="0" covered="3"/><counter type="COMPLEXITY" missed="0" covered="1"/><counter type="METHOD" missed="0" covered="1"/></method><method name="square" desc="()Z" line="110"><counter type="INSTRUCTION" missed="0" covered="13"/><counter type="BRANCH" missed="0" covered="2"/><counter type="LINE" missed="0" covered="1"/><counter type="COMPLEXITY" missed="0" covered="2"/><counter type="METHOD" missed="0" covered="1"/></method><method name="triangular" desc="()Z" line="123"><counter type="INSTRUCTION" missed="0" covered="10"/><counter type="BRANCH" missed="0" covered="4"/><counter type="LINE" missed="0" covered="1"/><counter type="COMPLEXITY" missed="0" covered="3"/><counter type="METHOD" missed="0" covered="1"/></method><method name="diagonal" desc="()Z" line="140"><counter type="INSTRUCTION" missed="0" covered="10"/><counter type="BRANCH" missed="1" covered="3"/><counter type="LINE" missed="0" covered="1"/><counter type="COMPLEXITY" missed="1" covered="2"/><counter type="METHOD" missed="0" covered="1"/></method><method name="symmetric" desc="()Z" line="157"><counter type="INSTRUCTION" missed="0" covered="12"/><counter type="BRANCH" missed="0" covered="4"/><counter type="LINE" missed="0" covered="1"/><counter type="COMPLEXITY" missed="0" covered="3"/><counter type="METHOD" missed="0" covered="1"/></method><method name="skewSymmetric" desc="()Z" line="171"><counter type="INSTRUCTION" missed="0" covered="13"/><counter type="BRANCH" missed="0" covered="4"/><counter type="LINE" missed="0" covered="1"/><counter type="COMPLEXITY" missed="0" covered="3"/><counter type="METHOD" missed="0" covered="1"/></method><method name="rowIndexes" desc="()Lcom/google/common/collect/ImmutableSet;" line="183"><counter type="INSTRUCTION" missed="0" covered="4"/><counter type="LINE" missed="0" covered="1"/><counter type="COMPLEXITY" missed="0" covered="1"/><counter type="METHOD" missed="0" covered="1"/></method><method name="columnIndexes" desc="()Lcom/google/common/collect/ImmutableSet;" line="195"><counter type="INSTRUCTION" missed="0" covered="4"/><counter type="LINE" missed="0" covered="1"/><counter type="COMPLEXITY" missed="0" covered="1"/><counter type="METHOD" missed="0" covered="1"/></method><method name="element" desc="(Ljava/lang/Integer;Ljava/lang/Integer;)Ljava/lang/Object;" line="219"><counter type="INSTRUCTION" missed="0" covered="38"/><counter type="LINE" missed="0" covered="7"/><counter type="COMPLEXITY" missed="0" covered="1"/><counter type="METHOD" missed="0" covered="1"/></method><method name="cells" desc="()Lcom/google/common/collect/ImmutableSet;" line="237"><counter type="INSTRUCTION" missed="0" covered="4"/><counter type="LINE" missed="0" covered="1"/><counter type="COMPLEXITY" missed="0" covered="1"/><counter type="METHOD" missed="0" covered="1"/></method><method name="row" desc="(Ljava/lang/Integer;)Lcom/google/common/collect/ImmutableMap;" line="255"><counter type="INSTRUCTION" missed="0" covered="21"/><counter type="LINE" missed="0" covered="4"/><counter type="COMPLEXITY" missed="0" covered="1"/><counter type="METHOD" missed="0" covered="1"/></method><method name="column" desc="(Ljava/lang/Integer;)Lcom/google/common/collect/ImmutableMap;" line="276"><counter type="INSTRUCTION" missed="0" covered="21"/><counter type="LINE" missed="0" covered="4"/><counter type="COMPLEXITY" missed="0" covered="1"/><counter type="METHOD" missed="0" covered="1"/></method><method name="rows" desc="()Lcom/google/common/collect/ImmutableMap;" line="291"><counter type="INSTRUCTION" missed="0" covered="4"/><counter type="LINE" missed="0" covered="1"/><counter type="COMPLEXITY" missed="0" covered="1"/><counter type="METHOD" missed="0" covered="1"/></method><method name="columns" desc="()Lcom/google/common/collect/ImmutableMap;" line="303"><counter type="INSTRUCTION" missed="0" covered="4"/><counter type="LINE" missed="0" covered="1"/><counter type="COMPLEXITY" missed="0" covered="1"/><counter type="METHOD" missed="0" covered="1"/></method><method name="elements" desc="()Lcom/google/common/collect/ImmutableCollection;" line="315"><counter type="INSTRUCTION" missed="0" covered="4"/><counter type="LINE" missed="0" covered="1"/><counter type="COMPLEXITY" missed="0" covered="1"/><counter type="METHOD" missed="0" covered="1"/></method><method name="size" desc="()J" line="326"><counter type="INSTRUCTION" missed="0" covered="16"/><counter type="LINE" missed="0" covered="1"/><counter type="COMPLEXITY" missed="0" covered="1"/><counter type="METHOD" missed="0" covered="1"/></method><method name="rowSize" desc="()I" line="338"><counter type="INSTRUCTION" missed="0" covered="5"/><counter type="LINE" missed="0" covered="1"/><counter type="COMPLEXITY" missed="0" covered="1"/><counter type="METHOD" missed="0" covered="1"/></method><method name="columnSize" desc="()I" line="350"><counter type="INSTRUCTION" missed="0" covered="5"/><counter type="LINE" missed="0" covered="1"/><counter type="COMPLEXITY" missed="0" covered="1"/><counter type="METHOD" missed="0" covered="1"/></method><method name="toString" desc="()Ljava/lang/String;" line="355"><counter type="INSTRUCTION" missed="0" covered="8"/><counter type="LINE" missed="0" covered="1"/><counter type="COMPLEXITY" missed="0" covered="1"/><counter type="METHOD" missed="0" covered="1"/></method><method name="getTable" desc="()Lcom/google/common/collect/ImmutableTable;" line="359"><counter type="INSTRUCTION" missed="0" covered="3"/><counter type="LINE" missed="0" covered="1"/><counter type="COMPLEXITY" missed="0" covered="1"/><counter type="METHOD" missed="0" covered="1"/></method><counter type="INSTRUCTION" missed="0" covered="205"/><counter type="BRANCH" missed="1" covered="17"/><counter type="LINE" missed="0" covered="34"/><counter type="COMPLEXITY" missed="1" covered="28"/><counter type="METHOD" missed="0" covered="20"/><counter type="CLASS" missed="0" covered="1"/></class><class name="com/github/ltennstedt/finnmath/linear/DecimalVector$DecimalVectorBuilder"><method name="&lt;init&gt;" desc="(I)V" line="523"><counter type="INSTRUCTION" missed="0" covered="4"/><counter type="LINE" missed="0" covered="2"/><counter type="COMPLEXITY" missed="0" covered="1"/><counter type="METHOD" missed="0" covered="1"/></method><method name="put" desc="(Ljava/math/BigDecimal;)Lcom/github/ltennstedt/finnmath/linear/DecimalVector$DecimalVectorBuilder;" line="542"><counter type="INSTRUCTION" missed="1" covered="32"/><counter type="BRANCH" missed="1" covered="1"/><counter type="LINE" missed="0" covered="5"/><counter type="COMPLEXITY" missed="1" covered="1"/><counter type="METHOD" missed="0" covered="1"/></method><method name="put" desc="(Ljava/lang/Integer;Ljava/math/BigDecimal;)Lcom/github/ltennstedt/finnmath/linear/DecimalVector$DecimalVectorBuilder;" line="567"><counter type="INSTRUCTION" missed="15" covered="18"/><counter type="BRANCH" missed="1" covered="3"/><counter type="LINE" missed="2" covered="3"/><counter type="COMPLEXITY" missed="1" covered="2"/><counter type="METHOD" missed="0" covered="1"/></method><method name="putAll" desc="(Ljava/math/BigDecimal;)Lcom/github/ltennstedt/finnmath/linear/DecimalVector$DecimalVectorBuilder;" line="586"><counter type="INSTRUCTION" missed="0" covered="21"/><counter type="BRANCH" missed="0" covered="2"/><counter type="LINE" missed="0" covered="4"/><counter type="COMPLEXITY" missed="0" covered="2"/><counter type="METHOD" missed="0" covered="1"/></method><method name="build" desc="()Lcom/github/ltennstedt/finnmath/linear/DecimalVector;" line="605"><counter type="INSTRUCTION" missed="0" covered="19"/><counter type="LINE" missed="0" covered="2"/><counter type="COMPLEXITY" missed="0" covered="1"/><counter type="METHOD" missed="0" covered="1"/></method><method name="lambda$build$0" desc="(Ljava/lang/Integer;)V" line="606"><counter type="INSTRUCTION" missed="0" covered="9"/><counter type="LINE" missed="0" covered="2"/><counter type="COMPLEXITY" missed="0" covered="1"/><counter type="METHOD" missed="0" covered="1"/></method><counter type="INSTRUCTION" missed="16" covered="103"/><counter type="BRANCH" missed="2" covered="6"/><counter type="LINE" missed="2" covered="18"/><counter type="COMPLEXITY" missed="2" covered="8"/><counter type="METHOD" missed="0" covered="6"/><counter type="CLASS" missed="0" covered="1"/></class><class name="com/github/ltennstedt/finnmath/linear/RealComplexNumberVector$RealComplexNumberVectorBuilder"><method name="&lt;init&gt;" desc="(Ljava/lang/Integer;)V" line="533"><counter type="INSTRUCTION" missed="5" covered="0"/><counter type="LINE" missed="2" covered="0"/><counter type="COMPLEXITY" missed="1" covered="0"/><counter type="METHOD" missed="1" covered="0"/></method><method name="put" desc="(Lcom/github/ltennstedt/finnmath/number/RealComplexNumber;)Lcom/github/ltennstedt/finnmath/linear/RealComplexNumberVector$RealComplexNumberVectorBuilder;" line="552"><counter type="INSTRUCTION" missed="33" covered="0"/><counter type="BRANCH" missed="2" covered="0"/><counter type="LINE" missed="5" covered="0"/><counter type="COMPLEXITY" missed="2" covered="0"/><counter type="METHOD" missed="1" covered="0"/></method><method name="put" desc="(Ljava/lang/Integer;Lcom/github/ltennstedt/finnmath/number/RealComplexNumber;)Lcom/github/ltennstedt/finnmath/linear/RealComplexNumberVector$RealComplexNumberVectorBuilder;" line="577"><counter type="INSTRUCTION" missed="33" covered="0"/><counter type="BRANCH" missed="4" covered="0"/><counter type="LINE" missed="5" covered="0"/><counter type="COMPLEXITY" missed="3" covered="0"/><counter type="METHOD" missed="1" covered="0"/></method><method name="putAll" desc="(Lcom/github/ltennstedt/finnmath/number/RealComplexNumber;)Lcom/github/ltennstedt/finnmath/linear/RealComplexNumberVector$RealComplexNumberVectorBuilder;" line="596"><counter type="INSTRUCTION" missed="21" covered="0"/><counter type="BRANCH" missed="2" covered="0"/><counter type="LINE" missed="4" covered="0"/><counter type="COMPLEXITY" missed="2" covered="0"/><counter type="METHOD" missed="1" covered="0"/></method><method name="build" desc="()Lcom/github/ltennstedt/finnmath/linear/RealComplexNumberVector;" line="615"><counter type="INSTRUCTION" missed="19" covered="0"/><counter type="LINE" missed="2" covered="0"/><counter type="COMPLEXITY" missed="1" covered="0"/><counter type="METHOD" missed="1" covered="0"/></method><method name="lambda$build$0" desc="(Ljava/lang/Integer;)V" line="616"><counter type="INSTRUCTION" missed="9" covered="0"/><counter type="LINE" missed="2" covered="0"/><counter type="COMPLEXITY" missed="1" covered="0"/><counter type="METHOD" missed="1" covered="0"/></method><counter type="INSTRUCTION" missed="120" covered="0"/><counter type="BRANCH" missed="8" covered="0"/><counter type="LINE" missed="20" covered="0"/><counter type="COMPLEXITY" missed="10" covered="0"/><counter type="METHOD" missed="6" covered="0"/><counter type="CLASS" missed="1" covered="0"/></class><class name="com/github/ltennstedt/finnmath/linear/SimpleComplexNumberVector$SimpleComplexNumberVectorBuilder"><method name="&lt;init&gt;" desc="(Ljava/lang/Integer;)V" line="534"><counter type="INSTRUCTION" missed="5" covered="0"/><counter type="LINE" missed="2" covered="0"/><counter type="COMPLEXITY" missed="1" covered="0"/><counter type="METHOD" missed="1" covered="0"/></method><method name="put" desc="(Lcom/github/ltennstedt/finnmath/number/SimpleComplexNumber;)Lcom/github/ltennstedt/finnmath/linear/SimpleComplexNumberVector$SimpleComplexNumberVectorBuilder;" line="553"><counter type="INSTRUCTION" missed="33" covered="0"/><counter type="BRANCH" missed="2" covered="0"/><counter type="LINE" missed="5" covered="0"/><counter type="COMPLEXITY" missed="2" covered="0"/><counter type="METHOD" missed="1" covered="0"/></method><method name="put" desc="(Ljava/lang/Integer;Lcom/github/ltennstedt/finnmath/number/SimpleComplexNumber;)Lcom/github/ltennstedt/finnmath/linear/SimpleComplexNumberVector$SimpleComplexNumberVectorBuilder;" line="578"><counter type="INSTRUCTION" missed="33" covered="0"/><counter type="BRANCH" missed="4" covered="0"/><counter type="LINE" missed="5" covered="0"/><counter type="COMPLEXITY" missed="3" covered="0"/><counter type="METHOD" missed="1" covered="0"/></method><method name="putAll" desc="(Lcom/github/ltennstedt/finnmath/number/SimpleComplexNumber;)Lcom/github/ltennstedt/finnmath/linear/SimpleComplexNumberVector$SimpleComplexNumberVectorBuilder;" line="597"><counter type="INSTRUCTION" missed="21" covered="0"/><counter type="BRANCH" missed="2" covered="0"/><counter type="LINE" missed="4" covered="0"/><counter type="COMPLEXITY" missed="2" covered="0"/><counter type="METHOD" missed="1" covered="0"/></method><method name="build" desc="()Lcom/github/ltennstedt/finnmath/linear/SimpleComplexNumberVector;" line="616"><counter type="INSTRUCTION" missed="19" covered="0"/><counter type="LINE" missed="2" covered="0"/><counter type="COMPLEXITY" missed="1" covered="0"/><counter type="METHOD" missed="1" covered="0"/></method><method name="lambda$build$0" desc="(Ljava/lang/Integer;)V" line="617"><counter type="INSTRUCTION" missed="9" covered="0"/><counter type="LINE" missed="2" covered="0"/><counter type="COMPLEXITY" missed="1" covered="0"/><counter type="METHOD" missed="1" covered="0"/></method><counter type="INSTRUCTION" missed="120" covered="0"/><counter type="BRANCH" missed="8" covered="0"/><counter type="LINE" missed="20" covered="0"/><counter type="COMPLEXITY" missed="10" covered="0"/><counter type="METHOD" missed="6" covered="0"/><counter type="CLASS" missed="1" covered="0"/></class><class name="com/github/ltennstedt/finnmath/linear/DecimalMatrix"><method name="&lt;init&gt;" desc="(Lcom/google/common/collect/ImmutableTable;)V" line="46"><counter type="INSTRUCTION" missed="0" covered="4"/><counter type="LINE" missed="0" covered="2"/><counter type="COMPLEXITY" missed="0" covered="1"/><counter type="METHOD" missed="0" covered="1"/></method><method name="add" desc="(Lcom/github/ltennstedt/finnmath/linear/DecimalMatrix;)Lcom/github/ltennstedt/finnmath/linear/DecimalMatrix;" line="67"><counter type="INSTRUCTION" missed="0" covered="56"/><counter type="BRANCH" missed="0" covered="4"/><counter type="LINE" missed="0" covered="8"/><counter type="COMPLEXITY" missed="0" covered="3"/><counter type="METHOD" missed="0" covered="1"/></method><method name="subtract" desc="(Lcom/github/ltennstedt/finnmath/linear/DecimalMatrix;)Lcom/github/ltennstedt/finnmath/linear/DecimalMatrix;" line="99"><counter type="INSTRUCTION" missed="0" covered="56"/><counter type="BRANCH" missed="0" covered="4"/><counter type="LINE" missed="0" covered="8"/><counter type="COMPLEXITY" missed="0" covered="3"/><counter type="METHOD" missed="0" covered="1"/></method><method name="multiply" desc="(Lcom/github/ltennstedt/finnmath/linear/DecimalMatrix;)Lcom/github/ltennstedt/finnmath/linear/DecimalMatrix;" line="129"><counter type="INSTRUCTION" missed="0" covered="41"/><counter type="BRANCH" missed="0" covered="2"/><counter type="LINE" missed="0" covered="6"/><counter type="COMPLEXITY" missed="0" covered="2"/><counter type="METHOD" missed="0" covered="1"/></method><method name="multiplyVector" desc="(Lcom/github/ltennstedt/finnmath/linear/DecimalVector;)Lcom/github/ltennstedt/finnmath/linear/DecimalVector;" line="158"><counter type="INSTRUCTION" missed="19" covered="19"/><counter type="BRANCH" missed="1" covered="1"/><counter type="LINE" missed="3" covered="3"/><counter type="COMPLEXITY" missed="1" covered="1"/><counter type="METHOD" missed="0" covered="1"/></method><method name="multiplyRowWithColumn" desc="(Ljava/util/Map;Ljava/util/Map;)Ljava/math/BigDecimal;" line="175"><counter type="INSTRUCTION" missed="1" covered="49"/><counter type="BRANCH" missed="1" covered="3"/><counter type="LINE" missed="0" covered="9"/><counter type="COMPLEXITY" missed="1" covered="2"/><counter type="METHOD" missed="0" covered="1"/></method><method name="scalarMultiply" desc="(Ljava/math/BigDecimal;)Lcom/github/ltennstedt/finnmath/linear/DecimalMatrix;" line="200"><counter type="INSTRUCTION" missed="0" covered="24"/><counter type="LINE" missed="0" covered="4"/><counter type="COMPLEXITY" missed="0" covered="1"/><counter type="METHOD" missed="0" covered="1"/></method><method name="negate" desc="()Lcom/github/ltennstedt/finnmath/linear/DecimalMatrix;" line="218"><counter type="INSTRUCTION" missed="0" covered="5"/><counter type="LINE" missed="0" covered="1"/><counter type="COMPLEXITY" missed="0" covered="1"/><counter type="METHOD" missed="0" covered="1"/></method><method name="trace" desc="()Ljava/math/BigDecimal;" line="230"><counter type="INSTRUCTION" missed="0" covered="38"/><counter type="BRANCH" missed="0" covered="2"/><counter type="LINE" missed="0" covered="7"/><counter type="COMPLEXITY" missed="0" covered="2"/><counter type="METHOD" missed="0" covered="1"/></method><method name="determinant" desc="()Ljava/math/BigDecimal;" line="252"><counter type="INSTRUCTION" missed="0" covered="95"/><counter type="BRANCH" missed="0" covered="10"/><counter type="LINE" missed="0" covered="14"/><counter type="COMPLEXITY" missed="0" covered="6"/><counter type="METHOD" missed="0" covered="1"/></method><method name="leibnizFormula" desc="()Ljava/math/BigDecimal;" line="276"><counter type="INSTRUCTION" missed="0" covered="78"/><counter type="BRANCH" missed="0" covered="8"/><counter type="LINE" missed="0" covered="14"/><counter type="COMPLEXITY" missed="0" covered="5"/><counter type="METHOD" missed="0" covered="1"/></method><method name="ruleOfSarrus" desc="()Ljava/math/BigDecimal;" line="297"><counter type="INSTRUCTION" missed="0" covered="174"/><counter type="LINE" missed="0" covered="7"/><counter type="COMPLEXITY" missed="0" covered="1"/><counter type="METHOD" missed="0" covered="1"/></method><method name="transpose" desc="()Lcom/github/ltennstedt/finnmath/linear/DecimalMatrix;" line="316"><counter type="INSTRUCTION" missed="0" covered="19"/><counter type="LINE" missed="0" covered="3"/><counter type="COMPLEXITY" missed="0" covered="1"/><counter type="METHOD" missed="0" covered="1"/></method><method name="minor" desc="(Ljava/lang/Integer;Ljava/lang/Integer;)Lcom/github/ltennstedt/finnmath/linear/DecimalMatrix;" line="345"><counter type="INSTRUCTION" missed="0" covered="55"/><counter type="LINE" missed="0" covered="9"/><counter type="COMPLEXITY" missed="0" covered="1"/><counter type="METHOD" missed="0" covered="1"/></method><method name="maxAbsColumnSumNorm" desc="()Ljava/math/BigDecimal;" line="373"><counter type="INSTRUCTION" missed="0" covered="42"/><counter type="BRANCH" missed="0" covered="4"/><counter type="LINE" missed="0" covered="9"/><counter type="COMPLEXITY" missed="0" covered="3"/><counter type="METHOD" missed="0" covered="1"/></method><method name="maxAbsRowSumNorm" desc="()Ljava/math/BigDecimal;" line="393"><counter type="INSTRUCTION" missed="0" covered="42"/><counter type="BRANCH" missed="0" covered="4"/><counter type="LINE" missed="0" covered="9"/><counter type="COMPLEXITY" missed="0" covered="3"/><counter type="METHOD" missed="0" covered="1"/></method><method name="frobeniusNormPow2" desc="()Ljava/math/BigDecimal;" line="413"><counter type="INSTRUCTION" missed="0" covered="23"/><counter type="BRANCH" missed="0" covered="2"/><counter type="LINE" missed="0" covered="5"/><counter type="COMPLEXITY" missed="0" covered="2"/><counter type="METHOD" missed="0" covered="1"/></method><method name="frobeniusNorm" desc="()Ljava/math/BigDecimal;" line="430"><counter type="INSTRUCTION" missed="0" covered="27"/><counter type="BRANCH" missed="0" covered="2"/><counter type="LINE" missed="0" covered="5"/><counter type="COMPLEXITY" missed="0" covered="2"/><counter type="METHOD" missed="0" covered="1"/></method><method name="frobeniusNorm" desc="(Ljava/math/BigDecimal;)Ljava/math/BigDecimal;" line="453"><counter type="INSTRUCTION" missed="0" covered="46"/><counter type="BRANCH" missed="0" covered="6"/><counter type="LINE" missed="0" covered="7"/><counter type="COMPLEXITY" missed="0" covered="4"/><counter type="METHOD" missed="0" covered="1"/></method><method name="frobeniusNorm" desc="(ILjava/math/RoundingMode;)Ljava/math/BigDecimal;" line="479"><counter type="INSTRUCTION" missed="0" covered="37"/><counter type="BRANCH" missed="0" covered="4"/><counter type="LINE" missed="0" covered="6"/><counter type="COMPLEXITY" missed="0" covered="3"/><counter type="METHOD" missed="0" covered="1"/></method><method name="frobeniusNorm" desc="(Ljava/math/BigDecimal;ILjava/math/RoundingMode;)Ljava/math/BigDecimal;" line="509"><counter type="INSTRUCTION" missed="0" covered="56"/><counter type="BRANCH" missed="0" covered="8"/><counter type="LINE" missed="0" covered="8"/><counter type="COMPLEXITY" missed="0" covered="5"/><counter type="METHOD" missed="0" covered="1"/></method><method name="maxNorm" desc="()Ljava/math/BigDecimal;" line="529"><counter type="INSTRUCTION" missed="0" covered="22"/><counter type="BRANCH" missed="0" covered="2"/><counter type="LINE" missed="0" covered="5"/><counter type="COMPLEXITY" missed="0" covered="2"/><counter type="METHOD" missed="0" covered="1"/></method><method name="upperTriangular" desc="()Z" line="545"><counter type="INSTRUCTION" missed="0" covered="37"/><counter type="BRANCH" missed="0" covered="8"/><counter type="LINE" missed="0" covered="7"/><counter type="COMPLEXITY" missed="0" covered="5"/><counter type="METHOD" missed="0" covered="1"/></method><method name="lowerTriangular" desc="()Z" line="565"><counter type="INSTRUCTION" missed="0" covered="37"/><counter type="BRANCH" missed="0" covered="8"/><counter type="LINE" missed="0" covered="7"/><counter type="COMPLEXITY" missed="0" covered="5"/><counter type="METHOD" missed="0" covered="1"/></method><method name="identity" desc="()Z" line="586"><counter type="INSTRUCTION" missed="0" covered="31"/><counter type="BRANCH" missed="0" covered="6"/><counter type="LINE" missed="0" covered="7"/><counter type="COMPLEXITY" missed="0" covered="4"/><counter type="METHOD" missed="0" covered="1"/></method><method name="invertible" desc="()Z" line="607"><counter type="INSTRUCTION" missed="0" covered="9"/><counter type="BRANCH" missed="0" covered="2"/><counter type="LINE" missed="0" covered="1"/><counter type="COMPLEXITY" missed="0" covered="2"/><counter type="METHOD" missed="0" covered="1"/></method><method name="builder" desc="(II)Lcom/github/ltennstedt/finnmath/linear/DecimalMatrix$DecimalMatrixBuilder;" line="622"><counter type="INSTRUCTION" missed="0" covered="22"/><counter type="BRANCH" missed="0" covered="4"/><counter type="LINE" missed="0" covered="3"/><counter type="COMPLEXITY" missed="0" covered="3"/><counter type="METHOD" missed="0" covered="1"/></method><method name="hashCode" desc="()I" line="629"><counter type="INSTRUCTION" missed="0" covered="9"/><counter type="LINE" missed="0" covered="1"/><counter type="COMPLEXITY" missed="0" covered="1"/><counter type="METHOD" missed="0" covered="1"/></method><method name="equals" desc="(Ljava/lang/Object;)Z" line="634"><counter type="INSTRUCTION" missed="0" covered="19"/><counter type="BRANCH" missed="0" covered="4"/><counter type="LINE" missed="0" covered="6"/><counter type="COMPLEXITY" missed="0" covered="3"/><counter type="METHOD" missed="0" covered="1"/></method><method name="lambda$minor$8" desc="(Ljava/lang/Integer;Ljava/lang/Integer;Lcom/github/ltennstedt/finnmath/linear/DecimalMatrix$DecimalMatrixBuilder;Lcom/google/common/collect/Table$Cell;)V" line="353"><counter type="INSTRUCTION" missed="0" covered="51"/><counter type="BRANCH" missed="0" covered="8"/><counter type="LINE" missed="0" covered="7"/><counter type="COMPLEXITY" missed="0" covered="5"/><counter type="METHOD" missed="0" covered="1"/></method><method name="lambda$transpose$7" desc="(Lcom/github/ltennstedt/finnmath/linear/DecimalMatrix$DecimalMatrixBuilder;Lcom/google/common/collect/Table$Cell;)V" line="318"><counter type="INSTRUCTION" missed="0" covered="13"/><counter type="LINE" missed="0" covered="2"/><counter type="COMPLEXITY" missed="0" covered="1"/><counter type="METHOD" missed="0" covered="1"/></method><method name="lambda$scalarMultiply$6" desc="(Lcom/github/ltennstedt/finnmath/linear/DecimalMatrix$DecimalMatrixBuilder;Ljava/math/BigDecimal;Lcom/google/common/collect/Table$Cell;)V" line="203"><counter type="INSTRUCTION" missed="0" covered="15"/><counter type="LINE" missed="0" covered="2"/><counter type="COMPLEXITY" missed="0" covered="1"/><counter type="METHOD" missed="0" covered="1"/></method><method name="lambda$multiplyVector$5" desc="(Lcom/github/ltennstedt/finnmath/linear/DecimalVector$DecimalVectorBuilder;Lcom/github/ltennstedt/finnmath/linear/DecimalVector;Ljava/lang/Integer;Ljava/util/Map;)V" line="163"><counter type="INSTRUCTION" missed="7" covered="0"/><counter type="LINE" missed="2" covered="0"/><counter type="COMPLEXITY" missed="1" covered="0"/><counter type="METHOD" missed="1" covered="0"/></method><method name="lambda$multiplyVector$4" desc="(Lcom/github/ltennstedt/finnmath/linear/DecimalVector$DecimalVectorBuilder;Ljava/lang/Integer;Lcom/github/ltennstedt/finnmath/linear/DecimalVector;Ljava/lang/Integer;Ljava/math/BigDecimal;)V" line="165"><counter type="INSTRUCTION" missed="24" covered="0"/><counter type="BRANCH" missed="2" covered="0"/><counter type="LINE" missed="3" covered="0"/><counter type="COMPLEXITY" missed="2" covered="0"/><counter type="METHOD" missed="1" covered="0"/></method><method name="lambda$multiply$3" desc="(Lcom/github/ltennstedt/finnmath/linear/DecimalMatrix;Lcom/github/ltennstedt/finnmath/linear/DecimalMatrix$DecimalMatrixBuilder;Ljava/lang/Integer;Ljava/util/Map;)V" line="134"><counter type="INSTRUCTION" missed="0" covered="9"/><counter type="LINE" missed="0" covered="2"/><counter type="COMPLEXITY" missed="0" covered="1"/><counter type="METHOD" missed="0" covered="1"/></method><method name="lambda$multiply$2" desc="(Ljava/util/Map;Lcom/github/ltennstedt/finnmath/linear/DecimalMatrix$DecimalMatrixBuilder;Ljava/lang/Integer;Ljava/lang/Integer;Ljava/util/Map;)V" line="135"><counter type="INSTRUCTION" missed="0" covered="12"/><counter type="LINE" missed="0" covered="3"/><counter type="COMPLEXITY" missed="0" covered="1"/><counter type="METHOD" missed="0" covered="1"/></method><method name="lambda$subtract$1" desc="(Lcom/github/ltennstedt/finnmath/linear/DecimalMatrix$DecimalMatrixBuilder;Lcom/github/ltennstedt/finnmath/linear/DecimalMatrix;Lcom/google/common/collect/Table$Cell;)V" line="106"><counter type="INSTRUCTION" missed="0" covered="23"/><counter type="LINE" missed="0" covered="4"/><counter type="COMPLEXITY" missed="0" covered="1"/><counter type="METHOD" missed="0" covered="1"/></method><method name="lambda$add$0" desc="(Lcom/github/ltennstedt/finnmath/linear/DecimalMatrix$DecimalMatrixBuilder;Lcom/github/ltennstedt/finnmath/linear/DecimalMatrix;Lcom/google/common/collect/Table$Cell;)V" line="74"><counter type="INSTRUCTION" missed="0" covered="23"/><counter type="LINE" missed="0" covered="4"/><counter type="COMPLEXITY" missed="0" covered="1"/><counter type="METHOD" missed="0" covered="1"/></method><counter type="INSTRUCTION" missed="51" covered="1318"/><counter type="BRANCH" missed="4" covered="106"/><counter type="LINE" missed="8" covered="205"/><counter type="COMPLEXITY" missed="5" covered="88"/><counter type="METHOD" missed="2" covered="36"/><counter type="CLASS" missed="0" covered="1"/></class><class name="com/github/ltennstedt/finnmath/linear/AbstractVector"><method name="&lt;init&gt;" desc="(Lcom/google/common/collect/ImmutableMap;)V" line="55"><counter type="INSTRUCTION" missed="0" covered="6"/><counter type="LINE" missed="0" covered="3"/><counter type="COMPLEXITY" missed="0" covered="1"/><counter type="METHOD" missed="0" covered="1"/></method><method name="element" desc="(Ljava/lang/Integer;)Ljava/lang/Object;" line="74"><counter type="INSTRUCTION" missed="0" covered="19"/><counter type="LINE" missed="0" covered="3"/><counter type="COMPLEXITY" missed="0" covered="1"/><counter type="METHOD" missed="0" covered="1"/></method><method name="entries" desc="()Lcom/google/common/collect/ImmutableSet;" line="88"><counter type="INSTRUCTION" missed="0" covered="4"/><counter type="LINE" missed="0" covered="1"/><counter type="COMPLEXITY" missed="0" covered="1"/><counter type="METHOD" missed="0" covered="1"/></method><method name="elements" desc="()Lcom/google/common/collect/ImmutableCollection;" line="100"><counter type="INSTRUCTION" missed="0" covered="4"/><counter type="LINE" missed="0" covered="1"/><counter type="COMPLEXITY" missed="0" covered="1"/><counter type="METHOD" missed="0" covered="1"/></method><method name="size" desc="()I" line="150"><counter type="INSTRUCTION" missed="4" covered="0"/><counter type="LINE" missed="1" covered="0"/><counter type="COMPLEXITY" missed="1" covered="0"/><counter type="METHOD" missed="1" covered="0"/></method><method name="toString" desc="()Ljava/lang/String;" line="155"><counter type="INSTRUCTION" missed="0" covered="8"/><counter type="LINE" missed="0" covered="1"/><counter type="COMPLEXITY" missed="0" covered="1"/><counter type="METHOD" missed="0" covered="1"/></method><method name="getMap" desc="()Lcom/google/common/collect/ImmutableMap;" line="159"><counter type="INSTRUCTION" missed="0" covered="3"/><counter type="LINE" missed="0" covered="1"/><counter type="COMPLEXITY" missed="0" covered="1"/><counter type="METHOD" missed="0" covered="1"/></method><counter type="INSTRUCTION" missed="4" covered="44"/><counter type="LINE" missed="1" covered="10"/><counter type="COMPLEXITY" missed="1" covered="6"/><counter type="METHOD" missed="1" covered="6"/><counter type="CLASS" missed="0" covered="1"/></class><class name="com/github/ltennstedt/finnmath/linear/AbstractMatrixBuilder"><method name="&lt;init&gt;" desc="(II)V" line="43"><counter type="INSTRUCTION" missed="0" covered="24"/><counter type="LINE" missed="0" covered="5"/><counter type="COMPLEXITY" missed="0" covered="1"/><counter type="METHOD" missed="0" covered="1"/></method><method name="toString" desc="()Ljava/lang/String;" line="51"><counter type="INSTRUCTION" missed="0" covered="8"/><counter type="LINE" missed="0" covered="1"/><counter type="COMPLEXITY" missed="0" covered="1"/><counter type="METHOD" missed="0" covered="1"/></method><method name="getTable" desc="()Lcom/google/common/collect/Table;" line="55"><counter type="INSTRUCTION" missed="0" covered="3"/><counter type="LINE" missed="0" covered="1"/><counter type="COMPLEXITY" missed="0" covered="1"/><counter type="METHOD" missed="0" covered="1"/></method><counter type="INSTRUCTION" missed="0" covered="35"/><counter type="LINE" missed="0" covered="7"/><counter type="COMPLEXITY" missed="0" covered="3"/><counter type="METHOD" missed="0" covered="3"/><counter type="CLASS" missed="0" covered="1"/></class><class name="com/github/ltennstedt/finnmath/linear/DecimalVector"><method name="&lt;init&gt;" desc="(Lcom/google/common/collect/ImmutableMap;)V" line="43"><counter type="INSTRUCTION" missed="0" covered="4"/><counter type="LINE" missed="0" covered="2"/><counter type="COMPLEXITY" missed="0" covered="1"/><counter type="METHOD" missed="0" covered="1"/></method><method name="add" desc="(Lcom/github/ltennstedt/finnmath/linear/DecimalVector;)Lcom/github/ltennstedt/finnmath/linear/DecimalVector;" line="59"><counter type="INSTRUCTION" missed="0" covered="34"/><counter type="BRANCH" missed="0" covered="2"/><counter type="LINE" missed="0" covered="6"/><counter type="COMPLEXITY" missed="0" covered="2"/><counter type="METHOD" missed="0" covered="1"/></method><method name="subtract" desc="(Lcom/github/ltennstedt/finnmath/linear/DecimalVector;)Lcom/github/ltennstedt/finnmath/linear/DecimalVector;" line="82"><counter type="INSTRUCTION" missed="0" covered="34"/><counter type="BRANCH" missed="0" covered="2"/><counter type="LINE" missed="0" covered="6"/><counter type="COMPLEXITY" missed="0" covered="2"/><counter type="METHOD" missed="0" covered="1"/></method><method name="dotProduct" desc="(Lcom/github/ltennstedt/finnmath/linear/DecimalVector;)Ljava/math/BigDecimal;" line="107"><counter type="INSTRUCTION" missed="0" covered="50"/><counter type="BRANCH" missed="0" covered="4"/><counter type="LINE" missed="0" covered="7"/><counter type="COMPLEXITY" missed="0" covered="3"/><counter type="METHOD" missed="0" covered="1"/></method><method name="scalarMultiply" desc="(Ljava/math/BigDecimal;)Lcom/github/ltennstedt/finnmath/linear/DecimalVector;" line="129"><counter type="INSTRUCTION" missed="0" covered="19"/><counter type="LINE" missed="0" covered="4"/><counter type="COMPLEXITY" missed="0" covered="1"/><counter type="METHOD" missed="0" covered="1"/></method><method name="negate" desc="()Lcom/github/ltennstedt/finnmath/linear/DecimalVector;" line="147"><counter type="INSTRUCTION" missed="0" covered="5"/><counter type="LINE" missed="0" covered="1"/><counter type="COMPLEXITY" missed="0" covered="1"/><counter type="METHOD" missed="0" covered="1"/></method><method name="taxicabNorm" desc="()Ljava/math/BigDecimal;" line="159"><counter type="INSTRUCTION" missed="0" covered="22"/><counter type="BRANCH" missed="0" covered="2"/><counter type="LINE" missed="0" covered="5"/><counter type="COMPLEXITY" missed="0" covered="2"/><counter type="METHOD" missed="0" covered="1"/></method><method name="taxicabDistance" desc="(Lcom/github/ltennstedt/finnmath/linear/DecimalVector;)Ljava/math/BigDecimal;" line="183"><counter type="INSTRUCTION" missed="0" covered="25"/><counter type="BRANCH" missed="0" covered="2"/><counter type="LINE" missed="0" covered="3"/><counter type="COMPLEXITY" missed="0" covered="2"/><counter type="METHOD" missed="0" covered="1"/></method><method name="euclideanNormPow2" desc="()Ljava/math/BigDecimal;" line="198"><counter type="INSTRUCTION" missed="0" covered="4"/><counter type="LINE" missed="0" covered="1"/><counter type="COMPLEXITY" missed="0" covered="1"/><counter type="METHOD" missed="0" covered="1"/></method><method name="euclideanNorm" desc="()Ljava/math/BigDecimal;" line="212"><counter type="INSTRUCTION" missed="0" covered="7"/><counter type="LINE" missed="0" covered="1"/><counter type="COMPLEXITY" missed="0" covered="1"/><counter type="METHOD" missed="0" covered="1"/></method><method name="euclideanNorm" desc="(Ljava/math/BigDecimal;)Ljava/math/BigDecimal;" line="232"><counter type="INSTRUCTION" missed="0" covered="26"/><counter type="BRANCH" missed="0" covered="4"/><counter type="LINE" missed="0" covered="3"/><counter type="COMPLEXITY" missed="0" covered="3"/><counter type="METHOD" missed="0" covered="1"/></method><method name="euclideanNorm" desc="(ILjava/math/RoundingMode;)Ljava/math/BigDecimal;" line="255"><counter type="INSTRUCTION" missed="0" covered="17"/><counter type="BRANCH" missed="0" covered="2"/><counter type="LINE" missed="0" covered="2"/><counter type="COMPLEXITY" missed="0" covered="2"/><counter type="METHOD" missed="0" covered="1"/></method><method name="euclideanNorm" desc="(Ljava/math/BigDecimal;ILjava/math/RoundingMode;)Ljava/math/BigDecimal;" line="282"><counter type="INSTRUCTION" missed="0" covered="36"/><counter type="BRANCH" missed="0" covered="6"/><counter type="LINE" missed="0" covered="4"/><counter type="COMPLEXITY" missed="0" covered="4"/><counter type="METHOD" missed="0" covered="1"/></method><method name="euclideanDistancePow2" desc="(Lcom/github/ltennstedt/finnmath/linear/DecimalVector;)Ljava/math/BigDecimal;" line="306"><counter type="INSTRUCTION" missed="0" covered="25"/><counter type="BRANCH" missed="0" covered="2"/><counter type="LINE" missed="0" covered="3"/><counter type="COMPLEXITY" missed="0" covered="2"/><counter type="METHOD" missed="0" covered="1"/></method><method name="euclideanDistance" desc="(Lcom/github/ltennstedt/finnmath/linear/DecimalVector;)Ljava/math/BigDecimal;" line="328"><counter type="INSTRUCTION" missed="0" covered="28"/><counter type="BRANCH" missed="0" covered="2"/><counter type="LINE" missed="0" covered="3"/><counter type="COMPLEXITY" missed="0" covered="2"/><counter type="METHOD" missed="0" covered="1"/></method><method name="euclideanDistance" desc="(Lcom/github/ltennstedt/finnmath/linear/DecimalVector;Ljava/math/BigDecimal;)Ljava/math/BigDecimal;" line="356"><counter type="INSTRUCTION" missed="0" covered="47"/><counter type="BRANCH" missed="0" covered="6"/><counter type="LINE" missed="0" covered="5"/><counter type="COMPLEXITY" missed="0" covered="4"/><counter type="METHOD" missed="0" covered="1"/></method><method name="euclideanDistance" desc="(Lcom/github/ltennstedt/finnmath/linear/DecimalVector;ILjava/math/RoundingMode;)Ljava/math/BigDecimal;" line="387"><counter type="INSTRUCTION" missed="0" covered="38"/><counter type="BRANCH" missed="0" covered="4"/><counter type="LINE" missed="0" covered="4"/><counter type="COMPLEXITY" missed="0" covered="3"/><counter type="METHOD" missed="0" covered="1"/></method><method name="euclideanDistance" desc="(Lcom/github/ltennstedt/finnmath/linear/DecimalVector;Ljava/math/BigDecimal;ILjava/math/RoundingMode;)Ljava/math/BigDecimal;" line="423"><counter type="INSTRUCTION" missed="0" covered="57"/><counter type="BRANCH" missed="0" covered="8"/><counter type="LINE" missed="0" covered="6"/><counter type="COMPLEXITY" missed="0" covered="5"/><counter type="METHOD" missed="0" covered="1"/></method><method name="maxNorm" desc="()Ljava/math/BigDecimal;" line="441"><counter type="INSTRUCTION" missed="0" covered="22"/><counter type="BRANCH" missed="0" covered="2"/><counter type="LINE" missed="0" covered="5"/><counter type="COMPLEXITY" missed="0" covered="2"/><counter type="METHOD" missed="0" covered="1"/></method><method name="maxDistance" desc="(Lcom/github/ltennstedt/finnmath/linear/DecimalVector;)Ljava/math/BigDecimal;" line="465"><counter type="INSTRUCTION" missed="0" covered="25"/><counter type="BRANCH" missed="0" covered="2"/><counter type="LINE" missed="0" covered="3"/><counter type="COMPLEXITY" missed="0" covered="2"/><counter type="METHOD" missed="0" covered="1"/></method><method name="size" desc="()I" line="479"><counter type="INSTRUCTION" missed="0" covered="4"/><counter type="LINE" missed="0" covered="1"/><counter type="COMPLEXITY" missed="0" covered="1"/><counter type="METHOD" missed="0" covered="1"/></method><method name="builder" desc="(I)Lcom/github/ltennstedt/finnmath/linear/DecimalVector$DecimalVectorBuilder;" line="492"><counter type="INSTRUCTION" missed="0" covered="14"/><counter type="BRANCH" missed="0" covered="2"/><counter type="LINE" missed="0" covered="2"/><counter type="COMPLEXITY" missed="0" covered="2"/><counter type="METHOD" missed="0" covered="1"/></method><method name="hashCode" desc="()I" line="498"><counter type="INSTRUCTION" missed="0" covered="9"/><counter type="LINE" missed="0" covered="1"/><counter type="COMPLEXITY" missed="0" covered="1"/><counter type="METHOD" missed="0" covered="1"/></method><method name="equals" desc="(Ljava/lang/Object;)Z" line="503"><counter type="INSTRUCTION" missed="0" covered="19"/><counter type="BRANCH" missed="0" covered="4"/><counter type="LINE" missed="0" covered="6"/><counter type="COMPLEXITY" missed="0" covered="3"/><counter type="METHOD" missed="0" covered="1"/></method><method name="lambda$scalarMultiply$2" desc="(Lcom/github/ltennstedt/finnmath/linear/DecimalVector$DecimalVectorBuilder;Ljava/math/BigDecimal;Ljava/math/BigDecimal;)V" line="132"><counter type="INSTRUCTION" missed="0" covered="7"/><counter type="LINE" missed="0" covered="2"/><counter type="COMPLEXITY" missed="0" covered="1"/><counter type="METHOD" missed="0" covered="1"/></method><method name="lambda$subtract$1" desc="(Lcom/github/ltennstedt/finnmath/linear/DecimalVector$DecimalVectorBuilder;Lcom/github/ltennstedt/finnmath/linear/DecimalVector;Ljava/lang/Integer;Ljava/math/BigDecimal;)V" line="87"><counter type="INSTRUCTION" missed="0" covered="10"/><counter type="LINE" missed="0" covered="2"/><counter type="COMPLEXITY" missed="0" covered="1"/><counter type="METHOD" missed="0" covered="1"/></method><method name="lambda$add$0" desc="(Lcom/github/ltennstedt/finnmath/linear/DecimalVector$DecimalVectorBuilder;Lcom/github/ltennstedt/finnmath/linear/DecimalVector;Ljava/lang/Integer;Ljava/math/BigDecimal;)V" line="64"><counter type="INSTRUCTION" missed="0" covered="10"/><counter type="LINE" missed="0" covered="2"/><counter type="COMPLEXITY" missed="0" covered="1"/><counter type="METHOD" missed="0" covered="1"/></method><counter type="INSTRUCTION" missed="0" covered="598"/><counter type="BRANCH" missed="0" covered="56"/><counter type="LINE" missed="0" covered="90"/><counter type="COMPLEXITY" missed="0" covered="55"/><counter type="METHOD" missed="0" covered="27"/><counter type="CLASS" missed="0" covered="1"/></class><class name="com/github/ltennstedt/finnmath/linear/BigIntMatrix"><method name="&lt;init&gt;" desc="(Lcom/google/common/collect/ImmutableTable;)V" line="47"><counter type="INSTRUCTION" missed="0" covered="4"/><counter type="LINE" missed="0" covered="2"/><counter type="COMPLEXITY" missed="0" covered="1"/><counter type="METHOD" missed="0" covered="1"/></method><method name="add" desc="(Lcom/github/ltennstedt/finnmath/linear/BigIntMatrix;)Lcom/github/ltennstedt/finnmath/linear/BigIntMatrix;" line="68"><counter type="INSTRUCTION" missed="0" covered="56"/><counter type="BRANCH" missed="0" covered="4"/><counter type="LINE" missed="0" covered="8"/><counter type="COMPLEXITY" missed="0" covered="3"/><counter type="METHOD" missed="0" covered="1"/></method><method name="subtract" desc="(Lcom/github/ltennstedt/finnmath/linear/BigIntMatrix;)Lcom/github/ltennstedt/finnmath/linear/BigIntMatrix;" line="100"><counter type="INSTRUCTION" missed="0" covered="56"/><counter type="BRANCH" missed="0" covered="4"/><counter type="LINE" missed="0" covered="8"/><counter type="COMPLEXITY" missed="0" covered="3"/><counter type="METHOD" missed="0" covered="1"/></method><method name="multiply" desc="(Lcom/github/ltennstedt/finnmath/linear/BigIntMatrix;)Lcom/github/ltennstedt/finnmath/linear/BigIntMatrix;" line="130"><counter type="INSTRUCTION" missed="0" covered="41"/><counter type="BRANCH" missed="0" covered="2"/><counter type="LINE" missed="0" covered="6"/><counter type="COMPLEXITY" missed="0" covered="2"/><counter type="METHOD" missed="0" covered="1"/></method><method name="multiplyVector" desc="(Lcom/github/ltennstedt/finnmath/linear/BigIntVector;)Lcom/github/ltennstedt/finnmath/linear/BigIntVector;" line="159"><counter type="INSTRUCTION" missed="0" covered="38"/><counter type="BRANCH" missed="0" covered="2"/><counter type="LINE" missed="0" covered="6"/><counter type="COMPLEXITY" missed="0" covered="2"/><counter type="METHOD" missed="0" covered="1"/></method><method name="multiplyRowWithColumn" desc="(Ljava/util/Map;Ljava/util/Map;)Ljava/math/BigInteger;" line="176"><counter type="INSTRUCTION" missed="1" covered="49"/><counter type="BRANCH" missed="1" covered="3"/><counter type="LINE" missed="0" covered="9"/><counter type="COMPLEXITY" missed="1" covered="2"/><counter type="METHOD" missed="0" covered="1"/></method><method name="scalarMultiply" desc="(Ljava/math/BigInteger;)Lcom/github/ltennstedt/finnmath/linear/BigIntMatrix;" line="201"><counter type="INSTRUCTION" missed="0" covered="24"/><counter type="LINE" missed="0" covered="4"/><counter type="COMPLEXITY" missed="0" covered="1"/><counter type="METHOD" missed="0" covered="1"/></method><method name="negate" desc="()Lcom/github/ltennstedt/finnmath/linear/BigIntMatrix;" line="219"><counter type="INSTRUCTION" missed="0" covered="5"/><counter type="LINE" missed="0" covered="1"/><counter type="COMPLEXITY" missed="0" covered="1"/><counter type="METHOD" missed="0" covered="1"/></method><method name="trace" desc="()Ljava/math/BigInteger;" line="231"><counter type="INSTRUCTION" missed="0" covered="38"/><counter type="BRANCH" missed="0" covered="2"/><counter type="LINE" missed="0" covered="7"/><counter type="COMPLEXITY" missed="0" covered="2"/><counter type="METHOD" missed="0" covered="1"/></method><method name="determinant" desc="()Ljava/math/BigInteger;" line="253"><counter type="INSTRUCTION" missed="0" covered="95"/><counter type="BRANCH" missed="0" covered="10"/><counter type="LINE" missed="0" covered="14"/><counter type="COMPLEXITY" missed="0" covered="6"/><counter type="METHOD" missed="0" covered="1"/></method><method name="leibnizFormula" desc="()Ljava/math/BigInteger;" line="277"><counter type="INSTRUCTION" missed="0" covered="78"/><counter type="BRANCH" missed="0" covered="8"/><counter type="LINE" missed="0" covered="14"/><counter type="COMPLEXITY" missed="0" covered="5"/><counter type="METHOD" missed="0" covered="1"/></method><method name="ruleOfSarrus" desc="()Ljava/math/BigInteger;" line="298"><counter type="INSTRUCTION" missed="0" covered="174"/><counter type="LINE" missed="0" covered="7"/><counter type="COMPLEXITY" missed="0" covered="1"/><counter type="METHOD" missed="0" covered="1"/></method><method name="transpose" desc="()Lcom/github/ltennstedt/finnmath/linear/BigIntMatrix;" line="317"><counter type="INSTRUCTION" missed="0" covered="19"/><counter type="LINE" missed="0" covered="3"/><counter type="COMPLEXITY" missed="0" covered="1"/><counter type="METHOD" missed="0" covered="1"/></method><method name="minor" desc="(Ljava/lang/Integer;Ljava/lang/Integer;)Lcom/github/ltennstedt/finnmath/linear/BigIntMatrix;" line="346"><counter type="INSTRUCTION" missed="0" covered="55"/><counter type="LINE" missed="0" covered="9"/><counter type="COMPLEXITY" missed="0" covered="1"/><counter type="METHOD" missed="0" covered="1"/></method><method name="maxAbsColumnSumNorm" desc="()Ljava/math/BigInteger;" line="374"><counter type="INSTRUCTION" missed="0" covered="42"/><counter type="BRANCH" missed="0" covered="4"/><counter type="LINE" missed="0" covered="9"/><counter type="COMPLEXITY" missed="0" covered="3"/><counter type="METHOD" missed="0" covered="1"/></method><method name="maxAbsRowSumNorm" desc="()Ljava/math/BigInteger;" line="394"><counter type="INSTRUCTION" missed="0" covered="42"/><counter type="BRANCH" missed="0" covered="4"/><counter type="LINE" missed="0" covered="9"/><counter type="COMPLEXITY" missed="0" covered="3"/><counter type="METHOD" missed="0" covered="1"/></method><method name="frobeniusNormPow2" desc="()Ljava/math/BigInteger;" line="414"><counter type="INSTRUCTION" missed="0" covered="23"/><counter type="BRANCH" missed="0" covered="2"/><counter type="LINE" missed="0" covered="5"/><counter type="COMPLEXITY" missed="0" covered="2"/><counter type="METHOD" missed="0" covered="1"/></method><method name="frobeniusNorm" desc="()Ljava/math/BigDecimal;" line="432"><counter type="INSTRUCTION" missed="0" covered="7"/><counter type="LINE" missed="0" covered="1"/><counter type="COMPLEXITY" missed="0" covered="1"/><counter type="METHOD" missed="0" covered="1"/></method><method name="frobeniusNorm" desc="(Ljava/math/BigDecimal;)Ljava/math/BigDecimal;" line="452"><counter type="INSTRUCTION" missed="0" covered="26"/><counter type="BRANCH" missed="0" covered="4"/><counter type="LINE" missed="0" covered="3"/><counter type="COMPLEXITY" missed="0" covered="3"/><counter type="METHOD" missed="0" covered="1"/></method><method name="frobeniusNorm" desc="(ILjava/math/RoundingMode;)Ljava/math/BigDecimal;" line="475"><counter type="INSTRUCTION" missed="0" covered="17"/><counter type="BRANCH" missed="0" covered="2"/><counter type="LINE" missed="0" covered="2"/><counter type="COMPLEXITY" missed="0" covered="2"/><counter type="METHOD" missed="0" covered="1"/></method><method name="frobeniusNorm" desc="(Ljava/math/BigDecimal;ILjava/math/RoundingMode;)Ljava/math/BigDecimal;" line="502"><counter type="INSTRUCTION" missed="0" covered="36"/><counter type="BRANCH" missed="0" covered="6"/><counter type="LINE" missed="0" covered="4"/><counter type="COMPLEXITY" missed="0" covered="4"/><counter type="METHOD" missed="0" covered="1"/></method><method name="maxNorm" desc="()Ljava/math/BigInteger;" line="518"><counter type="INSTRUCTION" missed="0" covered="22"/><counter type="BRANCH" missed="0" covered="2"/><counter type="LINE" missed="0" covered="5"/><counter type="COMPLEXITY" missed="0" covered="2"/><counter type="METHOD" missed="0" covered="1"/></method><method name="upperTriangular" desc="()Z" line="534"><counter type="INSTRUCTION" missed="0" covered="37"/><counter type="BRANCH" missed="0" covered="8"/><counter type="LINE" missed="0" covered="7"/><counter type="COMPLEXITY" missed="0" covered="5"/><counter type="METHOD" missed="0" covered="1"/></method><method name="lowerTriangular" desc="()Z" line="554"><counter type="INSTRUCTION" missed="0" covered="37"/><counter type="BRANCH" missed="0" covered="8"/><counter type="LINE" missed="0" covered="7"/><counter type="COMPLEXITY" missed="0" covered="5"/><counter type="METHOD" missed="0" covered="1"/></method><method name="identity" desc="()Z" line="575"><counter type="INSTRUCTION" missed="0" covered="31"/><counter type="BRANCH" missed="0" covered="6"/><counter type="LINE" missed="0" covered="7"/><counter type="COMPLEXITY" missed="0" covered="4"/><counter type="METHOD" missed="0" covered="1"/></method><method name="invertible" desc="()Z" line="596"><counter type="INSTRUCTION" missed="0" covered="15"/><counter type="BRANCH" missed="0" covered="4"/><counter type="LINE" missed="0" covered="1"/><counter type="COMPLEXITY" missed="0" covered="3"/><counter type="METHOD" missed="0" covered="1"/></method><method name="builder" desc="(II)Lcom/github/ltennstedt/finnmath/linear/BigIntMatrix$BigIntMatrixBuilder;" line="611"><counter type="INSTRUCTION" missed="0" covered="23"/><counter type="BRANCH" missed="0" covered="4"/><counter type="LINE" missed="0" covered="3"/><counter type="COMPLEXITY" missed="0" covered="3"/><counter type="METHOD" missed="0" covered="1"/></method><method name="hashCode" desc="()I" line="618"><counter type="INSTRUCTION" missed="0" covered="9"/><counter type="LINE" missed="0" covered="1"/><counter type="COMPLEXITY" missed="0" covered="1"/><counter type="METHOD" missed="0" covered="1"/></method><method name="equals" desc="(Ljava/lang/Object;)Z" line="623"><counter type="INSTRUCTION" missed="0" covered="19"/><counter type="BRANCH" missed="0" covered="4"/><counter type="LINE" missed="0" covered="6"/><counter type="COMPLEXITY" missed="0" covered="3"/><counter type="METHOD" missed="0" covered="1"/></method><method name="lambda$minor$8" desc="(Ljava/lang/Integer;Ljava/lang/Integer;Lcom/github/ltennstedt/finnmath/linear/BigIntMatrix$BigIntMatrixBuilder;Lcom/google/common/collect/Table$Cell;)V" line="354"><counter type="INSTRUCTION" missed="0" covered="51"/><counter type="BRANCH" missed="0" covered="8"/><counter type="LINE" missed="0" covered="7"/><counter type="COMPLEXITY" missed="0" covered="5"/><counter type="METHOD" missed="0" covered="1"/></method><method name="lambda$transpose$7" desc="(Lcom/github/ltennstedt/finnmath/linear/BigIntMatrix$BigIntMatrixBuilder;Lcom/google/common/collect/Table$Cell;)V" line="319"><counter type="INSTRUCTION" missed="0" covered="13"/><counter type="LINE" missed="0" covered="2"/><counter type="COMPLEXITY" missed="0" covered="1"/><counter type="METHOD" missed="0" covered="1"/></method><method name="lambda$scalarMultiply$6" desc="(Lcom/github/ltennstedt/finnmath/linear/BigIntMatrix$BigIntMatrixBuilder;Ljava/math/BigInteger;Lcom/google/common/collect/Table$Cell;)V" line="204"><counter type="INSTRUCTION" missed="0" covered="15"/><counter type="LINE" missed="0" covered="2"/><counter type="COMPLEXITY" missed="0" covered="1"/><counter type="METHOD" missed="0" covered="1"/></method><method name="lambda$multiplyVector$5" desc="(Lcom/github/ltennstedt/finnmath/linear/BigIntVector$BigIntVectorBuilder;Lcom/github/ltennstedt/finnmath/linear/BigIntVector;Ljava/lang/Integer;Ljava/util/Map;)V" line="164"><counter type="INSTRUCTION" missed="0" covered="7"/><counter type="LINE" missed="0" covered="2"/><counter type="COMPLEXITY" missed="0" covered="1"/><counter type="METHOD" missed="0" covered="1"/></method><method name="lambda$multiplyVector$4" desc="(Lcom/github/ltennstedt/finnmath/linear/BigIntVector$BigIntVectorBuilder;Ljava/lang/Integer;Lcom/github/ltennstedt/finnmath/linear/BigIntVector;Ljava/lang/Integer;Ljava/math/BigInteger;)V" line="166"><counter type="INSTRUCTION" missed="0" covered="24"/><counter type="BRANCH" missed="0" covered="2"/><counter type="LINE" missed="0" covered="3"/><counter type="COMPLEXITY" missed="0" covered="2"/><counter type="METHOD" missed="0" covered="1"/></method><method name="lambda$multiply$3" desc="(Lcom/github/ltennstedt/finnmath/linear/BigIntMatrix;Lcom/github/ltennstedt/finnmath/linear/BigIntMatrix$BigIntMatrixBuilder;Ljava/lang/Integer;Ljava/util/Map;)V" line="135"><counter type="INSTRUCTION" missed="0" covered="9"/><counter type="LINE" missed="0" covered="2"/><counter type="COMPLEXITY" missed="0" covered="1"/><counter type="METHOD" missed="0" covered="1"/></method><method name="lambda$multiply$2" desc="(Ljava/util/Map;Lcom/github/ltennstedt/finnmath/linear/BigIntMatrix$BigIntMatrixBuilder;Ljava/lang/Integer;Ljava/lang/Integer;Ljava/util/Map;)V" line="136"><counter type="INSTRUCTION" missed="0" covered="12"/><counter type="LINE" missed="0" covered="3"/><counter type="COMPLEXITY" missed="0" covered="1"/><counter type="METHOD" missed="0" covered="1"/></method><method name="lambda$subtract$1" desc="(Lcom/github/ltennstedt/finnmath/linear/BigIntMatrix$BigIntMatrixBuilder;Lcom/github/ltennstedt/finnmath/linear/BigIntMatrix;Lcom/google/common/collect/Table$Cell;)V" line="107"><counter type="INSTRUCTION" missed="0" covered="23"/><counter type="LINE" missed="0" covered="4"/><counter type="COMPLEXITY" missed="0" covered="1"/><counter type="METHOD" missed="0" covered="1"/></method><method name="lambda$add$0" desc="(Lcom/github/ltennstedt/finnmath/linear/BigIntMatrix$BigIntMatrixBuilder;Lcom/github/ltennstedt/finnmath/linear/BigIntMatrix;Lcom/google/common/collect/Table$Cell;)V" line="75"><counter type="INSTRUCTION" missed="0" covered="23"/><counter type="LINE" missed="0" covered="4"/><counter type="COMPLEXITY" missed="0" covered="1"/><counter type="METHOD" missed="0" covered="1"/></method><counter type="INSTRUCTION" missed="1" covered="1295"/><counter type="BRANCH" missed="1" covered="103"/><counter type="LINE" missed="0" covered="197"/><counter type="COMPLEXITY" missed="1" covered="89"/><counter type="METHOD" missed="0" covered="38"/><counter type="CLASS" missed="0" covered="1"/></class><class name="com/github/ltennstedt/finnmath/linear/SimpleComplexNumberVector"><method name="&lt;init&gt;" desc="(Lcom/google/common/collect/ImmutableMap;)V" line="46"><counter type="INSTRUCTION" missed="4" covered="0"/><counter type="LINE" missed="2" covered="0"/><counter type="COMPLEXITY" missed="1" covered="0"/><counter type="METHOD" missed="1" covered="0"/></method><method name="add" desc="(Lcom/github/ltennstedt/finnmath/linear/SimpleComplexNumberVector;)Lcom/github/ltennstedt/finnmath/linear/SimpleComplexNumberVector;" line="64"><counter type="INSTRUCTION" missed="34" covered="0"/><counter type="BRANCH" missed="2" covered="0"/><counter type="LINE" missed="6" covered="0"/><counter type="COMPLEXITY" missed="2" covered="0"/><counter type="METHOD" missed="1" covered="0"/></method><method name="subtract" desc="(Lcom/github/ltennstedt/finnmath/linear/SimpleComplexNumberVector;)Lcom/github/ltennstedt/finnmath/linear/SimpleComplexNumberVector;" line="89"><counter type="INSTRUCTION" missed="34" covered="0"/><counter type="BRANCH" missed="2" covered="0"/><counter type="LINE" missed="6" covered="0"/><counter type="COMPLEXITY" missed="2" covered="0"/><counter type="METHOD" missed="1" covered="0"/></method><method name="scalarMultiply" desc="(Lcom/github/ltennstedt/finnmath/number/SimpleComplexNumber;)Lcom/github/ltennstedt/finnmath/linear/SimpleComplexNumberVector;" line="112"><counter type="INSTRUCTION" missed="19" covered="0"/><counter type="LINE" missed="4" covered="0"/><counter type="COMPLEXITY" missed="1" covered="0"/><counter type="METHOD" missed="1" covered="0"/></method><method name="negate" desc="()Lcom/github/ltennstedt/finnmath/linear/SimpleComplexNumberVector;" line="130"><counter type="INSTRUCTION" missed="5" covered="0"/><counter type="LINE" missed="1" covered="0"/><counter type="COMPLEXITY" missed="1" covered="0"/><counter type="METHOD" missed="1" covered="0"/></method><method name="taxicabNorm" desc="()Ljava/math/BigDecimal;" line="142"><counter type="INSTRUCTION" missed="22" covered="0"/><counter type="BRANCH" missed="2" covered="0"/><counter type="LINE" missed="5" covered="0"/><counter type="COMPLEXITY" missed="2" covered="0"/><counter type="METHOD" missed="1" covered="0"/></method><method name="taxicabDistance" desc="(Lcom/github/ltennstedt/finnmath/linear/SimpleComplexNumberVector;)Ljava/math/BigDecimal;" line="166"><counter type="INSTRUCTION" missed="25" covered="0"/><counter type="BRANCH" missed="2" covered="0"/><counter type="LINE" missed="3" covered="0"/><counter type="COMPLEXITY" missed="2" covered="0"/><counter type="METHOD" missed="1" covered="0"/></method><method name="euclideanNormPow2" desc="()Ljava/math/BigInteger;" line="180"><counter type="INSTRUCTION" missed="22" covered="0"/><counter type="BRANCH" missed="2" covered="0"/><counter type="LINE" missed="5" covered="0"/><counter type="COMPLEXITY" missed="2" covered="0"/><counter type="METHOD" missed="1" covered="0"/></method><method name="euclideanNorm" desc="()Ljava/math/BigDecimal;" line="198"><counter type="INSTRUCTION" missed="7" covered="0"/><counter type="LINE" missed="1" covered="0"/><counter type="COMPLEXITY" missed="1" covered="0"/><counter type="METHOD" missed="1" covered="0"/></method><method name="euclideanNorm" desc="(Ljava/math/BigDecimal;)Ljava/math/BigDecimal;" line="218"><counter type="INSTRUCTION" missed="26" covered="0"/><counter type="BRANCH" missed="4" covered="0"/><counter type="LINE" missed="3" covered="0"/><counter type="COMPLEXITY" missed="3" covered="0"/><counter type="METHOD" missed="1" covered="0"/></method><method name="euclideanNorm" desc="(ILjava/math/RoundingMode;)Ljava/math/BigDecimal;" line="241"><counter type="INSTRUCTION" missed="17" covered="0"/><counter type="BRANCH" missed="2" covered="0"/><counter type="LINE" missed="2" covered="0"/><counter type="COMPLEXITY" missed="2" covered="0"/><counter type="METHOD" missed="1" covered="0"/></method><method name="euclideanNorm" desc="(Ljava/math/BigDecimal;ILjava/math/RoundingMode;)Ljava/math/BigDecimal;" line="268"><counter type="INSTRUCTION" missed="36" covered="0"/><counter type="BRANCH" missed="6" covered="0"/><counter type="LINE" missed="4" covered="0"/><counter type="COMPLEXITY" missed="4" covered="0"/><counter type="METHOD" missed="1" covered="0"/></method><method name="dotProduct" desc="(Lcom/github/ltennstedt/finnmath/linear/SimpleComplexNumberVector;)Lcom/github/ltennstedt/finnmath/number/SimpleComplexNumber;" line="290"><counter type="INSTRUCTION" missed="50" covered="0"/><counter type="BRANCH" missed="4" covered="0"/><counter type="LINE" missed="7" covered="0"/><counter type="COMPLEXITY" missed="3" covered="0"/><counter type="METHOD" missed="1" covered="0"/></method><method name="euclideanDistancePow2" desc="(Lcom/github/ltennstedt/finnmath/linear/SimpleComplexNumberVector;)Ljava/math/BigInteger;" line="316"><counter type="INSTRUCTION" missed="25" covered="0"/><counter type="BRANCH" missed="2" covered="0"/><counter type="LINE" missed="3" covered="0"/><counter type="COMPLEXITY" missed="2" covered="0"/><counter type="METHOD" missed="1" covered="0"/></method><method name="euclideanDistance" desc="(Lcom/github/ltennstedt/finnmath/linear/SimpleComplexNumberVector;)Ljava/math/BigDecimal;" line="338"><counter type="INSTRUCTION" missed="28" covered="0"/><counter type="BRANCH" missed="2" covered="0"/><counter type="LINE" missed="3" covered="0"/><counter type="COMPLEXITY" missed="2" covered="0"/><counter type="METHOD" missed="1" covered="0"/></method><method name="euclideanDistance" desc="(Lcom/github/ltennstedt/finnmath/linear/SimpleComplexNumberVector;Ljava/math/BigDecimal;)Ljava/math/BigDecimal;" line="366"><counter type="INSTRUCTION" missed="47" covered="0"/><counter type="BRANCH" missed="6" covered="0"/><counter type="LINE" missed="5" covered="0"/><counter type="COMPLEXITY" missed="4" covered="0"/><counter type="METHOD" missed="1" covered="0"/></method><method name="euclideanDistance" desc="(Lcom/github/ltennstedt/finnmath/linear/SimpleComplexNumberVector;ILjava/math/RoundingMode;)Ljava/math/BigDecimal;" line="398"><counter type="INSTRUCTION" missed="38" covered="0"/><counter type="BRANCH" missed="4" covered="0"/><counter type="LINE" missed="4" covered="0"/><counter type="COMPLEXITY" missed="3" covered="0"/><counter type="METHOD" missed="1" covered="0"/></method><method name="euclideanDistance" desc="(Lcom/github/ltennstedt/finnmath/linear/SimpleComplexNumberVector;Ljava/math/BigDecimal;ILjava/math/RoundingMode;)Ljava/math/BigDecimal;" line="434"><counter type="INSTRUCTION" missed="57" covered="0"/><counter type="BRANCH" missed="8" covered="0"/><counter type="LINE" missed="6" covered="0"/><counter type="COMPLEXITY" missed="5" covered="0"/><counter type="METHOD" missed="1" covered="0"/></method><method name="maxNorm" desc="()Ljava/math/BigDecimal;" line="452"><counter type="INSTRUCTION" missed="22" covered="0"/><counter type="BRANCH" missed="2" covered="0"/><counter type="LINE" missed="5" covered="0"/><counter type="COMPLEXITY" missed="2" covered="0"/><counter type="METHOD" missed="1" covered="0"/></method><method name="maxDistance" desc="(Lcom/github/ltennstedt/finnmath/linear/SimpleComplexNumberVector;)Ljava/math/BigDecimal;" line="476"><counter type="INSTRUCTION" missed="25" covered="0"/><counter type="BRANCH" missed="2" covered="0"/><counter type="LINE" missed="3" covered="0"/><counter type="COMPLEXITY" missed="2" covered="0"/><counter type="METHOD" missed="1" covered="0"/></method><method name="size" desc="()I" line="490"><counter type="INSTRUCTION" missed="4" covered="0"/><counter type="LINE" missed="1" covered="0"/><counter type="COMPLEXITY" missed="1" covered="0"/><counter type="METHOD" missed="1" covered="0"/></method><method name="builder" desc="(I)Lcom/github/ltennstedt/finnmath/linear/SimpleComplexNumberVector$SimpleComplexNumberVectorBuilder;" line="503"><counter type="INSTRUCTION" missed="15" covered="0"/><counter type="BRANCH" missed="2" covered="0"/><counter type="LINE" missed="2" covered="0"/><counter type="COMPLEXITY" missed="2" covered="0"/><counter type="METHOD" missed="1" covered="0"/></method><method name="hashCode" desc="()I" line="509"><counter type="INSTRUCTION" missed="9" covered="0"/><counter type="LINE" missed="1" covered="0"/><counter type="COMPLEXITY" missed="1" covered="0"/><counter type="METHOD" missed="1" covered="0"/></method><method name="equals" desc="(Ljava/lang/Object;)Z" line="514"><counter type="INSTRUCTION" missed="19" covered="0"/><counter type="BRANCH" missed="4" covered="0"/><counter type="LINE" missed="6" covered="0"/><counter type="COMPLEXITY" missed="3" covered="0"/><counter type="METHOD" missed="1" covered="0"/></method><method name="lambda$scalarMultiply$2" desc="(Lcom/github/ltennstedt/finnmath/linear/SimpleComplexNumberVector$SimpleComplexNumberVectorBuilder;Lcom/github/ltennstedt/finnmath/number/SimpleComplexNumber;Lcom/github/ltennstedt/finnmath/number/SimpleComplexNumber;)V" line="115"><counter type="INSTRUCTION" missed="7" covered="0"/><counter type="LINE" missed="2" covered="0"/><counter type="COMPLEXITY" missed="1" covered="0"/><counter type="METHOD" missed="1" covered="0"/></method><method name="lambda$subtract$1" desc="(Lcom/github/ltennstedt/finnmath/linear/SimpleComplexNumberVector$SimpleComplexNumberVectorBuilder;Lcom/github/ltennstedt/finnmath/linear/SimpleComplexNumberVector;Ljava/lang/Integer;Lcom/github/ltennstedt/finnmath/number/SimpleComplexNumber;)V" line="94"><counter type="INSTRUCTION" missed="10" covered="0"/><counter type="LINE" missed="2" covered="0"/><counter type="COMPLEXITY" missed="1" covered="0"/><counter type="METHOD" missed="1" covered="0"/></method><method name="lambda$add$0" desc="(Lcom/github/ltennstedt/finnmath/linear/SimpleComplexNumberVector$SimpleComplexNumberVectorBuilder;Lcom/github/ltennstedt/finnmath/linear/SimpleComplexNumberVector;Ljava/lang/Integer;Lcom/github/ltennstedt/finnmath/number/SimpleComplexNumber;)V" line="69"><counter type="INSTRUCTION" missed="10" covered="0"/><counter type="LINE" missed="2" covered="0"/><counter type="COMPLEXITY" missed="1" covered="0"/><counter type="METHOD" missed="1" covered="0"/></method><counter type="INSTRUCTION" missed="617" covered="0"/><counter type="BRANCH" missed="58" covered="0"/><counter type="LINE" missed="94" covered="0"/><counter type="COMPLEXITY" missed="56" covered="0"/><counter type="METHOD" missed="27" covered="0"/><counter type="CLASS" missed="1" covered="0"/></class><class name="com/github/ltennstedt/finnmath/linear/RealComplexNumberVector"><method name="&lt;init&gt;" desc="(Lcom/google/common/collect/ImmutableMap;)V" line="45"><counter type="INSTRUCTION" missed="4" covered="0"/><counter type="LINE" missed="2" covered="0"/><counter type="COMPLEXITY" missed="1" covered="0"/><counter type="METHOD" missed="1" covered="0"/></method><method name="add" desc="(Lcom/github/ltennstedt/finnmath/linear/RealComplexNumberVector;)Lcom/github/ltennstedt/finnmath/linear/RealComplexNumberVector;" line="63"><counter type="INSTRUCTION" missed="34" covered="0"/><counter type="BRANCH" missed="2" covered="0"/><counter type="LINE" missed="6" covered="0"/><counter type="COMPLEXITY" missed="2" covered="0"/><counter type="METHOD" missed="1" covered="0"/></method><method name="subtract" desc="(Lcom/github/ltennstedt/finnmath/linear/RealComplexNumberVector;)Lcom/github/ltennstedt/finnmath/linear/RealComplexNumberVector;" line="88"><counter type="INSTRUCTION" missed="34" covered="0"/><counter type="BRANCH" missed="2" covered="0"/><counter type="LINE" missed="6" covered="0"/><counter type="COMPLEXITY" missed="2" covered="0"/><counter type="METHOD" missed="1" covered="0"/></method><method name="scalarMultiply" desc="(Lcom/github/ltennstedt/finnmath/number/RealComplexNumber;)Lcom/github/ltennstedt/finnmath/linear/RealComplexNumberVector;" line="111"><counter type="INSTRUCTION" missed="19" covered="0"/><counter type="LINE" missed="4" covered="0"/><counter type="COMPLEXITY" missed="1" covered="0"/><counter type="METHOD" missed="1" covered="0"/></method><method name="negate" desc="()Lcom/github/ltennstedt/finnmath/linear/RealComplexNumberVector;" line="129"><counter type="INSTRUCTION" missed="5" covered="0"/><counter type="LINE" missed="1" covered="0"/><counter type="COMPLEXITY" missed="1" covered="0"/><counter type="METHOD" missed="1" covered="0"/></method><method name="taxicabNorm" desc="()Ljava/math/BigDecimal;" line="141"><counter type="INSTRUCTION" missed="22" covered="0"/><counter type="BRANCH" missed="2" covered="0"/><counter type="LINE" missed="5" covered="0"/><counter type="COMPLEXITY" missed="2" covered="0"/><counter type="METHOD" missed="1" covered="0"/></method><method name="taxicabDistance" desc="(Lcom/github/ltennstedt/finnmath/linear/RealComplexNumberVector;)Ljava/math/BigDecimal;" line="165"><counter type="INSTRUCTION" missed="25" covered="0"/><counter type="BRANCH" missed="2" covered="0"/><counter type="LINE" missed="3" covered="0"/><counter type="COMPLEXITY" missed="2" covered="0"/><counter type="METHOD" missed="1" covered="0"/></method><method name="euclideanNormPow2" desc="()Ljava/math/BigDecimal;" line="179"><counter type="INSTRUCTION" missed="22" covered="0"/><counter type="BRANCH" missed="2" covered="0"/><counter type="LINE" missed="5" covered="0"/><counter type="COMPLEXITY" missed="2" covered="0"/><counter type="METHOD" missed="1" covered="0"/></method><method name="euclideanNorm" desc="()Ljava/math/BigDecimal;" line="197"><counter type="INSTRUCTION" missed="7" covered="0"/><counter type="LINE" missed="1" covered="0"/><counter type="COMPLEXITY" missed="1" covered="0"/><counter type="METHOD" missed="1" covered="0"/></method><method name="euclideanNorm" desc="(Ljava/math/BigDecimal;)Ljava/math/BigDecimal;" line="217"><counter type="INSTRUCTION" missed="26" covered="0"/><counter type="BRANCH" missed="4" covered="0"/><counter type="LINE" missed="3" covered="0"/><counter type="COMPLEXITY" missed="3" covered="0"/><counter type="METHOD" missed="1" covered="0"/></method><method name="euclideanNorm" desc="(ILjava/math/RoundingMode;)Ljava/math/BigDecimal;" line="240"><counter type="INSTRUCTION" missed="17" covered="0"/><counter type="BRANCH" missed="2" covered="0"/><counter type="LINE" missed="2" covered="0"/><counter type="COMPLEXITY" missed="2" covered="0"/><counter type="METHOD" missed="1" covered="0"/></method><method name="euclideanNorm" desc="(Ljava/math/BigDecimal;ILjava/math/RoundingMode;)Ljava/math/BigDecimal;" line="267"><counter type="INSTRUCTION" missed="36" covered="0"/><counter type="BRANCH" missed="6" covered="0"/><counter type="LINE" missed="4" covered="0"/><counter type="COMPLEXITY" missed="4" covered="0"/><counter type="METHOD" missed="1" covered="0"/></method><method name="dotProduct" desc="(Lcom/github/ltennstedt/finnmath/linear/RealComplexNumberVector;)Lcom/github/ltennstedt/finnmath/number/RealComplexNumber;" line="289"><counter type="INSTRUCTION" missed="50" covered="0"/><counter type="BRANCH" missed="4" covered="0"/><counter type="LINE" missed="7" covered="0"/><counter type="COMPLEXITY" missed="3" covered="0"/><counter type="METHOD" missed="1" covered="0"/></method><method name="euclideanDistancePow2" desc="(Lcom/github/ltennstedt/finnmath/linear/RealComplexNumberVector;)Ljava/math/BigDecimal;" line="315"><counter type="INSTRUCTION" missed="25" covered="0"/><counter type="BRANCH" missed="2" covered="0"/><counter type="LINE" missed="3" covered="0"/><counter type="COMPLEXITY" missed="2" covered="0"/><counter type="METHOD" missed="1" covered="0"/></method><method name="euclideanDistance" desc="(Lcom/github/ltennstedt/finnmath/linear/RealComplexNumberVector;)Ljava/math/BigDecimal;" line="337"><counter type="INSTRUCTION" missed="28" covered="0"/><counter type="BRANCH" missed="2" covered="0"/><counter type="LINE" missed="3" covered="0"/><counter type="COMPLEXITY" missed="2" covered="0"/><counter type="METHOD" missed="1" covered="0"/></method><method name="euclideanDistance" desc="(Lcom/github/ltennstedt/finnmath/linear/RealComplexNumberVector;Ljava/math/BigDecimal;)Ljava/math/BigDecimal;" line="365"><counter type="INSTRUCTION" missed="47" covered="0"/><counter type="BRANCH" missed="6" covered="0"/><counter type="LINE" missed="5" covered="0"/><counter type="COMPLEXITY" missed="4" covered="0"/><counter type="METHOD" missed="1" covered="0"/></method><method name="euclideanDistance" desc="(Lcom/github/ltennstedt/finnmath/linear/RealComplexNumberVector;ILjava/math/RoundingMode;)Ljava/math/BigDecimal;" line="397"><counter type="INSTRUCTION" missed="38" covered="0"/><counter type="BRANCH" missed="4" covered="0"/><counter type="LINE" missed="4" covered="0"/><counter type="COMPLEXITY" missed="3" covered="0"/><counter type="METHOD" missed="1" covered="0"/></method><method name="euclideanDistance" desc="(Lcom/github/ltennstedt/finnmath/linear/RealComplexNumberVector;Ljava/math/BigDecimal;ILjava/math/RoundingMode;)Ljava/math/BigDecimal;" line="433"><counter type="INSTRUCTION" missed="57" covered="0"/><counter type="BRANCH" missed="8" covered="0"/><counter type="LINE" missed="6" covered="0"/><counter type="COMPLEXITY" missed="5" covered="0"/><counter type="METHOD" missed="1" covered="0"/></method><method name="maxNorm" desc="()Ljava/math/BigDecimal;" line="451"><counter type="INSTRUCTION" missed="22" covered="0"/><counter type="BRANCH" missed="2" covered="0"/><counter type="LINE" missed="5" covered="0"/><counter type="COMPLEXITY" missed="2" covered="0"/><counter type="METHOD" missed="1" covered="0"/></method><method name="maxDistance" desc="(Lcom/github/ltennstedt/finnmath/linear/RealComplexNumberVector;)Ljava/math/BigDecimal;" line="475"><counter type="INSTRUCTION" missed="25" covered="0"/><counter type="BRANCH" missed="2" covered="0"/><counter type="LINE" missed="3" covered="0"/><counter type="COMPLEXITY" missed="2" covered="0"/><counter type="METHOD" missed="1" covered="0"/></method><method name="size" desc="()I" line="489"><counter type="INSTRUCTION" missed="4" covered="0"/><counter type="LINE" missed="1" covered="0"/><counter type="COMPLEXITY" missed="1" covered="0"/><counter type="METHOD" missed="1" covered="0"/></method><method name="builder" desc="(I)Lcom/github/ltennstedt/finnmath/linear/RealComplexNumberVector$RealComplexNumberVectorBuilder;" line="502"><counter type="INSTRUCTION" missed="15" covered="0"/><counter type="BRANCH" missed="2" covered="0"/><counter type="LINE" missed="2" covered="0"/><counter type="COMPLEXITY" missed="2" covered="0"/><counter type="METHOD" missed="1" covered="0"/></method><method name="hashCode" desc="()I" line="508"><counter type="INSTRUCTION" missed="9" covered="0"/><counter type="LINE" missed="1" covered="0"/><counter type="COMPLEXITY" missed="1" covered="0"/><counter type="METHOD" missed="1" covered="0"/></method><method name="equals" desc="(Ljava/lang/Object;)Z" line="513"><counter type="INSTRUCTION" missed="19" covered="0"/><counter type="BRANCH" missed="4" covered="0"/><counter type="LINE" missed="6" covered="0"/><counter type="COMPLEXITY" missed="3" covered="0"/><counter type="METHOD" missed="1" covered="0"/></method><method name="lambda$scalarMultiply$2" desc="(Lcom/github/ltennstedt/finnmath/linear/RealComplexNumberVector$RealComplexNumberVectorBuilder;Lcom/github/ltennstedt/finnmath/number/RealComplexNumber;Lcom/github/ltennstedt/finnmath/number/RealComplexNumber;)V" line="114"><counter type="INSTRUCTION" missed="7" covered="0"/><counter type="LINE" missed="2" covered="0"/><counter type="COMPLEXITY" missed="1" covered="0"/><counter type="METHOD" missed="1" covered="0"/></method><method name="lambda$subtract$1" desc="(Lcom/github/ltennstedt/finnmath/linear/RealComplexNumberVector$RealComplexNumberVectorBuilder;Lcom/github/ltennstedt/finnmath/linear/RealComplexNumberVector;Ljava/lang/Integer;Lcom/github/ltennstedt/finnmath/number/RealComplexNumber;)V" line="93"><counter type="INSTRUCTION" missed="10" covered="0"/><counter type="LINE" missed="2" covered="0"/><counter type="COMPLEXITY" missed="1" covered="0"/><counter type="METHOD" missed="1" covered="0"/></method><method name="lambda$add$0" desc="(Lcom/github/ltennstedt/finnmath/linear/RealComplexNumberVector$RealComplexNumberVectorBuilder;Lcom/github/ltennstedt/finnmath/linear/RealComplexNumberVector;Ljava/lang/Integer;Lcom/github/ltennstedt/finnmath/number/RealComplexNumber;)V" line="68"><counter type="INSTRUCTION" missed="10" covered="0"/><counter type="LINE" missed="2" covered="0"/><counter type="COMPLEXITY" missed="1" covered="0"/><counter type="METHOD" missed="1" covered="0"/></method><counter type="INSTRUCTION" missed="617" covered="0"/><counter type="BRANCH" missed="58" covered="0"/><counter type="LINE" missed="94" covered="0"/><counter type="COMPLEXITY" missed="56" covered="0"/><counter type="METHOD" missed="27" covered="0"/><counter type="CLASS" missed="1" covered="0"/></class><class name="com/github/ltennstedt/finnmath/linear/BigIntVector$BigIntVectorBuilder"><method name="&lt;init&gt;" desc="(Ljava/lang/Integer;)V" line="528"><counter type="INSTRUCTION" missed="0" covered="5"/><counter type="LINE" missed="0" covered="2"/><counter type="COMPLEXITY" missed="0" covered="1"/><counter type="METHOD" missed="0" covered="1"/></method><method name="put" desc="(Ljava/math/BigInteger;)Lcom/github/ltennstedt/finnmath/linear/BigIntVector$BigIntVectorBuilder;" line="547"><counter type="INSTRUCTION" missed="1" covered="32"/><counter type="BRANCH" missed="1" covered="1"/><counter type="LINE" missed="0" covered="5"/><counter type="COMPLEXITY" missed="1" covered="1"/><counter type="METHOD" missed="0" covered="1"/></method><method name="put" desc="(Ljava/lang/Integer;Ljava/math/BigInteger;)Lcom/github/ltennstedt/finnmath/linear/BigIntVector$BigIntVectorBuilder;" line="572"><counter type="INSTRUCTION" missed="0" covered="33"/><counter type="BRANCH" missed="0" covered="4"/><counter type="LINE" missed="0" covered="5"/><counter type="COMPLEXITY" missed="0" covered="3"/><counter type="METHOD" missed="0" covered="1"/></method><method name="putAll" desc="(Ljava/math/BigInteger;)Lcom/github/ltennstedt/finnmath/linear/BigIntVector$BigIntVectorBuilder;" line="591"><counter type="INSTRUCTION" missed="0" covered="21"/><counter type="BRANCH" missed="0" covered="2"/><counter type="LINE" missed="0" covered="4"/><counter type="COMPLEXITY" missed="0" covered="2"/><counter type="METHOD" missed="0" covered="1"/></method><method name="build" desc="()Lcom/github/ltennstedt/finnmath/linear/BigIntVector;" line="610"><counter type="INSTRUCTION" missed="0" covered="19"/><counter type="LINE" missed="0" covered="2"/><counter type="COMPLEXITY" missed="0" covered="1"/><counter type="METHOD" missed="0" covered="1"/></method><method name="lambda$build$0" desc="(Ljava/lang/Integer;)V" line="611"><counter type="INSTRUCTION" missed="0" covered="9"/><counter type="LINE" missed="0" covered="2"/><counter type="COMPLEXITY" missed="0" covered="1"/><counter type="METHOD" missed="0" covered="1"/></method><counter type="INSTRUCTION" missed="1" covered="119"/><counter type="BRANCH" missed="1" covered="7"/><counter type="LINE" missed="0" covered="20"/><counter type="COMPLEXITY" missed="1" covered="9"/><counter type="METHOD" missed="0" covered="6"/><counter type="CLASS" missed="0" covered="1"/></class><class name="com/github/ltennstedt/finnmath/linear/BigIntMatrix$BigIntMatrixBuilder"><method name="&lt;init&gt;" desc="(II)V" line="642"><counter type="INSTRUCTION" missed="0" covered="5"/><counter type="LINE" missed="0" covered="2"/><counter type="COMPLEXITY" missed="0" covered="1"/><counter type="METHOD" missed="0" covered="1"/></method><method name="put" desc="(Ljava/lang/Integer;Ljava/lang/Integer;Ljava/math/BigInteger;)Lcom/github/ltennstedt/finnmath/linear/BigIntMatrix$BigIntMatrixBuilder;" line="657"><counter type="INSTRUCTION" missed="0" covered="45"/><counter type="LINE" missed="0" covered="9"/><counter type="COMPLEXITY" missed="0" covered="1"/><counter type="METHOD" missed="0" covered="1"/></method><method name="putAll" desc="(Ljava/math/BigInteger;)Lcom/github/ltennstedt/finnmath/linear/BigIntMatrix$BigIntMatrixBuilder;" line="680"><counter type="INSTRUCTION" missed="0" covered="13"/><counter type="LINE" missed="0" covered="3"/><counter type="COMPLEXITY" missed="0" covered="1"/><counter type="METHOD" missed="0" covered="1"/></method><method name="build" desc="()Lcom/github/ltennstedt/finnmath/linear/BigIntMatrix;" line="701"><counter type="INSTRUCTION" missed="0" covered="13"/><counter type="LINE" missed="0" covered="2"/><counter type="COMPLEXITY" missed="0" covered="1"/><counter type="METHOD" missed="0" covered="1"/></method><method name="lambda$build$2" desc="(Lcom/google/common/collect/Table$Cell;)V" line="702"><counter type="INSTRUCTION" missed="0" covered="7"/><counter type="LINE" missed="0" covered="2"/><counter type="COMPLEXITY" missed="0" covered="1"/><counter type="METHOD" missed="0" covered="1"/></method><method name="lambda$putAll$1" desc="(Ljava/math/BigInteger;Ljava/lang/Integer;)V" line="682"><counter type="INSTRUCTION" missed="0" covered="9"/><counter typ
[...]
"0" cb="2"/><line nr="926" mi="0" ci="6" mb="0" cb="0"/><line nr="928" mi="0" ci="2" mb="0" cb="0"/><line nr="946" mi="0" ci="10" mb="0" cb="2"/><line nr="947" mi="0" ci="9" mb="0" cb="2"/><line nr="948" mi="0" ci="5" mb="0" cb="0"/><line nr="949" mi="0" ci="5" mb="0" cb="0"/><line nr="950" mi="0" ci="6" mb="0" cb="0"/><line nr="968" mi="0" ci="10" mb="0" cb="2"/><line nr="969" mi="0" ci="9" mb="0" cb="2"/><line nr="970" mi="0" ci="5" mb="0" cb="0"/><line nr="972" mi="0" ci="14" mb="0" cb="2"/><line nr="973" mi="0" ci="4" mb="0" cb="2"/><line nr="974" mi="0" ci="6" mb="0" cb="0"/><line nr="976" mi="0" ci="6" mb="0" cb="0"/><line nr="1000" mi="0" ci="10" mb="0" cb="2"/><line nr="1001" mi="0" ci="9" mb="0" cb="2"/><line nr="1002" mi="0" ci="8" mb="0" cb="2"/><line nr="1003" mi="0" ci="5" mb="0" cb="0"/><line nr="1004" mi="0" ci="7" mb="0" cb="2"/><line nr="1005" mi="0" ci="7" mb="0" cb="0"/><line nr="1007" mi="0" ci="2" mb="0" cb="0"/><line nr="1033" mi="0" ci="10" mb="0" cb="2"/><line nr="1034" mi="0" ci="9" mb="0" cb="2"/><line nr="1035" mi="0" ci="8" mb="0" cb="2"/><line nr="1036" mi="0" ci="5" mb="0" cb="0"/><line nr="1037" mi="0" ci="7" mb="0" cb="2"/><line nr="1038" mi="0" ci="7" mb="0" cb="0"/><line nr="1040" mi="0" ci="2" mb="0" cb="0"/><line nr="1060" mi="0" ci="10" mb="0" cb="2"/><line nr="1061" mi="0" ci="9" mb="0" cb="2"/><line nr="1062" mi="0" ci="12" mb="0" cb="0"/><line nr="1086" mi="0" ci="10" mb="0" cb="2"/><line nr="1087" mi="0" ci="9" mb="0" cb="2"/><line nr="1088" mi="0" ci="8" mb="0" cb="2"/><line nr="1089" mi="0" ci="5" mb="0" cb="0"/><line nr="1090" mi="0" ci="7" mb="0" cb="2"/><line nr="1091" mi="0" ci="7" mb="0" cb="0"/><line nr="1093" mi="0" ci="2" mb="0" cb="0"/><line nr="1113" mi="0" ci="10" mb="0" cb="2"/><line nr="1114" mi="0" ci="8" mb="0" cb="2"/><line nr="1115" mi="0" ci="3" mb="0" cb="0"/><line nr="1116" mi="0" ci="7" mb="0" cb="2"/><line nr="1117" mi="0" ci="7" mb="0" cb="0"/><line nr="1119" mi="0" ci="3" mb="0" cb="0"/><line nr="1141" mi="0" ci="10" mb="0" cb="2"/><line nr="1142" mi="0" ci="8" mb="0" cb="2"/><line nr="1143" mi="0" ci="8" mb="0" cb="2"/><line nr="1144" mi="0" ci="5" mb="0" cb="0"/><line nr="1145" mi="0" ci="7" mb="0" cb="2"/><line nr="1146" mi="0" ci="7" mb="0" cb="0"/><line nr="1148" mi="0" ci="2" mb="0" cb="0"/><line nr="1172" mi="0" ci="10" mb="0" cb="2"/><line nr="1173" mi="0" ci="8" mb="0" cb="2"/><line nr="1174" mi="0" ci="8" mb="0" cb="2"/><line nr="1175" mi="0" ci="4" mb="0" cb="0"/><line nr="1176" mi="0" ci="13" mb="0" cb="0"/><line nr="1177" mi="0" ci="13" mb="0" cb="0"/><line nr="1178" mi="0" ci="9" mb="0" cb="0"/><line nr="1179" mi="0" ci="1" mb="0" cb="0"/><line nr="1180" mi="0" ci="1" mb="0" cb="0"/><line nr="1181" mi="0" ci="3" mb="0" cb="0"/><line nr="1202" mi="0" ci="10" mb="0" cb="2"/><line nr="1203" mi="0" ci="8" mb="0" cb="2"/><line nr="1204" mi="0" ci="4" mb="0" cb="0"/><line nr="1205" mi="0" ci="13" mb="0" cb="0"/><line nr="1206" mi="0" ci="13" mb="0" cb="0"/><line nr="1207" mi="0" ci="5" mb="0" cb="2"/><line nr="1208" mi="0" ci="10" mb="0" cb="0"/><line nr="1210" mi="0" ci="6" mb="0" cb="0"/><line nr="1212" mi="0" ci="1" mb="0" cb="0"/><line nr="1213" mi="0" ci="1" mb="0" cb="0"/><line nr="1214" mi="0" ci="3" mb="0" cb="0"/><line nr="1235" mi="0" ci="10" mb="0" cb="2"/><line nr="1236" mi="0" ci="8" mb="0" cb="2"/><line nr="1237" mi="0" ci="4" mb="0" cb="0"/><line nr="1238" mi="0" ci="13" mb="0" cb="0"/><line nr="1239" mi="0" ci="13" mb="0" cb="0"/><line nr="1240" mi="0" ci="5" mb="0" cb="2"/><line nr="1241" mi="0" ci="10" mb="0" cb="0"/><line nr="1243" mi="0" ci="6" mb="0" cb="0"/><line nr="1245" mi="0" ci="1" mb="0" cb="0"/><line nr="1246" mi="0" ci="1" mb="0" cb="0"/><line nr="1247" mi="0" ci="3" mb="0" cb="0"/><line nr="1269" mi="0" ci="10" mb="0" cb="2"/><line nr="1270" mi="0" ci="8" mb="0" cb="2"/><line nr="1271" mi="0" ci="4" mb="0" cb="2"/><line nr="1272" mi="0" ci="5" mb="0" cb="0"/><line nr="1274" mi="0" ci="5" mb="0" cb="0"/><line nr="1294" mi="0" ci="10" mb="0" cb="2"/><line nr="1295" mi="0" ci="8" mb="0" cb="2"/><line nr="1296" mi="0" ci="4" mb="0" cb="0"/><line nr="1297" mi="0" ci="13" mb="0" cb="0"/><line nr="1298" mi="0" ci="13" mb="0" cb="0"/><line nr="1299" mi="0" ci="4" mb="0" cb="2"/><line nr="1300" mi="0" ci="10" mb="0" cb="0"/><line nr="1302" mi="0" ci="6" mb="0" cb="0"/><line nr="1304" mi="0" ci="1" mb="0" cb="0"/><line nr="1305" mi="0" ci="1" mb="0" cb="0"/><line nr="1306" mi="0" ci="3" mb="0" cb="0"/><line nr="1326" mi="0" ci="10" mb="0" cb="2"/><line nr="1327" mi="0" ci="8" mb="0" cb="2"/><line nr="1328" mi="0" ci="4" mb="0" cb="0"/><line nr="1329" mi="0" ci="13" mb="0" cb="0"/><line nr="1330" mi="0" ci="13" mb="0" cb="0"/><line nr="1331" mi="0" ci="5" mb="0" cb="0"/><line nr="1332" mi="0" ci="5" mb="0" cb="2"/><line nr="1333" mi="0" ci="6" mb="0" cb="0"/><line nr="1334" mi="0" ci="6" mb="0" cb="0"/><line nr="1336" mi="0" ci="4" mb="0" cb="2"/><line nr="1337" mi="0" ci="6" mb="0" cb="0"/><line nr="1339" mi="0" ci="1" mb="0" cb="0"/><line nr="1340" mi="0" ci="1" mb="0" cb="0"/><line nr="1341" mi="0" ci="3" mb="0" cb="0"/><line nr="1361" mi="0" ci="10" mb="0" cb="2"/><line nr="1362" mi="0" ci="8" mb="0" cb="2"/><line nr="1363" mi="0" ci="4" mb="0" cb="0"/><line nr="1364" mi="0" ci="13" mb="0" cb="0"/><line nr="1365" mi="0" ci="13" mb="0" cb="0"/><line nr="1366" mi="0" ci="5" mb="0" cb="2"/><line nr="1367" mi="0" ci="5" mb="0" cb="0"/><line nr="1368" mi="0" ci="6" mb="0" cb="0"/><line nr="1369" mi="0" ci="7" mb="0" cb="0"/><line nr="1371" mi="0" ci="4" mb="0" cb="2"/><line nr="1372" mi="0" ci="6" mb="0" cb="0"/><line nr="1374" mi="0" ci="1" mb="0" cb="0"/><line nr="1375" mi="0" ci="1" mb="0" cb="0"/><line nr="1376" mi="0" ci="3" mb="0" cb="0"/><line nr="1405" mi="0" ci="10" mb="0" cb="2"/><line nr="1406" mi="0" ci="8" mb="0" cb="2"/><line nr="1407" mi="0" ci="8" mb="0" cb="2"/><line nr="1408" mi="0" ci="8" mb="0" cb="2"/><line nr="1409" mi="0" ci="5" mb="0" cb="0"/><line nr="1410" mi="0" ci="7" mb="0" cb="2"/><line nr="1411" mi="0" ci="8" mb="0" cb="0"/><line nr="1413" mi="0" ci="2" mb="0" cb="0"/><line nr="1438" mi="0" ci="10" mb="0" cb="2"/><line nr="1439" mi="0" ci="8" mb="0" cb="2"/><line nr="1440" mi="0" ci="8" mb="0" cb="2"/><line nr="1441" mi="0" ci="5" mb="0" cb="0"/><line nr="1442" mi="0" ci="7" mb="0" cb="2"/><line nr="1443" mi="0" ci="7" mb="0" cb="0"/><line nr="1445" mi="0" ci="2" mb="0" cb="0"/><line nr="1470" mi="0" ci="10" mb="0" cb="2"/><line nr="1471" mi="0" ci="8" mb="0" cb="2"/><line nr="1472" mi="0" ci="8" mb="0" cb="2"/><line nr="1473" mi="0" ci="5" mb="0" cb="0"/><line nr="1474" mi="0" ci="7" mb="0" cb="2"/><line nr="1475" mi="0" ci="7" mb="0" cb="0"/><line nr="1477" mi="0" ci="2" mb="0" cb="0"/><line nr="1501" mi="0" ci="10" mb="0" cb="2"/><line nr="1502" mi="0" ci="8" mb="0" cb="2"/><line nr="1503" mi="0" ci="8" mb="0" cb="2"/><line nr="1504" mi="0" ci="5" mb="0" cb="0"/><line nr="1505" mi="0" ci="7" mb="0" cb="2"/><line nr="1506" mi="0" ci="7" mb="0" cb="0"/><line nr="1508" mi="0" ci="2" mb="0" cb="0"/><line nr="1532" mi="0" ci="10" mb="0" cb="2"/><line nr="1533" mi="0" ci="8" mb="0" cb="2"/><line nr="1534" mi="0" ci="8" mb="0" cb="2"/><line nr="1535" mi="0" ci="5" mb="0" cb="0"/><line nr="1536" mi="0" ci="7" mb="0" cb="2"/><line nr="1537" mi="0" ci="7" mb="0" cb="0"/><line nr="1539" mi="0" ci="2" mb="0" cb="0"/><line nr="1563" mi="0" ci="10" mb="0" cb="2"/><line nr="1564" mi="0" ci="8" mb="0" cb="2"/><line nr="1565" mi="0" ci="8" mb="0" cb="2"/><line nr="1566" mi="0" ci="5" mb="0" cb="0"/><line nr="1567" mi="0" ci="7" mb="0" cb="2"/><line nr="1568" mi="0" ci="7" mb="0" cb="0"/><line nr="1570" mi="0" ci="2" mb="0" cb="0"/><line nr="1595" mi="0" ci="10" mb="0" cb="2"/><line nr="1596" mi="0" ci="8" mb="0" cb="2"/><line nr="1597" mi="0" ci="8" mb="0" cb="2"/><line nr="1598" mi="0" ci="5" mb="0" cb="0"/><line nr="1599" mi="0" ci="7" mb="0" cb="2"/><line nr="1600" mi="0" ci="7" mb="0" cb="0"/><line nr="1602" mi="0" ci="2" mb="0" cb="0"/><line nr="1626" mi="0" ci="10" mb="0" cb="2"/><line nr="1627" mi="0" ci="9" mb="0" cb="2"/><line nr="1628" mi="0" ci="8" mb="0" cb="2"/><line nr="1629" mi="0" ci="3" mb="0" cb="0"/><line nr="1630" mi="0" ci="7" mb="0" cb="2"/><line nr="1631" mi="0" ci="7" mb="0" cb="0"/><line nr="1633" mi="0" ci="3" mb="0" cb="0"/><line nr="1664" mi="0" ci="10" mb="0" cb="2"/><line nr="1665" mi="0" ci="9" mb="0" cb="2"/><line nr="1666" mi="0" ci="8" mb="0" cb="2"/><line nr="1667" mi="0" ci="8" mb="0" cb="2"/><line nr="1668" mi="0" ci="5" mb="0" cb="0"/><line nr="1669" mi="0" ci="7" mb="0" cb="2"/><line nr="1670" mi="0" ci="8" mb="0" cb="0"/><line nr="1672" mi="0" ci="2" mb="0" cb="0"/><line nr="1700" mi="0" ci="10" mb="0" cb="2"/><line nr="1701" mi="0" ci="9" mb="0" cb="2"/><line nr="1702" mi="0" ci="8" mb="0" cb="2"/><line nr="1703" mi="0" ci="8" mb="0" cb="2"/><line nr="1704" mi="0" ci="4" mb="0" cb="0"/><line nr="1705" mi="0" ci="14" mb="0" cb="0"/><line nr="1706" mi="0" ci="14" mb="0" cb="0"/><line nr="1707" mi="0" ci="9" mb="0" cb="0"/><line nr="1708" mi="0" ci="1" mb="0" cb="0"/><line nr="1709" mi="0" ci="1" mb="0" cb="0"/><line nr="1710" mi="0" ci="3" mb="0" cb="0"/><line nr="1735" mi="0" ci="10" mb="0" cb="2"/><line nr="1736" mi="0" ci="8" mb="0" cb="2"/><line nr="1737" mi="0" ci="4" mb="0" cb="0"/><line nr="1738" mi="0" ci="14" mb="0" cb="0"/><line nr="1739" mi="0" ci="14" mb="0" cb="0"/><line nr="1740" mi="0" ci="5" mb="0" cb="2"/><line nr="1741" mi="0" ci="10" mb="0" cb="0"/><line nr="1743" mi="0" ci="6" mb="0" cb="0"/><line nr="1745" mi="0" ci="1" mb="0" cb="0"/><line nr="1746" mi="0" ci="1" mb="0" cb="0"/><line nr="1747" mi="0" ci="3" mb="0" cb="0"/><line nr="1772" mi="0" ci="10" mb="0" cb="2"/><line nr="1773" mi="0" ci="8" mb="0" cb="2"/><line nr="1774" mi="0" ci="4" mb="0" cb="0"/><line nr="1775" mi="0" ci="14" mb="0" cb="0"/><line nr="1776" mi="0" ci="14" mb="0" cb="0"/><line nr="1777" mi="0" ci="5" mb="0" cb="2"/><line nr="1778" mi="0" ci="10" mb="0" cb="0"/><line nr="1780" mi="0" ci="6" mb="0" cb="0"/><line nr="1782" mi="0" ci="1" mb="0" cb="0"/><line nr="1783" mi="0" ci="1" mb="0" cb="0"/><line nr="1784" mi="0" ci="3" mb="0" cb="0"/><line nr="1810" mi="0" ci="10" mb="0" cb="2"/><line nr="1811" mi="0" ci="8" mb="0" cb="2"/><line nr="1812" mi="0" ci="4" mb="0" cb="2"/><line nr="1813" mi="0" ci="6" mb="0" cb="0"/><line nr="1815" mi="0" ci="6" mb="0" cb="0"/><line nr="1839" mi="0" ci="10" mb="0" cb="2"/><line nr="1840" mi="0" ci="8" mb="0" cb="2"/><line nr="1841" mi="0" ci="4" mb="0" cb="0"/><line nr="1842" mi="0" ci="14" mb="0" cb="0"/><line nr="1843" mi="0" ci="14" mb="0" cb="0"/><line nr="1844" mi="0" ci="4" mb="0" cb="2"/><line nr="1845" mi="0" ci="10" mb="0" cb="0"/><line nr="1847" mi="0" ci="6" mb="0" cb="0"/><line nr="1849" mi="0" ci="1" mb="0" cb="0"/><line nr="1850" mi="0" ci="1" mb="0" cb="0"/><line nr="1851" mi="0" ci="3" mb="0" cb="0"/><line nr="1875" mi="0" ci="10" mb="0" cb="2"/><line nr="1876" mi="0" ci="8" mb="0" cb="2"/><line nr="1877" mi="0" ci="4" mb="0" cb="0"/><line nr="1878" mi="0" ci="14" mb="0" cb="0"/><line nr="1879" mi="0" ci="14" mb="0" cb="0"/><line nr="1880" mi="0" ci="5" mb="0" cb="0"/><line nr="1881" mi="0" ci="5" mb="0" cb="2"/><line nr="1882" mi="0" ci="6" mb="0" cb="0"/><line nr="1883" mi="0" ci="6" mb="0" cb="0"/><line nr="1885" mi="0" ci="4" mb="0" cb="2"/><line nr="1886" mi="0" ci="6" mb="0" cb="0"/><line nr="1888" mi="0" ci="1" mb="0" cb="0"/><line nr="1889" mi="0" ci="1" mb="0" cb="0"/><line nr="1890" mi="0" ci="3" mb="0" cb="0"/><line nr="1914" mi="0" ci="10" mb="0" cb="2"/><line nr="1915" mi="0" ci="8" mb="0" cb="2"/><line nr="1916" mi="0" ci="4" mb="0" cb="0"/><line nr="1917" mi="0" ci="14" mb="0" cb="0"/><line nr="1918" mi="0" ci="14" mb="0" cb="0"/><line nr="1919" mi="0" ci="5" mb="0" cb="2"/><line nr="1920" mi="0" ci="5" mb="0" cb="0"/><line nr="1921" mi="0" ci="6" mb="0" cb="0"/><line nr="1922" mi="0" ci="7" mb="0" cb="0"/><line nr="1924" mi="0" ci="4" mb="0" cb="2"/><line nr="1925" mi="0" ci="6" mb="0" cb="0"/><line nr="1927" mi="0" ci="1" mb="0" cb="0"/><line nr="1929" mi="0" ci="1" mb="0" cb="0"/><line nr="1930" mi="0" ci="3" mb="0" cb="0"/><line nr="1963" mi="0" ci="10" mb="0" cb="2"/><line nr="1964" mi="0" ci="9" mb="0" cb="2"/><line nr="1965" mi="0" ci="8" mb="0" cb="2"/><line nr="1966" mi="0" ci="8" mb="0" cb="2"/><line nr="1967" mi="0" ci="8" mb="0" cb="2"/><line nr="1968" mi="0" ci="5" mb="0" cb="0"/><line nr="1969" mi="0" ci="7" mb="0" cb="2"/><line nr="1970" mi="0" ci="9" mb="0" cb="0"/><line nr="1972" mi="0" ci="2" mb="0" cb="0"/><line nr="2002" mi="0" ci="10" mb="0" cb="2"/><line nr="2003" mi="0" ci="9" mb="0" cb="2"/><line nr="2004" mi="0" ci="8" mb="0" cb="2"/><line nr="2005" mi="0" ci="8" mb="0" cb="2"/><line nr="2006" mi="0" ci="5" mb="0" cb="0"/><line nr="2007" mi="0" ci="7" mb="0" cb="2"/><line nr="2008" mi="0" ci="8" mb="0" cb="0"/><line nr="2010" mi="0" ci="2" mb="0" cb="0"/><line nr="2040" mi="0" ci="10" mb="0" cb="2"/><line nr="2041" mi="0" ci="9" mb="0" cb="2"/><line nr="2042" mi="0" ci="8" mb="0" cb="2"/><line nr="2043" mi="0" ci="8" mb="0" cb="2"/><line nr="2044" mi="0" ci="5" mb="0" cb="0"/><line nr="2045" mi="0" ci="7" mb="0" cb="2"/><line nr="2046" mi="0" ci="8" mb="0" cb="0"/><line nr="2048" mi="0" ci="2" mb="0" cb="0"/><line nr="2077" mi="0" ci="10" mb="0" cb="2"/><line nr="2078" mi="0" ci="9" mb="0" cb="2"/><line nr="2079" mi="0" ci="8" mb="0" cb="2"/><line nr="2080" mi="0" ci="8" mb="0" cb="2"/><line nr="2081" mi="0" ci="5" mb="0" cb="0"/><line nr="2082" mi="0" ci="7" mb="0" cb="2"/><line nr="2083" mi="0" ci="8" mb="0" cb="0"/><line nr="2085" mi="0" ci="2" mb="0" cb="0"/><line nr="2114" mi="0" ci="10" mb="0" cb="2"/><line nr="2115" mi="0" ci="9" mb="0" cb="2"/><line nr="2116" mi="0" ci="8" mb="0" cb="2"/><line nr="2117" mi="0" ci="8" mb="0" cb="2"/><line nr="2118" mi="0" ci="5" mb="0" cb="0"/><line nr="2119" mi="0" ci="7" mb="0" cb="2"/><line nr="2120" mi="0" ci="8" mb="0" cb="0"/><line nr="2122" mi="0" ci="2" mb="0" cb="0"/><line nr="2151" mi="0" ci="10" mb="0" cb="2"/><line nr="2152" mi="0" ci="9" mb="0" cb="2"/><line nr="2153" mi="0" ci="8" mb="0" cb="2"/><line nr="2154" mi="0" ci="8" mb="0" cb="2"/><line nr="2155" mi="0" ci="5" mb="0" cb="0"/><line nr="2156" mi="0" ci="7" mb="0" cb="2"/><line nr="2157" mi="0" ci="8" mb="0" cb="0"/><line nr="2159" mi="0" ci="2" mb="0" cb="0"/><line nr="2189" mi="0" ci="10" mb="0" cb="2"/><line nr="2190" mi="0" ci="9" mb="0" cb="2"/><line nr="2191" mi="0" ci="8" mb="0" cb="2"/><line nr="2192" mi="0" ci="8" mb="0" cb="2"/><line nr="2193" mi="0" ci="5" mb="0" cb="0"/><line nr="2194" mi="0" ci="7" mb="0" cb="2"/><line nr="2195" mi="0" ci="8" mb="0" cb="0"/><line nr="2197" mi="0" ci="2" mb="0" cb="0"/><line nr="2202" mi="0" ci="8" mb="0" cb="0"/><line nr="2207" mi="0" ci="3" mb="0" cb="0"/><counter type="INSTRUCTION" missed="11" covered="3405"/><counter type="BRANCH" missed="6" covered="474"/><counter type="LINE" missed="3" covered="515"/><counter type="COMPLEXITY" missed="6" covered="335"/><counter type="METHOD" missed="0" covered="101"/><counter type="CLASS" missed="0" covered="1"/></sourcefile><sourcefile name="SquareRootCalculator.java"><line nr="45" mi="0" ci="3" mb="0" cb="0"/><line nr="55" mi="0" ci="2" mb="0" cb="0"/><line nr="57" mi="0" ci="4" mb="0" cb="0"/><line nr="80" mi="0" ci="2" mb="0" cb="0"/><line nr="81" mi="0" ci="3" mb="0" cb="0"/><line nr="82" mi="0" ci="3" mb="0" cb="0"/><line nr="83" mi="0" ci="3" mb="0" cb="0"/><line nr="84" mi="0" ci="1" mb="0" cb="0"/><line nr="98" mi="0" ci="2" mb="0" cb="0"/><line nr="99" mi="0" ci="4" mb="0" cb="0"/><line nr="100" mi="0" ci="14" mb="0" cb="4"/><line nr="102" mi="0" ci="3" mb="0" cb="0"/><line nr="103" mi="0" ci="3" mb="0" cb="0"/><line nr="104" mi="0" ci="3" mb="0" cb="0"/><line nr="105" mi="0" ci="1" mb="0" cb="0"/><line nr="119" mi="0" ci="2" mb="0" cb="0"/><line nr="120" mi="0" ci="8" mb="0" cb="2"/><line nr="121" mi="0" ci="3" mb="0" cb="0"/><line nr="122" mi="0" ci="3" mb="0" cb="0"/><line nr="123" mi="0" ci="3" mb="0" cb="0"/><line nr="124" mi="0" ci="1" mb="0" cb="0"/><line nr="144" mi="0" ci="2" mb="0" cb="0"/><line nr="145" mi="0" ci="4" mb="0" cb="0"/><line nr="146" mi="0" ci="14" mb="0" cb="4"/><line nr="148" mi="0" ci="8" mb="0" cb="2"/><line nr="149" mi="0" ci="3" mb="0" cb="0"/><line nr="150" mi="0" ci="3" mb="0" cb="0"/><line nr="151" mi="0" ci="3" mb="0" cb="0"/><line nr="152" mi="0" ci="1" mb="0" cb="0"/><line nr="169" mi="0" ci="4" mb="0" cb="0"/><line nr="170" mi="0" ci="11" mb="0" cb="2"/><line nr="171" mi="0" ci="7" mb="0" cb="0"/><line nr="189" mi="0" ci="4" mb="0" cb="0"/><line nr="190" mi="1" ci="10" mb="1" cb="1"/><line nr="191" mi="0" ci="9" mb="0" cb="0"/><line nr="212" mi="0" ci="4" mb="0" cb="0"/><line nr="213" mi="1" ci="10" mb="1" cb="1"/><line nr="214" mi="0" ci="6" mb="0" cb="0"/><line nr="215" mi="0" ci="4" mb="0" cb="0"/><line nr="232" mi="0" ci="4" mb="0" cb="0"/><line nr="233" mi="1" ci="10" mb="1" cb="1"/><line nr="234" mi="0" ci="2" mb="0" cb="0"/><line nr="235" mi="0" ci="12" mb="0" cb="2"/><line nr="236" mi="0" ci="4" mb="0" cb="0"/><line nr="238" mi="0" ci="4" mb="0" cb="0"/><line nr="242" mi="0" ci="7" mb="0" cb="0"/><line nr="243" mi="0" ci="1" mb="0" cb="0"/><line nr="244" mi="0" ci="4" mb="0" cb="0"/><line nr="245" mi="0" ci="5" mb="0" cb="0"/><line nr="246" mi="0" ci="5" mb="0" cb="0"/><line nr="247" mi="0" ci="2" mb="0" cb="0"/><line nr="248" mi="0" ci="9" mb="0" cb="2"/><line nr="249" mi="0" ci="8" mb="0" cb="0"/><line nr="250" mi="0" ci="2" mb="0" cb="0"/><line nr="251" mi="0" ci="5" mb="0" cb="0"/><line nr="252" mi="0" ci="5" mb="0" cb="0"/><line nr="254" mi="0" ci="5" mb="0" cb="0"/><line nr="255" mi="0" ci="7" mb="0" cb="0"/><line nr="256" mi="0" ci="2" mb="0" cb="0"/><line nr="260" mi="0" ci="3" mb="0" cb="0"/><line nr="261" mi="0" ci="5" mb="0" cb="0"/><line nr="262" mi="0" ci="5" mb="0" cb="0"/><line nr="263" mi="0" ci="4" mb="1" cb="1"/><line nr="264" mi="1" ci="13" mb="0" cb="0"/><line nr="265" mi="0" ci="5" mb="0" cb="0"/><line nr="266" mi="0" ci="2" mb="0" cb="0"/><line nr="270" mi="0" ci="4" mb="0" cb="0"/><line nr="271" mi="0" ci="7" mb="0" cb="0"/><line nr="272" mi="0" ci="6" mb="0" cb="2"/><line nr="273" mi="0" ci="10" mb="0" cb="0"/><line nr="275" mi="0" ci="10" mb="0" cb="0"/><line nr="280" mi="0" ci="5" mb="0" cb="0"/><line nr="281" mi="0" ci="2" mb="0" cb="0"/><line nr="282" mi="0" ci="2" mb="0" cb="0"/><line nr="283" mi="0" ci="5" mb="0" cb="0"/><line nr="284" mi="0" ci="5" mb="0" cb="0"/><line nr="285" mi="0" ci="6" mb="0" cb="2"/><line nr="286" mi="0" ci="3" mb="0" cb="0"/><line nr="287" mi="0" ci="7" mb="0" cb="0"/><line nr="288" mi="0" ci="4" mb="0" cb="0"/><line nr="289" mi="0" ci="5" mb="0" cb="0"/><line nr="290" mi="0" ci="6" mb="0" cb="0"/><line nr="292" mi="0" ci="6" mb="0" cb="0"/><line nr="297" mi="0" ci="14" mb="0" cb="0"/><line nr="298" mi="0" ci="2" mb="0" cb="0"/><line nr="302" mi="0" ci="3" mb="0" cb="0"/><line nr="306" mi="0" ci="3" mb="0" cb="0"/><line nr="310" mi="0" ci="3" mb="0" cb="0"/><counter type="INSTRUCTION" missed="4" covered="436"/><counter type="BRANCH" missed="4" covered="26"/><counter type="LINE" missed="0" covered="88"/><counter type="COMPLEXITY" missed="4" covered="28"/><counter type="METHOD" missed="0" covered="17"/><counter type="CLASS" missed="0" covered="1"/></sourcefile><counter type="INSTRUCTION" missed="15" covered="3841"/><counter type="BRANCH" missed="10" covered="500"/><counter type="LINE" missed="3" covered="603"/><counter type="COMPLEXITY" missed="10" covered="363"/><counter type="METHOD" missed="0" covered="118"/><counter type="CLASS" missed="0" covered="2"/></package><counter type="INSTRUCTION" missed="1621" covered="10388"/><counter type="BRANCH" missed="164" covered="1012"/><counter type="LINE" missed="250" covered="1621"/><counter type="COMPLEXITY" missed="167" covered="903"/><counter type="METHOD" missed="71" covered="411"/><counter type="CLASS" missed="4" covered="20"/></report>