<?xml version="1.0" encoding="UTF-8" standalone="yes"?><!DOCTYPE report PUBLIC "-//JACOCO//DTD Report 1.0//EN" "report.dtd"><report name="finnMath"><sessioninfo id="archlinux-156eb9df" start="1513533118471" dump="1513533148869"/><sessioninfo id="archlinux-de37cb24" start="1513533220125" dump="1513533251926"/><package name="com/github/ltennstedt/finnmath/linear"><class name="com/github/ltennstedt/finnmath/linear/SimpleComplexNumberMatrix"><method name="&lt;init&gt;" desc="(Lcom/google/common/collect/ImmutableTable;)V" line="49"><counter type="INSTRUCTION" missed="0" covered="4"/><counter type="LINE" missed="0" covered="2"/><counter type="COMPLEXITY" missed="0" covered="1"/><counter type="METHOD" missed="0" covered="1"/></method><method name="add" desc="(Lcom/github/ltennstedt/finnmath/linear/SimpleComplexNumberMatrix;)Lcom/github/ltennstedt/finnmath/linear/SimpleComplexNumberMatrix;" line="70"><counter type="INSTRUCTION" missed="0" covered="56"/><counter type="BRANCH" missed="0" covered="4"/><counter type="LINE" missed="0" covered="8"/><counter type="COMPLEXITY" missed="0" covered="3"/><counter type="METHOD" missed="0" covered="1"/></method><method name="subtract" desc="(Lcom/github/ltennstedt/finnmath/linear/SimpleComplexNumberMatrix;)Lcom/github/ltennstedt/finnmath/linear/SimpleComplexNumberMatrix;" line="102"><counter type="INSTRUCTION" missed="0" covered="56"/><counter type="BRANCH" missed="0" covered="4"/><counter type="LINE" missed="0" covered="8"/><counter type="COMPLEXITY" missed="0" covered="3"/><counter type="METHOD" missed="0" covered="1"/></method><method name="multiply" desc="(Lcom/github/ltennstedt/finnmath/linear/SimpleComplexNumberMatrix;)Lcom/github/ltennstedt/finnmath/linear/SimpleComplexNumberMatrix;" line="132"><counter type="INSTRUCTION" missed="0" covered="41"/><counter type="BRANCH" missed="0" covered="2"/><counter type="LINE" missed="0" covered="6"/><counter type="COMPLEXITY" missed="0" covered="2"/><counter type="METHOD" missed="0" covered="1"/></method><method name="multiplyVector" desc="(Lcom/github/ltennstedt/finnmath/linear/SimpleComplexNumberVector;)Lcom/github/ltennstedt/finnmath/linear/SimpleComplexNumberVector;" line="161"><counter type="INSTRUCTION" missed="0" covered="38"/><counter type="BRANCH" missed="0" covered="2"/><counter type="LINE" missed="0" covered="6"/><counter type="COMPLEXITY" missed="0" covered="2"/><counter type="METHOD" missed="0" covered="1"/></method><method name="multiplyRowWithColumn" desc="(Ljava/util/Map;Ljava/util/Map;)Lcom/github/ltennstedt/finnmath/number/SimpleComplexNumber;" line="178"><counter type="INSTRUCTION" missed="1" covered="49"/><counter type="BRANCH" missed="1" covered="3"/><counter type="LINE" missed="0" covered="9"/><counter type="COMPLEXITY" missed="1" covered="2"/><counter type="METHOD" missed="0" covered="1"/></method><method name="scalarMultiply" desc="(Lcom/github/ltennstedt/finnmath/number/SimpleComplexNumber;)Lcom/github/ltennstedt/finnmath/linear/SimpleComplexNumberMatrix;" line="203"><counter type="INSTRUCTION" missed="0" covered="24"/><counter type="LINE" missed="0" covered="4"/><counter type="COMPLEXITY" missed="0" covered="1"/><counter type="METHOD" missed="0" covered="1"/></method><method name="negate" desc="()Lcom/github/ltennstedt/finnmath/linear/SimpleComplexNumberMatrix;" line="221"><counter type="INSTRUCTION" missed="0" covered="5"/><counter type="LINE" missed="0" covered="1"/><counter type="COMPLEXITY" missed="0" covered="1"/><counter type="METHOD" missed="0" covered="1"/></method><method name="trace" desc="()Lcom/github/ltennstedt/finnmath/number/SimpleComplexNumber;" line="233"><counter type="INSTRUCTION" missed="0" covered="38"/><counter type="BRANCH" missed="0" covered="2"/><counter type="LINE" missed="0" covered="7"/><counter type="COMPLEXITY" missed="0" covered="2"/><counter type="METHOD" missed="0" covered="1"/></method><method name="determinant" desc="()Lcom/github/ltennstedt/finnmath/number/SimpleComplexNumber;" line="255"><counter type="INSTRUCTION" missed="0" covered="95"/><counter type="BRANCH" missed="0" covered="10"/><counter type="LINE" missed="0" covered="14"/><counter type="COMPLEXITY" missed="0" covered="6"/><counter type="METHOD" missed="0" covered="1"/></method><method name="leibnizFormula" desc="()Lcom/github/ltennstedt/finnmath/number/SimpleComplexNumber;" line="279"><counter type="INSTRUCTION" missed="0" covered="78"/><counter type="BRANCH" missed="0" covered="8"/><counter type="LINE" missed="0" covered="14"/><counter type="COMPLEXITY" missed="0" covered="5"/><counter type="METHOD" missed="0" covered="1"/></method><method name="ruleOfSarrus" desc="()Lcom/github/ltennstedt/finnmath/number/SimpleComplexNumber;" line="300"><counter type="INSTRUCTION" missed="0" covered="174"/><counter type="LINE" missed="0" covered="7"/><counter type="COMPLEXITY" missed="0" covered="1"/><counter type="METHOD" missed="0" covered="1"/></method><method name="transpose" desc="()Lcom/github/ltennstedt/finnmath/linear/SimpleComplexNumberMatrix;" line="319"><counter type="INSTRUCTION" missed="0" covered="19"/><counter type="LINE" missed="0" covered="3"/><counter type="COMPLEXITY" missed="0" covered="1"/><counter type="METHOD" missed="0" covered="1"/></method><method name="minor" desc="(Ljava/lang/Integer;Ljava/lang/Integer;)Lcom/github/ltennstedt/finnmath/linear/SimpleComplexNumberMatrix;" line="348"><counter type="INSTRUCTION" missed="0" covered="55"/><counter type="LINE" missed="0" covered="10"/><counter type="COMPLEXITY" missed="0" covered="1"/><counter type="METHOD" missed="0" covered="1"/></method><method name="maxAbsColumnSumNorm" desc="()Ljava/math/BigDecimal;" line="377"><counter type="INSTRUCTION" missed="0" covered="42"/><counter type="BRANCH" missed="0" covered="4"/><counter type="LINE" missed="0" covered="9"/><counter type="COMPLEXITY" missed="0" covered="3"/><counter type="METHOD" missed="0" covered="1"/></method><method name="maxAbsRowSumNorm" desc="()Ljava/math/BigDecimal;" line="397"><counter type="INSTRUCTION" missed="0" covered="42"/><counter type="BRANCH" missed="0" covered="4"/><counter type="LINE" missed="0" covered="9"/><counter type="COMPLEXITY" missed="0" covered="3"/><counter type="METHOD" missed="0" covered="1"/></method><method name="frobeniusNormPow2" desc="()Ljava/math/BigInteger;" line="417"><counter type="INSTRUCTION" missed="0" covered="22"/><counter type="BRANCH" missed="0" covered="2"/><counter type="LINE" missed="0" covered="5"/><counter type="COMPLEXITY" missed="0" covered="2"/><counter type="METHOD" missed="0" covered="1"/></method><method name="frobeniusNorm" desc="()Ljava/math/BigDecimal;" line="435"><counter type="INSTRUCTION" missed="0" covered="7"/><counter type="LINE" missed="0" covered="1"/><counter type="COMPLEXITY" missed="0" covered="1"/><counter type="METHOD" missed="0" covered="1"/></method><method name="frobeniusNorm" desc="(Ljava/math/BigDecimal;)Ljava/math/BigDecimal;" line="455"><counter type="INSTRUCTION" missed="0" covered="26"/><counter type="BRANCH" missed="0" covered="4"/><counter type="LINE" missed="0" covered="3"/><counter type="COMPLEXITY" missed="0" covered="3"/><counter type="METHOD" missed="0" covered="1"/></method><method name="frobeniusNorm" desc="(ILjava/math/RoundingMode;)Ljava/math/BigDecimal;" line="478"><counter type="INSTRUCTION" missed="0" covered="17"/><counter type="BRANCH" missed="0" covered="2"/><counter type="LINE" missed="0" covered="2"/><counter type="COMPLEXITY" missed="0" covered="2"/><counter type="METHOD" missed="0" covered="1"/></method><method name="frobeniusNorm" desc="(Ljava/math/BigDecimal;ILjava/math/RoundingMode;)Ljava/math/BigDecimal;" line="505"><counter type="INSTRUCTION" missed="0" covered="36"/><counter type="BRANCH" missed="0" covered="6"/><counter type="LINE" missed="0" covered="4"/><counter type="COMPLEXITY" missed="0" covered="4"/><counter type="METHOD" missed="0" covered="1"/></method><method name="maxNorm" desc="()Ljava/math/BigDecimal;" line="521"><counter type="INSTRUCTION" missed="0" covered="22"/><counter type="BRANCH" missed="0" covered="2"/><counter type="LINE" missed="0" covered="5"/><counter type="COMPLEXITY" missed="0" covered="2"/><counter type="METHOD" missed="0" covered="1"/></method><method name="upperTriangular" desc="()Z" line="537"><counter type="INSTRUCTION" missed="0" covered="37"/><counter type="BRANCH" missed="0" covered="8"/><counter type="LINE" missed="0" covered="7"/><counter type="COMPLEXITY" missed="0" covered="5"/><counter type="METHOD" missed="0" covered="1"/></method><method name="lowerTriangular" desc="()Z" line="557"><counter type="INSTRUCTION" missed="0" covered="37"/><counter type="BRANCH" missed="0" covered="8"/><counter type="LINE" missed="0" covered="7"/><counter type="COMPLEXITY" missed="0" covered="5"/><counter type="METHOD" missed="0" covered="1"/></method><method name="identity" desc="()Z" line="578"><counter type="INSTRUCTION" missed="0" covered="31"/><counter type="BRANCH" missed="0" covered="6"/><counter type="LINE" missed="0" covered="7"/><counter type="COMPLEXITY" missed="0" covered="4"/><counter type="METHOD" missed="0" covered="1"/></method><method name="invertible" desc="()Z" line="599"><counter type="INSTRUCTION" missed="0" covered="15"/><counter type="BRANCH" missed="0" covered="4"/><counter type="LINE" missed="0" covered="1"/><counter type="COMPLEXITY" missed="0" covered="3"/><counter type="METHOD" missed="0" covered="1"/></method><method name="builder" desc="(II)Lcom/github/ltennstedt/finnmath/linear/SimpleComplexNumberMatrix$SimpleComplexNumberMatrixBuilder;" line="614"><counter type="INSTRUCTION" missed="0" covered="23"/><counter type="BRANCH" missed="0" covered="4"/><counter type="LINE" missed="0" covered="3"/><counter type="COMPLEXITY" missed="0" covered="3"/><counter type="METHOD" missed="0" covered="1"/></method><method name="hashCode" desc="()I" line="621"><counter type="INSTRUCTION" missed="0" covered="9"/><counter type="LINE" missed="0" covered="1"/><counter type="COMPLEXITY" missed="0" covered="1"/><counter type="METHOD" missed="0" covered="1"/></method><method name="equals" desc="(Ljava/lang/Object;)Z" line="626"><counter type="INSTRUCTION" missed="0" covered="19"/><counter type="BRANCH" missed="0" covered="4"/><counter type="LINE" missed="0" covered="6"/><counter type="COMPLEXITY" missed="0" covered="3"/><counter type="METHOD" missed="0" covered="1"/></method><method name="lambda$minor$8" desc="(Ljava/lang/Integer;Ljava/lang/Integer;Lcom/github/ltennstedt/finnmath/linear/SimpleComplexNumberMatrix$SimpleComplexNumberMatrixBuilder;Lcom/google/common/collect/Table$Cell;)V" line="357"><counter type="INSTRUCTION" missed="0" covered="51"/><counter type="BRANCH" missed="0" covered="8"/><counter type="LINE" missed="0" covered="7"/><counter type="COMPLEXITY" missed="0" covered="5"/><counter type="METHOD" missed="0" covered="1"/></method><method name="lambda$transpose$7" desc="(Lcom/github/ltennstedt/finnmath/linear/SimpleComplexNumberMatrix$SimpleComplexNumberMatrixBuilder;Lcom/google/common/collect/Table$Cell;)V" line="321"><counter type="INSTRUCTION" missed="0" covered="13"/><counter type="LINE" missed="0" covered="2"/><counter type="COMPLEXITY" missed="0" covered="1"/><counter type="METHOD" missed="0" covered="1"/></method><method name="lambda$scalarMultiply$6" desc="(Lcom/github/ltennstedt/finnmath/linear/SimpleComplexNumberMatrix$SimpleComplexNumberMatrixBuilder;Lcom/github/ltennstedt/finnmath/number/SimpleComplexNumber;Lcom/google/common/collect/Table$Cell;)V" line="206"><counter type="INSTRUCTION" missed="0" covered="15"/><counter type="LINE" missed="0" covered="2"/><counter type="COMPLEXITY" missed="0" covered="1"/><counter type="METHOD" missed="0" covered="1"/></method><method name="lambda$multiplyVector$5" desc="(Lcom/github/ltennstedt/finnmath/linear/SimpleComplexNumberVector$SimpleComplexNumberVectorBuilder;Lcom/github/ltennstedt/finnmath/linear/SimpleComplexNumberVector;Ljava/lang/Integer;Ljava/util/Map;)V" line="166"><counter type="INSTRUCTION" missed="0" covered="7"/><counter type="LINE" missed="0" covered="2"/><counter type="COMPLEXITY" missed="0" covered="1"/><counter type="METHOD" missed="0" covered="1"/></method><method name="lambda$multiplyVector$4" desc="(Lcom/github/ltennstedt/finnmath/linear/SimpleComplexNumberVector$SimpleComplexNumberVectorBuilder;Ljava/lang/Integer;Lcom/github/ltennstedt/finnmath/linear/SimpleComplexNumberVector;Ljava/lang/Integer;Lcom/github/ltennstedt/finnmath/number/SimpleComplexNumber;)V" line="168"><counter type="INSTRUCTION" missed="0" covered="24"/><counter type="BRANCH" missed="0" covered="2"/><counter type="LINE" missed="0" covered="3"/><counter type="COMPLEXITY" missed="0" covered="2"/><counter type="METHOD" missed="0" covered="1"/></method><method name="lambda$multiply$3" desc="(Lcom/github/ltennstedt/finnmath/linear/SimpleComplexNumberMatrix;Lcom/github/ltennstedt/finnmath/linear/SimpleComplexNumberMatrix$SimpleComplexNumberMatrixBuilder;Ljava/lang/Integer;Ljava/util/Map;)V" line="137"><counter type="INSTRUCTION" missed="0" covered="9"/><counter type="LINE" missed="0" covered="2"/><counter type="COMPLEXITY" missed="0" covered="1"/><counter type="METHOD" missed="0" covered="1"/></method><method name="lambda$multiply$2" desc="(Ljava/util/Map;Lcom/github/ltennstedt/finnmath/linear/SimpleComplexNumberMatrix$SimpleComplexNumberMatrixBuilder;Ljava/lang/Integer;Ljava/lang/Integer;Ljava/util/Map;)V" line="138"><counter type="INSTRUCTION" missed="0" covered="12"/><counter type="LINE" missed="0" covered="3"/><counter type="COMPLEXITY" missed="0" covered="1"/><counter type="METHOD" missed="0" covered="1"/></method><method name="lambda$subtract$1" desc="(Lcom/github/ltennstedt/finnmath/linear/SimpleComplexNumberMatrix$SimpleComplexNumberMatrixBuilder;Lcom/github/ltennstedt/finnmath/linear/SimpleComplexNumberMatrix;Lcom/google/common/collect/Table$Cell;)V" line="109"><counter type="INSTRUCTION" missed="0" covered="23"/><counter type="LINE" missed="0" covered="4"/><counter type="COMPLEXITY" missed="0" covered="1"/><counter type="METHOD" missed="0" covered="1"/></method><method name="lambda$add$0" desc="(Lcom/github/ltennstedt/finnmath/linear/SimpleComplexNumberMatrix$SimpleComplexNumberMatrixBuilder;Lcom/github/ltennstedt/finnmath/linear/SimpleComplexNumberMatrix;Lcom/google/common/collect/Table$Cell;)V" line="77"><counter type="INSTRUCTION" missed="0" covered="23"/><counter type="LINE" missed="0" covered="4"/><counter type="COMPLEXITY" missed="0" covered="1"/><counter type="METHOD" missed="0" covered="1"/></method><counter type="INSTRUCTION" missed="1" covered="1294"/><counter type="BRANCH" missed="1" covered="103"/><counter type="LINE" missed="0" covered="198"/><counter type="COMPLEXITY" missed="1" covered="89"/><counter type="METHOD" missed="0" covered="38"/><counter type="CLASS" missed="0" covered="1"/></class><class name="com/github/ltennstedt/finnmath/linear/RealComplexNumberMatrix$RealComplexNumberMatrixBuilder"><method name="&lt;init&gt;" desc="(II)V" line="646"><counter type="INSTRUCTION" missed="0" covered="5"/><counter type="LINE" missed="0" covered="2"/><counter type="COMPLEXITY" missed="0" covered="1"/><counter type="METHOD" missed="0" covered="1"/></method><method name="put" desc="(Ljava/lang/Integer;Ljava/lang/Integer;Lcom/github/ltennstedt/finnmath/number/RealComplexNumber;)Lcom/github/ltennstedt/finnmath/linear/RealComplexNumberMatrix$RealComplexNumberMatrixBuilder;" line="662"><counter type="INSTRUCTION" missed="0" covered="45"/><counter type="LINE" missed="0" covered="9"/><counter type="COMPLEXITY" missed="0" covered="1"/><counter type="METHOD" missed="0" covered="1"/></method><method name="putAll" desc="(Lcom/github/ltennstedt/finnmath/number/RealComplexNumber;)Lcom/github/ltennstedt/finnmath/linear/RealComplexNumberMatrix$RealComplexNumberMatrixBuilder;" line="685"><counter type="INSTRUCTION" missed="0" covered="13"/><counter type="LINE" missed="0" covered="3"/><counter type="COMPLEXITY" missed="0" covered="1"/><counter type="METHOD" missed="0" covered="1"/></method><method name="build" desc="()Lcom/github/ltennstedt/finnmath/linear/RealComplexNumberMatrix;" line="706"><counter type="INSTRUCTION" missed="0" covered="13"/><counter type="LINE" missed="0" covered="2"/><counter type="COMPLEXITY" missed="0" covered="1"/><counter type="METHOD" missed="0" covered="1"/></method><method name="lambda$build$2" desc="(Lcom/google/common/collect/Table$Cell;)V" line="707"><counter type="INSTRUCTION" missed="0" covered="7"/><counter type="LINE" missed="0" covered="2"/><counter type="COMPLEXITY" missed="0" covered="1"/><counter type="METHOD" missed="0" covered="1"/></method><method name="lambda$putAll$1" desc="(Lcom/github/ltennstedt/finnmath/number/RealComplexNumber;Ljava/lang/Integer;)V" line="687"><counter type="INSTRUCTION" missed="0" covered="9"/><counter type="LINE" missed="0" covered="2"/><counter type="COMPLEXITY" missed="0" covered="1"/><counter type="METHOD" missed="0" covered="1"/></method><method name="lambda$putAll$0" desc="(Ljava/lang/Integer;Lcom/github/ltennstedt/finnmath/number/RealComplexNumber;Ljava/lang/Integer;)V" line="688"><counter type="INSTRUCTION" missed="0" covered="8"/><counter type="LINE" missed="0" covered="2"/><counter type="COMPLEXITY" missed="0" covered="1"/><counter type="METHOD" missed="0" covered="1"/></method><counter type="INSTRUCTION" missed="0" covered="100"/><counter type="LINE" missed="0" covered="22"/><counter type="COMPLEXITY" missed="0" covered="7"/><counter type="METHOD" missed="0" covered="7"/><counter type="CLASS" missed="0" covered="1"/></class><class name="com/github/ltennstedt/finnmath/linear/RealComplexNumberVector$RealComplexNumberVectorBuilder"><method name="&lt;init&gt;" desc="(Ljava/lang/Integer;)V" line="533"><counter type="INSTRUCTION" missed="0" covered="5"/><counter type="LINE" missed="0" covered="2"/><counter type="COMPLEXITY" missed="0" covered="1"/><counter type="METHOD" missed="0" covered="1"/></method><method name="put" desc="(Lcom/github/ltennstedt/finnmath/number/RealComplexNumber;)Lcom/github/ltennstedt/finnmath/linear/RealComplexNumberVector$RealComplexNumberVectorBuilder;" line="552"><counter type="INSTRUCTION" missed="1" covered="32"/><counter type="BRANCH" missed="1" covered="1"/><counter type="LINE" missed="0" covered="5"/><counter type="COMPLEXITY" missed="1" covered="1"/><counter type="METHOD" missed="0" covered="1"/></method><method name="put" desc="(Ljava/lang/Integer;Lcom/github/ltennstedt/finnmath/number/RealComplexNumber;)Lcom/github/ltennstedt/finnmath/linear/RealComplexNumberVector$RealComplexNumberVectorBuilder;" line="577"><counter type="INSTRUCTION" missed="1" covered="32"/><counter type="BRANCH" missed="2" covered="2"/><counter type="LINE" missed="0" covered="5"/><counter type="COMPLEXITY" missed="2" covered="1"/><counter type="METHOD" missed="0" covered="1"/></method><method name="putAll" desc="(Lcom/github/ltennstedt/finnmath/number/RealComplexNumber;)Lcom/github/ltennstedt/finnmath/linear/RealComplexNumberVector$RealComplexNumberVectorBuilder;" line="596"><counter type="INSTRUCTION" missed="0" covered="21"/><counter type="BRANCH" missed="0" covered="2"/><counter type="LINE" missed="0" covered="4"/><counter type="COMPLEXITY" missed="0" covered="2"/><counter type="METHOD" missed="0" covered="1"/></method><method name="build" desc="()Lcom/github/ltennstedt/finnmath/linear/RealComplexNumberVector;" line="615"><counter type="INSTRUCTION" missed="0" covered="19"/><counter type="LINE" missed="0" covered="2"/><counter type="COMPLEXITY" missed="0" covered="1"/><counter type="METHOD" missed="0" covered="1"/></method><method name="lambda$build$0" desc="(Ljava/lang/Integer;)V" line="616"><counter type="INSTRUCTION" missed="0" covered="9"/><counter type="LINE" missed="0" covered="2"/><counter type="COMPLEXITY" missed="0" covered="1"/><counter type="METHOD" missed="0" covered="1"/></method><counter type="INSTRUCTION" missed="2" covered="118"/><counter type="BRANCH" missed="3" covered="5"/><counter type="LINE" missed="0" covered="20"/><counter type="COMPLEXITY" missed="3" covered="7"/><counter type="METHOD" missed="0" covered="6"/><counter type="CLASS" missed="0" covered="1"/></class><class name="com/github/ltennstedt/finnmath/linear/SimpleComplexNumberMatrix$SimpleComplexNumberMatrixBuilder"><method name="&lt;init&gt;" desc="(II)V" line="646"><counter type="INSTRUCTION" missed="0" covered="5"/><counter type="LINE" missed="0" covered="2"/><counter type="COMPLEXITY" missed="0" covered="1"/><counter type="METHOD" missed="0" covered="1"/></method><method name="put" desc="(Ljava/lang/Integer;Ljava/lang/Integer;Lcom/github/ltennstedt/finnmath/number/SimpleComplexNumber;)Lcom/github/ltennstedt/finnmath/linear/SimpleComplexNumberMatrix$SimpleComplexNumberMatrixBuilder;" line="662"><counter type="INSTRUCTION" missed="0" covered="45"/><counter type="LINE" missed="0" covered="9"/><counter type="COMPLEXITY" missed="0" covered="1"/><counter type="METHOD" missed="0" covered="1"/></method><method name="putAll" desc="(Lcom/github/ltennstedt/finnmath/number/SimpleComplexNumber;)Lcom/github/ltennstedt/finnmath/linear/SimpleComplexNumberMatrix$SimpleComplexNumberMatrixBuilder;" line="685"><counter type="INSTRUCTION" missed="0" covered="13"/><counter type="LINE" missed="0" covered="3"/><counter type="COMPLEXITY" missed="0" covered="1"/><counter type="METHOD" missed="0" covered="1"/></method><method name="build" desc="()Lcom/github/ltennstedt/finnmath/linear/SimpleComplexNumberMatrix;" line="706"><counter type="INSTRUCTION" missed="0" covered="13"/><counter type="LINE" missed="0" covered="2"/><counter type="COMPLEXITY" missed="0" covered="1"/><counter type="METHOD" missed="0" covered="1"/></method><method name="lambda$build$2" desc="(Lcom/google/common/collect/Table$Cell;)V" line="707"><counter type="INSTRUCTION" missed="0" covered="7"/><counter type="LINE" missed="0" covered="2"/><counter type="COMPLEXITY" missed="0" covered="1"/><counter type="METHOD" missed="0" covered="1"/></method><method name="lambda$putAll$1" desc="(Lcom/github/ltennstedt/finnmath/number/SimpleComplexNumber;Ljava/lang/Integer;)V" line="687"><counter type="INSTRUCTION" missed="0" covered="9"/><counter type="LINE" missed="0" covered="2"/><counter type="COMPLEXITY" missed="0" covered="1"/><counter type="METHOD" missed="0" covered="1"/></method><method name="lambda$putAll$0" desc="(Ljava/lang/Integer;Lcom/github/ltennstedt/finnmath/number/SimpleComplexNumber;Ljava/lang/Integer;)V" line="688"><counter type="INSTRUCTION" missed="0" covered="8"/><counter type="LINE" missed="0" covered="2"/><counter type="COMPLEXITY" missed="0" covered="1"/><counter type="METHOD" missed="0" covered="1"/></method><counter type="INSTRUCTION" missed="0" covered="100"/><counter type="LINE" missed="0" covered="22"/><counter type="COMPLEXITY" missed="0" covered="7"/><counter type="METHOD" missed="0" covered="7"/><counter type="CLASS" missed="0" covered="1"/></class><class name="com/github/ltennstedt/finnmath/linear/DecimalMatrix"><method name="&lt;init&gt;" desc="(Lcom/google/common/collect/ImmutableTable;)V" line="47"><counter type="INSTRUCTION" missed="0" covered="4"/><counter type="LINE" missed="0" covered="2"/><counter type="COMPLEXITY" missed="0" covered="1"/><counter type="METHOD" missed="0" covered="1"/></method><method name="add" desc="(Lcom/github/ltennstedt/finnmath/linear/DecimalMatrix;)Lcom/github/ltennstedt/finnmath/linear/DecimalMatrix;" line="68"><counter type="INSTRUCTION" missed="0" covered="56"/><counter type="BRANCH" missed="0" covered="4"/><counter type="LINE" missed="0" covered="8"/><counter type="COMPLEXITY" missed="0" covered="3"/><counter type="METHOD" missed="0" covered="1"/></method><method name="subtract" desc="(Lcom/github/ltennstedt/finnmath/linear/DecimalMatrix;)Lcom/github/ltennstedt/finnmath/linear/DecimalMatrix;" line="100"><counter type="INSTRUCTION" missed="0" covered="56"/><counter type="BRANCH" missed="0" covered="4"/><counter type="LINE" missed="0" covered="8"/><counter type="COMPLEXITY" missed="0" covered="3"/><counter type="METHOD" missed="0" covered="1"/></method><method name="multiply" desc="(Lcom/github/ltennstedt/finnmath/linear/DecimalMatrix;)Lcom/github/ltennstedt/finnmath/linear/DecimalMatrix;" line="130"><counter type="INSTRUCTION" missed="0" covered="41"/><counter type="BRANCH" missed="0" covered="2"/><counter type="LINE" missed="0" covered="6"/><counter type="COMPLEXITY" missed="0" covered="2"/><counter type="METHOD" missed="0" covered="1"/></method><method name="multiplyVector" desc="(Lcom/github/ltennstedt/finnmath/linear/DecimalVector;)Lcom/github/ltennstedt/finnmath/linear/DecimalVector;" line="159"><counter type="INSTRUCTION" missed="19" covered="19"/><counter type="BRANCH" missed="1" covered="1"/><counter type="LINE" missed="3" covered="3"/><counter type="COMPLEXITY" missed="1" covered="1"/><counter type="METHOD" missed="0" covered="1"/></method><method name="multiplyRowWithColumn" desc="(Ljava/util/Map;Ljava/util/Map;)Ljava/math/BigDecimal;" line="176"><counter type="INSTRUCTION" missed="1" covered="49"/><counter type="BRANCH" missed="1" covered="3"/><counter type="LINE" missed="0" covered="9"/><counter type="COMPLEXITY" missed="1" covered="2"/><counter type="METHOD" missed="0" covered="1"/></method><method name="scalarMultiply" desc="(Ljava/math/BigDecimal;)Lcom/github/ltennstedt/finnmath/linear/DecimalMatrix;" line="201"><counter type="INSTRUCTION" missed="0" covered="24"/><counter type="LINE" missed="0" covered="4"/><counter type="COMPLEXITY" missed="0" covered="1"/><counter type="METHOD" missed="0" covered="1"/></method><method name="negate" desc="()Lcom/github/ltennstedt/finnmath/linear/DecimalMatrix;" line="219"><counter type="INSTRUCTION" missed="0" covered="5"/><counter type="LINE" missed="0" covered="1"/><counter type="COMPLEXITY" missed="0" covered="1"/><counter type="METHOD" missed="0" covered="1"/></method><method name="trace" desc="()Ljava/math/BigDecimal;" line="231"><counter type="INSTRUCTION" missed="0" covered="38"/><counter type="BRANCH" missed="0" covered="2"/><counter type="LINE" missed="0" covered="7"/><counter type="COMPLEXITY" missed="0" covered="2"/><counter type="METHOD" missed="0" covered="1"/></method><method name="determinant" desc="()Ljava/math/BigDecimal;" line="253"><counter type="INSTRUCTION" missed="0" covered="95"/><counter type="BRANCH" missed="0" covered="10"/><counter type="LINE" missed="0" covered="14"/><counter type="COMPLEXITY" missed="0" covered="6"/><counter type="METHOD" missed="0" covered="1"/></method><method name="leibnizFormula" desc="()Ljava/math/BigDecimal;" line="277"><counter type="INSTRUCTION" missed="0" covered="78"/><counter type="BRANCH" missed="0" covered="8"/><counter type="LINE" missed="0" covered="14"/><counter type="COMPLEXITY" missed="0" covered="5"/><counter type="METHOD" missed="0" covered="1"/></method><method name="ruleOfSarrus" desc="()Ljava/math/BigDecimal;" line="298"><counter type="INSTRUCTION" missed="0" covered="174"/><counter type="LINE" missed="0" covered="7"/><counter type="COMPLEXITY" missed="0" covered="1"/><counter type="METHOD" missed="0" covered="1"/></method><method name="transpose" desc="()Lcom/github/ltennstedt/finnmath/linear/DecimalMatrix;" line="317"><counter type="INSTRUCTION" missed="0" covered="19"/><counter type="LINE" missed="0" covered="3"/><counter type="COMPLEXITY" missed="0" covered="1"/><counter type="METHOD" missed="0" covered="1"/></method><method name="minor" desc="(Ljava/lang/Integer;Ljava/lang/Integer;)Lcom/github/ltennstedt/finnmath/linear/DecimalMatrix;" line="346"><counter type="INSTRUCTION" missed="0" covered="55"/><counter type="LINE" missed="0" covered="9"/><counter type="COMPLEXITY" missed="0" covered="1"/><counter type="METHOD" missed="0" covered="1"/></method><method name="maxAbsColumnSumNorm" desc="()Ljava/math/BigDecimal;" line="374"><counter type="INSTRUCTION" missed="0" covered="42"/><counter type="BRANCH" missed="0" covered="4"/><counter type="LINE" missed="0" covered="9"/><counter type="COMPLEXITY" missed="0" covered="3"/><counter type="METHOD" missed="0" covered="1"/></method><method name="maxAbsRowSumNorm" desc="()Ljava/math/BigDecimal;" line="394"><counter type="INSTRUCTION" missed="0" covered="42"/><counter type="BRANCH" missed="0" covered="4"/><counter type="LINE" missed="0" covered="9"/><counter type="COMPLEXITY" missed="0" covered="3"/><counter type="METHOD" missed="0" covered="1"/></method><method name="frobeniusNormPow2" desc="()Ljava/math/BigDecimal;" line="414"><counter type="INSTRUCTION" missed="0" covered="23"/><counter type="BRANCH" missed="0" covered="2"/><counter type="LINE" missed="0" covered="5"/><counter type="COMPLEXITY" missed="0" covered="2"/><counter type="METHOD" missed="0" covered="1"/></method><method name="frobeniusNorm" desc="()Ljava/math/BigDecimal;" line="431"><counter type="INSTRUCTION" missed="0" covered="27"/><counter type="BRANCH" missed="0" covered="2"/><counter type="LINE" missed="0" covered="5"/><counter type="COMPLEXITY" missed="0" covered="2"/><counter type="METHOD" missed="0" covered="1"/></method><method name="frobeniusNorm" desc="(Ljava/math/BigDecimal;)Ljava/math/BigDecimal;" line="454"><counter type="INSTRUCTION" missed="0" covered="46"/><counter type="BRANCH" missed="0" covered="6"/><counter type="LINE" missed="0" covered="7"/><counter type="COMPLEXITY" missed="0" covered="4"/><counter type="METHOD" missed="0" covered="1"/></method><method name="frobeniusNorm" desc="(ILjava/math/RoundingMode;)Ljava/math/BigDecimal;" line="480"><counter type="INSTRUCTION" missed="0" covered="37"/><counter type="BRANCH" missed="0" covered="4"/><counter type="LINE" missed="0" covered="6"/><counter type="COMPLEXITY" missed="0" covered="3"/><counter type="METHOD" missed="0" covered="1"/></method><method name="frobeniusNorm" desc="(Ljava/math/BigDecimal;ILjava/math/RoundingMode;)Ljava/math/BigDecimal;" line="510"><counter type="INSTRUCTION" missed="0" covered="56"/><counter type="BRANCH" missed="0" covered="8"/><counter type="LINE" missed="0" covered="8"/><counter type="COMPLEXITY" missed="0" covered="5"/><counter type="METHOD" missed="0" covered="1"/></method><method name="maxNorm" desc="()Ljava/math/BigDecimal;" line="530"><counter type="INSTRUCTION" missed="0" covered="22"/><counter type="BRANCH" missed="0" covered="2"/><counter type="LINE" missed="0" covered="5"/><counter type="COMPLEXITY" missed="0" covered="2"/><counter type="METHOD" missed="0" covered="1"/></method><method name="upperTriangular" desc="()Z" line="546"><counter type="INSTRUCTION" missed="0" covered="37"/><counter type="BRANCH" missed="0" covered="8"/><counter type="LINE" missed="0" covered="7"/><counter type="COMPLEXITY" missed="0" covered="5"/><counter type="METHOD" missed="0" covered="1"/></method><method name="lowerTriangular" desc="()Z" line="566"><counter type="INSTRUCTION" missed="0" covered="37"/><counter type="BRANCH" missed="0" covered="8"/><counter type="LINE" missed="0" covered="7"/><counter type="COMPLEXITY" missed="0" covered="5"/><counter type="METHOD" missed="0" covered="1"/></method><method name="identity" desc="()Z" line="587"><counter type="INSTRUCTION" missed="0" covered="31"/><counter type="BRANCH" missed="0" covered="6"/><counter type="LINE" missed="0" covered="7"/><counter type="COMPLEXITY" missed="0" covered="4"/><counter type="METHOD" missed="0" covered="1"/></method><method name="invertible" desc="()Z" line="608"><counter type="INSTRUCTION" missed="0" covered="9"/><counter type="BRANCH" missed="0" covered="2"/><counter type="LINE" missed="0" covered="1"/><counter type="COMPLEXITY" missed="0" covered="2"/><counter type="METHOD" missed="0" covered="1"/></method><method name="builder" desc="(II)Lcom/github/ltennstedt/finnmath/linear/DecimalMatrix$DecimalMatrixBuilder;" line="623"><counter type="INSTRUCTION" missed="0" covered="22"/><counter type="BRANCH" missed="0" covered="4"/><counter type="LINE" missed="0" covered="3"/><counter type="COMPLEXITY" missed="0" covered="3"/><counter type="METHOD" missed="0" covered="1"/></method><method name="hashCode" desc="()I" line="630"><counter type="INSTRUCTION" missed="0" covered="9"/><counter type="LINE" missed="0" covered="1"/><counter type="COMPLEXITY" missed="0" covered="1"/><counter type="METHOD" missed="0" covered="1"/></method><method name="equals" desc="(Ljava/lang/Object;)Z" line="635"><counter type="INSTRUCTION" missed="0" covered="19"/><counter type="BRANCH" missed="0" covered="4"/><counter type="LINE" missed="0" covered="6"/><counter type="COMPLEXITY" missed="0" covered="3"/><counter type="METHOD" missed="0" covered="1"/></method><method name="lambda$minor$8" desc="(Ljava/lang/Integer;Ljava/lang/Integer;Lcom/github/ltennstedt/finnmath/linear/DecimalMatrix$DecimalMatrixBuilder;Lcom/google/common/collect/Table$Cell;)V" line="354"><counter type="INSTRUCTION" missed="0" covered="51"/><counter type="BRANCH" missed="0" covered="8"/><counter type="LINE" missed="0" covered="7"/><counter type="COMPLEXITY" missed="0" covered="5"/><counter type="METHOD" missed="0" covered="1"/></method><method name="lambda$transpose$7" desc="(Lcom/github/ltennstedt/finnmath/linear/DecimalMatrix$DecimalMatrixBuilder;Lcom/google/common/collect/Table$Cell;)V" line="319"><counter type="INSTRUCTION" missed="0" covered="13"/><counter type="LINE" missed="0" covered="2"/><counter type="COMPLEXITY" missed="0" covered="1"/><counter type="METHOD" missed="0" covered="1"/></method><method name="lambda$scalarMultiply$6" desc="(Lcom/github/ltennstedt/finnmath/linear/DecimalMatrix$DecimalMatrixBuilder;Ljava/math/BigDecimal;Lcom/google/common/collect/Table$Cell;)V" line="204"><counter type="INSTRUCTION" missed="0" covered="15"/><counter type="LINE" missed="0" covered="2"/><counter type="COMPLEXITY" missed="0" covered="1"/><counter type="METHOD" missed="0" covered="1"/></method><method name="lambda$multiplyVector$5" desc="(Lcom/github/ltennstedt/finnmath/linear/DecimalVector$DecimalVectorBuilder;Lcom/github/ltennstedt/finnmath/linear/DecimalVector;Ljava/lang/Integer;Ljava/util/Map;)V" line="164"><counter type="INSTRUCTION" missed="7" covered="0"/><counter type="LINE" missed="2" covered="0"/><counter type="COMPLEXITY" missed="1" covered="0"/><counter type="METHOD" missed="1" covered="0"/></method><method name="lambda$multiplyVector$4" desc="(Lcom/github/ltennstedt/finnmath/linear/DecimalVector$DecimalVectorBuilder;Ljava/lang/Integer;Lcom/github/ltennstedt/finnmath/linear/DecimalVector;Ljava/lang/Integer;Ljava/math/BigDecimal;)V" line="166"><counter type="INSTRUCTION" missed="24" covered="0"/><counter type="BRANCH" missed="2" covered="0"/><counter type="LINE" missed="3" covered="0"/><counter type="COMPLEXITY" missed="2" covered="0"/><counter type="METHOD" missed="1" covered="0"/></method><method name="lambda$multiply$3" desc="(Lcom/github/ltennstedt/finnmath/linear/DecimalMatrix;Lcom/github/ltennstedt/finnmath/linear/DecimalMatrix$DecimalMatrixBuilder;Ljava/lang/Integer;Ljava/util/Map;)V" line="135"><counter type="INSTRUCTION" missed="0" covered="9"/><counter type="LINE" missed="0" covered="2"/><counter type="COMPLEXITY" missed="0" covered="1"/><counter type="METHOD" missed="0" covered="1"/></method><method name="lambda$multiply$2" desc="(Ljava/util/Map;Lcom/github/ltennstedt/finnmath/linear/DecimalMatrix$DecimalMatrixBuilder;Ljava/lang/Integer;Ljava/lang/Integer;Ljava/util/Map;)V" line="136"><counter type="INSTRUCTION" missed="0" covered="12"/><counter type="LINE" missed="0" covered="3"/><counter type="COMPLEXITY" missed="0" covered="1"/><counter type="METHOD" missed="0" covered="1"/></method><method name="lambda$subtract$1" desc="(Lcom/github/ltennstedt/finnmath/linear/DecimalMatrix$DecimalMatrixBuilder;Lcom/github/ltennstedt/finnmath/linear/DecimalMatrix;Lcom/google/common/collect/Table$Cell;)V" line="107"><counter type="INSTRUCTION" missed="0" covered="23"/><counter type="LINE" missed="0" covered="4"/><counter type="COMPLEXITY" missed="0" covered="1"/><counter type="METHOD" missed="0" covered="1"/></method><method name="lambda$add$0" desc="(Lcom/github/ltennstedt/finnmath/linear/DecimalMatrix$DecimalMatrixBuilder;Lcom/github/ltennstedt/finnmath/linear/DecimalMatrix;Lcom/google/common/collect/Table$Cell;)V" line="75"><counter type="INSTRUCTION" missed="0" covered="23"/><counter type="LINE" missed="0" covered="4"/><counter type="COMPLEXITY" missed="0" covered="1"/><counter type="METHOD" missed="0" covered="1"/></method><counter type="INSTRUCTION" missed="51" covered="1318"/><counter type="BRANCH" missed="4" covered="106"/><counter type="LINE" missed="8" covered="205"/><counter type="COMPLEXITY" missed="5" covered="88"/><counter type="METHOD" missed="2" covered="36"/><counter type="CLASS" missed="0" covered="1"/></class><class name="com/github/ltennstedt/finnmath/linear/AbstractMatrixBuilder"><method name="&lt;init&gt;" desc="(II)V" line="43"><counter type="INSTRUCTION" missed="0" covered="24"/><counter type="LINE" missed="0" covered="5"/><counter type="COMPLEXITY" missed="0" covered="1"/><counter type="METHOD" missed="0" covered="1"/></method><method name="toString" desc="()Ljava/lang/String;" line="51"><counter type="INSTRUCTION" missed="0" covered="8"/><counter type="LINE" missed="0" covered="1"/><counter type="COMPLEXITY" missed="0" covered="1"/><counter type="METHOD" missed="0" covered="1"/></method><method name="getTable" desc="()Lcom/google/common/collect/Table;" line="55"><counter type="INSTRUCTION" missed="0" covered="3"/><counter type="LINE" missed="0" covered="1"/><counter type="COMPLEXITY" missed="0" covered="1"/><counter type="METHOD" missed="0" covered="1"/></method><counter type="INSTRUCTION" missed="0" covered="35"/><counter type="LINE" missed="0" covered="7"/><counter type="COMPLEXITY" missed="0" covered="3"/><counter type="METHOD" missed="0" covered="3"/><counter type="CLASS" missed="0" covered="1"/></class><class name="com/github/ltennstedt/finnmath/linear/SimpleComplexNumberVector"><method name="&lt;init&gt;" desc="(Lcom/google/common/collect/ImmutableMap;)V" line="46"><counter type="INSTRUCTION" missed="0" covered="4"/><counter type="LINE" missed="0" covered="2"/><counter type="COMPLEXITY" missed="0" covered="1"/><counter type="METHOD" missed="0" covered="1"/></method><method name="add" desc="(Lcom/github/ltennstedt/finnmath/linear/SimpleComplexNumberVector;)Lcom/github/ltennstedt/finnmath/linear/SimpleComplexNumberVector;" line="64"><counter type="INSTRUCTION" missed="0" covered="34"/><counter type="BRANCH" missed="0" covered="2"/><counter type="LINE" missed="0" covered="6"/><counter type="COMPLEXITY" missed="0" covered="2"/><counter type="METHOD" missed="0" covered="1"/></method><method name="subtract" desc="(Lcom/github/ltennstedt/finnmath/linear/SimpleComplexNumberVector;)Lcom/github/ltennstedt/finnmath/linear/SimpleComplexNumberVector;" line="89"><counter type="INSTRUCTION" missed="0" covered="34"/><counter type="BRANCH" missed="0" covered="2"/><counter type="LINE" missed="0" covered="6"/><counter type="COMPLEXITY" missed="0" covered="2"/><counter type="METHOD" missed="0" covered="1"/></method><method name="scalarMultiply" desc="(Lcom/github/ltennstedt/finnmath/number/SimpleComplexNumber;)Lcom/github/ltennstedt/finnmath/linear/SimpleComplexNumberVector;" line="112"><counter type="INSTRUCTION" missed="0" covered="19"/><counter type="LINE" missed="0" covered="4"/><counter type="COMPLEXITY" missed="0" covered="1"/><counter type="METHOD" missed="0" covered="1"/></method><method name="negate" desc="()Lcom/github/ltennstedt/finnmath/linear/SimpleComplexNumberVector;" line="130"><counter type="INSTRUCTION" missed="0" covered="5"/><counter type="LINE" missed="0" covered="1"/><counter type="COMPLEXITY" missed="0" covered="1"/><counter type="METHOD" missed="0" covered="1"/></method><method name="taxicabNorm" desc="()Ljava/math/BigDecimal;" line="142"><counter type="INSTRUCTION" missed="0" covered="22"/><counter type="BRANCH" missed="0" covered="2"/><counter type="LINE" missed="0" covered="5"/><counter type="COMPLEXITY" missed="0" covered="2"/><counter type="METHOD" missed="0" covered="1"/></method><method name="taxicabDistance" desc="(Lcom/github/ltennstedt/finnmath/linear/SimpleComplexNumberVector;)Ljava/math/BigDecimal;" line="166"><counter type="INSTRUCTION" missed="0" covered="25"/><counter type="BRANCH" missed="0" covered="2"/><counter type="LINE" missed="0" covered="3"/><counter type="COMPLEXITY" missed="0" covered="2"/><counter type="METHOD" missed="0" covered="1"/></method><method name="euclideanNormPow2" desc="()Ljava/math/BigInteger;" line="180"><counter type="INSTRUCTION" missed="0" covered="22"/><counter type="BRANCH" missed="0" covered="2"/><counter type="LINE" missed="0" covered="5"/><counter type="COMPLEXITY" missed="0" covered="2"/><counter type="METHOD" missed="0" covered="1"/></method><method name="euclideanNorm" desc="()Ljava/math/BigDecimal;" line="198"><counter type="INSTRUCTION" missed="0" covered="7"/><counter type="LINE" missed="0" covered="1"/><counter type="COMPLEXITY" missed="0" covered="1"/><counter type="METHOD" missed="0" covered="1"/></method><method name="euclideanNorm" desc="(Ljava/math/BigDecimal;)Ljava/math/BigDecimal;" line="218"><counter type="INSTRUCTION" missed="0" covered="26"/><counter type="BRANCH" missed="0" covered="4"/><counter type="LINE" missed="0" covered="3"/><counter type="COMPLEXITY" missed="0" covered="3"/><counter type="METHOD" missed="0" covered="1"/></method><method name="euclideanNorm" desc="(ILjava/math/RoundingMode;)Ljava/math/BigDecimal;" line="241"><counter type="INSTRUCTION" missed="0" covered="17"/><counter type="BRANCH" missed="0" covered="2"/><counter type="LINE" missed="0" covered="2"/><counter type="COMPLEXITY" missed="0" covered="2"/><counter type="METHOD" missed="0" covered="1"/></method><method name="euclideanNorm" desc="(Ljava/math/BigDecimal;ILjava/math/RoundingMode;)Ljava/math/BigDecimal;" line="268"><counter type="INSTRUCTION" missed="0" covered="36"/><counter type="BRANCH" missed="0" covered="6"/><counter type="LINE" missed="0" covered="4"/><counter type="COMPLEXITY" missed="0" covered="4"/><counter type="METHOD" missed="0" covered="1"/></method><method name="dotProduct" desc="(Lcom/github/ltennstedt/finnmath/linear/SimpleComplexNumberVector;)Lcom/github/ltennstedt/finnmath/number/SimpleComplexNumber;" line="290"><counter type="INSTRUCTION" missed="0" covered="50"/><counter type="BRANCH" missed="0" covered="4"/><counter type="LINE" missed="0" covered="7"/><counter type="COMPLEXITY" missed="0" covered="3"/><counter type="METHOD" missed="0" covered="1"/></method><method name="euclideanDistancePow2" desc="(Lcom/github/ltennstedt/finnmath/linear/SimpleComplexNumberVector;)Ljava/math/BigInteger;" line="316"><counter type="INSTRUCTION" missed="0" covered="25"/><counter type="BRANCH" missed="0" covered="2"/><counter type="LINE" missed="0" covered="3"/><counter type="COMPLEXITY" missed="0" covered="2"/><counter type="METHOD" missed="0" covered="1"/></method><method name="euclideanDistance" desc="(Lcom/github/ltennstedt/finnmath/linear/SimpleComplexNumberVector;)Ljava/math/BigDecimal;" line="338"><counter type="INSTRUCTION" missed="0" covered="28"/><counter type="BRANCH" missed="0" covered="2"/><counter type="LINE" missed="0" covered="3"/><counter type="COMPLEXITY" missed="0" covered="2"/><counter type="METHOD" missed="0" covered="1"/></method><method name="euclideanDistance" desc="(Lcom/github/ltennstedt/finnmath/linear/SimpleComplexNumberVector;Ljava/math/BigDecimal;)Ljava/math/BigDecimal;" line="366"><counter type="INSTRUCTION" missed="0" covered="47"/><counter type="BRANCH" missed="0" covered="6"/><counter type="LINE" missed="0" covered="5"/><counter type="COMPLEXITY" missed="0" covered="4"/><counter type="METHOD" missed="0" covered="1"/></method><method name="euclideanDistance" desc="(Lcom/github/ltennstedt/finnmath/linear/SimpleComplexNumberVector;ILjava/math/RoundingMode;)Ljava/math/BigDecimal;" line="398"><counter type="INSTRUCTION" missed="0" covered="38"/><counter type="BRANCH" missed="0" covered="4"/><counter type="LINE" missed="0" covered="4"/><counter type="COMPLEXITY" missed="0" covered="3"/><counter type="METHOD" missed="0" covered="1"/></method><method name="euclideanDistance" desc="(Lcom/github/ltennstedt/finnmath/linear/SimpleComplexNumberVector;Ljava/math/BigDecimal;ILjava/math/RoundingMode;)Ljava/math/BigDecimal;" line="434"><counter type="INSTRUCTION" missed="0" covered="57"/><counter type="BRANCH" missed="0" covered="8"/><counter type="LINE" missed="0" covered="6"/><counter type="COMPLEXITY" missed="0" covered="5"/><counter type="METHOD" missed="0" covered="1"/></method><method name="maxNorm" desc="()Ljava/math/BigDecimal;" line="452"><counter type="INSTRUCTION" missed="0" covered="22"/><counter type="BRANCH" missed="0" covered="2"/><counter type="LINE" missed="0" covered="5"/><counter type="COMPLEXITY" missed="0" covered="2"/><counter type="METHOD" missed="0" covered="1"/></method><method name="maxDistance" desc="(Lcom/github/ltennstedt/finnmath/linear/SimpleComplexNumberVector;)Ljava/math/BigDecimal;" line="476"><counter type="INSTRUCTION" missed="0" covered="25"/><counter type="BRANCH" missed="0" covered="2"/><counter type="LINE" missed="0" covered="3"/><counter type="COMPLEXITY" missed="0" covered="2"/><counter type="METHOD" missed="0" covered="1"/></method><method name="size" desc="()I" line="490"><counter type="INSTRUCTION" missed="0" covered="4"/><counter type="LINE" missed="0" covered="1"/><counter type="COMPLEXITY" missed="0" covered="1"/><counter type="METHOD" missed="0" covered="1"/></method><method name="builder" desc="(I)Lcom/github/ltennstedt/finnmath/linear/SimpleComplexNumberVector$SimpleComplexNumberVectorBuilder;" line="503"><counter type="INSTRUCTION" missed="0" covered="15"/><counter type="BRANCH" missed="0" covered="2"/><counter type="LINE" missed="0" covered="2"/><counter type="COMPLEXITY" missed="0" covered="2"/><counter type="METHOD" missed="0" covered="1"/></method><method name="hashCode" desc="()I" line="509"><counter type="INSTRUCTION" missed="0" covered="9"/><counter type="LINE" missed="0" covered="1"/><counter type="COMPLEXITY" missed="0" covered="1"/><counter type="METHOD" missed="0" covered="1"/></method><method name="equals" desc="(Ljava/lang/Object;)Z" line="514"><counter type="INSTRUCTION" missed="0" covered="19"/><counter type="BRANCH" missed="0" covered="4"/><counter type="LINE" missed="0" covered="6"/><counter type="COMPLEXITY" missed="0" covered="3"/><counter type="METHOD" missed="0" covered="1"/></method><method name="lambda$scalarMultiply$2" desc="(Lcom/github/ltennstedt/finnmath/linear/SimpleComplexNumberVector$SimpleComplexNumberVectorBuilder;Lcom/github/ltennstedt/finnmath/number/SimpleComplexNumber;Lcom/github/ltennstedt/finnmath/number/SimpleComplexNumber;)V" line="115"><counter type="INSTRUCTION" missed="0" covered="7"/><counter type="LINE" missed="0" covered="2"/><counter type="COMPLEXITY" missed="0" covered="1"/><counter type="METHOD" missed="0" covered="1"/></method><method name="lambda$subtract$1" desc="(Lcom/github/ltennstedt/finnmath/linear/SimpleComplexNumberVector$SimpleComplexNumberVectorBuilder;Lcom/github/ltennstedt/finnmath/linear/SimpleComplexNumberVector;Ljava/lang/Integer;Lcom/github/ltennstedt/finnmath/number/SimpleComplexNumber;)V" line="94"><counter type="INSTRUCTION" missed="0" covered="10"/><counter type="LINE" missed="0" covered="2"/><counter type="COMPLEXITY" missed="0" covered="1"/><counter type="METHOD" missed="0" covered="1"/></method><method name="lambda$add$0" desc="(Lcom/github/ltennstedt/finnmath/linear/SimpleComplexNumberVector$SimpleComplexNumberVectorBuilder;Lcom/github/ltennstedt/finnmath/linear/SimpleComplexNumberVector;Ljava/lang/Integer;Lcom/github/ltennstedt/finnmath/number/SimpleComplexNumber;)V" line="69"><counter type="INSTRUCTION" missed="0" covered="10"/><counter type="LINE" missed="0" covered="2"/><counter type="COMPLEXITY" missed="0" covered="1"/><counter type="METHOD" missed="0" covered="1"/></method><counter type="INSTRUCTION" missed="0" covered="617"/><counter type="BRANCH" missed="0" covered="58"/><counter type="LINE" missed="0" covered="94"/><counter type="COMPLEXITY" missed="0" covered="56"/><counter type="METHOD" missed="0" covered="27"/><counter type="CLASS" missed="0" covered="1"/></class><class name="com/github/ltennstedt/finnmath/linear/RealComplexNumberVector"><method name="&lt;init&gt;" desc="(Lcom/google/common/collect/ImmutableMap;)V" line="45"><counter type="INSTRUCTION" missed="0" covered="4"/><counter type="LINE" missed="0" covered="2"/><counter type="COMPLEXITY" missed="0" covered="1"/><counter type="METHOD" missed="0" covered="1"/></method><method name="add" desc="(Lcom/github/ltennstedt/finnmath/linear/RealComplexNumberVector;)Lcom/github/ltennstedt/finnmath/linear/RealComplexNumberVector;" line="63"><counter type="INSTRUCTION" missed="0" covered="34"/><counter type="BRANCH" missed="0" covered="2"/><counter type="LINE" missed="0" covered="6"/><counter type="COMPLEXITY" missed="0" covered="2"/><counter type="METHOD" missed="0" covered="1"/></method><method name="subtract" desc="(Lcom/github/ltennstedt/finnmath/linear/RealComplexNumberVector;)Lcom/github/ltennstedt/finnmath/linear/RealComplexNumberVector;" line="88"><counter type="INSTRUCTION" missed="0" covered="34"/><counter type="BRANCH" missed="0" covered="2"/><counter type="LINE" missed="0" covered="6"/><counter type="COMPLEXITY" missed="0" covered="2"/><counter type="METHOD" missed="0" covered="1"/></method><method name="scalarMultiply" desc="(Lcom/github/ltennstedt/finnmath/number/RealComplexNumber;)Lcom/github/ltennstedt/finnmath/linear/RealComplexNumberVector;" line="111"><counter type="INSTRUCTION" missed="0" covered="19"/><counter type="LINE" missed="0" covered="4"/><counter type="COMPLEXITY" missed="0" covered="1"/><counter type="METHOD" missed="0" covered="1"/></method><method name="negate" desc="()Lcom/github/ltennstedt/finnmath/linear/RealComplexNumberVector;" line="129"><counter type="INSTRUCTION" missed="0" covered="5"/><counter type="LINE" missed="0" covered="1"/><counter type="COMPLEXITY" missed="0" covered="1"/><counter type="METHOD" missed="0" covered="1"/></method><method name="taxicabNorm" desc="()Ljava/math/BigDecimal;" line="141"><counter type="INSTRUCTION" missed="0" covered="22"/><counter type="BRANCH" missed="0" covered="2"/><counter type="LINE" missed="0" covered="5"/><counter type="COMPLEXITY" missed="0" covered="2"/><counter type="METHOD" missed="0" covered="1"/></method><method name="taxicabDistance" desc="(Lcom/github/ltennstedt/finnmath/linear/RealComplexNumberVector;)Ljava/math/BigDecimal;" line="165"><counter type="INSTRUCTION" missed="0" covered="25"/><counter type="BRANCH" missed="0" covered="2"/><counter type="LINE" missed="0" covered="3"/><counter type="COMPLEXITY" missed="0" covered="2"/><counter type="METHOD" missed="0" covered="1"/></method><method name="euclideanNormPow2" desc="()Ljava/math/BigDecimal;" line="179"><counter type="INSTRUCTION" missed="0" covered="22"/><counter type="BRANCH" missed="0" covered="2"/><counter type="LINE" missed="0" covered="5"/><counter type="COMPLEXITY" missed="0" covered="2"/><counter type="METHOD" missed="0" covered="1"/></method><method name="euclideanNorm" desc="()Ljava/math/BigDecimal;" line="197"><counter type="INSTRUCTION" missed="0" covered="7"/><counter type="LINE" missed="0" covered="1"/><counter type="COMPLEXITY" missed="0" covered="1"/><counter type="METHOD" missed="0" covered="1"/></method><method name="euclideanNorm" desc="(Ljava/math/BigDecimal;)Ljava/math/BigDecimal;" line="217"><counter type="INSTRUCTION" missed="0" covered="26"/><counter type="BRANCH" missed="0" covered="4"/><counter type="LINE" missed="0" covered="3"/><counter type="COMPLEXITY" missed="0" covered="3"/><counter type="METHOD" missed="0" covered="1"/></method><method name="euclideanNorm" desc="(ILjava/math/RoundingMode;)Ljava/math/BigDecimal;" line="240"><counter type="INSTRUCTION" missed="0" covered="17"/><counter type="BRANCH" missed="0" covered="2"/><counter type="LINE" missed="0" covered="2"/><counter type="COMPLEXITY" missed="0" covered="2"/><counter type="METHOD" missed="0" covered="1"/></method><method name="euclideanNorm" desc="(Ljava/math/BigDecimal;ILjava/math/RoundingMode;)Ljava/math/BigDecimal;" line="267"><counter type="INSTRUCTION" missed="0" covered="36"/><counter type="BRANCH" missed="0" covered="6"/><counter type="LINE" missed="0" covered="4"/><counter type="COMPLEXITY" missed="0" covered="4"/><counter type="METHOD" missed="0" covered="1"/></method><method name="dotProduct" desc="(Lcom/github/ltennstedt/finnmath/linear/RealComplexNumberVector;)Lcom/github/ltennstedt/finnmath/number/RealComplexNumber;" line="289"><counter type="INSTRUCTION" missed="0" covered="50"/><counter type="BRANCH" missed="0" covered="4"/><counter type="LINE" missed="0" covered="7"/><counter type="COMPLEXITY" missed="0" covered="3"/><counter type="METHOD" missed="0" covered="1"/></method><method name="euclideanDistancePow2" desc="(Lcom/github/ltennstedt/finnmath/linear/RealComplexNumberVector;)Ljava/math/BigDecimal;" line="315"><counter type="INSTRUCTION" missed="0" covered="25"/><counter type="BRANCH" missed="0" covered="2"/><counter type="LINE" missed="0" covered="3"/><counter type="COMPLEXITY" missed="0" covered="2"/><counter type="METHOD" missed="0" covered="1"/></method><method name="euclideanDistance" desc="(Lcom/github/ltennstedt/finnmath/linear/RealComplexNumberVector;)Ljava/math/BigDecimal;" line="337"><counter type="INSTRUCTION" missed="0" covered="28"/><counter type="BRANCH" missed="0" covered="2"/><counter type="LINE" missed="0" covered="3"/><counter type="COMPLEXITY" missed="0" covered="2"/><counter type="METHOD" missed="0" covered="1"/></method><method name="euclideanDistance" desc="(Lcom/github/ltennstedt/finnmath/linear/RealComplexNumberVector;Ljava/math/BigDecimal;)Ljava/math/BigDecimal;" line="365"><counter type="INSTRUCTION" missed="0" covered="47"/><counter type="BRANCH" missed="0" covered="6"/><counter type="LINE" missed="0" covered="5"/><counter type="COMPLEXITY" missed="0" covered="4"/><counter type="METHOD" missed="0" covered="1"/></method><method name="euclideanDistance" desc="(Lcom/github/ltennstedt/finnmath/linear/RealComplexNumberVector;ILjava/math/RoundingMode;)Ljava/math/BigDecimal;" line="397"><counter type="INSTRUCTION" missed="0" covered="38"/><counter type="BRANCH" missed="0" covered="4"/><counter type="LINE" missed="0" covered="4"/><counter type="COMPLEXITY" missed="0" covered="3"/><counter type="METHOD" missed="0" covered="1"/></method><method name="euclideanDistance" desc="(Lcom/github/ltennstedt/finnmath/linear/RealComplexNumberVector;Ljava/math/BigDecimal;ILjava/math/RoundingMode;)Ljava/math/BigDecimal;" line="433"><counter type="INSTRUCTION" missed="0" covered="57"/><counter type="BRANCH" missed="0" covered="8"/><counter type="LINE" missed="0" covered="6"/><counter type="COMPLEXITY" missed="0" covered="5"/><counter type="METHOD" missed="0" covered="1"/></method><method name="maxNorm" desc="()Ljava/math/BigDecimal;" line="451"><counter type="INSTRUCTION" missed="0" covered="22"/><counter type="BRANCH" missed="0" covered="2"/><counter type="LINE" missed="0" covered="5"/><counter type="COMPLEXITY" missed="0" covered="2"/><counter type="METHOD" missed="0" covered="1"/></method><method name="maxDistance" desc="(Lcom/github/ltennstedt/finnmath/linear/RealComplexNumberVector;)Ljava/math/BigDecimal;" line="475"><counter type="INSTRUCTION" missed="0" covered="25"/><counter type="BRANCH" missed="0" covered="2"/><counter type="LINE" missed="0" covered="3"/><counter type="COMPLEXITY" missed="0" covered="2"/><counter type="METHOD" missed="0" covered="1"/></method><method name="size" desc="()I" line="489"><counter type="INSTRUCTION" missed="0" covered="4"/><counter type="LINE" missed="0" covered="1"/><counter type="COMPLEXITY" missed="0" covered="1"/><counter type="METHOD" missed="0" covered="1"/></method><method name="builder" desc="(I)Lcom/github/ltennstedt/finnmath/linear/RealComplexNumberVector$RealComplexNumberVectorBuilder;" line="502"><counter type="INSTRUCTION" missed="0" covered="15"/><counter type="BRANCH" missed="0" covered="2"/><counter type="LINE" missed="0" covered="2"/><counter type="COMPLEXITY" missed="0" covered="2"/><counter type="METHOD" missed="0" covered="1"/></method><method name="hashCode" desc="()I" line="508"><counter type="INSTRUCTION" missed="0" covered="9"/><counter type="LINE" missed="0" covered="1"/><counter type="COMPLEXITY" missed="0" covered="1"/><counter type="METHOD" missed="0" covered="1"/></method><method name="equals" desc="(Ljava/lang/Object;)Z" line="513"><counter type="INSTRUCTION" missed="0" covered="19"/><counter type="BRANCH" missed="0" covered="4"/><counter type="LINE" missed="0" covered="6"/><counter type="COMPLEXITY" missed="0" covered="3"/><counter type="METHOD" missed="0" covered="1"/></method><method name="lambda$scalarMultiply$2" desc="(Lcom/github/ltennstedt/finnmath/linear/RealComplexNumberVector$RealComplexNumberVectorBuilder;Lcom/github/ltennstedt/finnmath/number/RealComplexNumber;Lcom/github/ltennstedt/finnmath/number/RealComplexNumber;)V" line="114"><counter type="INSTRUCTION" missed="0" covered="7"/><counter type="LINE" missed="0" covered="2"/><counter type="COMPLEXITY" missed="0" covered="1"/><counter type="METHOD" missed="0" covered="1"/></method><method name="lambda$subtract$1" desc="(Lcom/github/ltennstedt/finnmath/linear/RealComplexNumberVector$RealComplexNumberVectorBuilder;Lcom/github/ltennstedt/finnmath/linear/RealComplexNumberVector;Ljava/lang/Integer;Lcom/github/ltennstedt/finnmath/number/RealComplexNumber;)V" line="93"><counter type="INSTRUCTION" missed="0" covered="10"/><counter type="LINE" missed="0" covered="2"/><counter type="COMPLEXITY" missed="0" covered="1"/><counter type="METHOD" missed="0" covered="1"/></method><method name="lambda$add$0" desc="(Lcom/github/ltennstedt/finnmath/linear/RealComplexNumberVector$RealComplexNumberVectorBuilder;Lcom/github/ltennstedt/finnmath/linear/RealComplexNumberVector;Ljava/lang/Integer;Lcom/github/ltennstedt/finnmath/number/RealComplexNumber;)V" line="68"><counter type="INSTRUCTION" missed="0" covered="10"/><counter type="LINE" missed="0" covered="2"/><counter type="COMPLEXITY" missed="0" covered="1"/><counter type="METHOD" missed="0" covered="1"/></method><counter type="INSTRUCTION" missed="0" covered="617"/><counter type="BRANCH" missed="0" covered="58"/><counter type="LINE" missed="0" covered="94"/><counter type="COMPLEXITY" missed="0" covered="56"/><counter type="METHOD" missed="0" covered="27"/><counter type="CLASS" missed="0" covered="1"/></class><class name="com/github/ltennstedt/finnmath/linear/BigIntMatrix$BigIntMatrixBuilder"><method name="&lt;init&gt;" desc="(II)V" line="642"><counter type="INSTRUCTION" missed="0" covered="5"/><counter type="LINE" missed="0" covered="2"/><counter type="COMPLEXITY" missed="0" covered="1"/><counter type="METHOD" missed="0" covered="1"/></method><method name="put" desc="(Ljava/lang/Integer;Ljava/lang/Integer;Ljava/math/BigInteger;)Lcom/github/ltennstedt/finnmath/linear/BigIntMatrix$BigIntMatrixBuilder;" line="657"><counter type="INSTRUCTION" missed="0" covered="45"/><counter type="LINE" missed="0" covered="9"/><counter type="COMPLEXITY" missed="0" covered="1"/><counter type="METHOD" missed="0" covered="1"/></method><method name="putAll" desc="(Ljava/math/BigInteger;)Lcom/github/ltennstedt/finnmath/linear/BigIntMatrix$BigIntMatrixBuilder;" line="680"><counter type="INSTRUCTION" missed="0" covered="13"/><counter type="LINE" missed="0" covered="3"/><counter type="COMPLEXITY" missed="0" covered="1"/><counter type="METHOD" missed="0" covered="1"/></method><method name="build" desc="()Lcom/github/ltennstedt/finnmath/linear/BigIntMatrix;" line="701"><counter type="INSTRUCTION" missed="0" covered="13"/><counter type="LINE" missed="0" covered="2"/><counter type="COMPLEXITY" missed="0" covered="1"/><counter type="METHOD" missed="0" covered="1"/></method><method name="lambda$build$2" desc="(Lcom/google/common/collect/Table$Cell;)V" line="702"><counter type="INSTRUCTION" missed="0" covered="7"/><counter type="LINE" missed="0" covered="2"/><counter type="COMPLEXITY" missed="0" covered="1"/><counter type="METHOD" missed="0" covered="1"/></method><method name="lambda$putAll$1" desc="(Ljava/math/BigInteger;Ljava/lang/Integer;)V" line="682"><counter type="INSTRUCTION" missed="0" covered="9"/><counter type="LINE" missed="0" covered="2"/><counter type="COMPLEXITY" missed="0" covered="1"/><counter type="METHOD" missed="0" covered="1"/></method><method name="lambda$putAll$0" desc="(Ljava/lang/Integer;Ljava/math/BigInteger;Ljava/lang/Integer;)V" line="683"><counter type="INSTRUCTION" missed="0" covered="8"/><counter type="LINE" missed="0" covered="2"/><counter type="COMPLEXITY" missed="0" covered="1"/><counter type="METHOD" missed="0" covered="1"/></method><counter type="INSTRUCTION" missed="0" covered="100"/><counter type="LINE" missed="0" covered="22"/><counter type="COMPLEXITY" missed="0" covered="7"/><counter type="METHOD" missed="0" covered="7"/><counter type="CLASS" missed="0" covered="1"/></class><class name="com/github/ltennstedt/finnmath/linear/DecimalMatrix$DecimalMatrixBuilder"><method name="&lt;init&gt;" desc="(II)V" line="654"><counter type="INSTRUCTION" missed="0" covered="5"/><counter type="LINE" missed="0" covered="2"/><counter type="COMPLEXITY" missed="0" covered="1"/><counter type="METHOD" missed="0" covered="1"/></method><method name="put" desc="(Ljava/lang/Integer;Ljava/lang/Integer;Ljava/math/BigDecimal;)Lcom/github/ltennstedt/finnmath/linear/DecimalMatrix$DecimalMatrixBuilder;" line="681"><counter type="INSTRUCTION" missed="0" covered="45"/><counter type="LINE" missed="0" covered="9"/><counter type="COMPLEXITY" missed="0" covered="1"/><counter type="METHOD" missed="0" covered="1"/></method><method name="putAll" desc="(Ljava/math/BigDecimal;)Lcom/github/ltennstedt/finnmath/linear/DecimalMatrix$DecimalMatrixBuilder;" line="704"><counter type="INSTRUCTION" missed="0" covered="13"/><counter type="LINE" missed="0" covered="3"/><counter type="COMPLEXITY" missed="0" covered="1"/><counter type="METHOD" missed="0" covered="1"/></method><method name="build" desc="()Lcom/github/ltennstedt/finnmath/linear/DecimalMatrix;" line="725"><counter type="INSTRUCTION" missed="0" covered="13"/><counter type="LINE" missed="0" covered="2"/><counter type="COMPLEXITY" missed="0" covered="1"/><counter type="METHOD" missed="0" covered="1"/></method><method name="lambda$build$2" desc="(Lcom/google/common/collect/Table$Cell;)V" line="726"><counter type="INSTRUCTION" missed="0" covered="7"/><counter type="LINE" missed="0" covered="2"/><counter type="COMPLEXITY" missed="0" covered="1"/><counter type="METHOD" missed="0" covered="1"/></method><method name="lambda$putAll$1" desc="(Ljava/math/BigDecimal;Ljava/lang/Integer;)V" line="706"><counter type="INSTRUCTION" missed="0" covered="9"/><counter type="LINE" missed="0" covered="2"/><counter type="COMPLEXITY" missed="0" covered="1"/><counter type="METHOD" missed="0" covered="1"/></method><method name="lambda$putAll$0" desc="(Ljava/lang/Integer;Ljava/math/BigDecimal;Ljava/lang/Integer;)V" line="707"><counter type="INSTRUCTION" missed="0" covered="8"/><counter type="LINE" missed="0" covered="2"/><counter type="COMPLEXITY" missed="0" covered="1"/><counter type="METHOD" missed="0" covered="1"/></method><counter type="INSTRUCTION" missed="0" covered="100"/><counter type="LINE" missed="0" covered="22"/><counter type="COMPLEXITY" missed="0" covered="7"/><counter type="METHOD" missed="0" covered="7"/><counter type="CLASS" missed="0" covered="1"/></class><class name="com/github/ltennstedt/finnmath/linear/AbstractMatrix"><method name="&lt;init&gt;" desc="(Lcom/google/common/collect/ImmutableTable;)V" line="60"><counter type="INSTRUCTION" missed="0" covered="6"/><counter type="LINE" missed="0" covered="3"/><counter type="COMPLEXITY" missed="0" covered="1"/><counter type="METHOD" missed="0" covered="1"/></method><method name="square" desc="()Z" line="114"><counter type="INSTRUCTION" missed="0" covered="13"/><counter type="BRANCH" missed="0" covered="2"/><counter type="LINE" missed="0" covered="1"/><counter type="COMPLEXITY" missed="0" covered="2"/><counter type="METHOD" missed="0" covered="1"/></method><method name="triangular" desc="()Z" line="127"><counter type="INSTRUCTION" missed="0" covered="10"/><counter type="BRANCH" missed="0" covered="4"/><counter type="LINE" missed="0" covered="1"/><counter type="COMPLEXITY" missed="0" covered="3"/><counter type="METHOD" missed="0" covered="1"/></method><method name="diagonal" desc="()Z" line="144"><counter type="INSTRUCTION" missed="0" covered="10"/><counter type="BRANCH" missed="1" covered="3"/><counter type="LINE" missed="0" covered="1"/><counter type="COMPLEXITY" missed="1" covered="2"/><counter type="METHOD" missed="0" covered="1"/></method><method name="symmetric" desc="()Z" line="161"><counter type="INSTRUCTION" missed="0" covered="12"/><counter type="BRANCH" missed="0" covered="4"/><counter type="LINE" missed="0" covered="1"/><counter type="COMPLEXITY" missed="0" covered="3"/><counter type="METHOD" missed="0" covered="1"/></method><method name="skewSymmetric" desc="()Z" line="175"><counter type="INSTRUCTION" missed="0" covered="13"/><counter type="BRANCH" missed="0" covered="4"/><counter type="LINE" missed="0" covered="1"/><counter type="COMPLEXITY" missed="0" covered="3"/><counter type="METHOD" missed="0" covered="1"/></method><method name="rowIndexes" desc="()Lcom/google/common/collect/ImmutableSet;" line="187"><counter type="INSTRUCTION" missed="0" covered="4"/><counter type="LINE" missed="0" covered="1"/><counter type="COMPLEXITY" missed="0" covered="1"/><counter type="METHOD" missed="0" covered="1"/></method><method name="columnIndexes" desc="()Lcom/google/common/collect/ImmutableSet;" line="199"><counter type="INSTRUCTION" missed="0" covered="4"/><counter type="LINE" missed="0" covered="1"/><counter type="COMPLEXITY" missed="0" covered="1"/><counter type="METHOD" missed="0" covered="1"/></method><method name="element" desc="(Ljava/lang/Integer;Ljava/lang/Integer;)Ljava/lang/Object;" line="223"><counter type="INSTRUCTION" missed="0" covered="38"/><counter type="LINE" missed="0" covered="7"/><counter type="COMPLEXITY" missed="0" covered="1"/><counter type="METHOD" missed="0" covered="1"/></method><method name="cells" desc="()Lcom/google/common/collect/ImmutableSet;" line="241"><counter type="INSTRUCTION" missed="0" covered="4"/><counter type="LINE" missed="0" covered="1"/><counter type="COMPLEXITY" missed="0" covered="1"/><counter type="METHOD" missed="0" covered="1"/></method><method name="row" desc="(Ljava/lang/Integer;)Lcom/google/common/collect/ImmutableMap;" line="259"><counter type="INSTRUCTION" missed="0" covered="21"/><counter type="LINE" missed="0" covered="4"/><counter type="COMPLEXITY" missed="0" covered="1"/><counter type="METHOD" missed="0" covered="1"/></method><method name="column" desc="(Ljava/lang/Integer;)Lcom/google/common/collect/ImmutableMap;" line="280"><counter type="INSTRUCTION" missed="0" covered="21"/><counter type="LINE" missed="0" covered="4"/><counter type="COMPLEXITY" missed="0" covered="1"/><counter type="METHOD" missed="0" covered="1"/></method><method name="rows" desc="()Lcom/google/common/collect/ImmutableMap;" line="295"><counter type="INSTRUCTION" missed="0" covered="4"/><counter type="LINE" missed="0" covered="1"/><counter type="COMPLEXITY" missed="0" covered="1"/><counter type="METHOD" missed="0" covered="1"/></method><method name="columns" desc="()Lcom/google/common/collect/ImmutableMap;" line="307"><counter type="INSTRUCTION" missed="0" covered="4"/><counter type="LINE" missed="0" covered="1"/><counter type="COMPLEXITY" missed="0" covered="1"/><counter type="METHOD" missed="0" covered="1"/></method><method name="elements" desc="()Lcom/google/common/collect/ImmutableCollection;" line="319"><counter type="INSTRUCTION" missed="0" covered="4"/><counter type="LINE" missed="0" covered="1"/><counter type="COMPLEXITY" missed="0" covered="1"/><counter type="METHOD" missed="0" covered="1"/></method><method name="size" desc="()J" line="330"><counter type="INSTRUCTION" missed="0" covered="16"/><counter type="LINE" missed="0" covered="1"/><counter type="COMPLEXITY" missed="0" covered="1"/><counter type="METHOD" missed="0" covered="1"/></method><method name="rowSize" desc="()I" line="342"><counter type="INSTRUCTION" missed="0" covered="5"/><counter type="LINE" missed="0" covered="1"/><counter type="COMPLEXITY" missed="0" covered="1"/><counter type="METHOD" missed="0" covered="1"/></method><method name="columnSize" desc="()I" line="354"><counter type="INSTRUCTION" missed="0" covered="5"/><counter type="LINE" missed="0" covered="1"/><counter type="COMPLEXITY" missed="0" covered="1"/><counter type="METHOD" missed="0" covered="1"/></method><method name="toString" desc="()Ljava/lang/String;" line="359"><counter type="INSTRUCTION" missed="0" covered="8"/><counter type="LINE" missed="0" covered="1"/><counter type="COMPLEXITY" missed="0" covered="1"/><counter type="METHOD" missed="0" covered="1"/></method><method name="getTable" desc="()Lcom/google/common/collect/ImmutableTable;" line="363"><counter type="INSTRUCTION" missed="0" covered="3"/><counter type="LINE" missed="0" covered="1"/><counter type="COMPLEXITY" missed="0" covered="1"/><counter type="METHOD" missed="0" covered="1"/></method><counter type="INSTRUCTION" missed="0" covered="205"/><counter type="BRANCH" missed="1" covered="17"/><counter type="LINE" missed="0" covered="34"/><counter type="COMPLEXITY" missed="1" covered="28"/><counter type="METHOD" missed="0" covered="20"/><counter type="CLASS" missed="0" covered="1"/></class><class name="com/github/ltennstedt/finnmath/linear/RealComplexNumberMatrix"><method name="&lt;init&gt;" desc="(Lcom/google/common/collect/ImmutableTable;)V" line="49"><counter type="INSTRUCTION" missed="0" covered="4"/><counter type="LINE" missed="0" covered="2"/><counter type="COMPLEXITY" missed="0" covered="1"/><counter type="METHOD" missed="0" covered="1"/></method><method name="add" desc="(Lcom/github/ltennstedt/finnmath/linear/RealComplexNumberMatrix;)Lcom/github/ltennstedt/finnmath/linear/RealComplexNumberMatrix;" line="70"><counter type="INSTRUCTION" missed="0" covered="56"/><counter type="BRANCH" missed="0" covered="4"/><counter type="LINE" missed="0" covered="8"/><counter type="COMPLEXITY" missed="0" covered="3"/><counter type="METHOD" missed="0" covered="1"/></method><method name="subtract" desc="(Lcom/github/ltennstedt/finnmath/linear/RealComplexNumberMatrix;)Lcom/github/ltennstedt/finnmath/linear/RealComplexNumberMatrix;" line="102"><counter type="INSTRUCTION" missed="0" covered="56"/><counter type="BRANCH" missed="0" covered="4"/><counter type="LINE" missed="0" covered="8"/><counter type="COMPLEXITY" missed="0" covered="3"/><counter type="METHOD" missed="0" covered="1"/></method><method name="multiply" desc="(Lcom/github/ltennstedt/finnmath/linear/RealComplexNumberMatrix;)Lcom/github/ltennstedt/finnmath/linear/RealComplexNumberMatrix;" line="132"><counter type="INSTRUCTION" missed="0" covered="41"/><counter type="BRANCH" missed="0" covered="2"/><counter type="LINE" missed="0" covered="6"/><counter type="COMPLEXITY" missed="0" covered="2"/><counter type="METHOD" missed="0" covered="1"/></method><method name="multiplyVector" desc="(Lcom/github/ltennstedt/finnmath/linear/RealComplexNumberVector;)Lcom/github/ltennstedt/finnmath/linear/RealComplexNumberVector;" line="161"><counter type="INSTRUCTION" missed="0" covered="38"/><counter type="BRANCH" missed="0" covered="2"/><counter type="LINE" missed="0" covered="6"/><counter type="COMPLEXITY" missed="0" covered="2"/><counter type="METHOD" missed="0" covered="1"/></method><method name="multiplyRowWithColumn" desc="(Ljava/util/Map;Ljava/util/Map;)Lcom/github/ltennstedt/finnmath/number/RealComplexNumber;" line="178"><counter type="INSTRUCTION" missed="1" covered="49"/><counter type="BRANCH" missed="1" covered="3"/><counter type="LINE" missed="0" covered="9"/><counter type="COMPLEXITY" missed="1" covered="2"/><counter type="METHOD" missed="0" covered="1"/></method><method name="scalarMultiply" desc="(Lcom/github/ltennstedt/finnmath/number/RealComplexNumber;)Lcom/github/ltennstedt/finnmath/linear/RealComplexNumberMatrix;" line="203"><counter type="INSTRUCTION" missed="0" covered="24"/><counter type="LINE" missed="0" covered="4"/><counter type="COMPLEXITY" missed="0" covered="1"/><counter type="METHOD" missed="0" covered="1"/></method><method name="negate" desc="()Lcom/github/ltennstedt/finnmath/linear/RealComplexNumberMatrix;" line="221"><counter type="INSTRUCTION" missed="0" covered="5"/><counter type="LINE" missed="0" covered="1"/><counter type="COMPLEXITY" missed="0" covered="1"/><counter type="METHOD" missed="0" covered="1"/></method><method name="trace" desc="()Lcom/github/ltennstedt/finnmath/number/RealComplexNumber;" line="233"><counter type="INSTRUCTION" missed="0" covered="38"/><counter type="BRANCH" missed="0" covered="2"/><counter type="LINE" missed="0" covered="7"/><counter type="COMPLEXITY" missed="0" covered="2"/><counter type="METHOD" missed="0" covered="1"/></method><method name="determinant" desc="()Lcom/github/ltennstedt/finnmath/number/RealComplexNumber;" line="255"><counter type="INSTRUCTION" missed="0" covered="95"/><counter type="BRANCH" missed="0" covered="10"/><counter type="LINE" missed="0" covered="14"/><counter type="COMPLEXITY" missed="0" covered="6"/><counter type="METHOD" missed="0" covered="1"/></method><method name="leibnizFormula" desc="()Lcom/github/ltennstedt/finnmath/number/RealComplexNumber;" line="279"><counter type="INSTRUCTION" missed="0" covered="78"/><counter type="BRANCH" missed="0" covered="8"/><counter type="LINE" missed="0" covered="14"/><counter type="COMPLEXITY" missed="0" covered="5"/><counter type="METHOD" missed="0" covered="1"/></method><method name="ruleOfSarrus" desc="()Lcom/github/ltennstedt/finnmath/number/RealComplexNumber;" line="300"><counter type="INSTRUCTION" missed="0" covered="174"/><counter type="LINE" missed="0" covered="7"/><counter type="COMPLEXITY" missed="0" covered="1"/><counter type="METHOD" missed="0" covered="1"/></method><method name="transpose" desc="()Lcom/github/ltennstedt/finnmath/linear/RealComplexNumberMatrix;" line="319"><counter type="INSTRUCTION" missed="0" covered="19"/><counter type="LINE" missed="0" covered="3"/><counter type="COMPLEXITY" missed="0" covered="1"/><counter type="METHOD" missed="0" covered="1"/></method><method name="minor" desc="(Ljava/lang/Integer;Ljava/lang/Integer;)Lcom/github/ltennstedt/finnmath/linear/RealComplexNumberMatrix;" line="348"><counter type="INSTRUCTION" missed="0" covered="55"/><counter type="LINE" missed="0" covered="10"/><counter type="COMPLEXITY" missed="0" covered="1"/><counter type="METHOD" missed="0" covered="1"/></method><method name="maxAbsColumnSumNorm" desc="()Ljava/math/BigDecimal;" line="377"><counter type="INSTRUCTION" missed="0" covered="42"/><counter type="BRANCH" missed="0" covered="4"/><counter type="LINE" missed="0" covered="9"/><counter type="COMPLEXITY" missed="0" covered="3"/><counter type="METHOD" missed="0" covered="1"/></method><method name="maxAbsRowSumNorm" desc="()Ljava/math/BigDecimal;" line="397"><counter type="INSTRUCTION" missed="0" covered="42"/><counter type="BRANCH" missed="0" covered="4"/><counter type="LINE" missed="0" covered="9"/><counter type="COMPLEXITY" missed="0" covered="3"/><counter type="METHOD" missed="0" covered="1"/></method><method name="frobeniusNormPow2" desc="()Ljava/math/BigDecimal;" line="417"><counter type="INSTRUCTION" missed="0" covered="22"/><counter type="BRANCH" missed="0" covered="2"/><counter type="LINE" missed="0" covered="5"/><counter type="COMPLEXITY" missed="0" covered="2"/><counter type="METHOD" missed="0" covered="1"/></method><method name="frobeniusNorm" desc="()Ljava/math/BigDecimal;" line="435"><counter type="INSTRUCTION" missed="0" covered="7"/><counter type="LINE" missed="0" covered="1"/><counter type="COMPLEXITY" missed="0" covered="1"/><counter type="METHOD" missed="0" covered="1"/></method><method name="frobeniusNorm" desc="(Ljava/math/BigDecimal;)Ljava/math/BigDecimal;" line="455"><counter type="INSTRUCTION" missed="0" covered="26"/><counter type="BRANCH" missed="0" covered="4"/><counter type="LINE" missed="0" covered="3"/><counter type="COMPLEXITY" missed="0" covered="3"/><counter type="METHOD" missed="0" covered="1"/></method><method name="frobeniusNorm" desc="(ILjava/math/RoundingMode;)Ljava/math/BigDecimal;" line="478"><counter type="INSTRUCTION" missed="0" covered="17"/><counter type="BRANCH" missed="0" covered="2"/><counter type="LINE" missed="0" covered="2"/><counter type="COMPLEXITY" missed="0" covered="2"/><counter type="METHOD" missed="0" covered="1"/></method><method name="frobeniusNorm" desc="(Ljava/math/BigDecimal;ILjava/math/RoundingMode;)Ljava/math/BigDecimal;" line="505"><counter type="INSTRUCTION" missed="0" covered="36"/><counter type="BRANCH" missed="0" covered="6"/><counter type="LINE" missed="0" covered="4"/><counter type="COMPLEXITY" missed="0" covered="4"/><counter type="METHOD" missed="0" covered="1"/></method><method name="maxNorm" desc="()Ljava/math/BigDecimal;" line="521"><counter type="INSTRUCTION" missed="0" covered="22"/><counter type="BRANCH" missed="0" covered="2"/><counter type="LINE" missed="0" covered="5"/><counter type="COMPLEXITY" missed="0" covered="2"/><counter type="METHOD" missed="0" covered="1"/></method><method name="upperTriangular" desc="()Z" line="537"><counter type="INSTRUCTION" missed="0" covered="37"/><counter type="BRANCH" missed="0" covered="8"/><counter type="LINE" missed="0" covered="7"/><counter type="COMPLEXITY" missed="0" covered="5"/><counter type="METHOD" missed="0" covered="1"/></method><method name="lowerTriangular" desc="()Z" line="557"><counter type="INSTRUCTION" missed="0" covered="37"/><counter type="BRANCH" missed="0" covered="8"/><counter type="LINE" missed="0" covered="7"/><counter type="COMPLEXITY" missed="0" covered="5"/><counter type="METHOD" missed="0" covered="1"/></method><method name="identity" desc="()Z" line="578"><counter type="INSTRUCTION" missed="0" covered="31"/><counter type="BRANCH" missed="0" covered="6"/><counter type="LINE" missed="0" covered="7"/><counter type="COMPLEXITY" missed="0" covered="4"/><counter type="METHOD" missed="0" covered="1"/></method><method name="invertible" desc="()Z" line="599"><counter type="INSTRUCTION" missed="0" covered="15"/><counter type="BRANCH" missed="0" covered="4"/><counter type="LINE" missed="0" covered="1"/><counter type="COMPLEXITY" missed="0" covered="3"/><counter type="METHOD" missed="0" covered="1"/></method><method name="builder" desc="(II)Lcom/github/ltennstedt/finnmath/linear/RealComplexNumberMatrix$RealComplexNumberMatrixBuilder;" line="614"><counter type="INSTRUCTION" missed="0" covered="23"/><counter type="BRANCH" missed="0" covered="4"/><counter type="LINE" missed="0" covered="3"/><counter type="COMPLEXITY" missed="0" covered="3"/><counter type="METHOD" missed="0" covered="1"/></method><method name="hashCode" desc="()I" line="621"><counter type="INSTRUCTION" missed="0" covered="9"/><counter type="LINE" missed="0" covered="1"/><counter type="COMPLEXITY" missed="0" covered="1"/><counter type="METHOD" missed="0" covered="1"/></method><method name="equals" desc="(Ljava/lang/Object;)Z" line="626"><counter type="INSTRUCTION" missed="0" covered="19"/><counter type="BRANCH" missed="0" covered="4"/><counter type="LINE" missed="0" covered="6"/><counter type="COMPLEXITY" missed="0" covered="3"/><counter type="METHOD" missed="0" covered="1"/></method><method name="lambda$minor
[...]
 cb="0"/><line nr="2086" mi="0" ci="10" mb="0" cb="2"/><line nr="2087" mi="0" ci="9" mb="0" cb="2"/><line nr="2088" mi="0" ci="8" mb="0" cb="2"/><line nr="2089" mi="0" ci="8" mb="0" cb="2"/><line nr="2090" mi="0" ci="5" mb="0" cb="0"/><line nr="2091" mi="0" ci="7" mb="0" cb="2"/><line nr="2092" mi="0" ci="8" mb="0" cb="0"/><line nr="2094" mi="0" ci="2" mb="0" cb="0"/><line nr="2123" mi="0" ci="10" mb="0" cb="2"/><line nr="2124" mi="0" ci="9" mb="0" cb="2"/><line nr="2125" mi="0" ci="8" mb="0" cb="2"/><line nr="2126" mi="0" ci="8" mb="0" cb="2"/><line nr="2127" mi="0" ci="5" mb="0" cb="0"/><line nr="2128" mi="0" ci="7" mb="0" cb="2"/><line nr="2129" mi="0" ci="8" mb="0" cb="0"/><line nr="2131" mi="0" ci="2" mb="0" cb="0"/><line nr="2160" mi="0" ci="10" mb="0" cb="2"/><line nr="2161" mi="0" ci="9" mb="0" cb="2"/><line nr="2162" mi="0" ci="8" mb="0" cb="2"/><line nr="2163" mi="0" ci="8" mb="0" cb="2"/><line nr="2164" mi="0" ci="5" mb="0" cb="0"/><line nr="2165" mi="0" ci="7" mb="0" cb="2"/><line nr="2166" mi="0" ci="8" mb="0" cb="0"/><line nr="2168" mi="0" ci="2" mb="0" cb="0"/><line nr="2198" mi="0" ci="10" mb="0" cb="2"/><line nr="2199" mi="0" ci="9" mb="0" cb="2"/><line nr="2200" mi="0" ci="8" mb="0" cb="2"/><line nr="2201" mi="0" ci="8" mb="0" cb="2"/><line nr="2202" mi="0" ci="5" mb="0" cb="0"/><line nr="2203" mi="0" ci="7" mb="0" cb="2"/><line nr="2204" mi="0" ci="8" mb="0" cb="0"/><line nr="2206" mi="0" ci="2" mb="0" cb="0"/><line nr="2226" mi="0" ci="10" mb="0" cb="2"/><line nr="2227" mi="0" ci="8" mb="0" cb="2"/><line nr="2228" mi="0" ci="3" mb="0" cb="0"/><line nr="2229" mi="0" ci="7" mb="0" cb="2"/><line nr="2230" mi="0" ci="6" mb="0" cb="0"/><line nr="2232" mi="0" ci="3" mb="0" cb="0"/><line nr="2256" mi="0" ci="10" mb="0" cb="2"/><line nr="2257" mi="0" ci="8" mb="0" cb="2"/><line nr="2258" mi="0" ci="8" mb="0" cb="2"/><line nr="2259" mi="0" ci="5" mb="0" cb="0"/><line nr="2260" mi="0" ci="7" mb="0" cb="2"/><line nr="2261" mi="0" ci="7" mb="0" cb="0"/><line nr="2263" mi="0" ci="2" mb="0" cb="0"/><line nr="2288" mi="0" ci="10" mb="0" cb="2"/><line nr="2289" mi="0" ci="8" mb="0" cb="2"/><line nr="2290" mi="0" ci="8" mb="0" cb="2"/><line nr="2291" mi="0" ci="4" mb="0" cb="0"/><line nr="2292" mi="0" ci="13" mb="0" cb="0"/><line nr="2293" mi="0" ci="13" mb="0" cb="0"/><line nr="2294" mi="0" ci="8" mb="0" cb="0"/><line nr="2295" mi="0" ci="1" mb="0" cb="0"/><line nr="2296" mi="0" ci="1" mb="0" cb="0"/><line nr="2297" mi="0" ci="3" mb="0" cb="0"/><line nr="2318" mi="0" ci="10" mb="0" cb="2"/><line nr="2319" mi="0" ci="8" mb="0" cb="2"/><line nr="2320" mi="0" ci="4" mb="0" cb="0"/><line nr="2321" mi="0" ci="13" mb="0" cb="0"/><line nr="2322" mi="0" ci="13" mb="0" cb="0"/><line nr="2323" mi="0" ci="5" mb="0" cb="2"/><line nr="2324" mi="0" ci="9" mb="0" cb="0"/><line nr="2326" mi="0" ci="6" mb="0" cb="0"/><line nr="2328" mi="0" ci="1" mb="0" cb="0"/><line nr="2329" mi="0" ci="1" mb="0" cb="0"/><line nr="2330" mi="0" ci="3" mb="0" cb="0"/><line nr="2351" mi="0" ci="10" mb="0" cb="2"/><line nr="2352" mi="0" ci="8" mb="0" cb="2"/><line nr="2353" mi="0" ci="4" mb="0" cb="0"/><line nr="2354" mi="0" ci="13" mb="0" cb="0"/><line nr="2355" mi="0" ci="13" mb="0" cb="0"/><line nr="2356" mi="0" ci="5" mb="0" cb="2"/><line nr="2357" mi="0" ci="9" mb="0" cb="0"/><line nr="2359" mi="0" ci="6" mb="0" cb="0"/><line nr="2361" mi="0" ci="1" mb="0" cb="0"/><line nr="2362" mi="0" ci="1" mb="0" cb="0"/><line nr="2363" mi="0" ci="3" mb="0" cb="0"/><line nr="2385" mi="0" ci="10" mb="0" cb="2"/><line nr="2386" mi="0" ci="8" mb="0" cb="2"/><line nr="2387" mi="0" ci="4" mb="0" cb="2"/><line nr="2388" mi="0" ci="5" mb="0" cb="0"/><line nr="2390" mi="0" ci="5" mb="0" cb="0"/><line nr="2410" mi="0" ci="10" mb="0" cb="2"/><line nr="2411" mi="0" ci="8" mb="0" cb="2"/><line nr="2412" mi="0" ci="4" mb="0" cb="0"/><line nr="2413" mi="0" ci="13" mb="0" cb="0"/><line nr="2414" mi="0" ci="13" mb="0" cb="0"/><line nr="2415" mi="0" ci="4" mb="0" cb="2"/><line nr="2416" mi="0" ci="9" mb="0" cb="0"/><line nr="2418" mi="0" ci="6" mb="0" cb="0"/><line nr="2420" mi="0" ci="1" mb="0" cb="0"/><line nr="2421" mi="0" ci="1" mb="0" cb="0"/><line nr="2422" mi="0" ci="3" mb="0" cb="0"/><line nr="2442" mi="0" ci="10" mb="0" cb="2"/><line nr="2443" mi="0" ci="8" mb="0" cb="2"/><line nr="2444" mi="0" ci="4" mb="0" cb="0"/><line nr="2445" mi="0" ci="13" mb="0" cb="0"/><line nr="2446" mi="0" ci="13" mb="0" cb="0"/><line nr="2447" mi="0" ci="4" mb="0" cb="0"/><line nr="2448" mi="0" ci="5" mb="0" cb="2"/><line nr="2449" mi="0" ci="6" mb="0" cb="0"/><line nr="2450" mi="0" ci="6" mb="0" cb="0"/><line nr="2452" mi="0" ci="4" mb="0" cb="2"/><line nr="2453" mi="0" ci="6" mb="0" cb="0"/><line nr="2455" mi="0" ci="1" mb="0" cb="0"/><line nr="2456" mi="0" ci="1" mb="0" cb="0"/><line nr="2457" mi="0" ci="3" mb="0" cb="0"/><line nr="2477" mi="0" ci="10" mb="0" cb="2"/><line nr="2478" mi="0" ci="8" mb="0" cb="2"/><line nr="2479" mi="0" ci="4" mb="0" cb="0"/><line nr="2480" mi="0" ci="13" mb="0" cb="0"/><line nr="2481" mi="0" ci="13" mb="0" cb="0"/><line nr="2482" mi="0" ci="5" mb="0" cb="2"/><line nr="2483" mi="0" ci="4" mb="0" cb="0"/><line nr="2484" mi="0" ci="6" mb="0" cb="0"/><line nr="2485" mi="0" ci="7" mb="0" cb="0"/><line nr="2487" mi="0" ci="4" mb="0" cb="2"/><line nr="2488" mi="0" ci="6" mb="0" cb="0"/><line nr="2490" mi="0" ci="1" mb="0" cb="0"/><line nr="2491" mi="0" ci="1" mb="0" cb="0"/><line nr="2492" mi="0" ci="3" mb="0" cb="0"/><line nr="2522" mi="0" ci="10" mb="0" cb="2"/><line nr="2523" mi="0" ci="8" mb="0" cb="2"/><line nr="2524" mi="0" ci="8" mb="0" cb="2"/><line nr="2525" mi="0" ci="8" mb="0" cb="2"/><line nr="2526" mi="0" ci="5" mb="0" cb="0"/><line nr="2527" mi="0" ci="7" mb="0" cb="2"/><line nr="2528" mi="0" ci="8" mb="0" cb="0"/><line nr="2530" mi="0" ci="2" mb="0" cb="0"/><line nr="2557" mi="0" ci="10" mb="0" cb="2"/><line nr="2558" mi="0" ci="8" mb="0" cb="2"/><line nr="2559" mi="0" ci="8" mb="0" cb="2"/><line nr="2560" mi="0" ci="5" mb="0" cb="0"/><line nr="2561" mi="0" ci="7" mb="0" cb="2"/><line nr="2562" mi="0" ci="7" mb="0" cb="0"/><line nr="2564" mi="0" ci="2" mb="0" cb="0"/><line nr="2591" mi="0" ci="10" mb="0" cb="2"/><line nr="2592" mi="0" ci="8" mb="0" cb="2"/><line nr="2593" mi="0" ci="8" mb="0" cb="2"/><line nr="2594" mi="0" ci="5" mb="0" cb="0"/><line nr="2595" mi="0" ci="7" mb="0" cb="2"/><line nr="2596" mi="0" ci="7" mb="0" cb="0"/><line nr="2598" mi="0" ci="2" mb="0" cb="0"/><line nr="2624" mi="0" ci="10" mb="0" cb="2"/><line nr="2625" mi="0" ci="8" mb="0" cb="2"/><line nr="2626" mi="0" ci="8" mb="0" cb="2"/><line nr="2627" mi="0" ci="5" mb="0" cb="0"/><line nr="2628" mi="0" ci="7" mb="0" cb="2"/><line nr="2629" mi="0" ci="7" mb="0" cb="0"/><line nr="2631" mi="0" ci="2" mb="0" cb="0"/><line nr="2657" mi="0" ci="10" mb="0" cb="2"/><line nr="2658" mi="0" ci="8" mb="0" cb="2"/><line nr="2659" mi="0" ci="8" mb="0" cb="2"/><line nr="2660" mi="0" ci="5" mb="0" cb="0"/><line nr="2661" mi="0" ci="7" mb="0" cb="2"/><line nr="2662" mi="0" ci="7" mb="0" cb="0"/><line nr="2664" mi="0" ci="2" mb="0" cb="0"/><line nr="2690" mi="0" ci="10" mb="0" cb="2"/><line nr="2691" mi="0" ci="8" mb="0" cb="2"/><line nr="2692" mi="0" ci="8" mb="0" cb="2"/><line nr="2693" mi="0" ci="5" mb="0" cb="0"/><line nr="2694" mi="0" ci="7" mb="0" cb="2"/><line nr="2695" mi="0" ci="7" mb="0" cb="0"/><line nr="2697" mi="0" ci="2" mb="0" cb="0"/><line nr="2724" mi="0" ci="10" mb="0" cb="2"/><line nr="2725" mi="0" ci="8" mb="0" cb="2"/><line nr="2726" mi="0" ci="8" mb="0" cb="2"/><line nr="2727" mi="0" ci="5" mb="0" cb="0"/><line nr="2728" mi="0" ci="7" mb="0" cb="2"/><line nr="2729" mi="0" ci="7" mb="0" cb="0"/><line nr="2731" mi="0" ci="2" mb="0" cb="0"/><line nr="2755" mi="0" ci="10" mb="0" cb="2"/><line nr="2756" mi="0" ci="9" mb="0" cb="2"/><line nr="2757" mi="0" ci="8" mb="0" cb="2"/><line nr="2758" mi="0" ci="3" mb="0" cb="0"/><line nr="2759" mi="0" ci="7" mb="0" cb="2"/><line nr="2760" mi="0" ci="7" mb="0" cb="0"/><line nr="2762" mi="0" ci="3" mb="0" cb="0"/><line nr="2790" mi="0" ci="10" mb="0" cb="2"/><line nr="2791" mi="0" ci="9" mb="0" cb="2"/><line nr="2792" mi="0" ci="8" mb="0" cb="2"/><line nr="2793" mi="0" ci="8" mb="0" cb="2"/><line nr="2794" mi="0" ci="5" mb="0" cb="0"/><line nr="2795" mi="0" ci="7" mb="0" cb="2"/><line nr="2796" mi="0" ci="8" mb="0" cb="0"/><line nr="2798" mi="0" ci="2" mb="0" cb="0"/><line nr="2827" mi="0" ci="10" mb="0" cb="2"/><line nr="2828" mi="0" ci="9" mb="0" cb="2"/><line nr="2829" mi="0" ci="8" mb="0" cb="2"/><line nr="2830" mi="0" ci="8" mb="0" cb="2"/><line nr="2831" mi="0" ci="4" mb="0" cb="0"/><line nr="2832" mi="0" ci="14" mb="0" cb="0"/><line nr="2833" mi="0" ci="14" mb="0" cb="0"/><line nr="2834" mi="0" ci="9" mb="0" cb="0"/><line nr="2835" mi="0" ci="1" mb="0" cb="0"/><line nr="2836" mi="0" ci="1" mb="0" cb="0"/><line nr="2837" mi="0" ci="3" mb="0" cb="0"/><line nr="2863" mi="0" ci="10" mb="0" cb="2"/><line nr="2864" mi="0" ci="9" mb="0" cb="2"/><line nr="2865" mi="0" ci="8" mb="0" cb="2"/><line nr="2866" mi="0" ci="4" mb="0" cb="0"/><line nr="2867" mi="0" ci="14" mb="0" cb="0"/><line nr="2868" mi="0" ci="14" mb="0" cb="0"/><line nr="2869" mi="0" ci="5" mb="0" cb="2"/><line nr="2870" mi="0" ci="10" mb="0" cb="0"/><line nr="2872" mi="0" ci="6" mb="0" cb="0"/><line nr="2874" mi="0" ci="1" mb="0" cb="0"/><line nr="2875" mi="0" ci="1" mb="0" cb="0"/><line nr="2876" mi="0" ci="3" mb="0" cb="0"/><line nr="2902" mi="0" ci="10" mb="0" cb="2"/><line nr="2903" mi="0" ci="9" mb="0" cb="2"/><line nr="2904" mi="0" ci="8" mb="0" cb="2"/><line nr="2905" mi="0" ci="4" mb="0" cb="0"/><line nr="2906" mi="0" ci="14" mb="0" cb="0"/><line nr="2907" mi="0" ci="14" mb="0" cb="0"/><line nr="2908" mi="0" ci="5" mb="0" cb="2"/><line nr="2909" mi="0" ci="10" mb="0" cb="0"/><line nr="2911" mi="0" ci="6" mb="0" cb="0"/><line nr="2913" mi="0" ci="1" mb="0" cb="0"/><line nr="2914" mi="0" ci="1" mb="0" cb="0"/><line nr="2915" mi="0" ci="3" mb="0" cb="0"/><line nr="2942" mi="0" ci="10" mb="0" cb="2"/><line nr="2943" mi="0" ci="9" mb="0" cb="2"/><line nr="2944" mi="0" ci="8" mb="0" cb="2"/><line nr="2945" mi="0" ci="4" mb="0" cb="2"/><line nr="2946" mi="0" ci="6" mb="0" cb="0"/><line nr="2948" mi="0" ci="6" mb="0" cb="0"/><line nr="2973" mi="0" ci="10" mb="0" cb="2"/><line nr="2974" mi="0" ci="9" mb="0" cb="2"/><line nr="2975" mi="0" ci="8" mb="0" cb="2"/><line nr="2976" mi="0" ci="4" mb="0" cb="0"/><line nr="2977" mi="0" ci="14" mb="0" cb="0"/><line nr="2978" mi="0" ci="14" mb="0" cb="0"/><line nr="2979" mi="0" ci="4" mb="0" cb="2"/><line nr="2980" mi="0" ci="10" mb="0" cb="0"/><line nr="2982" mi="0" ci="6" mb="0" cb="0"/><line nr="2984" mi="0" ci="1" mb="0" cb="0"/><line nr="2985" mi="0" ci="1" mb="0" cb="0"/><line nr="2986" mi="0" ci="3" mb="0" cb="0"/><line nr="3011" mi="0" ci="10" mb="0" cb="2"/><line nr="3012" mi="0" ci="9" mb="0" cb="2"/><line nr="3013" mi="0" ci="8" mb="0" cb="2"/><line nr="3014" mi="0" ci="4" mb="0" cb="0"/><line nr="3015" mi="0" ci="14" mb="0" cb="0"/><line nr="3016" mi="0" ci="14" mb="0" cb="0"/><line nr="3017" mi="0" ci="5" mb="0" cb="0"/><line nr="3018" mi="0" ci="5" mb="0" cb="2"/><line nr="3019" mi="0" ci="6" mb="0" cb="0"/><line nr="3020" mi="0" ci="6" mb="0" cb="0"/><line nr="3022" mi="0" ci="4" mb="0" cb="2"/><line nr="3023" mi="0" ci="6" mb="0" cb="0"/><line nr="3025" mi="0" ci="1" mb="0" cb="0"/><line nr="3026" mi="0" ci="1" mb="0" cb="0"/><line nr="3027" mi="0" ci="3" mb="0" cb="0"/><line nr="3052" mi="0" ci="10" mb="0" cb="2"/><line nr="3053" mi="0" ci="9" mb="0" cb="2"/><line nr="3054" mi="0" ci="8" mb="0" cb="2"/><line nr="3055" mi="0" ci="4" mb="0" cb="0"/><line nr="3056" mi="0" ci="14" mb="0" cb="0"/><line nr="3057" mi="0" ci="14" mb="0" cb="0"/><line nr="3058" mi="0" ci="5" mb="0" cb="2"/><line nr="3059" mi="0" ci="5" mb="0" cb="0"/><line nr="3060" mi="0" ci="6" mb="0" cb="0"/><line nr="3061" mi="0" ci="7" mb="0" cb="0"/><line nr="3063" mi="0" ci="4" mb="0" cb="2"/><line nr="3064" mi="0" ci="6" mb="0" cb="0"/><line nr="3066" mi="0" ci="1" mb="0" cb="0"/><line nr="3067" mi="0" ci="1" mb="0" cb="0"/><line nr="3068" mi="0" ci="3" mb="0" cb="0"/><line nr="3102" mi="0" ci="10" mb="0" cb="2"/><line nr="3103" mi="0" ci="9" mb="0" cb="2"/><line nr="3104" mi="0" ci="8" mb="0" cb="2"/><line nr="3105" mi="0" ci="8" mb="0" cb="2"/><line nr="3106" mi="0" ci="8" mb="0" cb="2"/><line nr="3107" mi="0" ci="5" mb="0" cb="0"/><line nr="3108" mi="0" ci="7" mb="0" cb="2"/><line nr="3109" mi="0" ci="9" mb="0" cb="0"/><line nr="3111" mi="0" ci="2" mb="0" cb="0"/><line nr="3142" mi="0" ci="10" mb="0" cb="2"/><line nr="3143" mi="0" ci="9" mb="0" cb="2"/><line nr="3144" mi="0" ci="8" mb="0" cb="2"/><line nr="3145" mi="0" ci="8" mb="0" cb="2"/><line nr="3146" mi="0" ci="5" mb="0" cb="0"/><line nr="3147" mi="0" ci="7" mb="0" cb="2"/><line nr="3148" mi="0" ci="8" mb="0" cb="0"/><line nr="3150" mi="0" ci="2" mb="0" cb="0"/><line nr="3181" mi="0" ci="10" mb="0" cb="2"/><line nr="3182" mi="0" ci="9" mb="0" cb="2"/><line nr="3183" mi="0" ci="8" mb="0" cb="2"/><line nr="3184" mi="0" ci="8" mb="0" cb="2"/><line nr="3185" mi="0" ci="5" mb="0" cb="0"/><line nr="3186" mi="0" ci="7" mb="0" cb="2"/><line nr="3187" mi="0" ci="8" mb="0" cb="0"/><line nr="3189" mi="0" ci="2" mb="0" cb="0"/><line nr="3219" mi="0" ci="10" mb="0" cb="2"/><line nr="3220" mi="0" ci="9" mb="0" cb="2"/><line nr="3221" mi="0" ci="8" mb="0" cb="2"/><line nr="3222" mi="0" ci="8" mb="0" cb="2"/><line nr="3223" mi="0" ci="5" mb="0" cb="0"/><line nr="3224" mi="0" ci="7" mb="0" cb="2"/><line nr="3225" mi="0" ci="8" mb="0" cb="0"/><line nr="3227" mi="0" ci="2" mb="0" cb="0"/><line nr="3257" mi="0" ci="10" mb="0" cb="2"/><line nr="3258" mi="0" ci="9" mb="0" cb="2"/><line nr="3259" mi="0" ci="8" mb="0" cb="2"/><line nr="3260" mi="0" ci="8" mb="0" cb="2"/><line nr="3261" mi="0" ci="5" mb="0" cb="0"/><line nr="3262" mi="0" ci="7" mb="0" cb="2"/><line nr="3263" mi="0" ci="8" mb="0" cb="0"/><line nr="3265" mi="0" ci="2" mb="0" cb="0"/><line nr="3295" mi="0" ci="10" mb="0" cb="2"/><line nr="3296" mi="0" ci="9" mb="0" cb="2"/><line nr="3297" mi="0" ci="8" mb="0" cb="2"/><line nr="3298" mi="0" ci="8" mb="0" cb="2"/><line nr="3299" mi="0" ci="5" mb="0" cb="0"/><line nr="3300" mi="0" ci="7" mb="0" cb="2"/><line nr="3301" mi="0" ci="8" mb="0" cb="0"/><line nr="3303" mi="0" ci="2" mb="0" cb="0"/><line nr="3333" mi="0" ci="10" mb="0" cb="2"/><line nr="3334" mi="0" ci="9" mb="0" cb="2"/><line nr="3335" mi="0" ci="8" mb="0" cb="2"/><line nr="3336" mi="0" ci="8" mb="0" cb="2"/><line nr="3337" mi="0" ci="5" mb="0" cb="0"/><line nr="3338" mi="0" ci="7" mb="0" cb="2"/><line nr="3339" mi="0" ci="8" mb="0" cb="0"/><line nr="3341" mi="0" ci="2" mb="0" cb="0"/><line nr="3346" mi="0" ci="8" mb="0" cb="0"/><line nr="3351" mi="0" ci="3" mb="0" cb="0"/><counter type="INSTRUCTION" missed="11" covered="5398"/><counter type="BRANCH" missed="6" covered="742"/><counter type="LINE" missed="3" covered="809"/><counter type="COMPLEXITY" missed="6" covered="525"/><counter type="METHOD" missed="0" covered="157"/><counter type="CLASS" missed="0" covered="1"/></sourcefile><sourcefile name="SquareRootCalculator.java"><line nr="45" mi="0" ci="3" mb="0" cb="0"/><line nr="55" mi="0" ci="2" mb="0" cb="0"/><line nr="57" mi="0" ci="4" mb="0" cb="0"/><line nr="80" mi="0" ci="2" mb="0" cb="0"/><line nr="81" mi="0" ci="3" mb="0" cb="0"/><line nr="82" mi="0" ci="3" mb="0" cb="0"/><line nr="83" mi="0" ci="3" mb="0" cb="0"/><line nr="84" mi="0" ci="1" mb="0" cb="0"/><line nr="98" mi="0" ci="2" mb="0" cb="0"/><line nr="99" mi="0" ci="4" mb="0" cb="0"/><line nr="100" mi="0" ci="14" mb="0" cb="4"/><line nr="102" mi="0" ci="3" mb="0" cb="0"/><line nr="103" mi="0" ci="3" mb="0" cb="0"/><line nr="104" mi="0" ci="3" mb="0" cb="0"/><line nr="105" mi="0" ci="1" mb="0" cb="0"/><line nr="119" mi="0" ci="2" mb="0" cb="0"/><line nr="120" mi="0" ci="8" mb="0" cb="2"/><line nr="121" mi="0" ci="3" mb="0" cb="0"/><line nr="122" mi="0" ci="3" mb="0" cb="0"/><line nr="123" mi="0" ci="3" mb="0" cb="0"/><line nr="124" mi="0" ci="1" mb="0" cb="0"/><line nr="144" mi="0" ci="2" mb="0" cb="0"/><line nr="145" mi="0" ci="4" mb="0" cb="0"/><line nr="146" mi="0" ci="14" mb="0" cb="4"/><line nr="148" mi="0" ci="8" mb="0" cb="2"/><line nr="149" mi="0" ci="3" mb="0" cb="0"/><line nr="150" mi="0" ci="3" mb="0" cb="0"/><line nr="151" mi="0" ci="3" mb="0" cb="0"/><line nr="152" mi="0" ci="1" mb="0" cb="0"/><line nr="169" mi="0" ci="4" mb="0" cb="0"/><line nr="170" mi="0" ci="11" mb="0" cb="2"/><line nr="171" mi="0" ci="7" mb="0" cb="0"/><line nr="189" mi="0" ci="4" mb="0" cb="0"/><line nr="190" mi="1" ci="10" mb="1" cb="1"/><line nr="191" mi="0" ci="9" mb="0" cb="0"/><line nr="212" mi="0" ci="4" mb="0" cb="0"/><line nr="213" mi="1" ci="10" mb="1" cb="1"/><line nr="214" mi="0" ci="6" mb="0" cb="0"/><line nr="215" mi="0" ci="4" mb="0" cb="0"/><line nr="232" mi="0" ci="4" mb="0" cb="0"/><line nr="233" mi="1" ci="10" mb="1" cb="1"/><line nr="234" mi="0" ci="2" mb="0" cb="0"/><line nr="235" mi="0" ci="12" mb="0" cb="2"/><line nr="236" mi="0" ci="4" mb="0" cb="0"/><line nr="238" mi="0" ci="4" mb="0" cb="0"/><line nr="242" mi="0" ci="7" mb="0" cb="0"/><line nr="243" mi="0" ci="1" mb="0" cb="0"/><line nr="244" mi="0" ci="4" mb="0" cb="0"/><line nr="245" mi="0" ci="5" mb="0" cb="0"/><line nr="246" mi="0" ci="5" mb="0" cb="0"/><line nr="247" mi="0" ci="2" mb="0" cb="0"/><line nr="248" mi="0" ci="9" mb="0" cb="2"/><line nr="249" mi="0" ci="8" mb="0" cb="0"/><line nr="250" mi="0" ci="2" mb="0" cb="0"/><line nr="251" mi="0" ci="5" mb="0" cb="0"/><line nr="252" mi="0" ci="5" mb="0" cb="0"/><line nr="254" mi="0" ci="5" mb="0" cb="0"/><line nr="255" mi="0" ci="7" mb="0" cb="0"/><line nr="256" mi="0" ci="2" mb="0" cb="0"/><line nr="260" mi="0" ci="3" mb="0" cb="0"/><line nr="261" mi="0" ci="5" mb="0" cb="0"/><line nr="262" mi="0" ci="5" mb="0" cb="0"/><line nr="263" mi="0" ci="4" mb="1" cb="1"/><line nr="264" mi="1" ci="13" mb="0" cb="0"/><line nr="265" mi="0" ci="5" mb="0" cb="0"/><line nr="266" mi="0" ci="2" mb="0" cb="0"/><line nr="270" mi="0" ci="4" mb="0" cb="0"/><line nr="271" mi="0" ci="7" mb="0" cb="0"/><line nr="272" mi="0" ci="6" mb="0" cb="2"/><line nr="273" mi="0" ci="10" mb="0" cb="0"/><line nr="275" mi="0" ci="10" mb="0" cb="0"/><line nr="280" mi="0" ci="5" mb="0" cb="0"/><line nr="281" mi="0" ci="2" mb="0" cb="0"/><line nr="282" mi="0" ci="2" mb="0" cb="0"/><line nr="283" mi="0" ci="5" mb="0" cb="0"/><line nr="284" mi="0" ci="5" mb="0" cb="0"/><line nr="285" mi="0" ci="6" mb="0" cb="2"/><line nr="286" mi="0" ci="3" mb="0" cb="0"/><line nr="287" mi="0" ci="7" mb="0" cb="0"/><line nr="288" mi="0" ci="4" mb="0" cb="0"/><line nr="289" mi="0" ci="5" mb="0" cb="0"/><line nr="290" mi="0" ci="6" mb="0" cb="0"/><line nr="292" mi="0" ci="6" mb="0" cb="0"/><line nr="297" mi="0" ci="14" mb="0" cb="0"/><line nr="298" mi="0" ci="2" mb="0" cb="0"/><line nr="302" mi="0" ci="3" mb="0" cb="0"/><line nr="306" mi="0" ci="3" mb="0" cb="0"/><line nr="310" mi="0" ci="3" mb="0" cb="0"/><counter type="INSTRUCTION" missed="4" covered="436"/><counter type="BRANCH" missed="4" covered="26"/><counter type="LINE" missed="0" covered="88"/><counter type="COMPLEXITY" missed="4" covered="28"/><counter type="METHOD" missed="0" covered="17"/><counter type="CLASS" missed="0" covered="1"/></sourcefile><counter type="INSTRUCTION" missed="15" covered="5834"/><counter type="BRANCH" missed="10" covered="768"/><counter type="LINE" missed="3" covered="897"/><counter type="COMPLEXITY" missed="10" covered="553"/><counter type="METHOD" missed="0" covered="174"/><counter type="CLASS" missed="0" covered="2"/></package><counter type="INSTRUCTION" missed="132" covered="16782"/><counter type="BRANCH" missed="37" covered="1631"/><counter type="LINE" missed="21" covered="2610"/><counter type="COMPLEXITY" missed="38" covered="1431"/><counter type="METHOD" missed="4" covered="631"/><counter type="CLASS" missed="0" covered="29"/></report>