<?xml version="1.0" encoding="UTF-8"?>
<testsuite xmlns:xsi="http://www.w3.org/2001/XMLSchema-instance" xsi:noNamespaceSchemaLocation="https://maven.apache.org/surefire/maven-surefire-plugin/xsd/surefire-test-report.xsd" name="com.github.ltennstedt.finnmath.linear.DecimalMatrixGuavaTest" time="4.701" tests="27" errors="0" skipped="0" failures="0">
  <properties>
[...]
</properties>
  <testcase name="multiplyIdentityMatrixShouldBeEqualToSelf" classname="com.github.ltennstedt.finnmath.linear.DecimalMatrixGuavaTest" time="0.036"/>
  <testcase name="transposeShouldBeAdditive" classname="com.github.ltennstedt.finnmath.linear.DecimalMatrixGuavaTest" time="0.081"/>
  <testcase name="addShouldSucceed" classname="com.github.ltennstedt.finnmath.linear.DecimalMatrixGuavaTest" time="0.06"/>
  <testcase name="scalarMultiplyShouldSucceed" classname="com.github.ltennstedt.finnmath.linear.DecimalMatrixGuavaTest" time="0.055"/>
  <testcase name="subtractShouldSucceed" classname="com.github.ltennstedt.finnmath.linear.DecimalMatrixGuavaTest" time="0.048"/>
  <testcase name="transposeShouldBeLinear" classname="com.github.ltennstedt.finnmath.linear.DecimalMatrixGuavaTest" time="0.058"/>
  <testcase name="addZeroMatrixShouldBeEqualToSelf" classname="com.github.ltennstedt.finnmath.linear.DecimalMatrixGuavaTest" time="0.009"/>
  <testcase name="multiplyNegativeIdentityMatrixShouldBeEqualToNegated" classname="com.github.ltennstedt.finnmath.linear.DecimalMatrixGuavaTest" time="0.005"/>
  <testcase name="subtractZeroMatrixShouldBeEqualToSelf" classname="com.github.ltennstedt.finnmath.linear.DecimalMatrixGuavaTest" time="0.009"/>
  <testcase name="addAndScalarMultiplyWithTwoScalarsShouldBeDistributive" classname="com.github.ltennstedt.finnmath.linear.DecimalMatrixGuavaTest" time="0.588"/>
  <testcase name="scalarMultiplyWithMinusOneShouldBeEqualToNegated" classname="com.github.ltennstedt.finnmath.linear.DecimalMatrixGuavaTest" time="0.005"/>
  <testcase name="transposeTwiceIsEqualToSelf" classname="com.github.ltennstedt.finnmath.linear.DecimalMatrixGuavaTest" time="0.003"/>
  <testcase name="addShouldBeCommutative" classname="com.github.ltennstedt.finnmath.linear.DecimalMatrixGuavaTest" time="0.031"/>
  <testcase name="negateZeroMatrixShouldBeEqualToSelf" classname="com.github.ltennstedt.finnmath.linear.DecimalMatrixGuavaTest" time="0"/>
  <testcase name="multiplyShouldBeAssociative" classname="com.github.ltennstedt.finnmath.linear.DecimalMatrixGuavaTest" time="1.204"/>
  <testcase name="transposeShouldBeMultiplicativeWithInversedOrder" classname="com.github.ltennstedt.finnmath.linear.DecimalMatrixGuavaTest" time="0.031"/>
  <testcase name="addAndScalarMultiplyWithTwoMatricesShouldBeDistributive" classname="com.github.ltennstedt.finnmath.linear.DecimalMatrixGuavaTest" time="0.49"/>
  <testcase name="scalarMultiplyWithTwoMatricesShouldBeAssociative" classname="com.github.ltennstedt.finnmath.linear.DecimalMatrixGuavaTest" time="0.596"/>
  <testcase name="minorShouldSucceed" classname="com.github.ltennstedt.finnmath.linear.DecimalMatrixGuavaTest" time="0.012"/>
  <testcase name="addShouldBeAssociative" classname="com.github.ltennstedt.finnmath.linear.DecimalMatrixGuavaTest" time="0.402"/>
  <testcase name="negateTwiceShouldBeEqualToSelf" classname="com.github.ltennstedt.finnmath.linear.DecimalMatrixGuavaTest" time="0.003"/>
  <testcase name="addAndMultiplyShouldBeDistributive" classname="com.github.ltennstedt.finnmath.linear.DecimalMatrixGuavaTest" time="0.492"/>
  <testcase name="scalarMultiplyWithTwoScalarsShouldBeAssociative" classname="com.github.ltennstedt.finnmath.linear.DecimalMatrixGuavaTest" time="0.246"/>
  <testcase name="multiplyShouldSucceed" classname="com.github.ltennstedt.finnmath.linear.DecimalMatrixGuavaTest" time="0.055"/>
  <testcase name="transposeShouldSucceed" classname="com.github.ltennstedt.finnmath.linear.DecimalMatrixGuavaTest" time="0.004"/>
  <testcase name="negateShouldSucceed" classname="com.github.ltennstedt.finnmath.linear.DecimalMatrixGuavaTest" time="0.002"/>
  <testcase name="scalarMultiplyWithOneShouldBeEqualToSelf" classname="com.github.ltennstedt.finnmath.linear.DecimalMatrixGuavaTest" time="0.002"/>
</testsuite>