<?xml version="1.0" encoding="UTF-8"?>
<testsuite xmlns:xsi="http://www.w3.org/2001/XMLSchema-instance" xsi:noNamespaceSchemaLocation="https://maven.apache.org/surefire/maven-surefire-plugin/xsd/surefire-test-report.xsd" name="com.github.ltennstedt.finnmath.number.SimpleComplexNumberTest" time="0.229" tests="57" errors="0" skipped="0" failures="0">
  <properties>
[...]
</properties>
  <testcase name="conjugateShouldSucceed" classname="com.github.ltennstedt.finnmath.number.SimpleComplexNumberTest" time="0"/>
  <testcase name="matrixShouldSucceed" classname="com.github.ltennstedt.finnmath.number.SimpleComplexNumberTest" time="0"/>
  <testcase name="addShouldSucceed" classname="com.github.ltennstedt.finnmath.number.SimpleComplexNumberTest" time="0"/>
  <testcase name="subtractShouldSucceed" classname="com.github.ltennstedt.finnmath.number.SimpleComplexNumberTest" time="0"/>
  <testcase name="toStringShouldSucceed" classname="com.github.ltennstedt.finnmath.number.SimpleComplexNumberTest" time="0"/>
  <testcase name="newImaginaryNullShouldThrowException" classname="com.github.ltennstedt.finnmath.number.SimpleComplexNumberTest" time="0"/>
  <testcase name="powZeroShouldBeSameAsOne" classname="com.github.ltennstedt.finnmath.number.SimpleComplexNumberTest" time="0"/>
  <testcase name="divideShouldSucceed" classname="com.github.ltennstedt.finnmath.number.SimpleComplexNumberTest" time="0"/>
  <testcase name="subtractZeroShouldBeEqualToSelf" classname="com.github.ltennstedt.finnmath.number.SimpleComplexNumberTest" time="0"/>
  <testcase name="invertSelfShouldBeEqualToOneDividedBySelf" classname="com.github.ltennstedt.finnmath.number.SimpleComplexNumberTest" time="0"/>
  <testcase name="multiplyOneShouldBeEqualToOne" classname="com.github.ltennstedt.finnmath.number.SimpleComplexNumberTest" time="0"/>
  <testcase name="divideMinusOneShouldBeEqualToNegated" classname="com.github.ltennstedt.finnmath.number.SimpleComplexNumberTest" time="0"/>
  <testcase name="divideNullShouldThrowException" classname="com.github.ltennstedt.finnmath.number.SimpleComplexNumberTest" time="0"/>
  <testcase name="powOfIForExponentNotEqualToZeroShouldBeEqualToMinusOne" classname="com.github.ltennstedt.finnmath.number.SimpleComplexNumberTest" time="0"/>
  <testcase name="powOfZeroForExponentNotEqualToZeroShouldBeEqualToZero" classname="com.github.ltennstedt.finnmath.number.SimpleComplexNumberTest" time="0"/>
  <testcase name="multiplyShouldBeCommutative" classname="com.github.ltennstedt.finnmath.number.SimpleComplexNumberTest" time="0"/>
  <testcase name="powNegativeExponentShouldThrowException" classname="com.github.ltennstedt.finnmath.number.SimpleComplexNumberTest" time="0"/>
  <testcase name="multiplyNullShouldThrowException" classname="com.github.ltennstedt.finnmath.number.SimpleComplexNumberTest" time="0"/>
  <testcase name="newRealNullShouldThrowException" classname="com.github.ltennstedt.finnmath.number.SimpleComplexNumberTest" time="0"/>
  <testcase name="absPow2MinusOneShouldBeSameAsOne" classname="com.github.ltennstedt.finnmath.number.SimpleComplexNumberTest" time="0"/>
  <testcase name="equalsSelfShouldReturnTrue" classname="com.github.ltennstedt.finnmath.number.SimpleComplexNumberTest" time="0"/>
  <testcase name="addShouldBeCommutative" classname="com.github.ltennstedt.finnmath.number.SimpleComplexNumberTest" time="0"/>
  <testcase name="equalsRealNotEqualShouldReturnFalse" classname="com.github.ltennstedt.finnmath.number.SimpleComplexNumberTest" time="0"/>
  <testcase name="multiplyShouldBeAssociative" classname="com.github.ltennstedt.finnmath.number.SimpleComplexNumberTest" time="0"/>
  <testcase name="divideOneShouldBeEqualToSelf" classname="com.github.ltennstedt.finnmath.number.SimpleComplexNumberTest" time="0"/>
  <testcase name="equalsEqualShouldReturnTrue" classname="com.github.ltennstedt.finnmath.number.SimpleComplexNumberTest" time="0"/>
  <testcase name="addNegatedShouldBeEqualToZero" classname="com.github.ltennstedt.finnmath.number.SimpleComplexNumberTest" time="0"/>
  <testcase name="hashCodeShouldSucceed" classname="com.github.ltennstedt.finnmath.number.SimpleComplexNumberTest" time="0.008"/>
  <testcase name="addShouldBeAssociative" classname="com.github.ltennstedt.finnmath.number.SimpleComplexNumberTest" time="0.086"/>
  <testcase name="absPow2OneShouldBeEqualToOne" classname="com.github.ltennstedt.finnmath.number.SimpleComplexNumberTest" time="0"/>
  <testcase name="invertZeroShouldReturnAnEmptyOptional" classname="com.github.ltennstedt.finnmath.number.SimpleComplexNumberTest" time="0.007"/>
  <testcase name="negateTwiceShouldBeEqualToSelf" classname="com.github.ltennstedt.finnmath.number.SimpleComplexNumberTest" time="0"/>
  <testcase name="absShouldSucceed" classname="com.github.ltennstedt.finnmath.number.SimpleComplexNumberTest" time="0.01"/>
  <testcase name="absPow2ZeroShouldBeEqualToZero" classname="com.github.ltennstedt.finnmath.number.SimpleComplexNumberTest" time="0"/>
  <testcase name="invertShouldSucceed" classname="com.github.ltennstedt.finnmath.number.SimpleComplexNumberTest" time="0.02"/>
  <testcase name="addAndMultiplyShouldBeDistributive" classname="com.github.ltennstedt.finnmath.number.SimpleComplexNumberTest" time="0.022"/>
  <testcase name="subtractSelfShouldBeEqualToZero" classname="com.github.ltennstedt.finnmath.number.SimpleComplexNumberTest" time="0"/>
  <testcase name="divideZeroShouldThrowException" classname="com.github.ltennstedt.finnmath.number.SimpleComplexNumberTest" time="0"/>
  <testcase name="addNullShouldThrowException" classname="com.github.ltennstedt.finnmath.number.SimpleComplexNumberTest" time="0.003"/>
  <testcase name="powOneShouldBeTheSame" classname="com.github.ltennstedt.finnmath.number.SimpleComplexNumberTest" time="0.011"/>
  <testcase name="invertibleZeroShouldBeFalse" classname="com.github.ltennstedt.finnmath.number.SimpleComplexNumberTest" time="0"/>
  <testcase name="addZeroShouldBeEqualToZero" classname="com.github.ltennstedt.finnmath.number.SimpleComplexNumberTest" time="0"/>
  <testcase name="multiplyShouldSucceed" classname="com.github.ltennstedt.finnmath.number.SimpleComplexNumberTest" time="0.002"/>
  <testcase name="conjugateRealNumberShouldBeEqualToSelf" classname="com.github.ltennstedt.finnmath.number.SimpleComplexNumberTest" time="0.004"/>
  <testcase name="invertibleShouldSucceed" classname="com.github.ltennstedt.finnmath.number.SimpleComplexNumberTest" time="0.012"/>
  <testcase name="invertibleShouldBePredictable" classname="com.github.ltennstedt.finnmath.number.SimpleComplexNumberTest" time="0"/>
  <testcase name="equalsNotSimpleComplexNumberShouldReturnFalse" classname="com.github.ltennstedt.finnmath.number.SimpleComplexNumberTest" time="0"/>
  <testcase name="negateZeroShouldBeEqualToSelf" classname="com.github.ltennstedt.finnmath.number.SimpleComplexNumberTest" time="0"/>
  <testcase name="equalsImaginaryNotEqualShouldReturnFalse" classname="com.github.ltennstedt.finnmath.number.SimpleComplexNumberTest" time="0.008"/>
  <testcase name="invertOneShouldBeEqualToOne" classname="com.github.ltennstedt.finnmath.number.SimpleComplexNumberTest" time="0.001"/>
  <testcase name="powShouldSucceed" classname="com.github.ltennstedt.finnmath.number.SimpleComplexNumberTest" time="0.002"/>
  <testcase name="multiplyMinusOneShouldBeEqualToNegated" classname="com.github.ltennstedt.finnmath.number.SimpleComplexNumberTest" time="0.007"/>
  <testcase name="subtractNullShouldThrowException" classname="com.github.ltennstedt.finnmath.number.SimpleComplexNumberTest" time="0"/>
  <testcase name="multiplyZeroShouldBeEqualToZero" classname="com.github.ltennstedt.finnmath.number.SimpleComplexNumberTest" time="0.004"/>
  <testcase name="negateShouldSucceed" classname="com.github.ltennstedt.finnmath.number.SimpleComplexNumberTest" time="0"/>
  <testcase name="powOfOneShouldBeEqualToOne" classname="com.github.ltennstedt.finnmath.number.SimpleComplexNumberTest" time="0.016"/>
  <testcase name="absPow2ShouldSucceed" classname="com.github.ltennstedt.finnmath.number.SimpleComplexNumberTest" time="0"/>
</testsuite>