<?xml version="1.0" encoding="UTF-8"?>
<testsuite xmlns:xsi="http://www.w3.org/2001/XMLSchema-instance" xsi:noNamespaceSchemaLocation="https://maven.apache.org/surefire/maven-surefire-plugin/xsd/surefire-test-report.xsd" name="com.github.ltennstedt.finnmath.util.MathRandomTest" time="1.339" tests="245" errors="0" skipped="0" failures="0">
  <properties>
[...]
</properties>
  <testcase name="nextInvertiblePositiveDecimalsScaleTooLowShoudThrowException" classname="com.github.ltennstedt.finnmath.util.MathRandomTest" time="0.004"/>
  <testcase name="nextInvertibleNegativeFractionsTooLessShoudThrowException" classname="com.github.ltennstedt.finnmath.util.MathRandomTest" time="0.003"/>
  <testcase name="nextTriangularDecimalMatrixShouldSucceed" classname="com.github.ltennstedt.finnmath.util.MathRandomTest" time="0.056"/>
  <testcase name="nextLowerTriangularDecimalMatrixShouldSucceed" classname="com.github.ltennstedt.finnmath.util.MathRandomTest" time="0.007"/>
  <testcase name="nextBigIntMatricesRowSizeTooLowShouldThrowException" classname="com.github.ltennstedt.finnmath.util.MathRandomTest" time="0.001"/>
  <testcase name="nextUpperTriangularBigIntMatricesShouldSucceed" classname="com.github.ltennstedt.finnmath.util.MathRandomTest" time="0.047"/>
  <testcase name="nextTriangularBigIntMatricesSizeTooLowShouldThrowException" classname="com.github.ltennstedt.finnmath.util.MathRandomTest" time="0.001"/>
  <testcase name="nextLowerTriangularBigIntMatricesSizeTooLowShouldThrowException" classname="com.github.ltennstedt.finnmath.util.MathRandomTest" time="0.002"/>
  <testcase name="nextInvertibleDecimalsShouldSucceed" classname="com.github.ltennstedt.finnmath.util.MathRandomTest" time="0.005"/>
  <testcase name="nextTriangularDecimalMatrixSizeTooLowShouldThrowException" classname="com.github.ltennstedt.finnmath.util.MathRandomTest" time="0.005"/>
  <testcase name="nextDecimalMatrixShouldSucceed" classname="com.github.ltennstedt.finnmath.util.MathRandomTest" time="0.01"/>
  <testcase name="nextRealComplexNumbersTooLessShoudThrowException" classname="com.github.ltennstedt.finnmath.util.MathRandomTest" time="0.001"/>
  <testcase name="nextInvertiblePositiveFractionBoundTooLowShouldThrowException" classname="com.github.ltennstedt.finnmath.util.MathRandomTest" time="0.003"/>
  <testcase name="toStringShouldSucceed" classname="com.github.ltennstedt.finnmath.util.MathRandomTest" time="0.001"/>
  <testcase name="nextInvertibleDecimalsTooLessShoudThrowException" classname="com.github.ltennstedt.finnmath.util.MathRandomTest" time="0.002"/>
  <testcase name="nextInvertibleDecimalBoundTooLowShouldThrowException" classname="com.github.ltennstedt.finnmath.util.MathRandomTest" time="0.002"/>
  <testcase name="nextPositiveLongShouldSucceed" classname="com.github.ltennstedt.finnmath.util.MathRandomTest" time="0"/>
  <testcase name="nextSkewSymmetricDecimalMatrixScaleTooLowShouldThrowException" classname="com.github.ltennstedt.finnmath.util.MathRandomTest" time="0.026"/>
  <testcase name="nextDecimalVectorsShouldSucceed" classname="com.github.ltennstedt.finnmath.util.MathRandomTest" time="0.03"/>
  <testcase name="nextDiagonalBigIntMatricesSizeTooLowShouldThrowException" classname="com.github.ltennstedt.finnmath.util.MathRandomTest" time="0.001"/>
  <testcase name="nextInvertibleNegativeFractionsShouldSucceed" classname="com.github.ltennstedt.finnmath.util.MathRandomTest" time="0.004"/>
  <testcase name="keepDecimalInBoundDecimalGreaterThanOrEqualToZeroAndDecimalGreaterThanOrEqualToBound" classname="com.github.ltennstedt.finnmath.util.MathRandomTest" time="0"/>
  <testcase name="nextDecimalVectorBoundTooLowShouldThrowException" classname="com.github.ltennstedt.finnmath.util.MathRandomTest" time="0.003"/>
  <testcase name="nextSymmetricDecimalMatricesScaleTooLowShouldThrowException" classname="com.github.ltennstedt.finnmath.util.MathRandomTest" time="0.003"/>
  <testcase name="nextPositiveDecimalsTooLessShoudThrowException" classname="com.github.ltennstedt.finnmath.util.MathRandomTest" time="0.002"/>
  <testcase name="nextNegativeDecimalsShouldSucceed" classname="com.github.ltennstedt.finnmath.util.MathRandomTest" time="0.01"/>
  <testcase name="nextPositiveLongsShouldSucceed" classname="com.github.ltennstedt.finnmath.util.MathRandomTest" time="0.017"/>
  <testcase name="nextInvertibleSimpleComplexNumbersTooLessShoudThrowException" classname="com.github.ltennstedt.finnmath.util.MathRandomTest" time="0.002"/>
  <testcase name="nextSkewSymmetricBigIntMatricesTooLessShouldThrowException" classname="com.github.ltennstedt.finnmath.util.MathRandomTest" time="0.001"/>
  <testcase name="nextUpperTriangularDecimalMatricesTooLessShouldThrowException" classname="com.github.ltennstedt.finnmath.util.MathRandomTest" time="0.01"/>
  <testcase name="nextBigIntMatricesBoundTooLowShouldThrowException" classname="com.github.ltennstedt.finnmath.util.MathRandomTest" time="0.003"/>
  <testcase name="nextUpperTriangularBigIntMatricesBoundTooLowShouldThrowException" classname="com.github.ltennstedt.finnmath.util.MathRandomTest" time="0.003"/>
  <testcase name="nextSymmetricDecimalMatrixBoundTooLowShouldThrowException" classname="com.github.ltennstedt.finnmath.util.MathRandomTest" time="0.001"/>
  <testcase name="nextPositiveFractionShouldSucceed" classname="com.github.ltennstedt.finnmath.util.MathRandomTest" time="0.001"/>
  <testcase name="nextPositiveFractionBoundTooLowShouldThrowException" classname="com.github.ltennstedt.finnmath.util.MathRandomTest" time="0.003"/>
  <testcase name="nextPositiveDecimalScaleTooLowShouldThrowException" classname="com.github.ltennstedt.finnmath.util.MathRandomTest" time="0.005"/>
  <testcase name="nextInvertiblePositiveDecimalsBoundTooLowShoudThrowException" classname="com.github.ltennstedt.finnmath.util.MathRandomTest" time="0.007"/>
  <testcase name="nextSkewSymmetricDecimalMatricesScaleTooLowShouldThrowException" classname="com.github.ltennstedt.finnmath.util.MathRandomTest" time="0.002"/>
  <testcase name="keepDecimalInBoundDecimalLowerThanZeroAndDecimalGreaterThanMinusBound" classname="com.github.ltennstedt.finnmath.util.MathRandomTest" time="0.001"/>
  <testcase name="nextUpperTriangularBigIntMatricesSizeTooLowShouldThrowException" classname="com.github.ltennstedt.finnmath.util.MathRandomTest" time="0.002"/>
  <testcase name="nextUpperTriangularBigIntMatrixShouldSucceed" classname="com.github.ltennstedt.finnmath.util.MathRandomTest" time="0.003"/>
  <testcase name="nextSimpleComplexNumbersBoundTooLowShoudThrowException" classname="com.github.ltennstedt.finnmath.util.MathRandomTest" time="0.001"/>
  <testcase name="nextPositiveDecimalsScaleTooLowShoudThrowException" classname="com.github.ltennstedt.finnmath.util.MathRandomTest" time="0.001"/>
  <testcase name="nextSymmetricDecimalMatricesSizeTooLowShouldThrowException" classname="com.github.ltennstedt.finnmath.util.MathRandomTest" time="0.002"/>
  <testcase name="nextBigIntVectorSizeTooLowhouldThrowException" classname="com.github.ltennstedt.finnmath.util.MathRandomTest" time="0.002"/>
  <testcase name="nextTriangularDecimalMatricesSizeTooLowShouldThrowException" classname="com.github.ltennstedt.finnmath.util.MathRandomTest" time="0.002"/>
  <testcase name="nextDecimalBoundTooLowShouldThrowException" classname="com.github.ltennstedt.finnmath.util.MathRandomTest" time="0.001"/>
  <testcase name="nextDiagonalDecimalMatricesTooLessShouldThrowException" classname="com.github.ltennstedt.finnmath.util.MathRandomTest" time="0.001"/>
  <testcase name="nextInvertibleNegativeDecimalScaleTooLowShouldThrowException" classname="com.github.ltennstedt.finnmath.util.MathRandomTest" time="0.002"/>
  <testcase name="nextDecimalMatrixBoundTooLowShouldThrowException" classname="com.github.ltennstedt.finnmath.util.MathRandomTest" time="0.002"/>
  <testcase name="nextNegativeDecimalsTooLessShoudThrowException" classname="com.github.ltennstedt.finnmath.util.MathRandomTest" time="0.001"/>
  <testcase name="nextInvertibleNegativeFractionsBoundTooLowShoudThrowException" classname="com.github.ltennstedt.finnmath.util.MathRandomTest" time="0.001"/>
  <testcase name="nextSkewSymmetricDecimalMatricesShouldSucceed" classname="com.github.ltennstedt.finnmath.util.MathRandomTest" time="0.037"/>
  <testcase name="nextLowerTriangularBigIntMatrixSizeTooLowShouldThrowException" classname="com.github.ltennstedt.finnmath.util.MathRandomTest" time="0.001"/>
  <testcase name="nextTriangularBigIntMatrixBoundTooLowShouldThrowException" classname="com.github.ltennstedt.finnmath.util.MathRandomTest" time="0.002"/>
  <testcase name="nextDecimalMatricesBoundTooLowShouldThrowException" classname="com.github.ltennstedt.finnmath.util.MathRandomTest" time="0.002"/>
  <testcase name="nextInvertibleSimpleComplexNumbersBoundTooLowShoudThrowException" classname="com.github.ltennstedt.finnmath.util.MathRandomTest" time="0.001"/>
  <testcase name="nextPositiveLongsTooLessShoudThrowException" classname="com.github.ltennstedt.finnmath.util.MathRandomTest" time="0.001"/>
  <testcase name="nextInvertibleNegativeDecimalsScaleTooLowShoudThrowException" classname="com.github.ltennstedt.finnmath.util.MathRandomTest" time="0.002"/>
  <testcase name="nextDiagonalBigIntMatricesTooLessShouldThrowException" classname="com.github.ltennstedt.finnmath.util.MathRandomTest" time="0.001"/>
  <testcase name="nextSkewSymmetricDecimalMatricesTooLessShouldThrowException" classname="com.github.ltennstedt.finnmath.util.MathRandomTest" time="0.001"/>
  <testcase name="nextSkewSymmetricDecimalMatricesSizeTooLowShouldThrowException" classname="com.github.ltennstedt.finnmath.util.MathRandomTest" time="0.001"/>
  <testcase name="nextDecimalMatricesShouldSucceed" classname="com.github.ltennstedt.finnmath.util.MathRandomTest" time="0.017"/>
  <testcase name="nextSymmetricBigIntMatrixSizeTooLowShouldThrowException" classname="com.github.ltennstedt.finnmath.util.MathRandomTest" time="0.001"/>
  <testcase name="nextLowerTriangularBigIntMatricesTooLessShouldThrowException" classname="com.github.ltennstedt.finnmath.util.MathRandomTest" time="0.001"/>
  <testcase name="nextInvertibleFractionsTooLessShoudThrowException" classname="com.github.ltennstedt.finnmath.util.MathRandomTest" time="0.001"/>
  <testcase name="nextBigIntVectorsShouldSucceed" classname="com.github.ltennstedt.finnmath.util.MathRandomTest" time="0.015"/>
  <testcase name="nextDecimalMatrixColumnSizeTooLowShouldThrowException" classname="com.github.ltennstedt.finnmath.util.MathRandomTest" time="0.012"/>
  <testcase name="nextLongBoundTooLowShouldThrowException" classname="com.github.ltennstedt.finnmath.util.MathRandomTest" time="0"/>
  <testcase name="nextInvertibleRealComplexNumbersShouldSucceed" classname="com.github.ltennstedt.finnmath.util.MathRandomTest" time="0.006"/>
  <testcase name="nextLowerTriangularDecimalMatricesBoundTooLowShouldThrowException" classname="com.github.ltennstedt.finnmath.util.MathRandomTest" time="0"/>
  <testcase name="nextDiagonalDecimalMatricesShouldSucceed" classname="com.github.ltennstedt.finnmath.util.MathRandomTest" time="0.042"/>
  <testcase name="nextPositiveFractionsTooLessShoudThrowException" classname="com.github.ltennstedt.finnmath.util.MathRandomTest" time="0"/>
  <testcase name="nextNegativeFractionsBoundTooLowShoudThrowException" classname="com.github.ltennstedt.finnmath.util.MathRandomTest" time="0"/>
  <testcase name="nextDecimalsShouldSucceed" classname="com.github.ltennstedt.finnmath.util.MathRandomTest" time="0.01"/>
  <testcase name="nextNegativeLongsTooLessShoudThrowException" classname="com.github.ltennstedt.finnmath.util.MathRandomTest" time="0"/>
  <testcase name="nextSimpleComplexNumbersTooLessShoudThrowException" classname="com.github.ltennstedt.finnmath.util.MathRandomTest" time="0.01"/>
  <testcase name="nextDiagonalBigIntMatricesShouldSucceed" classname="com.github.ltennstedt.finnmath.util.MathRandomTest" time="0.024"/>
  <testcase name="nextTriangularDecimalMatrixBoundTooLowShouldThrowException" classname="com.github.ltennstedt.finnmath.util.MathRandomTest" time="0"/>
  <testcase name="nextInvertibleSimpleComplexNumberShouldSucceed" classname="com.github.ltennstedt.finnmath.util.MathRandomTest" time="0"/>
  <testcase name="nextPositiveDecimalsBoundTooLowShoudThrowException" classname="com.github.ltennstedt.finnmath.util.MathRandomTest" time="0.01"/>
  <testcase name="nextLowerTriangularDecimalMatrixBoundTooLowShouldThrowException" classname="com.github.ltennstedt.finnmath.util.MathRandomTest" time="0"/>
  <testcase name="nextTriangularDecimalMatricesScaleTooLowShouldThrowException" classname="com.github.ltennstedt.finnmath.util.MathRandomTest" time="0"/>
  <testcase name="nextBigIntVectorShouldSucceed" classname="com.github.ltennstedt.finnmath.util.MathRandomTest" time="0"/>
  <testcase name="nextRealComplexNumberScaleTooLowShouldThrowException" classname="com.github.ltennstedt.finnmath.util.MathRandomTest" time="0.001"/>
  <testcase name="nextBigIntVectorBoundTooLowShouldThrowException" classname="com.github.ltennstedt.finnmath.util.MathRandomTest" time="0.012"/>
  <testcase name="nextInvertibleRealComplexNumberBoundTooLowShouldThrowException" classname="com.github.ltennstedt.finnmath.util.MathRandomTest" time="0.01"/>
  <testcase name="nextNegativeLongBoundTooLowShouldThrowException" classname="com.github.ltennstedt.finnmath.util.MathRandomTest" time="0"/>
  <testcase name="nextRealComplexNumbersScaleTooLowShoudThrowException" classname="com.github.ltennstedt.finnmath.util.MathRandomTest" time="0.003"/>
  <testcase name="nextDiagonalDecimalMatricesBoundTooLowShouldThrowException" classname="com.github.ltennstedt.finnmath.util.MathRandomTest" time="0"/>
  <testcase name="nextSkewSymmetricBigIntMatricesSizeTooLowShouldThrowException" classname="com.github.ltennstedt.finnmath.util.MathRandomTest" time="0.009"/>
  <testcase name="nextNegativeDecimalScaleTooLowShouldThrowException" classname="com.github.ltennstedt.finnmath.util.MathRandomTest" time="0.005"/>
  <testcase name="nextLowerTriangularDecimalMatricesShouldSucceed" classname="com.github.ltennstedt.finnmath.util.MathRandomTest" time="0.037"/>
  <testcase name="nextInvertibleNegativeDecimalsBoundTooLowShoudThrowException" classname="com.github.ltennstedt.finnmath.util.MathRandomTest" time="0.001"/>
  <testcase name="nextSymmetricBigIntMatricesBoundTooLowShouldThrowException" classname="com.github.ltennstedt.finnmath.util.MathRandomTest" time="0.004"/>
  <testcase name="nextNegativeDecimalsScaleTooLowShoudThrowException" classname="com.github.ltennstedt.finnmath.util.MathRandomTest" time="0.003"/>
  <testcase name="nextTriangularBigIntMatricesBoundTooLowShouldThrowException" classname="com.github.ltennstedt.finnmath.util.MathRandomTest" time="0.002"/>
  <testcase name="nextDiagonalDecimalMatrixBoundTooLowShouldThrowException" classname="com.github.ltennstedt.finnmath.util.MathRandomTest" time="0.001"/>
  <testcase name="nextUpperTriangularDecimalMatricesBoundTooLowShouldThrowException" classname="com.github.ltennstedt.finnmath.util.MathRandomTest" time="0.001"/>
  <testcase name="nextInvertibleDecimalShouldSucceed" classname="com.github.ltennstedt.finnmath.util.MathRandomTest" time="0.001"/>
  <testcase name="nextUpperTriangularBigIntMatrixSizeTooLowShouldThrowException" classname="com.github.ltennstedt.finnmath.util.MathRandomTest" time="0.001"/>
  <testcase name="nextInvertiblePositiveFractionsTooLessShoudThrowException" classname="com.github.ltennstedt.finnmath.util.MathRandomTest" time="0.001"/>
  <testcase name="nextBigIntMatrixBoundTooLowShouldThrowException" classname="com.github.ltennstedt.finnmath.util.MathRandomTest" time="0.002"/>
  <testcase name="nextUpperTriangularDecimalMatrixBoundTooLowShouldThrowException" classname="com.github.ltennstedt.finnmath.util.MathRandomTest" time="0.001"/>
  <testcase name="nextInvertibleNegativeDecimalsShouldSucceed" classname="com.github.ltennstedt.finnmath.util.MathRandomTest" time="0.003"/>
  <testcase name="nextInvertibleNegativeDecimalShouldSucceed" classname="com.github.ltennstedt.finnmath.util.MathRandomTest" time="0"/>
  <testcase name="nextSkewSymmetricBigIntMatricesBoundTooLowShouldThrowException" classname="com.github.ltennstedt.finnmath.util.MathRandomTest" time="0.001"/>
  <testcase name="nextInvertiblePositiveDecimalsTooLessShoudThrowException" classname="com.github.ltennstedt.finnmath.util.MathRandomTest" time="0.001"/>
  <testcase name="nextInvertiblePositiveFractionShouldSucceed" classname="com.github.ltennstedt.finnmath.util.MathRandomTest" time="0"/>
  <testcase name="nextDiagonalDecimalMatrixSizeTooLowShouldThrowException" classname="com.github.ltennstedt.finnmath.util.MathRandomTest" time="0.002"/>
  <testcase name="nextBigIntVectorsSizeTooLowhouldThrowException" classname="com.github.ltennstedt.finnmath.util.MathRandomTest" time="0.001"/>
  <testcase name="nextTriangularBigIntMatrixShouldSucceed" classname="com.github.ltennstedt.finnmath.util.MathRandomTest" time="0.016"/>
  <testcase name="nextTriangularBigIntMatricesShouldSucceed" classname="com.github.ltennstedt.finnmath.util.MathRandomTest" time="0.027"/>
  <testcase name="nextDiagonalBigIntMatrixSizeTooLowShouldThrowException" classname="com.github.ltennstedt.finnmath.util.MathRandomTest" time="0.007"/>
  <testcase name="nextTriangularBigIntMatricesTooLessShouldThrowException" classname="com.github.ltennstedt.finnmath.util.MathRandomTest" time="0.001"/>
  <testcase name="nextLongsTooLessShoudThrowException" classname="com.github.ltennstedt.finnmath.util.MathRandomTest" time="0.009"/>
  <testcase name="nextBigIntVectorsBoundTooLowShouldThrowException" classname="com.github.ltennstedt.finnmath.util.MathRandomTest" time="0.001"/>
  <testcase name="nextDecimalVectorsBoundTooLowShouldThrowException" classname="com.github.ltennstedt.finnmath.util.MathRandomTest" time="0.01"/>
  <testcase name="nextSkewSymmetricBigIntMatrixSizeTooLowShouldThrowException" classname="com.github.ltennstedt.finnmath.util.MathRandomTest" time="0.002"/>
  <testcase name="nextRealComplexNumbersBoundTooLowShoudThrowException" classname="com.github.ltennstedt.finnmath.util.MathRandomTest" time="0.001"/>
  <testcase name="nextPositiveFractionsShouldSucceed" classname="com.github.ltennstedt.finnmath.util.MathRandomTest" time="0.011"/>
  <testcase name="nextInvertibleFractionsBoundTooLowShoudThrowException" classname="com.github.ltennstedt.finnmath.util.MathRandomTest" time="0.002"/>
  <testcase name="nextRealComplexNumberShouldSucceed" classname="com.github.ltennstedt.finnmath.util.MathRandomTest" time="0.007"/>
  <testcase name="nextDecimalVectorsTooLessShouldThrowException" classname="com.github.ltennstedt.finnmath.util.MathRandomTest" time="0.001"/>
  <testcase name="nextSymmetricBigIntMatricesTooLessShouldThrowException" classname="com.github.ltennstedt.finnmath.util.MathRandomTest" time="0.002"/>
  <testcase name="nextBigIntMatrixRowSizeTooLowShouldThrowException" classname="com.github.ltennstedt.finnmath.util.MathRandomTest" time="0.005"/>
  <testcase name="nextDecimalMatricesTooLessShouldThrowException" classname="com.github.ltennstedt.finnmath.util.MathRandomTest" time="0.006"/>
  <testcase name="nextLowerTriangularDecimalMatricesSizeTooLowShouldThrowException" classname="com.github.ltennstedt.finnmath.util.MathRandomTest" time="0.001"/>
  <testcase name="nextInvertiblePositiveDecimalBoundTooLowShouldThrowException" classname="com.github.ltennstedt.finnmath.util.MathRandomTest" time="0.001"/>
  <testcase name="nextLowerTriangularDecimalMatrixSizeTooLowShouldThrowException" classname="com.github.ltennstedt.finnmath.util.MathRandomTest" time="0.006"/>
  <testcase name="nextSimpleComplexNumberBoundTooLowShouldThrowException" classname="com.github.ltennstedt.finnmath.util.MathRandomTest" time="0.001"/>
  <testcase name="nextNegativeDecimalsBoundTooLowShoudThrowException" classname="com.github.ltennstedt.finnmath.util.MathRandomTest" time="0.002"/>
  <testcase name="nextInvertibleNegativeDecimalsTooLessShoudThrowException" classname="com.github.ltennstedt.finnmath.util.MathRandomTest" time="0.001"/>
  <testcase name="nextNegativeLongShouldSucceed" classname="com.github.ltennstedt.finnmath.util.MathRandomTest" time="0"/>
  <testcase name="nextInvertibleDecimalScaleTooLowShouldThrowException" classname="com.github.ltennstedt.finnmath.util.MathRandomTest" time="0.001"/>
  <testcase name="nextInvertibleNegativeFractionBoundTooLowShouldThrowException" classname="com.github.ltennstedt.finnmath.util.MathRandomTest" time="0.004"/>
  <testcase name="nextInvertibleSimpleComplexNumberBoundTooLowShouldThrowException" classname="com.github.ltennstedt.finnmath.util.MathRandomTest" time="0.001"/>
  <testcase name="nextInvertibleDecimalsScaleTooLowShoudThrowException" classname="com.github.ltennstedt.finnmath.util.MathRandomTest" time="0.002"/>
  <testcase name="nextDiagonalDecimalMatricesSizeTooLowShouldThrowException" classname="com.github.ltennstedt.finnmath.util.MathRandomTest" time="0.003"/>
  <testcase name="nextDecimalVectorShouldSucceed" classname="com.github.ltennstedt.finnmath.util.MathRandomTest" time="0.004"/>
  <testcase name="nextUpperTriangularDecimalMatrixSizeTooLowShouldThrowException" classname="com.github.ltennstedt.finnmath.util.MathRandomTest" time="0.001"/>
  <testcase name="nextBigIntMatrixColumnSizeTooLowShouldThrowException" classname="com.github.ltennstedt.finnmath.util.MathRandomTest" time="0.001"/>
  <testcase name="nextDecimalMatrixRowSizeTooLowShouldThrowException" classname="com.github.ltennstedt.finnmath.util.MathRandomTest" time="0.001"/>
  <testcase name="nextDecimalVectorScaleTooLowShouldThrowException" classname="com.github.ltennstedt.finnmath.util.MathRandomTest" time="0.001"/>
  <testcase name="nextDiagonalBigIntMatrixBoundTooLowShouldThrowException" classname="com.github.ltennstedt.finnmath.util.MathRandomTest" time="0.002"/>
  <testcase name="nextLowerTriangularBigIntMatricesShouldSucceed" classname="com.github.ltennstedt.finnmath.util.MathRandomTest" time="0.025"/>
  <testcase name="nextPositiveDecimalsShouldSucceed" classname="com.github.ltennstedt.finnmath.util.MathRandomTest" time="0.001"/>
  <testcase name="nextUpperTriangularDecimalMatricesShouldSucceed" classname="com.github.ltennstedt.finnmath.util.MathRandomTest" time="0.012"/>
  <testcase name="nextInvertibleFractionShouldSucceed" classname="com.github.ltennstedt.finnmath.util.MathRandomTest" time="0"/>
  <testcase name="nextSymmetricDecimalMatricesShouldSucceed" classname="com.github.ltennstedt.finnmath.util.MathRandomTest" time="0.043"/>
  <testcase name="nextSymmetricDecimalMatrixScaleTooLowShouldThrowException" classname="com.github.ltennstedt.finnmath.util.MathRandomTest" time="0.011"/>
  <testcase name="nextNegativeDecimalShouldSucceed" classname="com.github.ltennstedt.finnmath.util.MathRandomTest" time="0"/>
  <testcase name="nextSkewSymmetricDecimalMatrixSizeTooLowShouldThrowException" classname="com.github.ltennstedt.finnmath.util.MathRandomTest" time="0.001"/>
  <testcase name="nextFractionsBoundTooLowShoudThrowException" classname="com.github.ltennstedt.finnmath.util.MathRandomTest" time="0.001"/>
  <testcase name="nextDiagonalDecimalMatrixShouldSucceed" classname="com.github.ltennstedt.finnmath.util.MathRandomTest" time="0.011"/>
  <testcase name="nextSkewSymmetricDecimalMatrixBoundTooLowShouldThrowException" classname="com.github.ltennstedt.finnmath.util.MathRandomTest" time="0.001"/>
  <testcase name="nextDecimalMatricesColumnSizeTooLowShouldThrowException" classname="com.github.ltennstedt.finnmath.util.MathRandomTest" time="0.002"/>
  <testcase name="nextNegativeFractionBoundTooLowShouldThrowException" classname="com.github.ltennstedt.finnmath.util.MathRandomTest" time="0.001"/>
  <testcase name="nextSymmetricDecimalMatricesBoundTooLowShouldThrowException" classname="com.github.ltennstedt.finnmath.util.MathRandomTest" time="0.001"/>
  <testcase name="nextSymmetricBigIntMatrixShouldSucceed" classname="com.github.ltennstedt.finnmath.util.MathRandomTest" time="0.062"/>
  <testcase name="nextDecimalsTooLessShoudThrowException" classname="com.github.ltennstedt.finnmath.util.MathRandomTest" time="0.001"/>
  <testcase name="nextInvertibleSimpleComplexNumbersShouldSucceed" classname="com.github.ltennstedt.finnmath.util.MathRandomTest" time="0.007"/>
  <testcase name="nextLowerTriangularBigIntMatrixBoundTooLowShouldThrowException" classname="com.github.ltennstedt.finnmath.util.MathRandomTest" time="0.001"/>
  <testcase name="nextDecimalScaleTooLowShouldThrowException" classname="com.github.ltennstedt.finnmath.util.MathRandomTest" time="0.001"/>
  <testcase name="nextLongsShouldSucceed" classname="com.github.ltennstedt.finnmath.util.MathRandomTest" time="0"/>
  <testcase name="nextNegativeFractionShouldSucceed" classname="com.github.ltennstedt.finnmath.util.MathRandomTest" time="0"/>
  <testcase name="nextFractionsShouldSucceed" classname="com.github.ltennstedt.finnmath.util.MathRandomTest" time="0.003"/>
  <testcase name="nextDecimalMatrixScaleTooLowShouldThrowException" classname="com.github.ltennstedt.finnmath.util.MathRandomTest" time="0.001"/>
  <testcase name="nextPositiveDecimalBoundTooLowShouldThrowException" classname="com.github.ltennstedt.finnmath.util.MathRandomTest" time="0.002"/>
  <testcase name="nextDecimalMatricesScaleTooLowShouldThrowException" classname="com.github.ltennstedt.finnmath.util.MathRandomTest" time="0.001"/>
  <testcase name="nextDecimalsScaleTooLowShoudThrowException" classname="com.github.ltennstedt.finnmath.util.MathRandomTest" time="0.002"/>
  <testcase name="nextSkewSymmetricDecimalMatricesBoundTooLowShouldThrowException" classname="com.github.ltennstedt.finnmath.util.MathRandomTest" time="0.001"/>
  <testcase name="nextRealComplexNumbersShouldSucceed" classname="com.github.ltennstedt.finnmath.util.MathRandomTest" time="0.005"/>
  <testcase name="nextInvertiblePositiveFractionsBoundTooLowShoudThrowException" classname="com.github.ltennstedt.finnmath.util.MathRandomTest" time="0.002"/>
  <testcase name="keepDecimalInBoundDecimalGreaterThanOrEqualToZeroAndDecimalLowerThanBound" classname="com.github.ltennstedt.finnmath.util.MathRandomTest" time="0"/>
  <testcase name="nextLowerTriangularBigIntMatricesBoundTooLowShouldThrowException" classname="com.github.ltennstedt.finnmath.util.MathRandomTest" time="0.001"/>
  <testcase name="nextDecimalShouldSucceed" classname="com.github.ltennstedt.finnmath.util.MathRandomTest" time="0"/>
  <testcase name="nextInvertibleNegativeDecimalBoundTooLowShouldThrowException" classname="com.github.ltennstedt.finnmath.util.MathRandomTest" time="0.002"/>
  <testcase name="nextUpperTriangularBigIntMatrixBoundTooLowShouldThrowException" classname="com.github.ltennstedt.finnmath.util.MathRandomTest" time="0.002"/>
  <testcase name="nextInvertibleDecimalsBoundTooLowShoudThrowException" classname="com.github.ltennstedt.finnmath.util.MathRandomTest" time="0.001"/>
  <testcase name="nextTriangularDecimalMatricesTooLessShouldThrowException" classname="com.github.ltennstedt.finnmath.util.MathRandomTest" time="0.001"/>
  <testcase name="nextDecimalVectorSizeTooLowhouldThrowException" classname="com.github.ltennstedt.finnmath.util.MathRandomTest" time="0.002"/>
  <testcase name="nextLowerTriangularDecimalMatricesScaleTooLowShouldThrowException" classname="com.github.ltennstedt.finnmath.util.MathRandomTest" time="0.001"/>
  <testcase name="nextPositiveLongBoundTooLowShouldThrowException" classname="com.github.ltennstedt.finnmath.util.MathRandomTest" time="0.001"/>
  <testcase name="nextUpperTriangularBigIntMatricesTooLessShouldThrowException" classname="com.github.ltennstedt.finnmath.util.MathRandomTest" time="0.001"/>
  <testcase name="nextLongShouldSucceed" classname="com.github.ltennstedt.finnmath.util.MathRandomTest" time="0"/>
  <testcase name="nextSkewSymmetricBigIntMatrixBoundTooLowShouldThrowException" classname="com.github.ltennstedt.finnmath.util.MathRandomTest" time="0.002"/>
  <testcase name="nextInvertibleFractionsShouldSucceed" classname="com.github.ltennstedt.finnmath.util.MathRandomTest" time="0.003"/>
  <testcase name="nextInvertiblePositiveDecimalShouldSucceed" classname="com.github.ltennstedt.finnmath.util.MathRandomTest" time="0"/>
  <testcase name="nextSkewSymmetricDecimalMatrixShouldSucceed" classname="com.github.ltennstedt.finnmath.util.MathRandomTest" time="0.004"/>
  <testcase name="keepDecimalInBoundDecimalLowerThanZeroAndDecimalLowerThanOrEqualToMinusBound" classname="com.github.ltennstedt.finnmath.util.MathRandomTest" time="0"/>
  <testcase name="nextTriangularDecimalMatrixScaleTooLowShouldThrowException" classname="com.github.ltennstedt.finnmath.util.MathRandomTest" time="0.001"/>
  <testcase name="nextBigIntVectorsTooLessShouldThrowException" classname="com.github.ltennstedt.finnmath.util.MathRandomTest" time="0.001"/>
  <testcase name="nextDiagonalBigIntMatricesBoundTooLowShouldThrowException" classname="com.github.ltennstedt.finnmath.util.MathRandomTest" time="0.001"/>
  <testcase name="nextPositiveFractionsBoundTooLowShoudThrowException" classname="com.github.ltennstedt.finnmath.util.MathRandomTest" time="0.001"/>
  <testcase name="nextLowerTriangularDecimalMatrixScaleTooLowShouldThrowException" classname="com.github.ltennstedt.finnmath.util.MathRandomTest" time="0.001"/>
  <testcase name="nextInvertibleRealComplexNumbersTooLessShoudThrowException" classname="com.github.ltennstedt.finnmath.util.MathRandomTest" time="0.001"/>
  <testcase name="nextSymmetricDecimalMatrixSizeTooLowShouldThrowException" classname="com.github.ltennstedt.finnmath.util.MathRandomTest" time="0.001"/>
  <testcase name="nextNegativeFractionsShouldSucceed" classname="com.github.ltennstedt.finnmath.util.MathRandomTest" time="0.004"/>
  <testcase name="nextFractionsTooLessShoudThrowException" classname="com.github.ltennstedt.finnmath.util.MathRandomTest" time="0.001"/>
  <testcase name="nextUpperTriangularDecimalMatrixShouldSucceed" classname="com.github.ltennstedt.finnmath.util.MathRandomTest" time="0.003"/>
  <testcase name="nextBigIntMatrixShouldSucceed" classname="com.github.ltennstedt.finnmath.util.MathRandomTest" time="0.004"/>
  <testcase name="nextInvertiblePositiveFractionsShouldSucceed" classname="com.github.ltennstedt.finnmath.util.MathRandomTest" time="0.003"/>
  <testcase name="nextDecimalVectorsScaleTooLowhouldThrowException" classname="com.github.ltennstedt.finnmath.util.MathRandomTest" time="0.001"/>
  <testcase name="nextInvertibleRealComplexNumberShouldSucceed" classname="com.github.ltennstedt.finnmath.util.MathRandomTest" time="0.002"/>
  <testcase name="nextInvertibleRealComplexNumberScaleTooLowShouldThrowException" classname="com.github.ltennstedt.finnmath.util.MathRandomTest" time="0.001"/>
  <testcase name="nextNegativeLongsShouldSucceed" classname="com.github.ltennstedt.finnmath.util.MathRandomTest" time="0.001"/>
  <testcase name="nextDecimalsBoundTooLowShoudThrowException" classname="com.github.ltennstedt.finnmath.util.MathRandomTest" time="0.001"/>
  <testcase name="nextDiagonalDecimalMatricesScaleTooLowShouldThrowException" classname="com.github.ltennstedt.finnmath.util.MathRandomTest" time="0.001"/>
  <testcase name="nextFractionShouldSucceed" classname="com.github.ltennstedt.finnmath.util.MathRandomTest" time="0"/>
  <testcase name="nextInvertibleRealComplexNumbersScaleTooLowShoudThrowException" classname="com.github.ltennstedt.finnmath.util.MathRandomTest" time="0.002"/>
  <testcase name="nextSimpleComplexNumberShouldSucceed" classname="com.github.ltennstedt.finnmath.util.MathRandomTest" time="0"/>
  <testcase name="nextSkewSymmetricBigIntMatricesShouldSucceed" classname="com.github.ltennstedt.finnmath.util.MathRandomTest" time="0.016"/>
  <testcase name="nextTriangularDecimalMatricesBoundTooLowShouldThrowException" classname="com.github.ltennstedt.finnmath.util.MathRandomTest" time="0.001"/>
  <testcase name="nextDiagonalDecimalMatrixScaleTooLowShouldThrowException" classname="com.github.ltennstedt.finnmath.util.MathRandomTest" time="0.002"/>
  <testcase name="nextUpperTriangularDecimalMatricesScaleTooLowShouldThrowException" classname="com.github.ltennstedt.finnmath.util.MathRandomTest" time="0.001"/>
  <testcase name="nextRealComplexNumberBoundTooLowShouldThrowException" classname="com.github.ltennstedt.finnmath.util.MathRandomTest" time="0.002"/>
  <testcase name="nextInvertibleFractionBoundTooLowShouldThrowException" classname="com.github.ltennstedt.finnmath.util.MathRandomTest" time="0.001"/>
  <testcase name="nextSymmetricBigIntMatricesSizeTooLowShouldThrowException" classname="com.github.ltennstedt.finnmath.util.MathRandomTest" time="0.001"/>
  <testcase name="nextNegativeDecimalBoundTooLowShouldThrowException" classname="com.github.ltennstedt.finnmath.util.MathRandomTest" time="0.001"/>
  <testcase name="nextNegativeFractionsTooLessShoudThrowException" classname="com.github.ltennstedt.finnmath.util.MathRandomTest" time="0.002"/>
  <testcase name="nextUpperTriangularDecimalMatrixScaleTooLowShouldThrowException" classname="com.github.ltennstedt.finnmath.util.MathRandomTest" time="0.002"/>
  <testcase name="nextInvertiblePositiveDecimalsShouldSucceed" classname="com.github.ltennstedt.finnmath.util.MathRandomTest" time="0.01"/>
  <testcase name="nextBigIntMatricesShouldSucceed" classname="com.github.ltennstedt.finnmath.util.MathRandomTest" time="0.007"/>
  <testcase name="nextDecimalMatricesRowSizeTooLowShouldThrowException" classname="com.github.ltennstedt.finnmath.util.MathRandomTest" time="0.001"/>
  <testcase name="nextBigIntMatricesColumnSizeTooLowShouldThrowException" classname="com.github.ltennstedt.finnmath.util.MathRandomTest" time="0.002"/>
  <testcase name="nextDiagonalBigIntMatrixShouldSucceed" classname="com.github.ltennstedt.finnmath.util.MathRandomTest" time="0.004"/>
  <testcase name="nextSymmetricBigIntMatricesShouldSucceed" classname="com.github.ltennstedt.finnmath.util.MathRandomTest" time="0.016"/>
  <testcase name="nextUpperTriangularDecimalMatricesSizeTooLowShouldThrowException" classname="com.github.ltennstedt.finnmath.util.MathRandomTest" time="0.001"/>
  <testcase name="nextLowerTriangularDecimalMatricesTooLessShouldThrowException" classname="com.github.ltennstedt.finnmath.util.MathRandomTest" time="0.001"/>
  <testcase name="nextSymmetricBigIntMatrixBoundTooLowShouldThrowException" classname="com.github.ltennstedt.finnmath.util.MathRandomTest" time="0.001"/>
  <testcase name="nextBigIntMatricesTooLessShouldThrowException" classname="com.github.ltennstedt.finnmath.util.MathRandomTest" time="0.001"/>
  <testcase name="nextPositiveDecimalShouldSucceed" classname="com.github.ltennstedt.finnmath.util.MathRandomTest" time="0"/>
  <testcase name="nextTriangularDecimalMatricesShouldSucceed" classname="com.github.ltennstedt.finnmath.util.MathRandomTest" time="0.01"/>
  <testcase name="nextDecimalVectorsSizeTooLowhouldThrowException" classname="com.github.ltennstedt.finnmath.util.MathRandomTest" time="0.002"/>
  <testcase name="nextSymmetricDecimalMatrixShouldSucceed" classname="com.github.ltennstedt.finnmath.util.MathRandomTest" time="0.01"/>
  <testcase name="nextLowerTriangularBigIntMatrixShouldSucceed" classname="com.github.ltennstedt.finnmath.util.MathRandomTest" time="0.002"/>
  <testcase name="nextInvertibleNegativeFractionShouldSucceed" classname="com.github.ltennstedt.finnmath.util.MathRandomTest" time="0"/>
  <testcase name="nextSymmetricDecimalMatricesTooLessShouldThrowException" classname="com.github.ltennstedt.finnmath.util.MathRandomTest" time="0.011"/>
  <testcase name="nextInvertibleRealComplexNumbersBoundTooLowShoudThrowException" classname="com.github.ltennstedt.finnmath.util.MathRandomTest" time="0.001"/>
  <testcase name="nextFractionBoundTooLowShouldThrowException" classname="com.github.ltennstedt.finnmath.util.MathRandomTest" time="0.001"/>
  <testcase name="nextInvertiblePositiveDecimalScaleTooLowShouldThrowException" classname="com.github.ltennstedt.finnmath.util.MathRandomTest" time="0.001"/>
  <testcase name="nextSimpleComplexNumbersShouldSucceed" classname="com.github.ltennstedt.finnmath.util.MathRandomTest" time="0.004"/>
  <testcase name="nextSkewSymmetricBigIntMatrixShouldSucceed" classname="com.github.ltennstedt.finnmath.util.MathRandomTest" time="0.004"/>
  <testcase name="nextTriangularBigIntMatrixSizeTooLowShouldThrowException" classname="com.github.ltennstedt.finnmath.util.MathRandomTest" time="0.001"/>
</testsuite>