<?xml version="1.0" encoding="UTF-8" standalone="yes"?><!DOCTYPE report PUBLIC "-//JACOCO//DTD Report 1.0//EN" "report.dtd"><report name="finnMath Kotlin"><sessioninfo id="archlinux-4ffd280c" start="1514062200771" dump="1514062202660"/><package name="com/github/ltennstedt/finnmath/kotlin/number"><class name="com/github/ltennstedt/finnmath/kotlin/number/FractionsKt"><method name="plus" desc="(Lcom/github/ltennstedt/finnmath/core/number/Fraction;Lcom/github/ltennstedt/finnmath/core/number/Fraction;)Lcom/github/ltennstedt/finnmath/core/number/Fraction;" line="21"><counter type="INSTRUCTION" missed="0" covered="10"/><counter type="LINE" missed="0" covered="1"/><counter type="COMPLEXITY" missed="0" covered="1"/><counter type="METHOD" missed="0" covered="1"/></method><method name="minus" desc="(Lcom/github/ltennstedt/finnmath/core/number/Fraction;Lcom/github/ltennstedt/finnmath/core/number/Fraction;)Lcom/github/ltennstedt/finnmath/core/number/Fraction;" line="23"><counter type="INSTRUCTION" missed="10" covered="0"/><counter type="LINE" missed="1" covered="0"/><counter type="COMPLEXITY" missed="1" covered="0"/><counter type="METHOD" missed="1" covered="0"/></method><method name="times" desc="(Lcom/github/ltennstedt/finnmath/core/number/Fraction;Lcom/github/ltennstedt/finnmath/core/number/Fraction;)Lcom/github/ltennstedt/finnmath/core/number/Fraction;" line="25"><counter type="INSTRUCTION" missed="10" covered="0"/><counter type="LINE" missed="1" covered="0"/><counter type="COMPLEXITY" missed="1" covered="0"/><counter type="METHOD" missed="1" covered="0"/></method><method name="div" desc="(Lcom/github/ltennstedt/finnmath/core/number/Fraction;Lcom/github/ltennstedt/finnmath/core/number/Fraction;)Lcom/github/ltennstedt/finnmath/core/number/Fraction;" line="27"><counter type="INSTRUCTION" missed="10" covered="0"/><counter type="LINE" missed="1" covered="0"/><counter type="COMPLEXITY" missed="1" covered="0"/><counter type="METHOD" missed="1" covered="0"/></method><method name="unaryMinus" desc="(Lcom/github/ltennstedt/finnmath/core/number/Fraction;)Lcom/github/ltennstedt/finnmath/core/number/Fraction;" line="29"><counter type="INSTRUCTION" missed="6" covered="0"/><counter type="LINE" missed="1" covered="0"/><counter type="COMPLEXITY" missed="1" covered="0"/><counter type="METHOD" missed="1" covered="0"/></method><method name="inc" desc="(Lcom/github/ltennstedt/finnmath/core/number/Fraction;)Lcom/github/ltennstedt/finnmath/core/number/Fraction;" line="31"><counter type="INSTRUCTION" missed="7" covered="0"/><counter type="LINE" missed="1" covered="0"/><counter type="COMPLEXITY" missed="1" covered="0"/><counter type="METHOD" missed="1" covered="0"/></method><method name="dec" desc="(Lcom/github/ltennstedt/finnmath/core/number/Fraction;)Lcom/github/ltennstedt/finnmath/core/number/Fraction;" line="33"><counter type="INSTRUCTION" missed="7" covered="0"/><counter type="LINE" missed="1" covered="0"/><counter type="COMPLEXITY" missed="1" covered="0"/><counter type="METHOD" missed="1" covered="0"/></method><counter type="INSTRUCTION" missed="50" covered="10"/><counter type="LINE" missed="6" covered="1"/><counter type="COMPLEXITY" missed="6" covered="1"/><counter type="METHOD" missed="6" covered="1"/><counter type="CLASS" missed="0" covered="1"/></class><sourcefile name="Fractions.kt"><line nr="21" mi="0" ci="4" mb="0" cb="0"/><line nr="23" mi="4" ci="0" mb="0" cb="0"/><line nr="25" mi="4" ci="0" mb="0" cb="0"/><line nr="27" mi="4" ci="0" mb="0" cb="0"/><line nr="29" mi="3" ci="0" mb="0" cb="0"/><line nr="31" mi="4" ci="0" mb="0" cb="0"/><line nr="33" mi="4" ci="0" mb="0" cb="0"/><counter type="INSTRUCTION" missed="50" covered="10"/><counter type="LINE" missed="6" covered="1"/><counter type="COMPLEXITY" missed="6" covered="1"/><counter type="METHOD" missed="6" covered="1"/><counter type="CLASS" missed="0" covered="1"/></sourcefile><counter type="INSTRUCTION" missed="50" covered="10"/><counter type="LINE" missed="6" covered="1"/><counter type="COMPLEXITY" missed="6" covered="1"/><counter type="METHOD" missed="6" covered="1"/><counter type="CLASS" missed="0" covered="1"/></package><counter type="INSTRUCTION" missed="50" covered="10"/><counter type="LINE" missed="6" covered="1"/><counter type="COMPLEXITY" missed="6" covered="1"/><counter type="METHOD" missed="6" covered="1"/><counter type="CLASS" missed="0" covered="1"/></report>