<?xml version="1.0" encoding="UTF-8" standalone="yes"?><!DOCTYPE report PUBLIC "-//JACOCO//DTD Report 1.0//EN" "report.dtd"><report name="finnMath Core"><sessioninfo id="lars-VirtualBox-218b05ee" start="1516222389229" dump="1516222402793"/><package name="com/github/ltennstedt/finnmath/core/util"><class name="com/github/ltennstedt/finnmath/core/util/SquareRootCalculator"><method name="&lt;init&gt;" desc="()V" line="91"><counter type="INSTRUCTION" missed="0" covered="12"/><counter type="LINE" missed="0" covered="5"/><counter type="COMPLEXITY" missed="0" covered="1"/><counter type="METHOD" missed="0" covered="1"/></method><method name="&lt;init&gt;" desc="(Ljava/math/BigDecimal;)V" line="108"><counter type="INSTRUCTION" missed="0" covered="30"/><counter type="BRANCH" missed="0" covered="4"/><counter type="LINE" missed="0" covered="7"/><counter type="COMPLEXITY" missed="0" covered="3"/><counter type="METHOD" missed="0" covered="1"/></method><method name="&lt;init&gt;" desc="(ILjava/math/RoundingMode;)V" line="128"><counter type="INSTRUCTION" missed="0" covered="20"/><counter type="BRANCH" missed="0" covered="2"/><counter type="LINE" missed="0" covered="6"/><counter type="COMPLEXITY" missed="0" covered="2"/><counter type="METHOD" missed="0" covered="1"/></method><method name="&lt;init&gt;" desc="(Ljava/math/BigDecimal;ILjava/math/RoundingMode;)V" line="152"><counter type="INSTRUCTION" missed="0" covered="38"/><counter type="BRANCH" missed="0" covered="6"/><counter type="LINE" missed="0" covered="8"/><counter type="COMPLEXITY" missed="0" covered="4"/><counter type="METHOD" missed="0" covered="1"/></method><method name="sqrt" desc="(Ljava/math/BigInteger;)Ljava/math/BigDecimal;" line="176"><counter type="INSTRUCTION" missed="0" covered="22"/><counter type="BRANCH" missed="0" covered="2"/><counter type="LINE" missed="0" covered="3"/><counter type="COMPLEXITY" missed="0" covered="2"/><counter type="METHOD" missed="0" covered="1"/></method><method name="sqrt" desc="(Ljava/math/BigDecimal;)Ljava/math/BigDecimal;" line="195"><counter type="INSTRUCTION" missed="1" covered="23"/><counter type="BRANCH" missed="1" covered="1"/><counter type="LINE" missed="0" covered="3"/><counter type="COMPLEXITY" missed="1" covered="1"/><counter type="METHOD" missed="0" covered="1"/></method><method name="sqrtOfPerfectSquare" desc="(Ljava/math/BigInteger;)Ljava/math/BigInteger;" line="217"><counter type="INSTRUCTION" missed="1" covered="24"/><counter type="BRANCH" missed="1" covered="1"/><counter type="LINE" missed="0" covered="4"/><counter type="COMPLEXITY" missed="1" covered="1"/><counter type="METHOD" missed="0" covered="1"/></method><method name="perfectSquare" desc="(Ljava/math/BigInteger;)Z" line="236"><counter type="INSTRUCTION" missed="1" covered="36"/><counter type="BRANCH" missed="1" covered="3"/><counter type="LINE" missed="0" covered="6"/><counter type="COMPLEXITY" missed="1" covered="2"/><counter type="METHOD" missed="0" covered="1"/></method><method name="heronsMethod" desc="(Ljava/math/BigDecimal;)Ljava/math/BigDecimal;" line="246"><counter type="INSTRUCTION" missed="0" covered="67"/><counter type="BRANCH" missed="0" covered="2"/><counter type="LINE" missed="0" covered="14"/><counter type="COMPLEXITY" missed="0" covered="2"/><counter type="METHOD" missed="0" covered="1"/></method><method name="calculateSuccessor" desc="(Ljava/math/BigDecimal;Ljava/math/BigDecimal;)Ljava/math/BigDecimal;" line="264"><counter type="INSTRUCTION" missed="1" covered="37"/><counter type="BRANCH" missed="1" covered="1"/><counter type="LINE" missed="0" covered="7"/><counter type="COMPLEXITY" missed="1" covered="1"/><counter type="METHOD" missed="0" covered="1"/></method><method name="seedValue" desc="(Ljava/math/BigDecimal;)Ljava/math/BigDecimal;" line="274"><counter type="INSTRUCTION" missed="0" covered="37"/><counter type="BRANCH" missed="0" covered="2"/><counter type="LINE" missed="0" covered="5"/><counter type="COMPLEXITY" missed="0" covered="2"/><counter type="METHOD" missed="0" covered="1"/></method><method name="scientificNotationForSqrt" desc="(Ljava/math/BigDecimal;)Lcom/github/ltennstedt/finnmath/core/number/ScientificNotation;" line="284"><counter type="INSTRUCTION" missed="0" covered="56"/><counter type="BRANCH" missed="0" covered="2"/><counter type="LINE" missed="0" covered="12"/><counter type="COMPLEXITY" missed="0" covered="2"/><counter type="METHOD" missed="0" covered="1"/></method><method name="toString" desc="()Ljava/lang/String;" line="301"><counter type="INSTRUCTION" missed="0" covered="16"/><counter type="LINE" missed="0" covered="2"/><counter type="COMPLEXITY" missed="0" covered="1"/><counter type="METHOD" missed="0" covered="1"/></method><method name="getPrecision" desc="()Ljava/math/BigDecimal;" line="306"><counter type="INSTRUCTION" missed="0" covered="3"/><counter type="LINE" missed="0" covered="1"/><counter type="COMPLEXITY" missed="0" covered="1"/><counter type="METHOD" missed="0" covered="1"/></method><method name="getScale" desc="()I" line="310"><counter type="INSTRUCTION" missed="0" covered="3"/><counter type="LINE" missed="0" covered="1"/><counter type="COMPLEXITY" missed="0" covered="1"/><counter type="METHOD" missed="0" covered="1"/></method><method name="getRoundingMode" desc="()Ljava/math/RoundingMode;" line="314"><counter type="INSTRUCTION" missed="0" covered="3"/><counter type="LINE" missed="0" covered="1"/><counter type="COMPLEXITY" missed="0" covered="1"/><counter type="METHOD" missed="0" covered="1"/></method><method name="&lt;clinit&gt;" desc="()V" line="47"><counter type="INSTRUCTION" missed="0" covered="9"/><counter type="LINE" missed="0" covered="3"/><counter type="COMPLEXITY" missed="0" covered="1"/><counter type="METHOD" missed="0" covered="1"/></method><counter type="INSTRUCTION" missed="4" covered="436"/><counter type="BRANCH" missed="4" covered="26"/><counter type="LINE" missed="0" covered="88"/><counter type="COMPLEXITY" missed="4" covered="28"/><counter type="METHOD" missed="0" covered="17"/><counter type="CLASS" missed="0" covered="1"/></class><class name="com/github/ltennstedt/finnmath/core/util/MathRandom"><method name="&lt;init&gt;" desc="()V" line="69"><counter type="INSTRUCTION" missed="0" covered="8"/><counter type="LINE" missed="0" covered="3"/><counter type="COMPLEXITY" missed="0" covered="1"/><counter type="METHOD" missed="0" covered="1"/></method><method name="&lt;init&gt;" desc="(J)V" line="80"><counter type="INSTRUCTION" missed="0" covered="9"/><counter type="LINE" missed="0" covered="3"/><counter type="COMPLEXITY" missed="0" covered="1"/><counter type="METHOD" missed="0" covered="1"/></method><method name="nextPositiveBigInteger" desc="(J)Ljava/math/BigInteger;" line="96"><counter type="INSTRUCTION" missed="0" covered="15"/><counter type="BRANCH" missed="0" covered="2"/><counter type="LINE" missed="0" covered="2"/><counter type="COMPLEXITY" missed="0" covered="2"/><counter type="METHOD" missed="0" covered="1"/></method><method name="nextNegativeBigInteger" desc="(J)Ljava/math/BigInteger;" line="113"><counter type="INSTRUCTION" missed="0" covered="15"/><counter type="BRANCH" missed="0" covered="2"/><counter type="LINE" missed="0" covered="2"/><counter type="COMPLEXITY" missed="0" covered="2"/><counter type="METHOD" missed="0" covered="1"/></method><method name="nextBigInteger" desc="(J)Ljava/math/BigInteger;" line="130"><counter type="INSTRUCTION" missed="0" covered="22"/><counter type="BRANCH" missed="0" covered="4"/><counter type="LINE" missed="0" covered="4"/><counter type="COMPLEXITY" missed="0" covered="3"/><counter type="METHOD" missed="0" covered="1"/></method><method name="nextPositiveBigIntegers" desc="(JI)Ljava/util/List;" line="153"><counter type="INSTRUCTION" missed="1" covered="37"/><counter type="BRANCH" missed="1" covered="5"/><counter type="LINE" missed="0" covered="6"/><counter type="COMPLEXITY" missed="1" covered="3"/><counter type="METHOD" missed="0" covered="1"/></method><method name="nextNegativeBigIntegers" desc="(JI)Ljava/util/List;" line="178"><counter type="INSTRUCTION" missed="1" covered="37"/><counter type="BRANCH" missed="1" covered="5"/><counter type="LINE" missed="0" covered="6"/><counter type="COMPLEXITY" missed="1" covered="3"/><counter type="METHOD" missed="0" covered="1"/></method><method name="nextBigIntegers" desc="(JI)Ljava/util/List;" line="203"><counter type="INSTRUCTION" missed="1" covered="37"/><counter type="BRANCH" missed="1" covered="5"/><counter type="LINE" missed="0" covered="6"/><counter type="COMPLEXITY" missed="1" covered="3"/><counter type="METHOD" missed="0" covered="1"/></method><method name="nextPositiveBigDecimal" desc="(JI)Ljava/math/BigDecimal;" line="228"><counter type="INSTRUCTION" missed="3" covered="30"/><counter type="BRANCH" missed="1" covered="5"/><counter type="LINE" missed="1" covered="5"/><counter type="COMPLEXITY" missed="1" covered="3"/><counter type="METHOD" missed="0" covered="1"/></method><method name="nextNegativeBigDecimal" desc="(JI)Ljava/math/BigDecimal;" line="253"><counter type="INSTRUCTION" missed="0" covered="33"/><counter type="BRANCH" missed="0" covered="6"/><counter type="LINE" missed="0" covered="6"/><counter type="COMPLEXITY" missed="0" covered="4"/><counter type="METHOD" missed="0" covered="1"/></method><method name="nextBigDecimal" desc="(JI)Ljava/math/BigDecimal;" line="278"><counter type="INSTRUCTION" missed="0" covered="32"/><counter type="BRANCH" missed="0" covered="4"/><counter type="LINE" missed="0" covered="4"/><counter type="COMPLEXITY" missed="0" covered="3"/><counter type="METHOD" missed="0" covered="1"/></method><method name="nextInvertiblePositiveBigDecimal" desc="(JI)Ljava/math/BigDecimal;" line="300"><counter type="INSTRUCTION" missed="3" covered="30"/><counter type="BRANCH" missed="1" covered="5"/><counter type="LINE" missed="1" covered="5"/><counter type="COMPLEXITY" missed="1" covered="3"/><counter type="METHOD" missed="0" covered="1"/></method><method name="nextInvertibleNegativeBigDecimal" desc="(JI)Ljava/math/BigDecimal;" line="326"><counter type="INSTRUCTION" missed="2" covered="31"/><counter type="BRANCH" missed="1" covered="5"/><counter type="LINE" missed="1" covered="5"/><counter type="COMPLEXITY" missed="1" covered="3"/><counter type="METHOD" missed="0" covered="1"/></method><method name="nextInvertibleBigDecimal" desc="(JI)Ljava/math/BigDecimal;" line="351"><counter type="INSTRUCTION" missed="0" covered="32"/><counter type="BRANCH" missed="0" covered="4"/><counter type="LINE" missed="0" covered="4"/><counter type="COMPLEXITY" missed="0" covered="3"/><counter type="METHOD" missed="0" covered="1"/></method><method name="keepBigDecimalInBound" desc="(Ljava/math/BigDecimal;J)Ljava/math/BigDecimal;" line="359"><counter type="INSTRUCTION" missed="0" covered="33"/><counter type="BRANCH" missed="0" covered="6"/><counter type="LINE" missed="0" covered="8"/><counter type="COMPLEXITY" missed="0" covered="4"/><counter type="METHOD" missed="0" covered="1"/></method><method name="nextPositiveBigDecimals" desc="(JII)Ljava/util/List;" line="393"><counter type="INSTRUCTION" missed="0" covered="48"/><counter type="BRANCH" missed="0" covered="8"/><counter type="LINE" missed="0" covered="7"/><counter type="COMPLEXITY" missed="0" covered="5"/><counter type="METHOD" missed="0" covered="1"/></method><method name="nextNegativeBigDecimals" desc="(JII)Ljava/util/List;" line="423"><counter type="INSTRUCTION" missed="0" covered="48"/><counter type="BRANCH" missed="0" covered="8"/><counter type="LINE" missed="0" covered="7"/><counter type="COMPLEXITY" missed="0" covered="5"/><counter type="METHOD" missed="0" covered="1"/></method><method name="nextBigDecimals" desc="(JII)Ljava/util/List;" line="453"><counter type="INSTRUCTION" missed="0" covered="48"/><counter type="BRANCH" missed="0" covered="8"/><counter type="LINE" missed="0" covered="7"/><counter type="COMPLEXITY" missed="0" covered="5"/><counter type="METHOD" missed="0" covered="1"/></method><method name="nextInvertiblePositiveBigDecimals" desc="(JII)Ljava/util/List;" line="484"><counter type="INSTRUCTION" missed="0" covered="48"/><counter type="BRANCH" missed="0" covered="8"/><counter type="LINE" missed="0" covered="7"/><counter type="COMPLEXITY" missed="0" covered="5"/><counter type="METHOD" missed="0" covered="1"/></method><method name="nextInvertibleNegativeBigDecimals" desc="(JII)Ljava/util/List;" line="515"><counter type="INSTRUCTION" missed="0" covered="48"/><counter type="BRANCH" missed="0" covered="8"/><counter type="LINE" missed="0" covered="7"/><counter type="COMPLEXITY" missed="0" covered="5"/><counter type="METHOD" missed="0" covered="1"/></method><method name="nextInvertibleBigDecimals" desc="(JII)Ljava/util/List;" line="546"><counter type="INSTRUCTION" missed="0" covered="48"/><counter type="BRANCH" missed="0" covered="8"/><counter type="LINE" missed="0" covered="7"/><counter type="COMPLEXITY" missed="0" covered="5"/><counter type="METHOD" missed="0" covered="1"/></method><method name="nextPositiveFraction" desc="(J)Lcom/github/ltennstedt/finnmath/core/number/Fraction;" line="569"><counter type="INSTRUCTION" missed="0" covered="26"/><counter type="BRANCH" missed="0" covered="2"/><counter type="LINE" missed="0" covered="4"/><counter type="COMPLEXITY" missed="0" covered="2"/><counter type="METHOD" missed="0" covered="1"/></method><method name="nextNegativeFraction" desc="(J)Lcom/github/ltennstedt/finnmath/core/number/Fraction;" line="588"><counter type="INSTRUCTION" missed="0" covered="15"/><counter type="BRANCH" missed="0" covered="2"/><counter type="LINE" missed="0" covered="2"/><counter type="COMPLEXITY" missed="0" covered="2"/><counter type="METHOD" missed="0" covered="1"/></method><method name="nextFraction" desc="(J)Lcom/github/ltennstedt/finnmath/core/number/Fraction;" line="605"><counter type="INSTRUCTION" missed="0" covered="22"/><counter type="BRANCH" missed="0" covered="4"/><counter type="LINE" missed="0" covered="4"/><counter type="COMPLEXITY" missed="0" covered="3"/><counter type="METHOD" missed="0" covered="1"/></method><method name="nextInvertiblePositiveFraction" desc="(J)Lcom/github/ltennstedt/finnmath/core/number/Fraction;" line="624"><counter type="INSTRUCTION" missed="0" covered="26"/><counter type="BRANCH" missed="0" covered="2"/><counter type="LINE" missed="0" covered="4"/><counter type="COMPLEXITY" missed="0" covered="2"/><counter type="METHOD" missed="0" covered="1"/></method><method name="nextInvertibleNegativeFraction" desc="(J)Lcom/github/ltennstedt/finnmath/core/number/Fraction;" line="642"><counter type="INSTRUCTION" missed="0" covered="15"/><counter type="BRANCH" missed="0" covered="2"/><counter type="LINE" missed="0" covered="2"/><counter type="COMPLEXITY" missed="0" covered="2"/><counter type="METHOD" missed="0" covered="1"/></method><method name="nextInvertibleFraction" desc="(J)Lcom/github/ltennstedt/finnmath/core/number/Fraction;" line="658"><counter type="INSTRUCTION" missed="0" covered="22"/><counter type="BRANCH" missed="0" covered="4"/><counter type="LINE" missed="0" covered="4"/><counter type="COMPLEXITY" missed="0" covered="3"/><counter type="METHOD" missed="0" covered="1"/></method><method name="nextPositiveFractions" desc="(JI)Ljava/util/List;" line="681"><counter type="INSTRUCTION" missed="0" covered="38"/><counter type="BRANCH" missed="0" covered="6"/><counter type="LINE" missed="0" covered="6"/><counter type="COMPLEXITY" missed="0" covered="4"/><counter type="METHOD" missed="0" covered="1"/></method><method name="nextNegativeFractions" desc="(JI)Ljava/util/List;" line="706"><counter type="INSTRUCTION" missed="0" covered="38"/><counter type="BRANCH" missed="0" covered="6"/><counter type="LINE" missed="0" covered="6"/><counter type="COMPLEXITY" missed="0" covered="4"/><counter type="METHOD" missed="0" covered="1"/></method><method name="nextFractions" desc="(JI)Ljava/util/List;" line="731"><counter type="INSTRUCTION" missed="0" covered="38"/><counter type="BRANCH" missed="0" covered="6"/><counter type="LINE" missed="0" covered="6"/><counter type="COMPLEXITY" missed="0" covered="4"/><counter type="METHOD" missed="0" covered="1"/></method><method name="nextInvertiblePositiveFractions" desc="(JI)Ljava/util/List;" line="757"><counter type="INSTRUCTION" missed="0" covered="38"/><counter type="BRANCH" missed="0" covered="6"/><counter type="LINE" missed="0" covered="6"/><counter type="COMPLEXITY" missed="0" covered="4"/><counter type="METHOD" missed="0" covered="1"/></method><method name="nextInvertibleNegativeFractions" desc="(JI)Ljava/util/List;" line="783"><counter type="INSTRUCTION" missed="0" covered="38"/><counter type="BRANCH" missed="0" covered="6"/><counter type="LINE" missed="0" covered="6"/><counter type="COMPLEXITY" missed="0" covered="4"/><counter type="METHOD" missed="0" covered="1"/></method><method name="nextInvertibleFractions" desc="(JI)Ljava/util/List;" line="808"><counter type="INSTRUCTION" missed="0" covered="38"/><counter type="BRANCH" missed="0" covered="6"/><counter type="LINE" missed="0" covered="6"/><counter type="COMPLEXITY" missed="0" covered="4"/><counter type="METHOD" missed="0" covered="1"/></method><method name="nextSimpleComplexNumber" desc="(J)Lcom/github/ltennstedt/finnmath/core/number/SimpleComplexNumber;" line="830"><counter type="INSTRUCTION" missed="0" covered="20"/><counter type="BRANCH" missed="0" covered="2"/><counter type="LINE" missed="0" covered="2"/><counter type="COMPLEXITY" missed="0" covered="2"/><counter type="METHOD" missed="0" covered="1"/></method><method name="nextInvertibleSimpleComplexNumber" desc="(J)Lcom/github/ltennstedt/finnmath/core/number/SimpleComplexNumber;" line="846"><counter type="INSTRUCTION" missed="0" covered="35"/><counter type="BRANCH" missed="0" covered="4"/><counter type="LINE" missed="0" covered="6"/><counter type="COMPLEXITY" missed="0" covered="3"/><counter type="METHOD" missed="0" covered="1"/></method><method name="nextSimpleComplexNumbers" desc="(JI)Ljava/util/List;" line="872"><counter type="INSTRUCTION" missed="0" covered="38"/><counter type="BRANCH" missed="0" covered="6"/><counter type="LINE" missed="0" covered="6"/><counter type="COMPLEXITY" missed="0" covered="4"/><counter type="METHOD" missed="0" covered="1"/></method><method name="nextInvertibleSimpleComplexNumbers" desc="(JI)Ljava/util/List;" line="898"><counter type="INSTRUCTION" missed="0" covered="38"/><counter type="BRANCH" missed="0" covered="6"/><counter type="LINE" missed="0" covered="6"/><counter type="COMPLEXITY" missed="0" covered="4"/><counter type="METHOD" missed="0" covered="1"/></method><method name="nextRealComplexNumber" desc="(JI)Lcom/github/ltennstedt/finnmath/core/number/RealComplexNumber;" line="921"><counter type="INSTRUCTION" missed="0" covered="35"/><counter type="BRANCH" missed="0" covered="4"/><counter type="LINE" missed="0" covered="5"/><counter type="COMPLEXITY" missed="0" covered="3"/><counter type="METHOD" missed="0" covered="1"/></method><method name="nextInvertibleRealComplexNumber" desc="(JI)Lcom/github/ltennstedt/finnmath/core/number/RealComplexNumber;" line="942"><counter type="INSTRUCTION" missed="0" covered="54"/><counter type="BRANCH" missed="0" covered="8"/><counter type="LINE" missed="0" covered="7"/><counter type="COMPLEXITY" missed="0" covered="5"/><counter type="METHOD" missed="0" covered="1"/></method><method name="nextRealComplexNumbers" desc="(JII)Ljava/util/List;" line="973"><counter type="INSTRUCTION" missed="0" covered="48"/><counter type="BRANCH" missed="0" covered="8"/><counter type="LINE" missed="0" covered="7"/><counter type="COMPLEXITY" missed="0" covered="5"/><counter type="METHOD" missed="0" covered="1"/></method><method name="nextInvertibleRealComplexNumbers" desc="(JII)Ljava/util/List;" line="1005"><counter type="INSTRUCTION" missed="0" covered="48"/><counter type="BRANCH" missed="0" covered="8"/><counter type="LINE" missed="0" covered="7"/><counter type="COMPLEXITY" missed="0" covered="5"/><counter type="METHOD" missed="0" covered="1"/></method><method name="nextPolarForm" desc="(JI)Lcom/github/ltennstedt/finnmath/core/number/PolarForm;" line="1031"><counter type="INSTRUCTION" missed="0" covered="31"/><counter type="BRANCH" missed="0" covered="4"/><counter type="LINE" missed="0" covered="3"/><counter type="COMPLEXITY" missed="0" covered="3"/><counter type="METHOD" missed="0" covered="1"/></method><method name="nextPolarForms" desc="(JII)Ljava/util/List;" line="1056"><counter type="INSTRUCTION" missed="0" covered="48"/><counter type="BRANCH" missed="0" covered="8"/><counter type="LINE" missed="0" covered="7"/><counter type="COMPLEXITY" missed="0" covered="5"/><counter type="METHOD" missed="0" covered="1"/></method><method name="nextBigIntegerVector" desc="(JI)Lcom/github/ltennstedt/finnmath/core/linear/BigIntegerVector;" line="1082"><counter type="INSTRUCTION" missed="0" covered="37"/><counter type="BRANCH" missed="0" covered="6"/><counter type="LINE" missed="0" covered="6"/><counter type="COMPLEXITY" missed="0" covered="4"/><counter type="METHOD" missed="0" covered="1"/></method><method name="nextBigIntegerVectors" desc="(JII)Ljava/util/List;" line="1109"><counter type="INSTRUCTION" missed="0" covered="47"/><counter type="BRANCH" missed="0" covered="8"/><counter type="LINE" missed="0" covered="7"/><counter type="COMPLEXITY" missed="0" covered="5"/><counter type="METHOD" missed="0" covered="1"/></method><method name="nextBigIntegerMatrix" desc="(JII)Lcom/github/ltennstedt/finnmath/core/linear/BigIntegerMatrix;" line="1139"><counter type="INSTRUCTION" missed="0" covered="46"/><counter type="BRANCH" missed="0" covered="6"/><counter type="LINE" missed="0" covered="6"/><counter type="COMPLEXITY" missed="0" covered="4"/><counter type="METHOD" missed="0" covered="1"/></method><method name="nextUpperTriangularBigIntegerMatrix" desc="(JI)Lcom/github/ltennstedt/finnmath/core/linear/BigIntegerMatrix;" line="1166"><counter type="INSTRUCTION" missed="0" covered="38"/><counter type="BRANCH" missed="0" covered="4"/><counter type="LINE" missed="0" covered="5"/><counter type="COMPLEXITY" missed="0" covered="3"/><counter type="METHOD" missed="0" covered="1"/></method><method name="nextLowerTriangularBigIntegerMatrix" desc="(JI)Lcom/github/ltennstedt/finnmath/core/linear/BigIntegerMatrix;" line="1197"><counter type="INSTRUCTION" missed="0" covered="38"/><counter type="BRANCH" missed="0" covered="4"/><counter type="LINE" missed="0" covered="5"/><counter type="COMPLEXITY" missed="0" covered="3"/><counter type="METHOD" missed="0" covered="1"/></method><method name="nextTriangularBigIntegerMatrix" desc="(JI)Lcom/github/ltennstedt/finnmath/core/linear/BigIntegerMatrix;" line="1229"><counter type="INSTRUCTION" missed="0" covered="32"/><counter type="BRANCH" missed="0" covered="6"/><counter type="LINE" missed="0" covered="5"/><counter type="COMPLEXITY" missed="0" covered="4"/><counter type="METHOD" missed="0" covered="1"/></method><method name="nextDiagonalBigIntegerMatrix" desc="(JI)Lcom/github/ltennstedt/finnmath/core/linear/BigIntegerMatrix;" line="1253"><counter type="INSTRUCTION" missed="0" covered="38"/><counter type="BRANCH" missed="0" covered="4"/><counter type="LINE" missed="0" covered="5"/><counter type="COMPLEXITY" missed="0" covered="3"/><counter type="METHOD" missed="0" covered="1"/></method><method name="nextSymmetricBigIntegerMatrix" desc="(JI)Lcom/github/ltennstedt/finnmath/core/linear/BigIntegerMatrix;" line="1283"><counter type="INSTRUCTION" missed="0" covered="38"/><counter type="BRANCH" missed="0" covered="4"/><counter type="LINE" missed="0" covered="5"/><counter type="COMPLEXITY" missed="0" covered="3"/><counter type="METHOD" missed="0" covered="1"/></method><method name="nextSkewSymmetricBigIntegerMatrix" desc="(JI)Lcom/github/ltennstedt/finnmath/core/linear/BigIntegerMatrix;" line="1316"><counter type="INSTRUCTION" missed="0" covered="38"/><counter type="BRANCH" missed="0" covered="4"/><counter type="LINE" missed="0" covered="5"/><counter type="COMPLEXITY" missed="0" covered="3"/><counter type="METHOD" missed="0" covered="1"/></method><method name="nextBigIntegerMatrices" desc="(JIII)Ljava/util/List;" line="1358"><counter type="INSTRUCTION" missed="0" covered="56"/><counter type="BRANCH" missed="0" covered="10"/><counter type="LINE" missed="0" covered="8"/><counter type="COMPLEXITY" missed="0" covered="6"/><counter type="METHOD" missed="0" covered="1"/></method><method name="nextUpperTriangularBigIntegerMatrices" desc="(JII)Ljava/util/List;" line="1391"><counter type="INSTRUCTION" missed="0" covered="47"/><counter type="BRANCH" missed="0" covered="8"/><counter type="LINE" missed="0" covered="7"/><counter type="COMPLEXITY" missed="0" covered="5"/><counter type="METHOD" missed="0" covered="1"/></method><method name="nextLowerTriangularBigIntegerMatrices" desc="(JII)Ljava/util/List;" line="1423"><counter type="INSTRUCTION" missed="0" covered="47"/><counter type="BRANCH" missed="0" covered="8"/><counter type="LINE" missed="0" covered="7"/><counter type="COMPLEXITY" missed="0" covered="5"/><counter type="METHOD" missed="0" covered="1"/></method><method name="nextTriangularBigIntegerMatrices" desc="(JII)Ljava/util/List;" line="1455"><counter type="INSTRUCTION" missed="0" covered="47"/><counter type="BRANCH" missed="0" covered="8"/><counter type="LINE" missed="0" covered="7"/><counter type="COMPLEXITY" missed="0" covered="5"/><counter type="METHOD" missed="0" covered="1"/></method><method name="nextDiagonalBigIntegerMatrices" desc="(JII)Ljava/util/List;" line="1486"><counter type="INSTRUCTION" missed="0" covered="47"/><counter type="BRANCH" missed="0" covered="8"/><counter type="LINE" missed="0" covered="7"/><counter type="COMPLEXITY" missed="0" covered="5"/><counter type="METHOD" missed="0" covered="1"/></method><method name="nextSymmetricBigIntegerMatrices" desc="(JII)Ljava/util/List;" line="1517"><counter type="INSTRUCTION" missed="0" covered="47"/><counter type="BRANCH" missed="0" covered="8"/><counter type="LINE" missed="0" covered="7"/><counter type="COMPLEXITY" missed="0" covered="5"/><counter type="METHOD" missed="0" covered="1"/></method><method name="nextSkewSymmetricBigIntegerMatrices" desc="(JII)Ljava/util/List;" line="1549"><counter type="INSTRUCTION" missed="0" covered="47"/><counter type="BRANCH" missed="0" covered="8"/><counter type="LINE" missed="0" covered="7"/><counter type="COMPLEXITY" missed="0" covered="5"/><counter type="METHOD" missed="0" covered="1"/></method><method name="nextBigDecimalVector" desc="(JII)Lcom/github/ltennstedt/finnmath/core/linear/BigDecimalVector;" line="1579"><counter type="INSTRUCTION" missed="0" covered="47"/><counter type="BRANCH" missed="0" covered="8"/><counter type="LINE" missed="0" covered="7"/><counter type="COMPLEXITY" missed="0" covered="5"/><counter type="METHOD" missed="0" covered="1"/></method><method name="nextBigDecimalVectors" desc="(JIII)Ljava/util/List;" line="1616"><counter type="INSTRUCTION" missed="0" covered="57"/><counter type="BRANCH" missed="0" covered="10"/><counter type="LINE" missed="0" covered="8"/><counter type="COMPLEXITY" missed="0" covered="6"/><counter type="METHOD" missed="0" covered="1"/></method><method name="nextBigDecimalMatrix" desc="(JIII)Lcom/github/ltennstedt/finnmath/core/linear/BigDecimalMatrix;" line="1652"><counter type="INSTRUCTION" missed="0" covered="56"/><counter type="BRANCH" missed="0" covered="8"/><counter type="LINE" missed="0" covered="7"/><counter type="COMPLEXITY" missed="0" covered="5"/><counter type="METHOD" missed="0" covered="1"/></method><method name="nextUpperTriangularBigDecimalMatrix" desc="(JII)Lcom/github/ltennstedt/finnmath/core/linear/BigDecimalMatrix;" line="1684"><counter type="INSTRUCTION" missed="0" covered="39"/><counter type="BRANCH" missed="0" covered="4"/><counter type="LINE" missed="0" covered="5"/><counter type="COMPLEXITY" missed="0" covered="3"/><counter type="METHOD" missed="0" covered="1"/></method><method name="nextLowerTriangularBigDecimalMatrix" desc="(JII)Lcom/github/ltennstedt/finnmath/core/linear/BigDecimalMatrix;" line="1719"><counter type="INSTRUCTION" missed="0" covered="39"/><counter type="BRANCH" missed="0" covered="4"/><counter type="LINE" missed="0" covered="5"/><counter type="COMPLEXITY" missed="0" covered="3"/><counter type="METHOD" missed="0" covered="1"/></method><method name="nextTriangularBigDecimalMatrix" desc="(JII)Lcom/github/ltennstedt/finnmath/core/linear/BigDecimalMatrix;" line="1755"><counter type="INSTRUCTION" missed="0" covered="34"/><counter type="BRANCH" missed="0" covered="6"/><counter type="LINE" missed="0" covered="5"/><counter type="COMPLEXITY" missed="0" covered="4"/><counter type="METHOD" missed="0" covered="1"/></method><method name="nextDiagonalBigDecimalMatrix" desc="(JII)Lcom/github/ltennstedt/finnmath/core/linear/BigDecimalMatrix;" line="1783"><counter type="INSTRUCTION" missed="0" covered="39"/><counter type="BRANCH" missed="0" covered="4"/><counter type="LINE" missed="0" covered="5"/><counter type="COMPLEXITY" missed="0" covered="3"/><counter type="METHOD" missed="0" covered="1"/></method><method name="nextSymmetricBigDecimalMatrix" desc="(JII)Lcom/github/ltennstedt/finnmath/core/linear/BigDecimalMatrix;" line="1817"><counter type="INSTRUCTION" missed="0" covered="39"/><counter type="BRANCH" missed="0" covered="4"/><counter type="LINE" missed="0" covered="5"/><counter type="COMPLEXITY" missed="0" covered="3"/><counter type="METHOD" missed="0" covered="1"/></method><method name="nextSkewSymmetricBigDecimalMatrix" desc="(JII)Lcom/github/ltennstedt/finnmath/core/linear/BigDecimalMatrix;" line="1854"><counter type="INSTRUCTION" missed="0" covered="39"/><counter type="BRANCH" missed="0" covered="4"/><counter type="LINE" missed="0" covered="5"/><counter type="COMPLEXITY" missed="0" covered="3"/><counter type="METHOD" missed="0" covered="1"/></method><method name="nextBigDecimalMatrices" desc="(JIIII)Ljava/util/List;" line="1900"><counter type="INSTRUCTION" missed="0" covered="66"/><counter type="BRANCH" missed="0" covered="12"/><counter type="LINE" missed="0" covered="9"/><counter type="COMPLEXITY" missed="0" covered="7"/><counter type="METHOD" missed="0" covered="1"/></method><method name="nextUpperTriangularBigDecimalMatrices" desc="(JIII)Ljava/util/List;" line="1938"><counter type="INSTRUCTION" missed="0" covered="57"/><counter type="BRANCH" missed="0" covered="10"/><counter type="LINE" missed="0" covered="8"/><counter type="COMPLEXITY" missed="0" covered="6"/><counter type="METHOD" missed="0" covered="1"/></method><method name="nextLowerTriangularBigDecimalMatrices" desc="(JIII)Ljava/util/List;" line="1975"><counter type="INSTRUCTION" missed="0" covered="57"/><counter type="BRANCH" missed="0" covered="10"/><counter type="LINE" missed="0" covered="8"/><counter type="COMPLEXITY" missed="0" covered="6"/><counter type="METHOD" missed="0" covered="1"/></method><method name="nextTriangularBigDecimalMatrices" desc="(JIII)Ljava/util/List;" line="2012"><counter type="INSTRUCTION" missed="0" covered="57"/><counter type="BRANCH" missed="0" covered="10"/><counter type="LINE" missed="0" covered="8"/><counter type="COMPLEXITY" missed="0" covered="6"/><counter type="METHOD" missed="0" covered="1"/></method><method name="nextDiagonalBigDecimalMatrices" desc="(JIII)Ljava/util/List;" line="2049"><counter type="INSTRUCTION" missed="0" covered="57"/><counter type="BRANCH" missed="0" covered="10"/><counter type="LINE" missed="0" covered="8"/><counter type="COMPLEXITY" missed="0" covered="6"/><counter type="METHOD" missed="0" covered="1"/></method><method name="nextSymmetricBigDecimalMatrices" desc="(JIII)Ljava/util/List;" line="2086"><counter type="INSTRUCTION" missed="0" covered="57"/><counter type="BRANCH" missed="0" covered="10"/><counter type="LINE" missed="0" covered="8"/><counter type="COMPLEXITY" missed="0" covered="6"/><counter type="METHOD" missed="0" covered="1"/></method><method name="nextSkewSymmetricBigDecimalMatrices" desc="(JIII)Ljava/util/List;" line="2123"><counter type="INSTRUCTION" missed="0" covered="57"/><counter type="BRANCH" missed="0" covered="10"/><counter type="LINE" missed="0" covered="8"/><counter type="COMPLEXITY" missed="0" covered="6"/><counter type="METHOD" missed="0" covered="1"/></method><method name="nextSimpleComplexNumberVector" desc="(JI)Lcom/github/ltennstedt/finnmath/core/linear/SimpleComplexNumberVector;" line="2150"><counter type="INSTRUCTION" missed="0" covered="37"/><counter type="BRANCH" missed="0" covered="6"/><counter type="LINE" missed="0" covered="7"/><counter type="COMPLEXITY" missed="0" covered="4"/><counter type="METHOD" missed="0" covered="1"/></method><method name="nextSimpleComplexNumberVectors" desc="(JII)Ljava/util/List;" line="2180"><counter type="INSTRUCTION" missed="0" covered="47"/><counter type="BRANCH" missed="0" covered="8"/><counter type="LINE" missed="0" covered="7"/><counter type="COMPLEXITY" missed="0" covered="5"/><counter type="METHOD" missed="0" covered="1"/></method><method name="nextSimpleComplexNumberMatrix" desc="(JII)Lcom/github/ltennstedt/finnmath/core/linear/SimpleComplexNumberMatrix;" line="2211"><counter type="INSTRUCTION" missed="0" covered="46"/><counter type="BRANCH" missed="0" covered="6"/><counter type="LINE" missed="0" covered="6"/><counter type="COMPLEXITY" missed="0" covered="4"/><counter type="METHOD" missed="0" covered="1"/></method><method name="nextUpperTriangularSimpleComplexNumberMatrix" desc="(JI)Lcom/github/ltennstedt/finnmath/core/linear/SimpleComplexNumberMatrix;" line="2237"><counter type="INSTRUCTION" missed="0" covered="38"/><counter type="BRANCH" missed="0" covered="4"/><counter type="LINE" missed="0" covered="5"/><counter type="COMPLEXITY" missed="0" covered="3"/><counter type="METHOD" missed="0" covered="1"/></method><method name="nextLowerTriangularSimpleComplexNumberMatrix" desc="(JI)Lcom/github/ltennstedt/finnmath/core/linear/SimpleComplexNumberMatrix;" line="2267"><counter type="INSTRUCTION" missed="0" covered="38"/><counter type="BRANCH" missed="0" covered="4"/><counter type="LINE" missed="0" covered="5"/><counter type="COMPLEXITY" missed="0" covered="3"/><counter type="METHOD" missed="0" covered="1"/></method><method name="nextTriangularSimpleComplexNumberMatrix" desc="(JI)Lcom/github/ltennstedt/finnmath/core/linear/SimpleComplexNumberMatrix;" line="2299"><counter type="INSTRUCTION" missed="0" covered="32"/><counter type="BRANCH" missed="0" covered="6"/><counter type="LINE" missed="0" covered="5"/><counter type="COMPLEXITY" missed="0" covered="4"/><counter type="METHOD" missed="0" covered="1"/></method><method name="nextDiagonalSimpleComplexNumberMatrix" desc="(JI)Lcom/github/ltennstedt/finnmath/core/linear/SimpleComplexNumberMatrix;" line="2323"><counter type="INSTRUCTION" missed="0" covered="38"/><counter type="BRANCH" missed="0" covered="4"/><counter type="LINE" missed="0" covered="5"/><counter type="COMPLEXITY" missed="0" covered="3"/><counter type="METHOD" missed="0" covered="1"/></method><method name="nextSymmetricSimpleComplexNumberMatrix" desc="(JI)Lcom/github/ltennstedt/finnmath/core/linear/SimpleComplexNumberMatrix;" line="2353"><counter type="INSTRUCTION" missed="0" covered="38"/><counter type="BRANCH" missed="0" covered="4"/><counter type="LINE" missed="0" covered="5"/><counter type="COMPLEXITY" missed="0" covered="3"/><counter type="METHOD" missed="0" covered="1"/></method><method name="nextSkewSymmetricSimpleComplexNumberMatrix" desc="(JI)Lcom/github/ltennstedt/finnmath/core/linear/SimpleComplexNumberMatrix;" line="2386"><counter type="INSTRUCTION" missed="0" covered="38"/><counter type="BRANCH" missed="0" covered="4"/><counter type="LINE" missed="0" covered="5"/><counter type="COMPLEXITY" missed="0" covered="3"/><counter type="METHOD" missed="0" covered="1"/></method><method name="nextSimpleComplexNumberMatrices" desc="(JIII)Ljava/util/List;" line="2429"><counter type="INSTRUCTION" missed="0" covered="56"/><counter type="BRANCH" missed="0" covered="10"/><counter type="LINE" missed="0" covered="8"/><counter type="COMPLEXITY" missed="0" covered="6"/><counter type="METHOD" missed="0" covered="1"/></method><method name="nextUpperTriangularSimpleComplexNumberMatrices" desc="(JII)Ljava/util/List;" line="2463"><counter type="INSTRUCTION" missed="0" covered="47"/><counter type="BRANCH" missed="0" covered="8"/><counter type="LINE" missed="0" covered="7"/><counter type="COMPLEXITY" missed="0" covered="5"/><counter type="METHOD" missed="0" covered="1"/></method><method name="nextLowerTriangularSimpleComplexNumberMatrices" desc="(JII)Ljava/util/List;" line="2496"><counter type="INSTRUCTION" missed="0" covered="47"/><counter type="BRANCH" missed="0" covered="8"/><counter type="LINE" missed="0" covered="7"/><counter type="COMPLEXITY" missed="0" covered="5"/><counter type="METHOD" missed="0" covered="1"/></method><method name="nextTriangularSimpleComplexNumberMatrices" desc="(JII)Ljava/util/List;" line="2528"><counter type="INSTRUCTION" missed="0" covered="47"/><counter type="BRANCH" missed="0" covered="8"/><counter type="LINE" missed="0" covered="7"/><counter type="COMPLEXITY" missed="0" covered="5"/><counter type="METHOD" missed="0" covered="1"/></method><method name="nextDiagonalSimpleComplexNumberMatrices" desc="(JII)Ljava/util/List;" line="2560"><counter type="INSTRUCTION" missed="0" covered="47"/><counter type="BRANCH" missed="0" covered="8"/><counter type="LINE" missed="0" covered="7"/><counter type="COMPLEXITY" missed="0" covered="5"/><counter type="METHOD" missed="0" covered="1"/></method><method name="nextSymmetricSimpleComplexNumberMatrices" desc="(JII)Ljava/util/List;" line="2592"><counter type="INSTRUCTION" missed="0" covered="47"/><counter type="BRANCH" missed="0" covered="8"/><counter type="LINE" missed="0" covered="7"/><counter type="COMPLEXITY" missed="0" covered="5"/><counter type="METHOD" missed="0" covered="1"/></method><method name="nextSkewSymmetricSimpleComplexNumberMatrices" desc="(JII)Ljava/util/List;" line="2625"><counter type="INSTRUCTION" missed="0" covered="47"/><counter type="BRANCH" missed="0" covered="8"/><counter type="LINE" missed="0" covered="7"/><counter type="COMPLEXITY" missed="0" covered="5"/><counter type="METHOD" missed="0" covered="1"/></method><method name="nextRealComplexNumberVector" desc="(JII)Lcom/github/ltennstedt/finnmath/core/linear/RealComplexNumberVector;" line="2655"><counter type="INSTRUCTION" missed="0" covered="47"/><counter type="BRANCH" missed="0" covered="8"/><counter type="LINE" missed="0" covered="7"/><counter type="COMPLEXITY" missed="0" covered="5"/><counter type="METHOD" missed="0" covered="1"/></method><method name="nextRealComplexNumberVectors" desc="(JIII)Ljava/util/List;" line="2689"><counter type="INSTRUCTION" missed="0" covered="57"/><counter type="BRANCH" missed="0" covered="10"/><counter type="LINE" missed="0" covered="8"/><counter type="COMPLEXITY" missed="0" covered="6"/><counter type="METHOD" missed="0" covered="1"/></method><method name="nextRealComplexNumberMatrix" desc="(JIII)Lcom/github/ltennstedt/finnmath/core/linear/RealComplexNumberMatrix;" line="2725"><counter type="INSTRUCTION" missed="0" covered="56"/><counter type="BRANCH" missed="0" covered="8"/><counter type="LINE" missed="0" covered="7"/><counter type="COMPLEXITY" missed="0" covered="5"/><counter type="METHOD" missed="0" covered="1"/></method><method name="nextUpperTriangularRealComplexNumberMatrix" desc="(JII)Lcom/github/ltennstedt/finnmath/core/linear/RealComplexNumberMatrix;" line="2758"><counter type="INSTRUCTION" missed="0" covered="48"/><counter type="BRANCH" missed="0" covered="6"/><counter type="LINE" missed="0" covered="6"/><counter type="COMPLEXITY" missed="0" covered="4"/><counter type="METHOD" missed="0" covered="1"/></method><method name="nextLowerTriangularRealComplexNumberMatrix" desc="(JII)Lcom/github/ltennstedt/finnmath/core/linear/RealComplexNumberMatrix;" line="2795"><counter type="INSTRUCTION" missed="0" covered="48"/><counter type="BRANCH" missed="0" covered="6"/><counter type="LINE" missed="0" covered="6"/><counter type="COMPLEXITY" missed="0" covered="4"/><counter type="METHOD" missed="0" covered="1"/></method><method name="nextTriangularRealComplexNumberMatrix" desc="(JII)Lcom/github/ltennstedt/finnmath/core/linear/RealComplexNumberMatrix;" line="2833"><counter type="INSTRUCTION" missed="0" covered="43"/><counter type="BRANCH" missed="0" covered="8"/><counter type="LINE" missed="0" covered="6"/><counter type="COMPLEXITY" missed="0" covered="5"/><counter type="METHOD" missed="0" covered="1"/></method><method name="nextDiagonalRealComplexNumberMatrix" desc="(JII)Lcom/github/ltennstedt/finnmath/core/linear/RealComplexNumberMatrix;" line="2863"><counter type="INSTRUCTION" missed="0" covered="48"/><counter type="BRANCH" missed="0" covered="6"/><counter type="LINE" missed="0" covered="6"/><counter type="COMPLEXITY" missed="0" covered="4"/><counter type="METHOD" missed="0" covered="1"/></method><method name="nextSymmetricRealComplexNumberMatrix" desc="(JII)Lcom/github/ltennstedt/finnmath/core/linear/RealComplexNumberMatrix;" line="2899"><counter type="INSTRUCTION" missed="0" covered="48"/><counter type="BRANCH" missed="0" covered="6"/><counter type="LINE" missed="0" covered="6"/><counter type="COMPLEXITY" missed="0" covered="4"/><counter type="METHOD" missed="0" covered="1"/></method><method name="nextSkewSymmetricRealComplexNumberMatrix" desc="(JII)Lcom/github/ltennstedt/finnmath/core/linear/RealComplexNumberMatrix;" line="2938"><counter type="INSTRUCTION" missed="0" covered="48"/><counter type="BRANCH" missed="0" covered="6"/><counter type="LINE" missed="0" covered="6"/><counter type="COMPLEXITY" missed="0" covered="4"/><counter type="METHOD" missed="0" covered="1"/></method><method name="nextRealComplexNumberMatrices" desc="(JIIII)Ljava/util/List;" line="2986"><counter type="INSTRUCTION" missed="0" covered="66"/><counter type="BRANCH" missed="0" covered="12"/><counter type="LINE" missed="0" covered="9"/><counter type="COMPLEXITY" missed="0" covered="7"/><counter type="METHOD" missed="0" covered="1"/></method><method name="nextUpperTriangularRealComplexNumberMatrices" desc="(JIII)Ljava/util/List;" line="3025"><counter type="INSTRUCTION" missed="0" covered="57"/><counter type="BRANCH" missed="0" covered="10"/><counter type="LINE" missed="0" covered="8"/><counter type="COMPLEXITY" missed="0" covered="6"/><counter type="METHOD" missed="0" covered="1"/></method><method name="nextLowerTriangularRealComplexNumberMatrices" desc="(JIII)Ljava/util/List;" line="3063"><counter type="INSTRUCTION" missed="0" covered="57"/><counter type="BRANCH" missed="0" covered="10"/><counter type="LINE" missed="0" covered="8"/><counter type="COMPLEXITY" missed="0" covered="6"/><counter type="METHOD" missed="0" covered="1"/></method><method name="nextTriangularRealComplexNumberMatrices" desc="(JIII)Ljava/util/List;" line="3100"><counter type="INSTRUCTION" missed="0" covered="57"/><counter type="BRANCH" missed="0" covered="10"/><counter type="LINE" missed="0" covered="8"/><counter type="COMPLEXITY" missed="0" covered="6"/><counter type="METHOD" missed="0" covered="1"/></method><method name="nextDiagonalRealComplexNumberMatrices" desc="(JIII)Ljava/util/List;" line="3137"><counter type="INSTRUCTION" missed="0" covered="57"/><counter type="BRANCH" missed="0" covered="10"/><counter type="LINE" missed="0" covered="8"/><counter type="COMPLEXITY" missed="0" covered="6"/><counter type="METHOD" missed="0" covered="1"/></method><method name="nextSymmetricRealComplexNumberMatrices" desc="(JIII)Ljava/util/List;" line="3174"><counter type="INSTRUCTION" missed="0" covered="57"/><counter type="BRANCH" missed="0" covered="10"/><counter type="LINE" missed="0" covered="8"/><counter type="COMPLEXITY" missed="0" covered="6"/><counter type="METHOD" missed="0" covered="1"/></method><method name="nextSkewSymmetricRealComplexNumberMatrices" desc="(JIII)Ljava/util/List;" line="3211"><counter type="INSTRUCTION" missed="0" covered="57"/><counter type="BRANCH" missed="0" covered="10"/><counter type="LINE" missed="0" covered="8"/><counter type="COMPLEXITY" missed="0" covered="6"/><counter type="METHOD" missed="0" covered="1"/></method><method name="toString" desc="()Ljava/lang/String;" line="3224"><counter type="INSTRUCTION" missed="0" covered="8"/><counter type="LINE" missed="0" covered="1"/><counter type="COMPLEXITY" missed="0" covered="1"/><counter type="METHOD" missed="0" covered="1"/></method><method name="getRandom" desc="()Ljava/util/Random;" line="3229"><counter type="INSTRUCTION" missed="0" covered="3"/><counter type="LINE" missed="0" covered="1"/><counter type="COMPLEXITY" missed="0" covered="1"/><counter type="METHOD" missed="0" covered="1"/></method><method name="lambda$nextSkewSymmetricRealComplexNumberMatrix$47" desc="(IJILcom/github/ltennstedt/finnmath/core/linear/RealComplexNumberMatrix$RealComplexNumberMatrixBuilder;Ljava/lang/Integer;)V" line="2943"><counter type="INSTRUCTION" missed="0" covered="15"/><counter type="LINE" missed="0" covered="1"/><counter type="COMPLEXITY" missed="0" covered="1"/><counter type="METHOD" missed="0" covered="1"/></method><method name="lambda$nextSkewSymmetricRealComplexNumberMatrix$46" desc="(Ljava/lang/Integer;JILcom/github/ltennstedt/finnmath/core/linear/RealComplexNumberMatrix$RealComplexNumberMatrixBuilder;Ljava/lang/Integer;)V" line="2944"><counter type="INSTRUCTION" missed="0" covered="34"/><counter type="BRANCH" missed="0" covered="4"/><counter type="LINE" missed="0" covered="7"/><counter type="COMPLEXITY" missed="0" covered="3"/><counter type="METHOD" missed="0" covered="1"/></method><method name="lambda$nextSymmetricRealComplexNumberMatrix$45" desc="(IJILcom/github/ltennstedt/finnmath/core/linear/RealComplexNumberMatrix$RealComplexNumberMatrixBuilder;Ljava/lang/Integer;)V" line="2904"><counter type="INSTRUCTION" missed="0" covered="15"/><counter type="LINE" missed="0" covered="1"/><counter type="COMPLEXITY" missed="0" covered="1"/><counter type="METHOD" missed="0" covered="1"/></method><method name="lambda$nextSymmetricRealComplexNumberMatrix$44" desc="(JILjava/lang/Integer;Lcom/github/ltennstedt/finnmath/core/linear/RealComplexNumberMatrix$RealComplexNumberMatrixBuilder;Ljava/lang/Integer;)V" line="2905"><counter type="INSTRUCTION" missed="0" covered="33"/><counter type="BRANCH" missed="0" covered="4"/><counter type="LINE" missed="0" covered="7"/><counter type="COMPLEXITY" missed="0" covered="3"/><counter type="METHOD" missed="0" covered="1"/></method><method name="lambda$nextDiagonalRealComplexNumberMatrix$43" desc="(ILcom/github/ltennstedt/finnmath/core/linear/RealComplexNumberMatrix$RealComplexNumberMatrixBuilder;JILjava/lang/Integer;)V" line="2868"><counter type="INSTRUCTION" missed="0" covered="15"/><counter type="LINE" missed="0" covered="1"/><counter type="COMPLEXITY" missed="0" covered="1"/><counter type="METHOD" missed="0" covered="1"/></method><method name="lambda$nextDiagonalRealComplexNumberMatrix$42" desc="(Ljava/lang/Integer;Lcom/github/ltennstedt/finnmath/core/linear/RealComplexNumberMatrix$RealComplexNumberMatrixBuilder;JILjava/lang/Integer;)V" line="2869"><counter type="INSTRUCTION" missed="0" covered="21"/><counter type="BRANCH" missed="0" covered="2"/><counter type="LINE" missed="0" covered="4"/><counter type="COMPLEXITY" missed="0" covered="2"/><counter type="METHOD" missed="0" covered="1"/></method><method name="lambda$nextLowerTriangularRealComplexNumberMatrix$41" desc="(ILcom/github/ltennstedt/finnmath/core/linear/RealComplexNumberMatrix$RealComplexNumberMatrixBuilder;JILjava/lang/Integer;)V" line="2800"><counter type="INSTRUCTION" missed="0" covered="15"/><counter type="LINE" missed="0" covered="1"/><counter type="COMPLEXITY" missed="0" covered="1"/><counter type="METHOD" missed="0" covered="1"/></method><method name="lambda$nextLowerTriangularRealComplexNumberMatrix$40" desc="(Ljava/lang/Integer;Lcom/github/ltennstedt/finnmath/core/linear/RealComplexNumberMatrix$RealComplexNumberMatrixBuilder;JILjava/lang/Integer;)V" line="2801"><counter type="INSTRUCTION" missed="0" covered="22"/><counter type="BRANCH" missed="0" covered="2"/><counter type="LINE" missed="0" covered="4"/><counter type="COMPLEXITY" missed="0" covered="2"/><counter type="METHOD" missed="0" covered="1"/></method><method name="lambda$nextUpperTriangularRealComplexNumberMatrix$39" desc="(ILcom/github/ltennstedt/finnmath/core/linear/RealComplexNumberMatrix$RealComplexNumberMatrixBuilder;JILjava/lang/Integer;)V" line="2763"><counter type="INSTRUCTION" missed="0" covered="15"/><counter type="LINE" missed="0" covered="1"/><counter type="COMPLEXITY" missed="0" covered="1"/><counter type="METHOD" missed="0" covered="1"/></method><method name="lambda$nextUpperTriangularRealComplexNumberMatrix$38" desc="(Ljava/lang/Integer;Lcom/github/ltennstedt/finnmath/core/linear/RealComplexNumberMatrix$RealComplexNumberMatrixBuilder;JILjava/lang/Integer;)V" line="2764"><counter type="INSTRUCTION" missed="0" covered="22"/><counter type="BRANCH" missed="0" covered="2"/><counter type="LINE" missed="0" covered="4"/><counter type="COMPLEXITY" missed="0" covered="2"/><counter type="METHOD" missed="0" covered="1"/></method><method name="lambda$nextRealComplexNumberMatrix$37" desc="(ILcom/github/ltennstedt/finnmath/core/linear/RealComplexNumberMatrix$RealComplexNumberMatrixBuilder;JILjava/lang/Integer;)V" line="2731"><counter type="INSTRUCTION" missed="0" covered="15"/><counter type="LINE" missed="0" covered="1"/><counter type="COMPLEXITY" missed="0" covered="1"/><counter type="METHOD" missed="0" covered="1"/></method><method name="lambda$nextRealComplexNumberMatrix$36" desc="(Lcom/github/ltennstedt/finnmath/core/linear/RealComplexNumberMatrix$RealComplexNumberMatrixBuilder;Ljava/lang/Integer;JILjava/lang/Integer;)V" line="2732"><counter type="INSTRUCTION" missed="0" covered="10"/><counter type="LINE" missed="0" covered="1"/><counter type="COMPLEXITY" missed="0" covered="1"/><counter type="METHOD" missed="0" covered="1"/></method><method name="lambda$nextSkewSymmetricSimpleComplexNumberMatrix$35" desc="(IJLcom/github/ltennstedt/finnmath/core/linear/SimpleComplexNumberMatrix$SimpleComplexNumberMatrixBuilder;Ljava/lang/Integer;)V" line="2390"><counter type="INSTRUCTION" missed="0" covered="14"/><counter type="LINE" missed="0" covered="1"/><counter type="COMPLEXITY" missed="0" covered="1"/><counter type="METHOD" missed="0" covered="1"/></method><method name="lambda$nextSkewSymmetricSimpleComplexNumberMatrix$34" desc="(Ljava/lang/Integer;JLcom/github/ltennstedt/finnmath/core/linear/SimpleComplexNumberMatrix$SimpleComplexNumberMatrixBuilder;Ljava/lang/Integer;)V" line="2391"><counter type="INSTRUCTION" missed="0" covered="33"/><counter type="BRANCH" missed="0" covered="4"/><counter type="LINE" missed="0" covered="7"/><counter type="COMPLEXITY" missed="0" covered="3"/><counter type="METHOD" missed="0" covered="1"/></method><method name="lambda$nextSymmetricSimpleComplexNumberMatrix$33" desc="(IJLcom/github/ltennstedt/finnmath/core/linear/SimpleComplexNumberMatrix$SimpleComplexNumberMatrixBuilder;Ljava/lang/Integer;)V" line="2357"><counter type="INSTRUCTION" missed="0" covered="14"/><counter type="LINE" missed="0" covered="1"/><counter type="COMPLEXITY" missed="0" covered="1"/><counter type="METHOD" missed="0" covered="1"/></method><method name="lambda$nextSymmetricSimpleComplexNumberMatrix$32" desc="(JLjava/lang/Integer;Lcom/github/ltennstedt/finnmath/core/linear/SimpleComplexNumberMatrix$SimpleComplexNumberMatrixBuilder;Ljava/lang/Integer;)V" line="2358"><counter type="INSTRUCTION" missed="0" covered="32"/><counter type="BRANCH" missed="0" covered="4"/><counter type="LINE" missed="0" covered="7"/><counter type="COMPLEXITY" missed="0" covered="3"/><counter type="METHOD" missed="0" covered="1"/></method><method name="lambda$nextDiagonalSimpleComplexNumberMatrix$31" desc="(ILcom/github/ltennstedt/finnmath/core/linear/SimpleComplexNumberMatrix$SimpleComplexNumberMatrixBuilder;JLjava/lang/Integer;)V" line="2327"><counter type="INSTRUCTION" missed="0" covered="14"/><counter type="LINE" missed="0" covered="1"/><counter type="COMPLEXITY" missed="0" covered="1"/><counter type="METHOD" missed="0" covered="1"/></method><method name="lambda$nextDiagonalSimpleComplexNumberMatrix$30" desc="(Ljava/lang/Integer;Lcom/github/ltennstedt/finnmath/core/linear/SimpleComplexNumberMatrix$SimpleComplexNumberMatrixBuilder;JLjava/lang/Integer;)V" line="2328"><counter type="INSTRUCTION" missed="0" covered="20"/><counter type="BRANCH" missed="0" covered="2"/><counter type="LINE" missed="0" covered="4"/><counter type="COMPLEXITY" missed="0" covered="2"/><counter type="METHOD" missed="0" covered="1"/></method><method name="lambda$nextLowerTriangularSimpleComplexNumberMatrix$29" desc="(ILcom/github/ltennstedt/finnmath/core/linear/SimpleComplexNumberMatrix$SimpleComplexNumberMatrixBuilder;JLjava/lang/Integer;)V" line="2271"><counter type="INSTRUCTION" missed="0" covered="14"/><counter type="LINE" missed="0" covered="1"/><counter type="COMPLEXITY" missed="0" covered="1"/><counter type="METHOD" missed="0" covered="1"/></method><method name="lambda$nextLowerTriangularSimpleComplexNumberMatrix$28" desc="(Ljava/lang/Integer;Lcom/github/ltennstedt/finnmath/core/linear/SimpleComplexNumberMatrix$SimpleComplexNumberMatrixBuilder;JLjava/lang/Integer;)V" line="2272"><counter type="INSTRUCTION" missed="0" covered="21"/><counter type="BRANCH" missed="0" covered="2"/><counter type="LINE" missed="0" covered="4"/><counter type="COMPLEXITY" missed="0" covered="2"/><counter type="METHOD" missed="0" covered="1"/></method><method name="lambda$nextUpperTriangularSimpleComplexNumberMatrix$27" desc="(ILcom/github/ltennstedt/finnmath/core/linear/SimpleComplexNumberMatrix$SimpleComplexNumberMatrixBuilder;JLjava/lang/Integer;)V" line="2241"><counter type="INSTRUCTION" missed="0" covered="14"/><counter type="LINE" missed="0" covered="1"/><counter type="COMPLEXITY" missed="0" covered="1"/><counter type="METHOD" missed="0" covered="1"/></method><method name="lambda$nextUpperTriangularSimpleComplexNumberMatrix$26" desc="(Ljava/lang/Integer;Lcom/github/ltennstedt/finnmath/core/linear/SimpleComplexNumberMatrix$SimpleComplexNumberMatrixBuilder;JLjava/lang/Integer;)V" line="2242"><counter type="INSTRUCTION" missed="0" covered="21"/><counter type="BRANCH" missed="0" covered="2"/><counter type="LINE" missed="0" covered="4"/><counter type="COMPLEXITY" missed="0" covered="2"/><counter type="METHOD" missed="0" covered="1"/></method><method name="lambda$nextSimpleComplexNumberMatrix$25" desc="(ILcom/github/ltennstedt/finnmath/core/linear/SimpleComplexNumberMatrix$SimpleComplexNumberMatrixBuilder;JLjava/lang/Integer;)V" line="2216"><counter type="INSTRUCTION" missed="0" covered="14"/><counter type="LINE" missed="0" covered="2"/><counter type="COMPLEXITY" missed="0" covered="1"/><counter type="METHOD" missed="0" covered="1"/></method><method name="lambda$nextSimpleComplexNumberMatrix$24" desc="(Lcom/github/ltennstedt/finnmath/core/linear/SimpleComplexNumberMatrix$SimpleComplexNumberMatrixBuilder;Ljava/lang/Integer;JLjava/lang/Integer;)V" line="2217"><counter type="INSTRUCTION" missed="0" covered="9"/><counter type="LINE" missed="0" covered="1"/><counter type="COMPLEXITY" missed="0" covered="1"/><counter type="METHOD" missed="0" covered="1"/></method><method name="lambda$nextSkewSymmetricBigDecimalMatrix$23" desc="(IJILcom/github/ltennstedt/finnmath/core/linear/BigDecimalMatrix$BigDecimalMatrixBuilder;Ljava/lang/Integer;)V" line="1858"><counter type="INSTRUCTION" missed="0" covered="15"/><counter type="LINE" missed="0" covered="1"/><counter type="COMPLEXITY" missed="0" covered="1"/><counter type="METHOD" missed="0" covered="1"/></method><method name="lambda$nextSkewSymmetricBigDecimalMatrix$22" desc="(Ljava/lang/Integer;JILcom/github/ltennstedt/finnmath/core/linear/BigDecimalMatrix$BigDecimalMatrixBuilder;Ljava/lang/Integer;)V" line="1859"><counter type="INSTRUCTION" missed="0" covered="34"/><counter type="BRANCH" missed="0" covered="4"/><counter type="LINE" missed="0" covered="7"/><counter type="COMPLEXITY" missed="0" covered="3"/><counter type="METHOD" missed="0" covered="1"/></method><method name="lambda$nextSymmetricBigDecimalMatrix$21" desc="(IJILcom/github/ltennstedt/finnmath/core/linear/BigDecimalMatrix$BigDecimalMatrixBuilder;Ljava/lang/Integer;)V" line="1821"><counter type="INSTRUCTION" missed="0" covered="15"/><counter type="LINE" missed="0" covered="1"/><counter type="COMPLEXITY" missed="0" covered="1"/><counter type="METHOD" missed="0" covered="1"/></method><method name="lambda$nextSymmetricBigDecimalMatrix$20" desc="(JILjava/lang/Integer;Lcom/github/ltennstedt/finnmath/core/linear/BigDecimalMatrix$BigDecimalMatrixBuilder;Ljava/lang/Integer;)V" line="1822"><counter type="INSTRUCTION" missed="0" covered="33"/><counter type="BRANCH" missed="0" covered="4"/><counter type="LINE" missed="0" covered="7"/><counter type="COMPLEXITY" missed="0" covered="3"/><counter type="METHOD" missed="0" covered="1"/></method><method name="lambda$nextDiagonalBigDecimalMatrix$19" desc="(ILcom/github/ltennstedt/finnmath/core/linear/BigDecimalMatrix$BigDecimalMatrixBuilder;JILjava/lang/Integer;)V" line="1787"><counter type="INSTRUCTION" missed="0" covered="15"/><counter type="LINE" missed="0" covered="1"/><counter type="COMPLEXITY" missed="0" covered="1"/><counter type="METHOD" missed="0" covered="1"/></method><method name="lambda$nextDiagonalBigDecimalMatrix$18" desc="(Ljava/lang/Integer;Lcom/github/ltennstedt/finnmath/core/linear/BigDecimalMatrix$BigDecimalMatrixBuilder;JILjava/lang/Integer;)V" line="1788"><counter type="INSTRUCTION" missed="0" covered="21"/><counter type="BRANCH" missed="0" covered="2"/><counter type="LINE" missed="0" covered="4"/><counter type="COMPLEXITY" missed="0" covered="2"/><counter type="METHOD" missed="0" covered="1"/></method><method name="lambda$nextLowerTriangularBigDecimalMatrix$17" desc="(ILcom/github/ltennstedt/finnmath/core/linear/BigDecimalMatrix$BigDecimalMatrixBuilder;JILjava/lang/Integer;)V" line="1723"><counter type="INSTRUCTION" missed="0" covered="15"/><counter type="LINE" missed="0" covered="1"/><counter type="COMPLEXITY" missed="0" covered="1"/><counter type="METHOD" missed="0" covered="1"/></method><method name="lambda$nextLowerTriangularBigDecimalMatrix$16" desc="(Ljava/lang/Integer;Lcom/github/ltennstedt/finnmath/core/linear/BigDecimalMatrix$BigDecimalMatrixBuilder;JILjava/lang/Integer;)V" line="1724"><counter type="INSTRUCTION" missed="0" covered="22"/><counter type="BRANCH" missed="0" covered="2"/><counter type="LINE" missed="0" covered="4"/><counter type="COMPLEXITY" missed="0" covered="2"/><counter type="METHOD" missed="0" covered="1"/></method><method name="lambda$nextUpperTriangularBigDecimalMatrix$15" desc="(ILcom/github/ltennstedt/finnmath/core/linear/BigDecimalMatrix$BigDecimalMatrixBuilder;JILjava/lang/Integer;)V" line="1688"><counter type="INSTRUCTION" missed="0" covered="15"/><counter type="LINE" missed="0" covered="1"/><counter type="COMPLEXITY" missed="0" covered="1"/><counter type="METHOD" missed="0" covered="1"/></method><method name="lambda$nextUpperTriangularBigDecimalMatrix$14" desc="(Ljava/lang/Integer;Lcom/github/ltennstedt/finnmath/core/linear/BigDecimalMatrix$BigDecimalMatrixBuilder;JILjava/lang/Integer;)V" line="1689"><counter type="INSTRUCTION" missed="0" covered="22"/><counter type="BRANCH" missed="0" covered="2"/><counter type="LINE" missed="0" covered="4"/><counter type="COMPLEXITY" missed="0" covered="2"/><counter type="METHOD" missed="0" covered="1"/></method><method name="lambda$nextBigDecimalMatrix$13" desc="(ILcom/github/ltennstedt/finnmath/core/linear/BigDecimalMatrix$BigDecimalMatrixBuilder;JILjava/lang/Integer;)V" line="1658"><counter type="INSTRUCTION" missed="0" covered="15"/><counter type="LINE" missed="0" covered="2"/><counter type="COMPLEXITY" missed="0" covered="1"/><counter type="METHOD" missed="0" covered="1"/></method><method name="lambda$nextBigDecimalMatrix$12" desc="(Lcom/github/ltennstedt/finnmath/core/linear/BigDecimalMatrix$BigDecimalMatrixBuilder;Ljava/lang/Integer;JILjava/lang/Integer;)V" line="1659"><counter type="INSTRUCTION" missed="0" covered="10"/><counter type="LINE" missed="0" covered="1"/><counter type="COMPLEXITY" missed="0" covered="1"/><counter type="METHOD" missed="0" covered="1"/></method><method name="lambda$nextSkewSymmetricBigIntegerMatrix$11" desc="(IJLcom/github/ltennstedt/finnmath/core/linear/BigIntegerMatrix$BigIntegerMatrixBuilder;Ljava/lang/Integer;)V" line="1320"><counter type="INSTRUCTION" missed="0" covered="14"/><counter type="LINE" missed="0" covered="1"/><counter type="COMPLEXITY" missed="0" covered="1"/><counter type="METHOD" missed="0" covered="1"/></method><method name="lambda$nextSkewSymmetricBigIntegerMatrix$10" desc="(Ljava/lang/Integer;JLcom/github/ltennstedt/finnmath/core/linear/BigIntegerMatrix$BigIntegerMatrixBuilder;Ljava/lang/Integer;)V" line="1321"><counter type="INSTRUCTION" missed="0" covered="33"/><counter type="BRANCH" missed="0" covered="4"/><counter type="LINE" missed="0" covered="7"/><counter type="COMPLEXITY" missed="0" covered="3"/><counter type="METHOD" missed="0" covered="1"/></method><method name="lambda$nextSymmetricBigIntegerMatrix$9" desc="(IJLcom/github/ltennstedt/finnmath/core/linear/BigIntegerMatrix$BigIntegerMatrixBuilder;Ljava/lang/Integer;)V" line="1287"><counter type="INSTRUCTION" missed="0" covered="14"/><counter type="LINE" missed="0" covered="1"/><counter type="COMPLEXITY" missed="0" covered="1"/><counter type="METHOD" missed="0" covered="1"/></method><method name="lambda$nextSymmetricBigIntegerMatrix$8" desc="(JLjava/lang/Integer;Lcom/github/ltennstedt/finnmath/core/linear/BigIntegerMatrix$BigIntegerMatrixBuilder;Ljava/lang/Integer;)V" line="1288"><counter type="INSTRUCTION" missed="0" covered="32"/><counter type="BRANCH" missed="0" covered="4"/><counter type="LINE" missed="0" covered="7"/><counter type="COMPLEXITY" missed="0" covered="3"/><counter type="METHOD" missed="0" covered="1"/></method><method name="lambda$nextDiagonalBigIntegerMatrix$7" desc="(ILcom/github/ltennstedt/finnmath/core/linear/BigIntegerMatrix$BigIntegerMatrixBuilder;JLjava/lang/Integer;)V" line="1257"><counter type="INSTRUCTION" missed="0" covered="14"/><counter type="LINE" missed="0" covered="1"/><counter type="COMPLEXITY" missed="0" covered="1"/><counter type="METHOD" missed="0" covered="1"/></method><method name="lambda$nextDiagonalBigIntegerMatrix$6" desc="(Ljava/lang/Integer;Lcom/github/ltennstedt/finnmath/core/linear/BigIntegerMatrix$BigIntegerMatrixBuilder;JLjava/lang/Integer;)V" line="1258"><counter type="INSTRUCTION" missed="0" covered="20"/><counter type="BRANCH" missed="0" covered="2"/><counter type="LINE" missed="0" covered="4"/><counter type="COMPLEXITY" missed="0" covered="2"/><counter type="METHOD" missed="0" covered="1"/></method><method name="lambda$nextLowerTriangularBigIntegerMatrix$5" desc="(ILcom/github/ltennstedt/finnmath/core/linear/BigIntegerMatrix$BigIntegerMatrixBuilder;JLjava/lang/Integer;)V" line="1201"><counter type="INSTRUCTION" missed="0" covered="14"/><counter type="LINE" missed="0" covered="1"/><counter type="COMPLEXITY" missed="0" covered="1"/><counter type="METHOD" missed="0" covered="1"/></method><method name="lambda$nextLowerTriangularBigIntegerMatrix$4" desc="(Ljava/lang/Integer;Lcom/github/ltennstedt/finnmath/core/linear/BigIntegerMatrix$BigIntegerMatrixBuilder;JLjava/lang/Integer;)V" line="1202"><counter type="INSTRUCTION" missed="0" covered="21"/><counter type="BRANCH" missed="0" covered="2"/><counter type="LINE" missed="0" covered="4"/><counter type="COMPLEXITY" missed="0" covered="2"/><counter type="METHOD" missed="0" covered="1"/></method><method name="lambda$nextUpperTriangularBigIntegerMatrix$3" desc="(ILcom/github/ltennstedt/finnmath/core/linear/BigIntegerMatrix$BigIntegerMatrixBuilder;JLjava/lang/Integer;)V" line="1170"><counter type="INSTRUCTION" missed="0" covered="14"/><counter type="LINE" missed="0" covered="1"/><counter type="COMPLEXITY" missed="0" covered="1"/><counter type="METHOD" missed="0" covered="1"/></method><method name="lambda$nextUpperTriangularBigIntegerMatrix$2" desc="(Ljava/lang/Integer;Lcom/github/ltennstedt/finnmath/core/linear/BigIntegerMatrix$BigIntegerMatrixBuilder;JLjava/lang/Integer;)V" line="1171"><counter type="INSTRUCTION" missed="0" covered="21"/><counter type="BRANCH" missed="0" covered="2"/><counter type="LINE" missed="0" covered="4"/><counter type="COMPLEXITY" missed="0" covered="2"/><counter type="METHOD" missed="0" covered="1"/></method><method name="lambda$nextBigIntegerMatrix$1" desc="(ILcom/github/ltennstedt/finnmath/core/linear/BigIntegerMatrix$BigIntegerMatrixBuilder;JLjava/lang/Integer;)V" line="1144"><counter type="INSTRUCTION" missed="0" covered="14"/><counter type="LINE" missed="0" covered="2"/><counter type="COMPLEXITY" missed="0" covered="1"/><counter type="METHOD" missed="0" covered="1"/></method><method name="lambda$nextBigIntegerMatrix$0" desc="(Lcom/github/ltennstedt/finnmath/core/linear/BigIntegerMatrix$BigIntegerMatrixBuilder;Ljava/lang/Integer;JLjava/lang/Integer;)V" line="1145"><counter type="INSTRUCTION" missed="0" covered="9"/><counter type="LINE" missed="0" covered="1"/><counter type="COMPLEXITY" missed="0" covered="1"/><counter type="METHOD" missed="0" covered="1"/></method><counter type="INSTRUCTION" missed="11" covered="5381"/><counter type="BRANCH" missed="6" covered="740"/><counter type="LINE" missed="3" covered="780"/><counter type="COMPLEXITY" missed="6" covered="524"/><counter type="METHOD" missed="0" covered="157"/><counter type="CLASS" missed="0" covered="1"/></class><sourcefile name="MathRandom.java"><line nr="69" mi="0" ci="2" mb="0" cb="0"/><line nr="70" mi="0" ci="5" mb="0" cb="0"/><line nr="71" mi="0" ci="1" mb="0" cb="0"/><line nr="80" mi="0" ci="2" mb="0" cb="0"/><line nr="81" mi="0" ci="6" mb="0" cb="0"/><line nr="82" mi="0" ci="1" mb="0" cb="0"/><line nr="96" mi="0" ci="10" mb="0" cb="2"/><line nr="97" mi="0" ci="5" mb="0" cb="0"/><line nr="113" mi="0" ci="10" mb="0" cb="2"/><line nr="114" mi="0" ci="5" mb="0" cb="0"/><line nr="130" mi="0" ci="10" mb="0" cb="2"/><line nr="131" mi="0" ci="4" mb="0" cb="2"/><line nr="132" mi="0" ci="4" mb="0" cb="0"/><line nr="134" mi="0" ci="4" mb="0" cb="0"/><line nr="153" mi="1" ci="9" mb="1" cb="1"/><line nr="154" mi="0" ci="8" mb="0" cb="2"/><line nr="155" mi="0" ci="5" mb="0" cb="0"/><line nr="156" mi="0" ci="7" mb="0" cb="2"/><line nr="157" mi="0" ci="6" mb="0" cb="0"/><line nr="159" mi="0" ci="2" mb="0" cb="0"/><line nr="178" mi="1" ci="9" mb="1" cb="1"/><line nr="179" mi="0" ci="8" mb="0" cb="2"/><line nr="180" mi="0" ci="5" mb="0" cb="0"/><line nr="181" mi="0" ci="7" mb="0" cb="2"/><line nr="182" mi="0" ci="6" mb="0" cb="0"/><line nr="184" mi="0" ci="2" mb="0" cb="0"/><line nr="203" mi="1" ci="9" mb="1" cb="1"/><line nr="204" mi="0" ci="8" mb="0" cb="2"/><line nr="205" mi="0" ci="5" mb="0" cb="0"/><line nr="206" mi="0" ci="7" mb="0" cb="2"/><line nr="207" mi="0" ci="6" mb="0" cb="0"/><line nr="209" mi="0" ci="2" mb="0" cb="0"/><line nr="228" mi="0" ci="10" mb="0" cb="2"/><line nr="229" mi="0" ci="9" mb="0" cb="2"/><line nr="230" mi="0" ci="5" mb="0" cb="0"/><line nr="231" mi="0" ci="4" mb="1" cb="1"/><line nr="232" mi="3" ci="0" mb="0" cb="0"/><line nr="234" mi="0" ci="2" mb="0" cb="0"/><line nr="253" mi="0" ci="10" mb="0" cb="2"/><line nr="254" mi="0" ci="9" mb="0" cb="2"/><line nr="255" mi="0" ci="5" mb="0" cb="0"/><line nr="256" mi="0" ci="4" mb="0" cb="2"/><line nr="257" mi="0" ci="3" mb="0" cb="0"/><line nr="259" mi="0" ci="2" mb="0" cb="0"/><line nr="278" mi="0" ci="10" mb="0" cb="2"/><line nr="279" mi="0" ci="9" mb="0" cb="2"/><line nr="280" mi="0" ci="5" mb="0" cb="0"/><line nr="281" mi="0" ci="8" mb="0" cb="0"/><line nr="300" mi="0" ci="10" mb="0" cb="2"/><line nr="301" mi="0" ci="9" mb="0" cb="2"/><line nr="302" mi="0" ci="5" mb="0" cb="0"/><line nr="303" mi="0" ci="4" mb="1" cb="1"/><line nr="304" mi="3" ci="0" mb="0" cb="0"/><line nr="306" mi="0" ci="2" mb="0" cb="0"/><line nr="326" mi="0" ci="10" mb="0" cb="2"/><line nr="327" mi="0" ci="9" mb="0" cb="2"/><line nr="328" mi="0" ci="5" mb="0" cb="0"/><line nr="329" mi="0" ci="4" mb="1" cb="1"/><line nr="330" mi="0" ci="3" mb="0" cb="0"/><line nr="332" mi="2" ci="0" mb="0" cb="0"/><line nr="351" mi="0" ci="10" mb="0" cb="2"/><line nr="352" mi="0" ci="9" mb="0" cb="2"/><line nr="353" mi="0" ci="5" mb="0" cb="0"/><line nr="354" mi="0" ci="8" mb="0" cb="0"/><line nr="359" mi="0" ci="2" mb="0" cb="0"/><line nr="360" mi="0" ci="3" mb="0" cb="0"/><line nr="361" mi="0" ci="5" mb="0" cb="2"/><line nr="362" mi="0" ci="5" mb="0" cb="2"/><line nr="363" mi="0" ci="5" mb="0" cb="0"/><line nr="366" mi="0" ci="6" mb="0" cb="2"/><line nr="367" mi="0" ci="5" mb="0" cb="0"/><line nr="370" mi="0" ci="2" mb="0" cb="0"/><line nr="393" mi="0" ci="10" mb="0" cb="2"/><line nr="394" mi="0" ci="9" mb="0" cb="2"/><line nr="395" mi="0" ci="8" mb="0" cb="2"/><line nr="396" mi="0" ci="5" mb="0" cb="0"/><line nr="397" mi="0" ci="7" mb="0" cb="2"/><line nr="398" mi="0" ci="7" mb="0" cb="0"/><line nr="400" mi="0" ci="2" mb="0" cb="0"/><line nr="423" mi="0" ci="10" mb="0" cb="2"/><line nr="424" mi="0" ci="9" mb="0" cb="2"/><line nr="425" mi="0" ci="8" mb="0" cb="2"/><line nr="426" mi="0" ci="5" mb="0" cb="0"/><line nr="427" mi="0" ci="7" mb="0" cb="2"/><line nr="428" mi="0" ci="7" mb="0" cb="0"/><line nr="430" mi="0" ci="2" mb="0" cb="0"/><line nr="453" mi="0" ci="10" mb="0" cb="2"/><line nr="454" mi="0" ci="9" mb="0" cb="2"/><line nr="455" mi="0" ci="8" mb="0" cb="2"/><line nr="456" mi="0" ci="5" mb="0" cb="0"/><line nr="457" mi="0" ci="7" mb="0" cb="2"/><line nr="458" mi="0" ci="7" mb="0" cb="0"/><line nr="460" mi="0" ci="2" mb="0" cb="0"/><line nr="484" mi="0" ci="10" mb="0" cb="2"/><line nr="485" mi="0" ci="9" mb="0" cb="2"/><line nr="486" mi="0" ci="8" mb="0" cb="2"/><line nr="487" mi="0" ci="5" mb="0" cb="0"/><line nr="488" mi="0" ci="7" mb="0" cb="2"/><line nr="489" mi="0" ci="7" mb="0" cb="0"/><line nr="491" mi="0" ci="2" mb="0" cb="0"/><line nr="515" mi="0" ci="10" mb="0" cb="2"/><line nr="516" mi="0" ci="9" mb="0" cb="2"/><line nr="517" mi="0" ci="8" mb="0" cb="2"/><line nr="518" mi="0" ci="5" mb="0" cb="0"/><line nr="519" mi="0" ci="7" mb="0" cb="2"/><line nr="520" mi="0" ci="7" mb="0" cb="0"/><line nr="522" mi="0" ci="2" mb="0" cb="0"/><line nr="546" mi="0" ci="10" mb="0" cb="2"/><line nr="547" mi="0" ci="9" mb="0" cb="2"/><line nr="548" mi="0" ci="8" mb="0" cb="2"/><line nr="549" mi="0" ci="5" mb="0" cb="0"/><line nr="550" mi="0" ci="7" mb="0" cb="2"/><line nr="551" mi="0" ci="7" mb="0" cb="0"/><line nr="553" mi="0" ci="2" mb="0" cb="0"/><line nr="569" mi="0" ci="10" mb="0" cb="2"/><line nr="570" mi="0" ci="5" mb="0" cb="0"/><line nr="571" mi="0" ci="5" mb="0" cb="0"/><line nr="572" mi="0" ci="6" mb="0" cb="0"/><line nr="588" mi="0" ci="10" mb="0" cb="2"/><line nr="589" mi="0" ci="5" mb="0" cb="0"/><line nr="605" mi="0" ci="10" mb="0" cb="2"/><line nr="606" mi="0" ci="4" mb="0" cb="2"/><line nr="607" mi="0" ci="4" mb="0" cb="0"/><line nr="609" mi="0" ci="4" mb="0" cb="0"/><line nr="624" mi="0" ci="10" mb="0" cb="2"/><line nr="625" mi="0" ci="5" mb="0" cb="0"/><line nr="626" mi="0" ci="5" mb="0" cb="0"/><line nr="627" mi="0" ci="6" mb="0" cb="0"/><line nr="642" mi="0" ci="10" mb="0" cb="2"/><line nr="643" mi="0" ci="5" mb="0" cb="0"/><line nr="658" mi="0" ci="10" mb="0" cb="2"/><line nr="659" mi="0" ci="4" mb="0" cb="2"/><line nr="660" mi="0" ci="4" mb="0" cb="0"/><line nr="662" mi="0" ci="4" mb="0" cb="0"/><line nr="681" mi="0" ci="10" mb="0" cb="2"/><line nr="682" mi="0" ci="8" mb="0" cb="2"/><line nr="683" mi="0" ci="5" mb="0" cb="0"/><line nr="684" mi="0" ci="7" mb="0" cb="2"/><line nr="685" mi="0" ci="6" mb="0" cb="0"/><line nr="687" mi="0" ci="2" mb="0" cb="0"/><line nr="706" mi="0" ci="10" mb="0" cb="2"/><line nr="707" mi="0" ci="8" mb="0" cb="2"/><line nr="708" mi="0" ci="5" mb="0" cb="0"/><line nr="709" mi="0" ci="7" mb="0" cb="2"/><line nr="710" mi="0" ci="6" mb="0" cb="0"/><line nr="712" mi="0" ci="2" mb="0" cb="0"/><line nr="731" mi="0" ci="10" mb="0" cb="2"/><line nr="732" mi="0" ci="8" mb="0" cb="2"/><line nr="733" mi="0" ci="5" mb="0" cb="0"/><line nr="734" mi="0" ci="7" mb="0" cb="2"/><line nr="735" mi="0" ci="6" mb="0" cb="0"/><line nr="737" mi="0" ci="2" mb="0" cb="0"/><line nr="757" mi="0" ci="10" mb="0" cb="2"/><line nr="758" mi="0" ci="8" mb="0" cb="2"/><line nr="759" mi="0" ci="5" mb="0" cb="0"/><line nr="760" mi="0" ci="7" mb="0" cb="2"/><line nr="761" mi="0" ci="6" mb="0" cb="0"/><line nr="763" mi="0" ci="2" mb="0" cb="0"/><line nr="783" mi="0" ci="10" mb="0" cb="2"/><line nr="784" mi="0" ci="8" mb="0" cb="2"/><line nr="785" mi="0" ci="5" mb="0" cb="0"/><line nr="786" mi="0" ci="7" mb="0" cb="2"/><line nr="787" mi="0" ci="6" mb="0" cb="0"/><line nr="789" mi="0" ci="2" mb="0" cb="0"/><line nr="808" mi="0" ci="10" mb="0" cb="2"/><line nr="809" mi="0" ci="8" mb="0" cb="2"/><line nr="810" mi="0" ci="5" mb="0" cb="0"/><line nr="811" mi="0" ci="7" mb="0" cb="2"/><line nr="812" mi="0" ci="6" mb="0" cb="0"/><line nr="814" mi="0" ci="2" mb="0" cb="0"/><line nr="830" mi="0" ci="10" mb="0" cb="2"/><line nr="831" mi="0" ci="10" mb="0" cb="0"/><line nr="846" mi="0" ci="10" mb="0" cb="2"/><line nr="847" mi="0" ci="5" mb="0" cb="0"/><line nr="848" mi="0" ci="4" mb="0" cb="0"/><line nr="849" mi="0" ci="4" mb="0" cb="2"/><line nr="850" mi="0" ci="6" mb="0" cb="0"/><line nr="852" mi="0" ci="6" mb="0" cb="0"/><line nr="872" mi="0" ci="10" mb="0" cb="2"/><line nr="873" mi="0" ci="8" mb="0" cb="2"/><line nr="874" mi="0" ci="5" mb="0" cb="0"/><line nr="875" mi="0" ci="7" mb="0" cb="2"/><line nr="876" mi="0" ci="6" mb="0" cb="0"/><line nr="878" mi="0" ci="2" mb="0" cb="0"/><line nr="898" mi="0" ci="10" mb="0" cb="2"/><line nr="899" mi="0" ci="8" mb="0" cb="2"/><line nr="900" mi="0" ci="5" mb="0" cb="0"/><line nr="901" mi="0" ci="7" mb="0" cb="2"/><line nr="902" mi="0" ci="6" mb="0" cb="0"/><line nr="904" mi="0" ci="2" mb="0" cb="0"/><line nr="921" mi="0" ci="10" mb="0" cb="2"/><line nr="922" mi="0" ci="9" mb="0" cb="2"/><line nr="923" mi="0" ci="5" mb="0" cb="0"/><line nr="924" mi="0" ci="5" mb="0" cb="0"/><line nr="925" mi="0" ci="6" mb="0" cb="0"/><line nr="942" mi="0" ci="10" mb="0" cb="2"/><line nr="943" mi="0" ci="9" mb="0" cb="2"/><line nr="944" mi="0" ci="5" mb="0" cb="0"/><line nr="946" mi="0" ci="14" mb="0" cb="2"/><line nr="947" mi="0" ci="4" mb="0" cb="2"/><line nr="948" mi="0" ci="6" mb="0" cb="0"/><line nr="950" mi="0" ci="6" mb="0" cb="0"/><line nr="973" mi="0" ci="10" mb="0" cb="2"/><line nr="974" mi="0" ci="9" mb="0" cb="2"/><line nr="975" mi="0" ci="8" mb="0" cb="2"/><line nr="976" mi="0" ci="5" mb="0" cb="0"/><line nr="977" mi="0" ci="7" mb="0" cb="2"/><line nr="978" mi="0" ci="7" mb="0" cb="0"/><line nr="980" mi="0" ci="2" mb="0" cb="0"/><line nr="1005" mi="0" ci="10" mb="0" cb="2"/><line nr="1006" mi="0" ci="9" mb="0" cb="2"/><line nr="1007" mi="0" ci="8" mb="0" cb="2"/><line nr="1008" mi="0" ci="5" mb="0" cb="0"/><line nr="1009" mi="0" ci="7" mb="0" cb="2"/><line nr="1010" mi="0" ci="7" mb="0" cb="0"/><line nr="1012" mi="0" ci="2" mb="0" cb="0"/><line nr="1031" mi="0" ci="10" mb="0" cb="2"/><line nr="1032" mi="0" ci="9" mb="0" cb="2"/><line nr="1033" mi="0" ci="12" mb="0" cb="0"/><line nr="1056" mi="0" ci="10" mb="0" cb="2"/><line nr="1057" mi="0" ci="9" mb="0" cb="2"/><line nr="1058" mi="0" ci="8" mb="0" cb="2"/><line nr="1059" mi="0" ci="5" mb="0" cb="0"/><line nr="1060" mi="0" ci="7" mb="0" cb="2"/><line nr="1061" mi="0" ci="7" mb="0" cb="0"/><line nr="1063" mi="0" ci="2" mb="0" cb="0"/><line nr="1082" mi="0" ci="10" mb="0" cb="2"/><line nr="1083" mi="0" ci="8" mb="0" cb="2"/><line nr="1084" mi="0" ci="3" mb="0" cb="0"/><line nr="1085" mi="0" ci="7" mb="0" cb="2"/><line nr="1086" mi="0" ci="6" mb="0" cb="0"/><line nr="1088" mi="0" ci="3" mb="0" cb="0"/><line nr="1109" mi="0" ci="10" mb="0" cb="2"/><line nr="1110" mi="0" ci="8" mb="0" cb="2"/><line nr="1111" mi="0" ci="8" mb="0" cb="2"/><line nr="1112" mi="0" ci="5" mb="0" cb="0"/><line nr="1113" mi="0" ci="7" mb="0" cb="2"/><line nr="1114" mi="0" ci="7" mb="0" cb="0"/><line nr="1116" mi="0" ci="2" mb="0" cb="0"/><line nr="1139" mi="0" ci="10" mb="0" cb="2"/><line nr="1140" mi="0" ci="8" mb="0" cb="2"/><line nr="1141" mi="0" ci="8" mb="0" cb="2"/><line nr="1142" mi="0" ci="4" mb="0" cb="0"/><line nr="1143" mi="0" ci="13" mb="0" cb="0"/><line nr="1144" mi="0" ci="13" mb="0" cb="0"/><line nr="1145" mi="0" ci="10" mb="0" cb="0"/><line nr="1146" mi="0" ci="3" mb="0" cb="0"/><line nr="1166" mi="0" ci="10" mb="0" cb="2"/><line nr="1167" mi="0" ci="8" mb="0" cb="2"/><line nr="1168" mi="0" ci="4" mb="0" cb="0"/><line nr="1169" mi="0" ci="13" mb="0" cb="0"/><line nr="1170" mi="0" ci="14" mb="0" cb="0"/><line nr="1171" mi="0" ci="5" mb="0" cb="2"/><line nr="1172" mi="0" ci="9" mb="0" cb="0"/><line nr="1174" mi="0" ci="6" mb="0" cb="0"/><line nr="1176" mi="0" ci="1" mb="0" cb="0"/><line nr="1177" mi="0" ci="3" mb="0" cb="0"/><line nr="1197" mi="0" ci="10" mb="0" cb="2"/><line nr="1198" mi="0" ci="8" mb="0" cb="2"/><line nr="1199" mi="0" ci="4" mb="0" cb="0"/><line nr="1200" mi="0" ci="13" mb="0" cb="0"/><line nr="1201" mi="0" ci="14" mb="0" cb="0"/><line nr="1202" mi="0" ci="5" mb="0" cb="2"/><line nr="1203" mi="0" ci="9" mb="0" cb="0"/><line nr="1205" mi="0" ci="6" mb="0" cb="0"/><line nr="1207" mi="0" ci="1" mb="0" cb="0"/><line nr="1208" mi="0" ci="3" mb="0" cb="0"/><line nr="1229" mi="0" ci="10" mb="0" cb="2"/><line nr="1230" mi="0" ci="8" mb="0" cb="2"/><line nr="1231" mi="0" ci="4" mb="0" cb="2"/><line nr="1232" mi="0" ci="5" mb="0" cb="0"/><line nr="1234" mi="0" ci="5" mb="0" cb="0"/><line nr="1253" mi="0" ci="10" mb="0" cb="2"/><line nr="1254" mi="0" ci="8" mb="0" cb="2"/><line nr="1255" mi="0" ci="4" mb="0" cb="0"/><line nr="1256" mi="0" ci="13" mb="0" cb="0"/><line nr="1257" mi="0" ci="14" mb="0" cb="0"/><line nr="1258" mi="0" ci="4" mb="0" cb="2"/><line nr="1259" mi="0" ci="9" mb="0" cb="0"/><line nr="1261" mi="0" ci="6" mb="0" cb="0"/><line nr="1263" mi="0" ci="1" mb="0" cb="0"/><line nr="1264" mi="0" ci="3" mb="0" cb="0"/><line nr="1283" mi="0" ci="10" mb="0" cb="2"/><line nr="1284" mi="0" ci="8" mb="0" cb="2"/><line nr="1285" mi="0" ci="4" mb="0" cb="0"/><line nr="1286" mi="0" ci="13" mb="0" cb="0"/><line nr="1287" mi="0" ci="14" mb="0" cb="0"/><line nr="1288" mi="0" ci="4" mb="0" cb="0"/><line nr="1289" mi="0" ci="5" mb="0" cb="2"/><line nr="1290" mi="0" ci="6" mb="0" cb="0"/><line nr="1291" mi="0" ci="6" mb="0" cb="0"/><line nr="1293" mi="0" ci="4" mb="0" cb="2"/><line nr="1294" mi="0" ci="6" mb="0" cb="0"/><line nr="1296" mi="0" ci="1" mb="0" cb="0"/><line nr="1297" mi="0" ci="3" mb="0" cb="0"/><line nr="1316" mi="0" ci="10" mb="0" cb="2"/><line nr="1317" mi="0" ci="8" mb="0" cb="2"/><line nr="1318" mi="0" ci="4" mb="0" cb="0"/><line nr="1319" mi="0" ci="13" mb="0" cb="0"/><line nr="1320" mi="0" ci="14" mb="0" cb="0"/><line nr="1321" mi="0" ci="5" mb="0" cb="2"/><line nr="1322" mi="0" ci="4" mb="0" cb="0"/><line nr="1323" mi="0" ci="6" mb="0" cb="0"/><line nr="1324" mi="0" ci="7" mb="0" cb="0"/><line nr="1326" mi="0" ci="4" mb="0" cb="2"/><line nr="1327" mi="0" ci="6" mb="0" cb="0"/><line nr="1329" mi="0" ci="1" mb="0" cb="0"/><line nr="1330" mi="0" ci="3" mb="0" cb="0"/><line nr="1358" mi="0" ci="10" mb="0" cb="2"/><line nr="1359" mi="0" ci="8" mb="0" cb="2"/><line nr="1360" mi="0" ci="8" mb="0" cb="2"/><line nr="1361" mi="0" ci="8" mb="0" cb="2"/><line nr="1362" mi="0" ci="5" mb="0" cb="0"/><line nr="1363" mi="0" ci="7" mb="0" cb="2"/><line nr="1364" mi="0" ci="8" mb="0" cb="0"/><line nr="1366" mi="0" ci="2" mb="0" cb="0"/><line nr="1391" mi="0" ci="10" mb="0" cb="2"/><line nr="1392" mi="0" ci="8" mb="0" cb="2"/><line nr="1393" mi="0" ci="8" mb="0" cb=
[...]
><method name="getReal" desc="()Ljava/lang/Object;" line="99"><counter type="INSTRUCTION" missed="0" covered="3"/><counter type="LINE" missed="0" covered="1"/><counter type="COMPLEXITY" missed="0" covered="1"/><counter type="METHOD" missed="0" covered="1"/></method><method name="getImaginary" desc="()Ljava/lang/Object;" line="103"><counter type="INSTRUCTION" missed="0" covered="3"/><counter type="LINE" missed="0" covered="1"/><counter type="COMPLEXITY" missed="0" covered="1"/><counter type="METHOD" missed="0" covered="1"/></method><method name="&lt;clinit&gt;" desc="()V" line="44"><counter type="INSTRUCTION" missed="0" covered="3"/><counter type="LINE" missed="0" covered="1"/><counter type="COMPLEXITY" missed="0" covered="1"/><counter type="METHOD" missed="0" covered="1"/></method><counter type="INSTRUCTION" missed="0" covered="34"/><counter type="LINE" missed="0" covered="8"/><counter type="COMPLEXITY" missed="0" covered="5"/><counter type="METHOD" missed="0" covered="5"/><counter type="CLASS" missed="0" covered="1"/></class><class name="com/github/ltennstedt/finnmath/core/number/ScientificNotation"><method name="&lt;init&gt;" desc="(Ljava/math/BigDecimal;I)V" line="62"><counter type="INSTRUCTION" missed="0" covered="12"/><counter type="LINE" missed="0" covered="4"/><counter type="COMPLEXITY" missed="0" covered="1"/><counter type="METHOD" missed="0" covered="1"/></method><method name="asString" desc="()Ljava/lang/String;" line="74"><counter type="INSTRUCTION" missed="0" covered="62"/><counter type="BRANCH" missed="0" covered="8"/><counter type="LINE" missed="0" covered="9"/><counter type="COMPLEXITY" missed="0" covered="5"/><counter type="METHOD" missed="0" covered="1"/></method><method name="hashCode" desc="()I" line="91"><counter type="INSTRUCTION" missed="0" covered="15"/><counter type="LINE" missed="0" covered="1"/><counter type="COMPLEXITY" missed="0" covered="1"/><counter type="METHOD" missed="0" covered="1"/></method><method name="equals" desc="(Ljava/lang/Object;)Z" line="96"><counter type="INSTRUCTION" missed="0" covered="28"/><counter type="BRANCH" missed="0" covered="8"/><counter type="LINE" missed="0" covered="6"/><counter type="COMPLEXITY" missed="0" covered="5"/><counter type="METHOD" missed="0" covered="1"/></method><method name="toString" desc="()Ljava/lang/String;" line="108"><counter type="INSTRUCTION" missed="0" covered="12"/><counter type="LINE" missed="0" covered="1"/><counter type="COMPLEXITY" missed="0" covered="1"/><counter type="METHOD" missed="0" covered="1"/></method><method name="getCoefficient" desc="()Ljava/math/BigDecimal;" line="112"><counter type="INSTRUCTION" missed="0" covered="3"/><counter type="LINE" missed="0" covered="1"/><counter type="COMPLEXITY" missed="0" covered="1"/><counter type="METHOD" missed="0" covered="1"/></method><method name="getExponent" desc="()I" line="116"><counter type="INSTRUCTION" missed="0" covered="3"/><counter type="LINE" missed="0" covered="1"/><counter type="COMPLEXITY" missed="0" covered="1"/><counter type="METHOD" missed="0" covered="1"/></method><counter type="INSTRUCTION" missed="0" covered="135"/><counter type="BRANCH" missed="0" covered="16"/><counter type="LINE" missed="0" covered="23"/><counter type="COMPLEXITY" missed="0" covered="15"/><counter type="METHOD" missed="0" covered="7"/><counter type="CLASS" missed="0" covered="1"/></class><sourcefile name="PolarForm.java"><line nr="75" mi="0" ci="2" mb="0" cb="0"/><line nr="76" mi="0" ci="6" mb="0" cb="0"/><line nr="77" mi="0" ci="6" mb="0" cb="0"/><line nr="78" mi="0" ci="1" mb="0" cb="0"/><line nr="87" mi="0" ci="5" mb="0" cb="0"/><line nr="101" mi="0" ci="9" mb="0" cb="2"/><line nr="102" mi="0" ci="8" mb="0" cb="0"/><line nr="116" mi="0" ci="4" mb="0" cb="0"/><line nr="117" mi="0" ci="9" mb="0" cb="0"/><line nr="135" mi="0" ci="9" mb="0" cb="2"/><line nr="136" mi="0" ci="4" mb="0" cb="0"/><line nr="137" mi="0" ci="9" mb="0" cb="0"/><line nr="151" mi="0" ci="4" mb="0" cb="0"/><line nr="152" mi="0" ci="5" mb="0" cb="0"/><line nr="156" mi="0" ci="10" mb="0" cb="0"/><line nr="157" mi="0" ci="10" mb="0" cb="0"/><line nr="158" mi="0" ci="6" mb="0" cb="0"/><line nr="163" mi="0" ci="14" mb="0" cb="0"/><line nr="168" mi="0" ci="3" mb="0" cb="2"/><line nr="169" mi="0" ci="2" mb="0" cb="0"/><line nr="171" mi="0" ci="3" mb="0" cb="2"/><line nr="172" mi="0" ci="2" mb="0" cb="0"/><line nr="174" mi="0" ci="3" mb="0" cb="0"/><line nr="175" mi="0" ci="16" mb="0" cb="4"/><line nr="180" mi="0" ci="12" mb="0" cb="0"/><line nr="184" mi="0" ci="3" mb="0" cb="0"/><line nr="188" mi="0" ci="3" mb="0" cb="0"/><counter type="INSTRUCTION" missed="0" covered="168"/><counter type="BRANCH" missed="0" covered="12"/><counter type="LINE" missed="0" covered="27"/><counter type="COMPLEXITY" missed="0" covered="18"/><counter type="METHOD" missed="0" covered="12"/><counter type="CLASS" missed="0" covered="1"/></sourcefile><sourcefile name="RealComplexNumber.java"><line nr="48" mi="0" ci="6" mb="0" cb="0"/><line nr="55" mi="0" ci="6" mb="0" cb="0"/><line nr="62" mi="0" ci="6" mb="0" cb="0"/><line nr="69" mi="0" ci="6" mb="0" cb="0"/><line nr="85" mi="0" ci="4" mb="0" cb="0"/><line nr="86" mi="0" ci="1" mb="0" cb="0"/><line nr="98" mi="0" ci="14" mb="0" cb="0"/><line nr="99" mi="0" ci="3" mb="0" cb="0"/><line nr="100" mi="0" ci="1" mb="0" cb="0"/><line nr="114" mi="0" ci="4" mb="0" cb="0"/><line nr="115" mi="0" ci="18" mb="0" cb="0"/><line nr="130" mi="0" ci="4" mb="0" cb="0"/><line nr="131" mi="0" ci="14" mb="0" cb="0"/><line nr="132" mi="0" ci="4" mb="0" cb="0"/><line nr="147" mi="0" ci="4" mb="0" cb="0"/><line nr="148" mi="0" ci="16" mb="0" cb="0"/><line nr="149" mi="0" ci="16" mb="0" cb="0"/><line nr="150" mi="0" ci="6" mb="0" cb="0"/><line nr="169" mi="0" ci="4" mb="0" cb="0"/><line nr="170" mi="0" ci="5" mb="0" cb="0"/><line nr="171" mi="0" ci="5" mb="0" cb="0"/><line nr="193" mi="0" ci="4" mb="0" cb="0"/><line nr="194" mi="0" ci="5" mb="0" cb="0"/><line nr="195" mi="0" ci="4" mb="0" cb="0"/><line nr="196" mi="0" ci="12" mb="0" cb="0"/><line nr="197" mi="0" ci="17" mb="0" cb="0"/><line nr="198" mi="0" ci="2" mb="0" cb="0"/><line nr="199" mi="0" ci="4" mb="0" cb="0"/><line nr="200" mi="0" ci="13" mb="0" cb="0"/><line nr="201" mi="0" ci="2" mb="0" cb="0"/><line nr="202" mi="0" ci="6" mb="0" cb="0"/><line nr="219" mi="0" ci="9" mb="0" cb="2"/><line nr="220" mi="0" ci="3" mb="0" cb="2"/><line nr="221" mi="0" ci="8" mb="0" cb="0"/><line nr="222" mi="0" ci="3" mb="0" cb="2"/><line nr="223" mi="0" ci="2" mb="0" cb="0"/><line nr="225" mi="0" ci="2" mb="0" cb="0"/><line nr="236" mi="0" ci="12" mb="0" cb="0"/><line nr="251" mi="0" ci="5" mb="0" cb="0"/><line nr="252" mi="0" ci="4" mb="0" cb="0"/><line nr="263" mi="0" ci="8" mb="0" cb="2"/><line nr="275" mi="0" ci="7" mb="0" cb="0"/><line nr="286" mi="0" ci="12" mb="0" cb="0"/><line nr="297" mi="0" ci="11" mb="0" cb="0"/><line nr="311" mi="0" ci="10" mb="0" cb="2"/><line nr="312" mi="0" ci="7" mb="0" cb="0"/><line nr="330" mi="0" ci="10" mb="0" cb="2"/><line nr="331" mi="0" ci="9" mb="0" cb="2"/><line nr="332" mi="0" ci="7" mb="0" cb="0"/><line nr="350" mi="0" ci="10" mb="0" cb="2"/><line nr="351" mi="0" ci="4" mb="0" cb="0"/><line nr="352" mi="0" ci="8" mb="0" cb="0"/><line nr="374" mi="0" ci="10" mb="0" cb="2"/><line nr="375" mi="0" ci="9" mb="0" cb="2"/><line nr="376" mi="0" ci="4" mb="0" cb="0"/><line nr="377" mi="0" ci="8" mb="0" cb="0"/><line nr="395" mi="0" ci="18" mb="0" cb="4"/><line nr="397" mi="0" ci="4" mb="0" cb="0"/><line nr="398" mi="0" ci="3" mb="0" cb="0"/><line nr="399" mi="0" ci="6" mb="0" cb="2"/><line nr="400" mi="0" ci="12" mb="0" cb="0"/><line nr="401" mi="0" ci="6" mb="0" cb="2"/><line nr="402" mi="0" ci="3" mb="0" cb="0"/><line nr="404" mi="0" ci="3" mb="0" cb="0"/><line nr="405" mi="0" ci="13" mb="1" cb="1"/><line nr="406" mi="4" ci="0" mb="0" cb="0"/><line nr="408" mi="0" ci="9" mb="0" cb="0"/><line nr="409" mi="2" ci="9" mb="1" cb="1"/><line nr="423" mi="0" ci="10" mb="0" cb="2"/><line nr="424" mi="0" ci="7" mb="0" cb="0"/><line nr="442" mi="0" ci="10" mb="0" cb="2"/><line nr="443" mi="0" ci="9" mb="0" cb="2"/><line nr="444" mi="0" ci="7" mb="0" cb="0"/><line nr="462" mi="0" ci="10" mb="0" cb="2"/><line nr="463" mi="0" ci="4" mb="0" cb="0"/><line nr="464" mi="0" ci="8" mb="0" cb="0"/><line nr="486" mi="0" ci="10" mb="0" cb="2"/><line nr="487" mi="0" ci="9" mb="0" cb="2"/><line nr="488" mi="0" ci="4" mb="0" cb="0"/><line nr="489" mi="0" ci="8" mb="0" cb="0"/><line nr="508" mi="0" ci="10" mb="0" cb="2"/><line nr="509" mi="0" ci="4" mb="0" cb="0"/><line nr="510" mi="0" ci="9" mb="0" cb="0"/><line nr="526" mi="0" ci="4" mb="0" cb="0"/><line nr="527" mi="0" ci="20" mb="0" cb="4"/><line nr="539" mi="0" ci="30" mb="0" cb="0"/><line nr="540" mi="0" ci="8" mb="0" cb="0"/><line nr="545" mi="0" ci="14" mb="0" cb="0"/><line nr="550" mi="0" ci="3" mb="0" cb="2"/><line nr="551" mi="0" ci="2" mb="0" cb="0"/><line nr="553" mi="0" ci="3" mb="1" cb="1"/><line nr="554" mi="2" ci="0" mb="0" cb="0"/><line nr="556" mi="0" ci="3" mb="0" cb="0"/><line nr="557" mi="0" ci="18" mb="0" cb="4"/><line nr="567" mi="0" ci="2" mb="0" cb="0"/><line nr="568" mi="0" ci="1" mb="0" cb="0"/><line nr="572" mi="0" ci="2" mb="0" cb="2"/><line nr="573" mi="0" ci="2" mb="0" cb="0"/><line nr="575" mi="0" ci="2" mb="0" cb="2"/><line nr="576" mi="0" ci="2" mb="0" cb="0"/><line nr="578" mi="0" ci="4" mb="0" cb="2"/><line nr="579" mi="0" ci="2" mb="0" cb="0"/><line nr="581" mi="0" ci="8" mb="0" cb="2"/><counter type="INSTRUCTION" missed="8" covered="733"/><counter type="BRANCH" missed="3" covered="63"/><counter type="LINE" missed="2" covered="101"/><counter type="COMPLEXITY" missed="3" covered="61"/><counter type="METHOD" missed="0" covered="31"/><counter type="CLASS" missed="0" covered="2"/></sourcefile><sourcefile name="ScientificNotation.java"><line nr="62" mi="0" ci="2" mb="0" cb="0"/><line nr="63" mi="0" ci="6" mb="0" cb="0"/><line nr="64" mi="0" ci="3" mb="0" cb="0"/><line nr="65" mi="0" ci="1" mb="0" cb="0"/><line nr="74" mi="0" ci="5" mb="0" cb="2"/><line nr="75" mi="0" ci="2" mb="0" cb="0"/><line nr="77" mi="0" ci="3" mb="0" cb="2"/><line nr="78" mi="0" ci="16" mb="0" cb="0"/><line nr="80" mi="0" ci="3" mb="0" cb="2"/><line nr="81" mi="0" ci="4" mb="0" cb="0"/><line nr="83" mi="0" ci="4" mb="0" cb="2"/><line nr="84" mi="0" ci="11" mb="0" cb="0"/><line nr="86" mi="0" ci="14" mb="0" cb="0"/><line nr="91" mi="0" ci="15" mb="0" cb="0"/><line nr="96" mi="0" ci="3" mb="0" cb="2"/><line nr="97" mi="0" ci="2" mb="0" cb="0"/><line nr="99" mi="0" ci="3" mb="0" cb="2"/><line nr="100" mi="0" ci="2" mb="0" cb="0"/><line nr="102" mi="0" ci="3" mb="0" cb="0"/><line nr="103" mi="0" ci="15" mb="0" cb="4"/><line nr="108" mi="0" ci="12" mb="0" cb="0"/><line nr="112" mi="0" ci="3" mb="0" cb="0"/><line nr="116" mi="0" ci="3" mb="0" cb="0"/><counter type="INSTRUCTION" missed="0" covered="135"/><counter type="BRANCH" missed="0" covered="16"/><counter type="LINE" missed="0" covered="23"/><counter type="COMPLEXITY" missed="0" covered="15"/><counter type="METHOD" missed="0" covered="7"/><counter type="CLASS" missed="0" covered="1"/></sourcefile><sourcefile name="Fraction.java"><line nr="43" mi="0" ci="6" mb="0" cb="0"/><line nr="50" mi="0" ci="7" mb="0" cb="0"/><line nr="88" mi="0" ci="2" mb="0" cb="0"/><line nr="89" mi="0" ci="6" mb="0" cb="0"/><line nr="90" mi="0" ci="6" mb="0" cb="0"/><line nr="91" mi="0" ci="10" mb="0" cb="2"/><line nr="93" mi="0" ci="1" mb="0" cb="0"/><line nr="104" mi="0" ci="14" mb="0" cb="0"/><line nr="116" mi="0" ci="14" mb="0" cb="0"/><line nr="128" mi="0" ci="14" mb="0" cb="0"/><line nr="140" mi="0" ci="14" mb="0" cb="0"/><line nr="159" mi="0" ci="4" mb="0" cb="0"/><line nr="160" mi="0" ci="1" mb="0" cb="0"/><line nr="161" mi="0" ci="11" mb="0" cb="0"/><line nr="162" mi="0" ci="6" mb="0" cb="0"/><line nr="163" mi="0" ci="6" mb="0" cb="0"/><line nr="182" mi="0" ci="4" mb="0" cb="0"/><line nr="183" mi="0" ci="8" mb="0" cb="0"/><line nr="184" mi="0" ci="4" mb="0" cb="0"/><line nr="185" mi="0" ci="6" mb="0" cb="0"/><line nr="186" mi="0" ci="6" mb="0" cb="0"/><line nr="205" mi="0" ci="4" mb="0" cb="0"/><line nr="206" mi="0" ci="6" mb="0" cb="0"/><line nr="207" mi="0" ci="6" mb="0" cb="0"/><line nr="208" mi="0" ci="6" mb="0" cb="0"/><line nr="231" mi="0" ci="4" mb="0" cb="0"/><line nr="232" mi="0" ci="5" mb="0" cb="0"/><line nr="233" mi="0" ci="5" mb="0" cb="0"/><line nr="252" mi="0" ci="9" mb="0" cb="2"/><line nr="253" mi="0" ci="3" mb="0" cb="2"/><line nr="254" mi="0" ci="8" mb="0" cb="0"/><line nr="255" mi="0" ci="3" mb="0" cb="2"/><line nr="256" mi="0" ci="2" mb="0" cb="0"/><line nr="258" mi="0" ci="2" mb="0" cb="0"/><line nr="273" mi="0" ci="9" mb="0" cb="0"/><line nr="290" mi="0" ci="5" mb="0" cb="0"/><line nr="291" mi="0" ci="8" mb="0" cb="0"/><line nr="302" mi="0" ci="9" mb="0" cb="2"/><line nr="318" mi="0" ci="10" mb="0" cb="0"/><line nr="333" mi="0" ci="4" mb="0" cb="0"/><line nr="334" mi="0" ci="4" mb="0" cb="2"/><line nr="335" mi="0" ci="2" mb="0" cb="0"/><line nr="337" mi="0" ci="4" mb="0" cb="2"/><line nr="338" mi="0" ci="2" mb="0" cb="0"/><line nr="340" mi="0" ci="2" mb="0" cb="0"/><line nr="353" mi="0" ci="4" mb="0" cb="0"/><line nr="354" mi="0" ci="3" mb="0" cb="0"/><line nr="355" mi="0" ci="3" mb="0" cb="0"/><line nr="356" mi="0" ci="6" mb="0" cb="0"/><line nr="357" mi="0" ci="6" mb="0" cb="0"/><line nr="358" mi="0" ci="9" mb="0" cb="2"/><line nr="373" mi="0" ci="4" mb="0" cb="0"/><line nr="374" mi="0" ci="12" mb="0" cb="4"/><line nr="387" mi="0" ci="4" mb="0" cb="0"/><line nr="388" mi="0" ci="8" mb="0" cb="2"/><line nr="402" mi="0" ci="4" mb="0" cb="0"/><line nr="403" mi="0" ci="8" mb="0" cb="2"/><line nr="420" mi="0" ci="4" mb="0" cb="0"/><line nr="421" mi="0" ci="8" mb="0" cb="2"/><line nr="438" mi="0" ci="4" mb="0" cb="0"/><line nr="439" mi="0" ci="8" mb="0" cb="2"/><line nr="456" mi="0" ci="3" mb="0" cb="2"/><line nr="457" mi="0" ci="11" mb="0" cb="0"/><line nr="459" mi="0" ci="3" mb="0" cb="2"/><line nr="460" mi="0" ci="2" mb="0" cb="0"/><line nr="462" mi="0" ci="5" mb="0" cb="2"/><line nr="463" mi="0" ci="3" mb="0" cb="0"/><line nr="465" mi="0" ci="2" mb="0" cb="0"/><line nr="479" mi="0" ci="6" mb="0" cb="0"/><line nr="480" mi="0" ci="12" mb="0" cb="0"/><line nr="491" mi="0" ci="8" mb="0" cb="0"/><line nr="506" mi="0" ci="4" mb="0" cb="0"/><line nr="507" mi="0" ci="8" mb="0" cb="0"/><line nr="512" mi="0" ci="14" mb="0" cb="0"/><line nr="517" mi="0" ci="3" mb="0" cb="2"/><line nr="518" mi="0" ci="2" mb="0" cb="0"/><line nr="520" mi="0" ci="3" mb="0" cb="2"/><line nr="521" mi="0" ci="2" mb="0" cb="0"/><line nr="523" mi="0" ci="3" mb="0" cb="0"/><line nr="524" mi="0" ci="16" mb="0" cb="4"/><line nr="529" mi="0" ci="12" mb="0" cb="0"/><line nr="533" mi="0" ci="3" mb="0" cb="0"/><line nr="537" mi="0" ci="3" mb="0" cb="0"/><counter type="INSTRUCTION" missed="0" covered="495"/><counter type="BRANCH" missed="0" covered="42"/><counter type="LINE" missed="0" covered="83"/><counter type="COMPLEXITY" missed="0" covered="52"/><counter type="METHOD" missed="0" covered="31"/><counter type="CLASS" missed="0" covered="1"/></sourcefile><sourcefile name="SimpleComplexNumber.java"><line nr="47" mi="0" ci="6" mb="0" cb="0"/><line nr="54" mi="0" ci="6" mb="0" cb="0"/><line nr="61" mi="0" ci="7" mb="0" cb="0"/><line nr="77" mi="0" ci="4" mb="0" cb="0"/><line nr="78" mi="0" ci="1" mb="0" cb="0"/><line nr="92" mi="0" ci="4" mb="0" cb="0"/><line nr="93" mi="0" ci="18" mb="0" cb="0"/><line nr="108" mi="0" ci="4" mb="0" cb="0"/><line nr="109" mi="0" ci="14" mb="0" cb="0"/><line nr="110" mi="0" ci="4" mb="0" cb="0"/><line nr="125" mi="0" ci="4" mb="0" cb="0"/><line nr="126" mi="0" ci="16" mb="0" cb="0"/><line nr="127" mi="0" ci="16" mb="0" cb="0"/><line nr="128" mi="0" ci="6" mb="0" cb="0"/><line nr="147" mi="0" ci="4" mb="0" cb="0"/><line nr="148" mi="0" ci="5" mb="0" cb="0"/><line nr="149" mi="0" ci="5" mb="0" cb="0"/><line nr="172" mi="0" ci="4" mb="0" cb="0"/><line nr="173" mi="0" ci="5" mb="0" cb="0"/><line nr="174" mi="0" ci="4" mb="0" cb="0"/><line nr="175" mi="0" ci="11" mb="0" cb="0"/><line nr="191" mi="0" ci="9" mb="0" cb="2"/><line nr="192" mi="0" ci="3" mb="0" cb="2"/><line nr="193" mi="0" ci="8" mb="0" cb="0"/><line nr="194" mi="0" ci="3" mb="0" cb="2"/><line nr="195" mi="0" ci="2" mb="0" cb="0"/><line nr="197" mi="0" ci="2" mb="0" cb="0"/><line nr="208" mi="0" ci="12" mb="0" cb="0"/><line nr="223" mi="0" ci="5" mb="0" cb="0"/><line nr="224" mi="0" ci="4" mb="0" cb="0"/><line nr="235" mi="0" ci="8" mb="0" cb="2"/><line nr="247" mi="0" ci="7" mb="0" cb="0"/><line nr="258" mi="0" ci="12" mb="0" cb="0"/><line nr="269" mi="0" ci="11" mb="0" cb="0"/><line nr="283" mi="0" ci="10" mb="0" cb="2"/><line nr="284" mi="0" ci="7" mb="0" cb="0"/><line nr="302" mi="0" ci="10" mb="0" cb="2"/><line nr="303" mi="0" ci="9" mb="0" cb="2"/><line nr="304" mi="0" ci="7" mb="0" cb="0"/><line nr="322" mi="0" ci="10" mb="0" cb="2"/><line nr="323" mi="0" ci="4" mb="0" cb="0"/><line nr="324" mi="0" ci="8" mb="0" cb="0"/><line nr="346" mi="0" ci="10" mb="0" cb="2"/><line nr="347" mi="0" ci="9" mb="0" cb="2"/><line nr="348" mi="0" ci="4" mb="0" cb="0"/><line nr="349" mi="0" ci="8" mb="0" cb="0"/><line nr="367" mi="0" ci="10" mb="0" cb="2"/><line nr="368" mi="0" ci="4" mb="0" cb="0"/><line nr="369" mi="0" ci="7" mb="0" cb="0"/><line nr="383" mi="0" ci="10" mb="0" cb="2"/><line nr="384" mi="0" ci="7" mb="0" cb="0"/><line nr="402" mi="0" ci="10" mb="0" cb="2"/><line nr="403" mi="0" ci="9" mb="0" cb="2"/><line nr="404" mi="0" ci="7" mb="0" cb="0"/><line nr="422" mi="0" ci="10" mb="0" cb="2"/><line nr="423" mi="0" ci="4" mb="0" cb="0"/><line nr="424" mi="0" ci="8" mb="0" cb="0"/><line nr="446" mi="0" ci="10" mb="0" cb="2"/><line nr="447" mi="0" ci="9" mb="0" cb="2"/><line nr="448" mi="0" ci="4" mb="0" cb="0"/><line nr="449" mi="0" ci="8" mb="0" cb="0"/><line nr="467" mi="0" ci="10" mb="0" cb="2"/><line nr="468" mi="0" ci="4" mb="0" cb="0"/><line nr="469" mi="0" ci="7" mb="0" cb="0"/><line nr="481" mi="0" ci="30" mb="0" cb="0"/><line nr="482" mi="0" ci="8" mb="0" cb="0"/><line nr="487" mi="0" ci="14" mb="0" cb="0"/><line nr="492" mi="0" ci="3" mb="0" cb="2"/><line nr="493" mi="0" ci="2" mb="0" cb="0"/><line nr="495" mi="0" ci="3" mb="0" cb="2"/><line nr="496" mi="0" ci="2" mb="0" cb="0"/><line nr="498" mi="0" ci="3" mb="0" cb="0"/><line nr="499" mi="0" ci="18" mb="0" cb="4"/><counter type="INSTRUCTION" missed="0" covered="551"/><counter type="BRANCH" missed="0" covered="44"/><counter type="LINE" missed="0" covered="73"/><counter type="COMPLEXITY" missed="0" covered="49"/><counter type="METHOD" missed="0" covered="27"/><counter type="CLASS" missed="0" covered="1"/></sourcefile><sourcefile name="AbstractComplexNumber.java"><line nr="44" mi="0" ci="3" mb="0" cb="0"/><line nr="60" mi="0" ci="2" mb="0" cb="0"/><line nr="61" mi="0" ci="5" mb="0" cb="0"/><line nr="62" mi="0" ci="5" mb="0" cb="0"/><line nr="63" mi="0" ci="1" mb="0" cb="0"/><line nr="95" mi="0" ci="12" mb="0" cb="0"/><line nr="99" mi="0" ci="3" mb="0" cb="0"/><line nr="103" mi="0" ci="3" mb="0" cb="0"/><counter type="INSTRUCTION" missed="0" covered="34"/><counter type="LINE" missed="0" covered="8"/><counter type="COMPLEXITY" missed="0" covered="5"/><counter type="METHOD" missed="0" covered="5"/><counter type="CLASS" missed="0" covered="1"/></sourcefile><counter type="INSTRUCTION" missed="8" covered="2116"/><counter type="BRANCH" missed="3" covered="177"/><counter type="LINE" missed="2" covered="315"/><counter type="COMPLEXITY" missed="3" covered="200"/><counter type="METHOD" missed="0" covered="113"/><counter type="CLASS" missed="0" covered="7"/></package><counter type="INSTRUCTION" missed="132" covered="16776"/><counter type="BRANCH" missed="37" covered="1629"/><counter type="LINE" missed="19" covered="2522"/><counter type="COMPLEXITY" missed="38" covered="1430"/><counter type="METHOD" missed="4" covered="631"/><counter type="CLASS" missed="0" covered="29"/></report>