<?xml version="1.0" encoding="UTF-8" standalone="yes"?><!DOCTYPE report PUBLIC "-//JACOCO//DTD Report 1.0//EN" "report.dtd"><report name="finnMath Core"><sessioninfo id="devbox-5cffcf10" start="1520190694583" dump="1520190706234"/><package name="com/github/ltennstedt/finnmath/core/util"><class name="com/github/ltennstedt/finnmath/core/util/SquareRootCalculator"><method name="&lt;init&gt;" desc="()V" line="92"><counter type="INSTRUCTION" missed="0" covered="12"/><counter type="LINE" missed="0" covered="5"/><counter type="COMPLEXITY" missed="0" covered="1"/><counter type="METHOD" missed="0" covered="1"/></method><method name="&lt;init&gt;" desc="(Ljava/math/BigDecimal;)V" line="109"><counter type="INSTRUCTION" missed="0" covered="30"/><counter type="BRANCH" missed="0" covered="4"/><counter type="LINE" missed="0" covered="7"/><counter type="COMPLEXITY" missed="0" covered="3"/><counter type="METHOD" missed="0" covered="1"/></method><method name="&lt;init&gt;" desc="(ILjava/math/RoundingMode;)V" line="131"><counter type="INSTRUCTION" missed="0" covered="20"/><counter type="BRANCH" missed="0" covered="2"/><counter type="LINE" missed="0" covered="6"/><counter type="COMPLEXITY" missed="0" covered="2"/><counter type="METHOD" missed="0" covered="1"/></method><method name="&lt;init&gt;" desc="(Ljava/math/BigDecimal;ILjava/math/RoundingMode;)V" line="157"><counter type="INSTRUCTION" missed="0" covered="38"/><counter type="BRANCH" missed="0" covered="6"/><counter type="LINE" missed="0" covered="8"/><counter type="COMPLEXITY" missed="0" covered="4"/><counter type="METHOD" missed="0" covered="1"/></method><method name="sqrt" desc="(Ljava/math/BigInteger;)Ljava/math/BigDecimal;" line="181"><counter type="INSTRUCTION" missed="0" covered="22"/><counter type="BRANCH" missed="0" covered="2"/><counter type="LINE" missed="0" covered="3"/><counter type="COMPLEXITY" missed="0" covered="2"/><counter type="METHOD" missed="0" covered="1"/></method><method name="sqrt" desc="(Ljava/math/BigDecimal;)Ljava/math/BigDecimal;" line="200"><counter type="INSTRUCTION" missed="1" covered="23"/><counter type="BRANCH" missed="1" covered="1"/><counter type="LINE" missed="0" covered="3"/><counter type="COMPLEXITY" missed="1" covered="1"/><counter type="METHOD" missed="0" covered="1"/></method><method name="sqrtOfPerfectSquare" desc="(Ljava/math/BigInteger;)Ljava/math/BigInteger;" line="223"><counter type="INSTRUCTION" missed="1" covered="24"/><counter type="BRANCH" missed="1" covered="1"/><counter type="LINE" missed="0" covered="4"/><counter type="COMPLEXITY" missed="1" covered="1"/><counter type="METHOD" missed="0" covered="1"/></method><method name="perfectSquare" desc="(Ljava/math/BigInteger;)Z" line="243"><counter type="INSTRUCTION" missed="1" covered="36"/><counter type="BRANCH" missed="1" covered="3"/><counter type="LINE" missed="0" covered="6"/><counter type="COMPLEXITY" missed="1" covered="2"/><counter type="METHOD" missed="0" covered="1"/></method><method name="heronsMethod" desc="(Ljava/math/BigDecimal;)Ljava/math/BigDecimal;" line="253"><counter type="INSTRUCTION" missed="0" covered="67"/><counter type="BRANCH" missed="0" covered="2"/><counter type="LINE" missed="0" covered="14"/><counter type="COMPLEXITY" missed="0" covered="2"/><counter type="METHOD" missed="0" covered="1"/></method><method name="calculateSuccessor" desc="(Ljava/math/BigDecimal;Ljava/math/BigDecimal;)Ljava/math/BigDecimal;" line="271"><counter type="INSTRUCTION" missed="1" covered="37"/><counter type="BRANCH" missed="1" covered="1"/><counter type="LINE" missed="0" covered="7"/><counter type="COMPLEXITY" missed="1" covered="1"/><counter type="METHOD" missed="0" covered="1"/></method><method name="seedValue" desc="(Ljava/math/BigDecimal;)Ljava/math/BigDecimal;" line="281"><counter type="INSTRUCTION" missed="0" covered="37"/><counter type="BRANCH" missed="0" covered="2"/><counter type="LINE" missed="0" covered="5"/><counter type="COMPLEXITY" missed="0" covered="2"/><counter type="METHOD" missed="0" covered="1"/></method><method name="scientificNotationForSqrt" desc="(Ljava/math/BigDecimal;)Lcom/github/ltennstedt/finnmath/core/number/ScientificNotation;" line="290"><counter type="INSTRUCTION" missed="0" covered="56"/><counter type="BRANCH" missed="0" covered="2"/><counter type="LINE" missed="0" covered="12"/><counter type="COMPLEXITY" missed="0" covered="2"/><counter type="METHOD" missed="0" covered="1"/></method><method name="toString" desc="()Ljava/lang/String;" line="307"><counter type="INSTRUCTION" missed="0" covered="16"/><counter type="LINE" missed="0" covered="2"/><counter type="COMPLEXITY" missed="0" covered="1"/><counter type="METHOD" missed="0" covered="1"/></method><method name="getPrecision" desc="()Ljava/math/BigDecimal;" line="312"><counter type="INSTRUCTION" missed="0" covered="3"/><counter type="LINE" missed="0" covered="1"/><counter type="COMPLEXITY" missed="0" covered="1"/><counter type="METHOD" missed="0" covered="1"/></method><method name="getScale" desc="()I" line="316"><counter type="INSTRUCTION" missed="0" covered="3"/><counter type="LINE" missed="0" covered="1"/><counter type="COMPLEXITY" missed="0" covered="1"/><counter type="METHOD" missed="0" covered="1"/></method><method name="getRoundingMode" desc="()Ljava/math/RoundingMode;" line="320"><counter type="INSTRUCTION" missed="0" covered="3"/><counter type="LINE" missed="0" covered="1"/><counter type="COMPLEXITY" missed="0" covered="1"/><counter type="METHOD" missed="0" covered="1"/></method><method name="&lt;clinit&gt;" desc="()V" line="48"><counter type="INSTRUCTION" missed="0" covered="9"/><counter type="LINE" missed="0" covered="3"/><counter type="COMPLEXITY" missed="0" covered="1"/><counter type="METHOD" missed="0" covered="1"/></method><counter type="INSTRUCTION" missed="4" covered="436"/><counter type="BRANCH" missed="4" covered="26"/><counter type="LINE" missed="0" covered="88"/><counter type="COMPLEXITY" missed="4" covered="28"/><counter type="METHOD" missed="0" covered="17"/><counter type="CLASS" missed="0" covered="1"/></class><class name="com/github/ltennstedt/finnmath/core/util/MathRandom"><method name="&lt;init&gt;" desc="()V" line="70"><counter type="INSTRUCTION" missed="0" covered="8"/><counter type="LINE" missed="0" covered="3"/><counter type="COMPLEXITY" missed="0" covered="1"/><counter type="METHOD" missed="0" covered="1"/></method><method name="&lt;init&gt;" desc="(J)V" line="81"><counter type="INSTRUCTION" missed="0" covered="9"/><counter type="LINE" missed="0" covered="3"/><counter type="COMPLEXITY" missed="0" covered="1"/><counter type="METHOD" missed="0" covered="1"/></method><method name="nextPositiveBigInteger" desc="(J)Ljava/math/BigInteger;" line="97"><counter type="INSTRUCTION" missed="0" covered="15"/><counter type="BRANCH" missed="0" covered="2"/><counter type="LINE" missed="0" covered="2"/><counter type="COMPLEXITY" missed="0" covered="2"/><counter type="METHOD" missed="0" covered="1"/></method><method name="nextNegativeBigInteger" desc="(J)Ljava/math/BigInteger;" line="114"><counter type="INSTRUCTION" missed="0" covered="15"/><counter type="BRANCH" missed="0" covered="2"/><counter type="LINE" missed="0" covered="2"/><counter type="COMPLEXITY" missed="0" covered="2"/><counter type="METHOD" missed="0" covered="1"/></method><method name="nextBigInteger" desc="(J)Ljava/math/BigInteger;" line="132"><counter type="INSTRUCTION" missed="0" covered="22"/><counter type="BRANCH" missed="0" covered="4"/><counter type="LINE" missed="0" covered="2"/><counter type="COMPLEXITY" missed="0" covered="3"/><counter type="METHOD" missed="0" covered="1"/></method><method name="nextPositiveBigIntegers" desc="(JI)Ljava/util/List;" line="153"><counter type="INSTRUCTION" missed="1" covered="32"/><counter type="BRANCH" missed="1" covered="3"/><counter type="LINE" missed="0" covered="5"/><counter type="COMPLEXITY" missed="1" covered="2"/><counter type="METHOD" missed="0" covered="1"/></method><method name="nextNegativeBigIntegers" desc="(JI)Ljava/util/List;" line="177"><counter type="INSTRUCTION" missed="1" covered="32"/><counter type="BRANCH" missed="1" covered="3"/><counter type="LINE" missed="0" covered="5"/><counter type="COMPLEXITY" missed="1" covered="2"/><counter type="METHOD" missed="0" covered="1"/></method><method name="nextBigIntegers" desc="(JI)Ljava/util/List;" line="201"><counter type="INSTRUCTION" missed="1" covered="32"/><counter type="BRANCH" missed="1" covered="3"/><counter type="LINE" missed="0" covered="5"/><counter type="COMPLEXITY" missed="1" covered="2"/><counter type="METHOD" missed="0" covered="1"/></method><method name="nextPositiveBigDecimal" desc="(JI)Ljava/math/BigDecimal;" line="224"><counter type="INSTRUCTION" missed="3" covered="30"/><counter type="BRANCH" missed="1" covered="5"/><counter type="LINE" missed="0" covered="4"/><counter type="COMPLEXITY" missed="1" covered="3"/><counter type="METHOD" missed="0" covered="1"/></method><method name="nextNegativeBigDecimal" desc="(JI)Ljava/math/BigDecimal;" line="246"><counter type="INSTRUCTION" missed="0" covered="33"/><counter type="BRANCH" missed="0" covered="6"/><counter type="LINE" missed="0" covered="4"/><counter type="COMPLEXITY" missed="0" covered="4"/><counter type="METHOD" missed="0" covered="1"/></method><method name="nextBigDecimal" desc="(JI)Ljava/math/BigDecimal;" line="268"><counter type="INSTRUCTION" missed="0" covered="32"/><counter type="BRANCH" missed="0" covered="4"/><counter type="LINE" missed="0" covered="4"/><counter type="COMPLEXITY" missed="0" covered="3"/><counter type="METHOD" missed="0" covered="1"/></method><method name="nextInvertiblePositiveBigDecimal" desc="(JI)Ljava/math/BigDecimal;" line="290"><counter type="INSTRUCTION" missed="3" covered="30"/><counter type="BRANCH" missed="1" covered="5"/><counter type="LINE" missed="0" covered="4"/><counter type="COMPLEXITY" missed="1" covered="3"/><counter type="METHOD" missed="0" covered="1"/></method><method name="nextInvertibleNegativeBigDecimal" desc="(JI)Ljava/math/BigDecimal;" line="313"><counter type="INSTRUCTION" missed="1" covered="32"/><counter type="BRANCH" missed="1" covered="5"/><counter type="LINE" missed="0" covered="4"/><counter type="COMPLEXITY" missed="1" covered="3"/><counter type="METHOD" missed="0" covered="1"/></method><method name="nextInvertibleBigDecimal" desc="(JI)Ljava/math/BigDecimal;" line="335"><counter type="INSTRUCTION" missed="0" covered="32"/><counter type="BRANCH" missed="0" covered="4"/><counter type="LINE" missed="0" covered="4"/><counter type="COMPLEXITY" missed="0" covered="3"/><counter type="METHOD" missed="0" covered="1"/></method><method name="keepBigDecimalInBound" desc="(Ljava/math/BigDecimal;J)Ljava/math/BigDecimal;" line="343"><counter type="INSTRUCTION" missed="0" covered="33"/><counter type="BRANCH" missed="0" covered="6"/><counter type="LINE" missed="0" covered="8"/><counter type="COMPLEXITY" missed="0" covered="4"/><counter type="METHOD" missed="0" covered="1"/></method><method name="nextPositiveBigDecimals" desc="(JII)Ljava/util/List;" line="378"><counter type="INSTRUCTION" missed="0" covered="43"/><counter type="BRANCH" missed="0" covered="6"/><counter type="LINE" missed="0" covered="6"/><counter type="COMPLEXITY" missed="0" covered="4"/><counter type="METHOD" missed="0" covered="1"/></method><method name="nextNegativeBigDecimals" desc="(JII)Ljava/util/List;" line="407"><counter type="INSTRUCTION" missed="0" covered="43"/><counter type="BRANCH" missed="0" covered="6"/><counter type="LINE" missed="0" covered="6"/><counter type="COMPLEXITY" missed="0" covered="4"/><counter type="METHOD" missed="0" covered="1"/></method><method name="nextBigDecimals" desc="(JII)Ljava/util/List;" line="436"><counter type="INSTRUCTION" missed="0" covered="43"/><counter type="BRANCH" missed="0" covered="6"/><counter type="LINE" missed="0" covered="6"/><counter type="COMPLEXITY" missed="0" covered="4"/><counter type="METHOD" missed="0" covered="1"/></method><method name="nextInvertiblePositiveBigDecimals" desc="(JII)Ljava/util/List;" line="465"><counter type="INSTRUCTION" missed="0" covered="43"/><counter type="BRANCH" missed="0" covered="6"/><counter type="LINE" missed="0" covered="6"/><counter type="COMPLEXITY" missed="0" covered="4"/><counter type="METHOD" missed="0" covered="1"/></method><method name="nextInvertibleNegativeBigDecimals" desc="(JII)Ljava/util/List;" line="494"><counter type="INSTRUCTION" missed="0" covered="43"/><counter type="BRANCH" missed="0" covered="6"/><counter type="LINE" missed="0" covered="6"/><counter type="COMPLEXITY" missed="0" covered="4"/><counter type="METHOD" missed="0" covered="1"/></method><method name="nextInvertibleBigDecimals" desc="(JII)Ljava/util/List;" line="523"><counter type="INSTRUCTION" missed="0" covered="43"/><counter type="BRANCH" missed="0" covered="6"/><counter type="LINE" missed="0" covered="6"/><counter type="COMPLEXITY" missed="0" covered="4"/><counter type="METHOD" missed="0" covered="1"/></method><method name="nextPositiveFraction" desc="(J)Lcom/github/ltennstedt/finnmath/core/number/Fraction;" line="545"><counter type="INSTRUCTION" missed="0" covered="24"/><counter type="BRANCH" missed="0" covered="2"/><counter type="LINE" missed="0" covered="4"/><counter type="COMPLEXITY" missed="0" covered="2"/><counter type="METHOD" missed="0" covered="1"/></method><method name="nextNegativeFraction" desc="(J)Lcom/github/ltennstedt/finnmath/core/number/Fraction;" line="565"><counter type="INSTRUCTION" missed="0" covered="15"/><counter type="BRANCH" missed="0" covered="2"/><counter type="LINE" missed="0" covered="2"/><counter type="COMPLEXITY" missed="0" covered="2"/><counter type="METHOD" missed="0" covered="1"/></method><method name="nextFraction" desc="(J)Lcom/github/ltennstedt/finnmath/core/number/Fraction;" line="583"><counter type="INSTRUCTION" missed="0" covered="22"/><counter type="BRANCH" missed="0" covered="4"/><counter type="LINE" missed="0" covered="2"/><counter type="COMPLEXITY" missed="0" covered="3"/><counter type="METHOD" missed="0" covered="1"/></method><method name="nextInvertiblePositiveFraction" desc="(J)Lcom/github/ltennstedt/finnmath/core/number/Fraction;" line="599"><counter type="INSTRUCTION" missed="0" covered="24"/><counter type="BRANCH" missed="0" covered="2"/><counter type="LINE" missed="0" covered="4"/><counter type="COMPLEXITY" missed="0" covered="2"/><counter type="METHOD" missed="0" covered="1"/></method><method name="nextInvertibleNegativeFraction" desc="(J)Lcom/github/ltennstedt/finnmath/core/number/Fraction;" line="617"><counter type="INSTRUCTION" missed="0" covered="15"/><counter type="BRANCH" missed="0" covered="2"/><counter type="LINE" missed="0" covered="2"/><counter type="COMPLEXITY" missed="0" covered="2"/><counter type="METHOD" missed="0" covered="1"/></method><method name="nextInvertibleFraction" desc="(J)Lcom/github/ltennstedt/finnmath/core/number/Fraction;" line="633"><counter type="INSTRUCTION" missed="0" covered="22"/><counter type="BRANCH" missed="0" covered="4"/><counter type="LINE" missed="0" covered="2"/><counter type="COMPLEXITY" missed="0" covered="3"/><counter type="METHOD" missed="0" covered="1"/></method><method name="nextPositiveFractions" desc="(JI)Ljava/util/List;" line="654"><counter type="INSTRUCTION" missed="0" covered="33"/><counter type="BRANCH" missed="0" covered="4"/><counter type="LINE" missed="0" covered="5"/><counter type="COMPLEXITY" missed="0" covered="3"/><counter type="METHOD" missed="0" covered="1"/></method><method name="nextNegativeFractions" desc="(JI)Ljava/util/List;" line="678"><counter type="INSTRUCTION" missed="0" covered="33"/><counter type="BRANCH" missed="0" covered="4"/><counter type="LINE" missed="0" covered="5"/><counter type="COMPLEXITY" missed="0" covered="3"/><counter type="METHOD" missed="0" covered="1"/></method><method name="nextFractions" desc="(JI)Ljava/util/List;" line="702"><counter type="INSTRUCTION" missed="0" covered="33"/><counter type="BRANCH" missed="0" covered="4"/><counter type="LINE" missed="0" covered="5"/><counter type="COMPLEXITY" missed="0" covered="3"/><counter type="METHOD" missed="0" covered="1"/></method><method name="nextInvertiblePositiveFractions" desc="(JI)Ljava/util/List;" line="726"><counter type="INSTRUCTION" missed="0" covered="33"/><counter type="BRANCH" missed="0" covered="4"/><counter type="LINE" missed="0" covered="5"/><counter type="COMPLEXITY" missed="0" covered="3"/><counter type="METHOD" missed="0" covered="1"/></method><method name="nextInvertibleNegativeFractions" desc="(JI)Ljava/util/List;" line="750"><counter type="INSTRUCTION" missed="0" covered="33"/><counter type="BRANCH" missed="0" covered="4"/><counter type="LINE" missed="0" covered="5"/><counter type="COMPLEXITY" missed="0" covered="3"/><counter type="METHOD" missed="0" covered="1"/></method><method name="nextInvertibleFractions" desc="(JI)Ljava/util/List;" line="774"><counter type="INSTRUCTION" missed="0" covered="33"/><counter type="BRANCH" missed="0" covered="4"/><counter type="LINE" missed="0" covered="5"/><counter type="COMPLEXITY" missed="0" covered="3"/><counter type="METHOD" missed="0" covered="1"/></method><method name="nextSimpleComplexNumber" desc="(J)Lcom/github/ltennstedt/finnmath/core/number/SimpleComplexNumber;" line="795"><counter type="INSTRUCTION" missed="0" covered="18"/><counter type="BRANCH" missed="0" covered="2"/><counter type="LINE" missed="0" covered="2"/><counter type="COMPLEXITY" missed="0" covered="2"/><counter type="METHOD" missed="0" covered="1"/></method><method name="nextInvertibleSimpleComplexNumber" desc="(J)Lcom/github/ltennstedt/finnmath/core/number/SimpleComplexNumber;" line="811"><counter type="INSTRUCTION" missed="0" covered="31"/><counter type="BRANCH" missed="0" covered="4"/><counter type="LINE" missed="0" covered="5"/><counter type="COMPLEXITY" missed="0" covered="3"/><counter type="METHOD" missed="0" covered="1"/></method><method name="nextSimpleComplexNumbers" desc="(JI)Ljava/util/List;" line="836"><counter type="INSTRUCTION" missed="0" covered="33"/><counter type="BRANCH" missed="0" covered="4"/><counter type="LINE" missed="0" covered="5"/><counter type="COMPLEXITY" missed="0" covered="3"/><counter type="METHOD" missed="0" covered="1"/></method><method name="nextInvertibleSimpleComplexNumbers" desc="(JI)Ljava/util/List;" line="861"><counter type="INSTRUCTION" missed="0" covered="33"/><counter type="BRANCH" missed="0" covered="4"/><counter type="LINE" missed="0" covered="5"/><counter type="COMPLEXITY" missed="0" covered="3"/><counter type="METHOD" missed="0" covered="1"/></method><method name="nextRealComplexNumber" desc="(JI)Lcom/github/ltennstedt/finnmath/core/number/RealComplexNumber;" line="883"><counter type="INSTRUCTION" missed="0" covered="33"/><counter type="BRANCH" missed="0" covered="4"/><counter type="LINE" missed="0" covered="5"/><counter type="COMPLEXITY" missed="0" covered="3"/><counter type="METHOD" missed="0" covered="1"/></method><method name="nextInvertibleRealComplexNumber" desc="(JI)Lcom/github/ltennstedt/finnmath/core/number/RealComplexNumber;" line="904"><counter type="INSTRUCTION" missed="0" covered="50"/><counter type="BRANCH" missed="0" covered="8"/><counter type="LINE" missed="0" covered="6"/><counter type="COMPLEXITY" missed="0" covered="5"/><counter type="METHOD" missed="0" covered="1"/></method><method name="nextRealComplexNumbers" desc="(JII)Ljava/util/List;" line="935"><counter type="INSTRUCTION" missed="0" covered="43"/><counter type="BRANCH" missed="0" covered="6"/><counter type="LINE" missed="0" covered="6"/><counter type="COMPLEXITY" missed="0" covered="4"/><counter type="METHOD" missed="0" covered="1"/></method><method name="nextInvertibleRealComplexNumbers" desc="(JII)Ljava/util/List;" line="966"><counter type="INSTRUCTION" missed="0" covered="43"/><counter type="BRANCH" missed="0" covered="6"/><counter type="LINE" missed="0" covered="6"/><counter type="COMPLEXITY" missed="0" covered="4"/><counter type="METHOD" missed="0" covered="1"/></method><method name="nextPolarForm" desc="(JI)Lcom/github/ltennstedt/finnmath/core/number/PolarForm;" line="990"><counter type="INSTRUCTION" missed="0" covered="31"/><counter type="BRANCH" missed="0" covered="4"/><counter type="LINE" missed="0" covered="3"/><counter type="COMPLEXITY" missed="0" covered="3"/><counter type="METHOD" missed="0" covered="1"/></method><method name="nextPolarForms" desc="(JII)Ljava/util/List;" line="1017"><counter type="INSTRUCTION" missed="0" covered="43"/><counter type="BRANCH" missed="0" covered="6"/><counter type="LINE" missed="0" covered="6"/><counter type="COMPLEXITY" missed="0" covered="4"/><counter type="METHOD" missed="0" covered="1"/></method><method name="nextBigIntegerVector" desc="(JI)Lcom/github/ltennstedt/finnmath/core/linear/BigIntegerVector;" line="1041"><counter type="INSTRUCTION" missed="0" covered="32"/><counter type="BRANCH" missed="0" covered="4"/><counter type="LINE" missed="0" covered="5"/><counter type="COMPLEXITY" missed="0" covered="3"/><counter type="METHOD" missed="0" covered="1"/></method><method name="nextBigIntegerVectors" desc="(JII)Ljava/util/List;" line="1069"><counter type="INSTRUCTION" missed="0" covered="42"/><counter type="BRANCH" missed="0" covered="6"/><counter type="LINE" missed="0" covered="6"/><counter type="COMPLEXITY" missed="0" covered="4"/><counter type="METHOD" missed="0" covered="1"/></method><method name="nextBigIntegerMatrix" desc="(JII)Lcom/github/ltennstedt/finnmath/core/linear/BigIntegerMatrix;" line="1097"><counter type="INSTRUCTION" missed="0" covered="46"/><counter type="BRANCH" missed="0" covered="6"/><counter type="LINE" missed="0" covered="7"/><counter type="COMPLEXITY" missed="0" covered="4"/><counter type="METHOD" missed="0" covered="1"/></method><method name="nextUpperTriangularBigIntegerMatrix" desc="(JI)Lcom/github/ltennstedt/finnmath/core/linear/BigIntegerMatrix;" line="1124"><counter type="INSTRUCTION" missed="0" covered="38"/><counter type="BRANCH" missed="0" covered="4"/><counter type="LINE" missed="0" covered="5"/><counter type="COMPLEXITY" missed="0" covered="3"/><counter type="METHOD" missed="0" covered="1"/></method><method name="nextLowerTriangularBigIntegerMatrix" desc="(JI)Lcom/github/ltennstedt/finnmath/core/linear/BigIntegerMatrix;" line="1155"><counter type="INSTRUCTION" missed="0" covered="38"/><counter type="BRANCH" missed="0" covered="4"/><counter type="LINE" missed="0" covered="5"/><counter type="COMPLEXITY" missed="0" covered="3"/><counter type="METHOD" missed="0" covered="1"/></method><method name="nextTriangularBigIntegerMatrix" desc="(JI)Lcom/github/ltennstedt/finnmath/core/linear/BigIntegerMatrix;" line="1187"><counter type="INSTRUCTION" missed="0" covered="32"/><counter type="BRANCH" missed="0" covered="6"/><counter type="LINE" missed="0" covered="4"/><counter type="COMPLEXITY" missed="0" covered="4"/><counter type="METHOD" missed="0" covered="1"/></method><method name="nextDiagonalBigIntegerMatrix" desc="(JI)Lcom/github/ltennstedt/finnmath/core/linear/BigIntegerMatrix;" line="1209"><counter type="INSTRUCTION" missed="0" covered="38"/><counter type="BRANCH" missed="0" covered="4"/><counter type="LINE" missed="0" covered="5"/><counter type="COMPLEXITY" missed="0" covered="3"/><counter type="METHOD" missed="0" covered="1"/></method><method name="nextSymmetricBigIntegerMatrix" desc="(JI)Lcom/github/ltennstedt/finnmath/core/linear/BigIntegerMatrix;" line="1239"><counter type="INSTRUCTION" missed="0" covered="38"/><counter type="BRANCH" missed="0" covered="4"/><counter type="LINE" missed="0" covered="5"/><counter type="COMPLEXITY" missed="0" covered="3"/><counter type="METHOD" missed="0" covered="1"/></method><method name="nextSkewSymmetricBigIntegerMatrix" desc="(JI)Lcom/github/ltennstedt/finnmath/core/linear/BigIntegerMatrix;" line="1271"><counter type="INSTRUCTION" missed="0" covered="38"/><counter type="BRANCH" missed="0" covered="4"/><counter type="LINE" missed="0" covered="5"/><counter type="COMPLEXITY" missed="0" covered="3"/><counter type="METHOD" missed="0" covered="1"/></method><method name="nextBigIntegerMatrices" desc="(JIII)Ljava/util/List;" line="1316"><counter type="INSTRUCTION" missed="0" covered="51"/><counter type="BRANCH" missed="0" covered="8"/><counter type="LINE" missed="0" covered="7"/><counter type="COMPLEXITY" missed="0" covered="5"/><counter type="METHOD" missed="0" covered="1"/></method><method name="nextUpperTriangularBigIntegerMatrices" desc="(JII)Ljava/util/List;" line="1349"><counter type="INSTRUCTION" missed="0" covered="42"/><counter type="BRANCH" missed="0" covered="6"/><counter type="LINE" missed="0" covered="6"/><counter type="COMPLEXITY" missed="0" covered="4"/><counter type="METHOD" missed="0" covered="1"/></method><method name="nextLowerTriangularBigIntegerMatrices" desc="(JII)Ljava/util/List;" line="1381"><counter type="INSTRUCTION" missed="0" covered="42"/><counter type="BRANCH" missed="0" covered="6"/><counter type="LINE" missed="0" covered="6"/><counter type="COMPLEXITY" missed="0" covered="4"/><counter type="METHOD" missed="0" covered="1"/></method><method name="nextTriangularBigIntegerMatrices" desc="(JII)Ljava/util/List;" line="1413"><counter type="INSTRUCTION" missed="0" covered="42"/><counter type="BRANCH" missed="0" covered="6"/><counter type="LINE" missed="0" covered="6"/><counter type="COMPLEXITY" missed="0" covered="4"/><counter type="METHOD" missed="0" covered="1"/></method><method name="nextDiagonalBigIntegerMatrices" desc="(JII)Ljava/util/List;" line="1444"><counter type="INSTRUCTION" missed="0" covered="42"/><counter type="BRANCH" missed="0" covered="6"/><counter type="LINE" missed="0" covered="6"/><counter type="COMPLEXITY" missed="0" covered="4"/><counter type="METHOD" missed="0" covered="1"/></method><method name="nextSymmetricBigIntegerMatrices" desc="(JII)Ljava/util/List;" line="1475"><counter type="INSTRUCTION" missed="0" covered="42"/><counter type="BRANCH" missed="0" covered="6"/><counter type="LINE" missed="0" covered="6"/><counter type="COMPLEXITY" missed="0" covered="4"/><counter type="METHOD" missed="0" covered="1"/></method><method name="nextSkewSymmetricBigIntegerMatrices" desc="(JII)Ljava/util/List;" line="1507"><counter type="INSTRUCTION" missed="0" covered="42"/><counter type="BRANCH" missed="0" covered="6"/><counter type="LINE" missed="0" covered="6"/><counter type="COMPLEXITY" missed="0" covered="4"/><counter type="METHOD" missed="0" covered="1"/></method><method name="nextBigDecimalVector" desc="(JII)Lcom/github/ltennstedt/finnmath/core/linear/BigDecimalVector;" line="1535"><counter type="INSTRUCTION" missed="0" covered="42"/><counter type="BRANCH" missed="0" covered="6"/><counter type="LINE" missed="0" covered="6"/><counter type="COMPLEXITY" missed="0" covered="4"/><counter type="METHOD" missed="0" covered="1"/></method><method name="nextBigDecimalVectors" desc="(JIII)Ljava/util/List;" line="1573"><counter type="INSTRUCTION" missed="0" covered="52"/><counter type="BRANCH" missed="0" covered="8"/><counter type="LINE" missed="0" covered="7"/><counter type="COMPLEXITY" missed="0" covered="5"/><counter type="METHOD" missed="0" covered="1"/></method><method name="nextBigDecimalMatrix" desc="(JIII)Lcom/github/ltennstedt/finnmath/core/linear/BigDecimalMatrix;" line="1607"><counter type="INSTRUCTION" missed="0" covered="56"/><counter type="BRANCH" missed="0" covered="8"/><counter type="LINE" missed="0" covered="8"/><counter type="COMPLEXITY" missed="0" covered="5"/><counter type="METHOD" missed="0" covered="1"/></method><method name="nextUpperTriangularBigDecimalMatrix" desc="(JII)Lcom/github/ltennstedt/finnmath/core/linear/BigDecimalMatrix;" line="1639"><counter type="INSTRUCTION" missed="0" covered="39"/><counter type="BRANCH" missed="0" covered="4"/><counter type="LINE" missed="0" covered="5"/><counter type="COMPLEXITY" missed="0" covered="3"/><counter type="METHOD" missed="0" covered="1"/></method><method name="nextLowerTriangularBigDecimalMatrix" desc="(JII)Lcom/github/ltennstedt/finnmath/core/linear/BigDecimalMatrix;" line="1674"><counter type="INSTRUCTION" missed="0" covered="39"/><counter type="BRANCH" missed="0" covered="4"/><counter type="LINE" missed="0" covered="5"/><counter type="COMPLEXITY" missed="0" covered="3"/><counter type="METHOD" missed="0" covered="1"/></method><method name="nextTriangularBigDecimalMatrix" desc="(JII)Lcom/github/ltennstedt/finnmath/core/linear/BigDecimalMatrix;" line="1710"><counter type="INSTRUCTION" missed="0" covered="34"/><counter type="BRANCH" missed="0" covered="6"/><counter type="LINE" missed="0" covered="4"/><counter type="COMPLEXITY" missed="0" covered="4"/><counter type="METHOD" missed="0" covered="1"/></method><method name="nextDiagonalBigDecimalMatrix" desc="(JII)Lcom/github/ltennstedt/finnmath/core/linear/BigDecimalMatrix;" line="1736"><counter type="INSTRUCTION" missed="0" covered="39"/><counter type="BRANCH" missed="0" covered="4"/><counter type="LINE" missed="0" covered="5"/><counter type="COMPLEXITY" missed="0" covered="3"/><counter type="METHOD" missed="0" covered="1"/></method><method name="nextSymmetricBigDecimalMatrix" desc="(JII)Lcom/github/ltennstedt/finnmath/core/linear/BigDecimalMatrix;" line="1770"><counter type="INSTRUCTION" missed="0" covered="39"/><counter type="BRANCH" missed="0" covered="4"/><counter type="LINE" missed="0" covered="5"/><counter type="COMPLEXITY" missed="0" covered="3"/><counter type="METHOD" missed="0" covered="1"/></method><method name="nextSkewSymmetricBigDecimalMatrix" desc="(JII)Lcom/github/ltennstedt/finnmath/core/linear/BigDecimalMatrix;" line="1806"><counter type="INSTRUCTION" missed="0" covered="39"/><counter type="BRANCH" missed="0" covered="4"/><counter type="LINE" missed="0" covered="5"/><counter type="COMPLEXITY" missed="0" covered="3"/><counter type="METHOD" missed="0" covered="1"/></method><method name="nextBigDecimalMatrices" desc="(JIIII)Ljava/util/List;" line="1855"><counter type="INSTRUCTION" missed="0" covered="61"/><counter type="BRANCH" missed="0" covered="10"/><counter type="LINE" missed="0" covered="8"/><counter type="COMPLEXITY" missed="0" covered="6"/><counter type="METHOD" missed="0" covered="1"/></method><method name="nextUpperTriangularBigDecimalMatrices" desc="(JIII)Ljava/util/List;" line="1893"><counter type="INSTRUCTION" missed="0" covered="52"/><counter type="BRANCH" missed="0" covered="8"/><counter type="LINE" missed="0" covered="7"/><counter type="COMPLEXITY" missed="0" covered="5"/><counter type="METHOD" missed="0" covered="1"/></method><method name="nextLowerTriangularBigDecimalMatrices" desc="(JIII)Ljava/util/List;" line="1930"><counter type="INSTRUCTION" missed="0" covered="52"/><counter type="BRANCH" missed="0" covered="8"/><counter type="LINE" missed="0" covered="7"/><counter type="COMPLEXITY" missed="0" covered="5"/><counter type="METHOD" missed="0" covered="1"/></method><method name="nextTriangularBigDecimalMatrices" desc="(JIII)Ljava/util/List;" line="1967"><counter type="INSTRUCTION" missed="0" covered="52"/><counter type="BRANCH" missed="0" covered="8"/><counter type="LINE" missed="0" covered="7"/><counter type="COMPLEXITY" missed="0" covered="5"/><counter type="METHOD" missed="0" covered="1"/></method><method name="nextDiagonalBigDecimalMatrices" desc="(JIII)Ljava/util/List;" line="2004"><counter type="INSTRUCTION" missed="0" covered="52"/><counter type="BRANCH" missed="0" covered="8"/><counter type="LINE" missed="0" covered="7"/><counter type="COMPLEXITY" missed="0" covered="5"/><counter type="METHOD" missed="0" covered="1"/></method><method name="nextSymmetricBigDecimalMatrices" desc="(JIII)Ljava/util/List;" line="2041"><counter type="INSTRUCTION" missed="0" covered="52"/><counter type="BRANCH" missed="0" covered="8"/><counter type="LINE" missed="0" covered="7"/><counter type="COMPLEXITY" missed="0" covered="5"/><counter type="METHOD" missed="0" covered="1"/></method><method name="nextSkewSymmetricBigDecimalMatrices" desc="(JIII)Ljava/util/List;" line="2078"><counter type="INSTRUCTION" missed="0" covered="52"/><counter type="BRANCH" missed="0" covered="8"/><counter type="LINE" missed="0" covered="7"/><counter type="COMPLEXITY" missed="0" covered="5"/><counter type="METHOD" missed="0" covered="1"/></method><method name="nextSimpleComplexNumberVector" desc="(JI)Lcom/github/ltennstedt/finnmath/core/linear/SimpleComplexNumberVector;" line="2103"><counter type="INSTRUCTION" missed="0" covered="32"/><counter type="BRANCH" missed="0" covered="4"/><counter type="LINE" missed="0" covered="6"/><counter type="COMPLEXITY" missed="0" covered="3"/><counter type="METHOD" missed="0" covered="1"/></method><method name="nextSimpleComplexNumberVectors" desc="(JII)Ljava/util/List;" line="2133"><counter type="INSTRUCTION" missed="0" covered="42"/><counter type="BRANCH" missed="0" covered="6"/><counter type="LINE" missed="0" covered="6"/><counter type="COMPLEXITY" missed="0" covered="4"/><counter type="METHOD" missed="0" covered="1"/></method><method name="nextSimpleComplexNumberMatrix" desc="(JII)Lcom/github/ltennstedt/finnmath/core/linear/SimpleComplexNumberMatrix;" line="2162"><counter type="INSTRUCTION" missed="0" covered="46"/><counter type="BRANCH" missed="0" covered="6"/><counter type="LINE" missed="0" covered="7"/><counter type="COMPLEXITY" missed="0" covered="4"/><counter type="METHOD" missed="0" covered="1"/></method><method name="nextUpperTriangularSimpleComplexNumberMatrix" desc="(JI)Lcom/github/ltennstedt/finnmath/core/linear/SimpleComplexNumberMatrix;" line="2189"><counter type="INSTRUCTION" missed="0" covered="38"/><counter type="BRANCH" missed="0" covered="4"/><counter type="LINE" missed="0" covered="5"/><counter type="COMPLEXITY" missed="0" covered="3"/><counter type="METHOD" missed="0" covered="1"/></method><method name="nextLowerTriangularSimpleComplexNumberMatrix" desc="(JI)Lcom/github/ltennstedt/finnmath/core/linear/SimpleComplexNumberMatrix;" line="2220"><counter type="INSTRUCTION" missed="0" covered="38"/><counter type="BRANCH" missed="0" covered="4"/><counter type="LINE" missed="0" covered="5"/><counter type="COMPLEXITY" missed="0" covered="3"/><counter type="METHOD" missed="0" covered="1"/></method><method name="nextTriangularSimpleComplexNumberMatrix" desc="(JI)Lcom/github/ltennstedt/finnmath/core/linear/SimpleComplexNumberMatrix;" line="2253"><counter type="INSTRUCTION" missed="0" covered="32"/><counter type="BRANCH" missed="0" covered="6"/><counter type="LINE" missed="0" covered="4"/><counter type="COMPLEXITY" missed="0" covered="4"/><counter type="METHOD" missed="0" covered="1"/></method><method name="nextDiagonalSimpleComplexNumberMatrix" desc="(JI)Lcom/github/ltennstedt/finnmath/core/linear/SimpleComplexNumberMatrix;" line="2276"><counter type="INSTRUCTION" missed="0" covered="38"/><counter type="BRANCH" missed="0" covered="4"/><counter type="LINE" missed="0" covered="5"/><counter type="COMPLEXITY" missed="0" covered="3"/><counter type="METHOD" missed="0" covered="1"/></method><method name="nextSymmetricSimpleComplexNumberMatrix" desc="(JI)Lcom/github/ltennstedt/finnmath/core/linear/SimpleComplexNumberMatrix;" line="2307"><counter type="INSTRUCTION" missed="0" covered="38"/><counter type="BRANCH" missed="0" covered="4"/><counter type="LINE" missed="0" covered="5"/><counter type="COMPLEXITY" missed="0" covered="3"/><counter type="METHOD" missed="0" covered="1"/></method><method name="nextSkewSymmetricSimpleComplexNumberMatrix" desc="(JI)Lcom/github/ltennstedt/finnmath/core/linear/SimpleComplexNumberMatrix;" line="2340"><counter type="INSTRUCTION" missed="0" covered="38"/><counter type="BRANCH" missed="0" covered="4"/><counter type="LINE" missed="0" covered="5"/><counter type="COMPLEXITY" missed="0" covered="3"/><counter type="METHOD" missed="0" covered="1"/></method><method name="nextSimpleComplexNumberMatrices" desc="(JIII)Ljava/util/List;" line="2385"><counter type="INSTRUCTION" missed="0" covered="51"/><counter type="BRANCH" missed="0" covered="8"/><counter type="LINE" missed="0" covered="8"/><counter type="COMPLEXITY" missed="0" covered="5"/><counter type="METHOD" missed="0" covered="1"/></method><method name="nextUpperTriangularSimpleComplexNumberMatrices" desc="(JII)Ljava/util/List;" line="2419"><counter type="INSTRUCTION" missed="0" covered="42"/><counter type="BRANCH" missed="0" covered="6"/><counter type="LINE" missed="0" covered="7"/><counter type="COMPLEXITY" missed="0" covered="4"/><counter type="METHOD" missed="0" covered="1"/></method><method name="nextLowerTriangularSimpleComplexNumberMatrices" desc="(JII)Ljava/util/List;" line="2452"><counter type="INSTRUCTION" missed="0" covered="42"/><counter type="BRANCH" missed="0" covered="6"/><counter type="LINE" missed="0" covered="7"/><counter type="COMPLEXITY" missed="0" covered="4"/><counter type="METHOD" missed="0" covered="1"/></method><method name="nextTriangularSimpleComplexNumberMatrices" desc="(JII)Ljava/util/List;" line="2485"><counter type="INSTRUCTION" missed="0" covered="42"/><counter type="BRANCH" missed="0" covered="6"/><counter type="LINE" missed="0" covered="6"/><counter type="COMPLEXITY" missed="0" covered="4"/><counter type="METHOD" missed="0" covered="1"/></method><method name="nextDiagonalSimpleComplexNumberMatrices" desc="(JII)Ljava/util/List;" line="2517"><counter type="INSTRUCTION" missed="0" covered="42"/><counter type="BRANCH" missed="0" covered="6"/><counter type="LINE" missed="0" covered="6"/><counter type="COMPLEXITY" missed="0" covered="4"/><counter type="METHOD" missed="0" covered="1"/></method><method name="nextSymmetricSimpleComplexNumberMatrices" desc="(JII)Ljava/util/List;" line="2549"><counter type="INSTRUCTION" missed="0" covered="42"/><counter type="BRANCH" missed="0" covered="6"/><counter type="LINE" missed="0" covered="6"/><counter type="COMPLEXITY" missed="0" covered="4"/><counter type="METHOD" missed="0" covered="1"/></method><method name="nextSkewSymmetricSimpleComplexNumberMatrices" desc="(JII)Ljava/util/List;" line="2581"><counter type="INSTRUCTION" missed="0" covered="42"/><counter type="BRANCH" missed="0" covered="6"/><counter type="LINE" missed="0" covered="6"/><counter type="COMPLEXITY" missed="0" covered="4"/><counter type="METHOD" missed="0" covered="1"/></method><method name="nextRealComplexNumberVector" desc="(JII)Lcom/github/ltennstedt/finnmath/core/linear/RealComplexNumberVector;" line="2609"><counter type="INSTRUCTION" missed="0" covered="42"/><counter type="BRANCH" missed="0" covered="6"/><counter type="LINE" missed="0" covered="6"/><counter type="COMPLEXITY" missed="0" covered="4"/><counter type="METHOD" missed="0" covered="1"/></method><method name="nextRealComplexNumberVectors" desc="(JIII)Ljava/util/List;" line="2643"><counter type="INSTRUCTION" missed="0" covered="52"/><counter type="BRANCH" missed="0" covered="8"/><counter type="LINE" missed="0" covered="7"/><counter type="COMPLEXITY" missed="0" covered="5"/><counter type="METHOD" missed="0" covered="1"/></method><method name="nextRealComplexNumberMatrix" desc="(JIII)Lcom/github/ltennstedt/finnmath/core/linear/RealComplexNumberMatrix;" line="2677"><counter type="INSTRUCTION" missed="0" covered="56"/><counter type="BRANCH" missed="0" covered="8"/><counter type="LINE" missed="0" covered="8"/><counter type="COMPLEXITY" missed="0" covered="5"/><counter type="METHOD" missed="0" covered="1"/></method><method name="nextUpperTriangularRealComplexNumberMatrix" desc="(JII)Lcom/github/ltennstedt/finnmath/core/linear/RealComplexNumberMatrix;" line="2711"><counter type="INSTRUCTION" missed="0" covered="48"/><counter type="BRANCH" missed="0" covered="6"/><counter type="LINE" missed="0" covered="6"/><counter type="COMPLEXITY" missed="0" covered="4"/><counter type="METHOD" missed="0" covered="1"/></method><method name="nextLowerTriangularRealComplexNumberMatrix" desc="(JII)Lcom/github/ltennstedt/finnmath/core/linear/RealComplexNumberMatrix;" line="2749"><counter type="INSTRUCTION" missed="0" covered="48"/><counter type="BRANCH" missed="0" covered="6"/><counter type="LINE" missed="0" covered="6"/><counter type="COMPLEXITY" missed="0" covered="4"/><counter type="METHOD" missed="0" covered="1"/></method><method name="nextTriangularRealComplexNumberMatrix" desc="(JII)Lcom/github/ltennstedt/finnmath/core/linear/RealComplexNumberMatrix;" line="2788"><counter type="INSTRUCTION" missed="0" covered="43"/><counter type="BRANCH" missed="0" covered="8"/><counter type="LINE" missed="0" covered="5"/><counter type="COMPLEXITY" missed="0" covered="5"/><counter type="METHOD" missed="0" covered="1"/></method><method name="nextDiagonalRealComplexNumberMatrix" desc="(JII)Lcom/github/ltennstedt/finnmath/core/linear/RealComplexNumberMatrix;" line="2817"><counter type="INSTRUCTION" missed="0" covered="48"/><counter type="BRANCH" missed="0" covered="6"/><counter type="LINE" missed="0" covered="6"/><counter type="COMPLEXITY" missed="0" covered="4"/><counter type="METHOD" missed="0" covered="1"/></method><method name="nextSymmetricRealComplexNumberMatrix" desc="(JII)Lcom/github/ltennstedt/finnmath/core/linear/RealComplexNumberMatrix;" line="2854"><counter type="INSTRUCTION" missed="0" covered="48"/><counter type="BRANCH" missed="0" covered="6"/><counter type="LINE" missed="0" covered="6"/><counter type="COMPLEXITY" missed="0" covered="4"/><counter type="METHOD" missed="0" covered="1"/></method><method name="nextSkewSymmetricRealComplexNumberMatrix" desc="(JII)Lcom/github/ltennstedt/finnmath/core/linear/RealComplexNumberMatrix;" line="2893"><counter type="INSTRUCTION" missed="0" covered="48"/><counter type="BRANCH" missed="0" covered="6"/><counter type="LINE" missed="0" covered="6"/><counter type="COMPLEXITY" missed="0" covered="4"/><counter type="METHOD" missed="0" covered="1"/></method><method name="nextRealComplexNumberMatrices" desc="(JIIII)Ljava/util/List;" line="2943"><counter type="INSTRUCTION" missed="0" covered="61"/><counter type="BRANCH" missed="0" covered="10"/><counter type="LINE" missed="0" covered="9"/><counter type="COMPLEXITY" missed="0" covered="6"/><counter type="METHOD" missed="0" covered="1"/></method><method name="nextUpperTriangularRealComplexNumberMatrices" desc="(JIII)Ljava/util/List;" line="2982"><counter type="INSTRUCTION" missed="0" covered="52"/><counter type="BRANCH" missed="0" covered="8"/><counter type="LINE" missed="0" covered="8"/><counter type="COMPLEXITY" missed="0" covered="5"/><counter type="METHOD" missed="0" covered="1"/></method><method name="nextLowerTriangularRealComplexNumberMatrices" desc="(JIII)Ljava/util/List;" line="3020"><counter type="INSTRUCTION" missed="0" covered="52"/><counter type="BRANCH" missed="0" covered="8"/><counter type="LINE" missed="0" covered="8"/><counter type="COMPLEXITY" missed="0" covered="5"/><counter type="METHOD" missed="0" covered="1"/></method><method name="nextTriangularRealComplexNumberMatrices" desc="(JIII)Ljava/util/List;" line="3058"><counter type="INSTRUCTION" missed="0" covered="52"/><counter type="BRANCH" missed="0" covered="8"/><counter type="LINE" missed="0" covered="8"/><counter type="COMPLEXITY" missed="0" covered="5"/><counter type="METHOD" missed="0" covered="1"/></method><method name="nextDiagonalRealComplexNumberMatrices" desc="(JIII)Ljava/util/List;" line="3096"><counter type="INSTRUCTION" missed="0" covered="52"/><counter type="BRANCH" missed="0" covered="8"/><counter type="LINE" missed="0" covered="7"/><counter type="COMPLEXITY" missed="0" covered="5"/><counter type="METHOD" missed="0" covered="1"/></method><method name="nextSymmetricRealComplexNumberMatrices" desc="(JIII)Ljava/util/List;" line="3133"><counter type="INSTRUCTION" missed="0" covered="52"/><counter type="BRANCH" missed="0" covered="8"/><counter type="LINE" missed="0" covered="8"/><counter type="COMPLEXITY" missed="0" covered="5"/><counter type="METHOD" missed="0" covered="1"/></method><method name="nextSkewSymmetricRealComplexNumberMatrices" desc="(JIII)Ljava/util/List;" line="3171"><counter type="INSTRUCTION" missed="0" covered="52"/><counter type="BRANCH" missed="0" covered="8"/><counter type="LINE" missed="0" covered="8"/><counter type="COMPLEXITY" missed="0" covered="5"/><counter type="METHOD" missed="0" covered="1"/></method><method name="toString" desc="()Ljava/lang/String;" line="3183"><counter type="INSTRUCTION" missed="0" covered="8"/><counter type="LINE" missed="0" covered="1"/><counter type="COMPLEXITY" missed="0" covered="1"/><counter type="METHOD" missed="0" covered="1"/></method><method name="getRandom" desc="()Ljava/util/Random;" line="3188"><counter type="INSTRUCTION" missed="0" covered="3"/><counter type="LINE" missed="0" covered="1"/><counter type="COMPLEXITY" missed="0" covered="1"/><counter type="METHOD" missed="0" covered="1"/></method><method name="lambda$nextSkewSymmetricRealComplexNumberMatrices$103" desc="(Ljava/util/List;JIII)V" line="3177"><counter type="INSTRUCTION" missed="0" covered="9"/><counter type="LINE" missed="0" covered="1"/><counter type="COMPLEXITY" missed="0" covered="1"/><counter type="METHOD" missed="0" covered="1"/></method><method name="lambda$nextSymmetricRealComplexNumberMatrices$102" desc="(Ljava/util/List;JIII)V" line="3139"><counter type="INSTRUCTION" missed="0" covered="9"/><counter type="LINE" missed="0" covered="1"/><counter type="COMPLEXITY" missed="0" covered="1"/><counter type="METHOD" missed="0" covered="1"/></method><method name="lambda$nextDiagonalRealComplexNumberMatrices$101" desc="(Ljava/util/List;JIII)V" line="3101"><counter type="INSTRUCTION" missed="0" covered="9"/><counter type="LINE" missed="0" covered="1"/><counter type="COMPLEXITY" missed="0" covered="1"/><counter type="METHOD" missed="0" covered="1"/></method><method name="lambda$nextTriangularRealComplexNumberMatrices$100" desc="(Ljava/util/List;JIII)V" line="3064"><counter type="INSTRUCTION" missed="0" covered="9"/><counter type="LINE" missed="0" covered="1"/><counter type="COMPLEXITY" missed="0" covered="1"/><counter type="METHOD" missed="0" covered="1"/></method><method name="lambda$nextLowerTriangularRealComplexNumberMatrices$99" desc="(Ljava/util/List;JIII)V" line="3026"><counter type="INSTRUCTION" missed="0" covered="9"/><counter type="LINE" missed="0" covered="1"/><counter type="COMPLEXITY" missed="0" covered="1"/><counter type="METHOD" missed="0" covered="1"/></method><method name="lambda$nextUpperTriangularRealComplexNumberMatrices$98" desc="(Ljava/util/List;JIII)V" line="2988"><counter type="INSTRUCTION" missed="0" covered="9"/><counter type="LINE" missed="0" covered="1"/><counter type="COMPLEXITY" missed="0" covered="1"/><counter type="METHOD" missed="0" covered="1"/></method><method name="lambda$nextRealComplexNumberMatrices$97" desc="(Ljava/util/List;JIIII)V" line="2950"><counter type="INSTRUCTION" missed="0" covered="10"/><counter type="LINE" missed="0" covered="1"/><counter type="COMPLEXITY" missed="0" covered="1"/><counter type="METHOD" missed="0" covered="1"/></method><method name="lambda$nextSkewSymmetricRealComplexNumberMatrix$96" desc="(IJILcom/github/ltennstedt/finnmath/core/linear/RealComplexNumberMatrix$RealComplexNumberMatrixBuilder;Ljava/lang/Integer;)V" line="2898"><counter type="INSTRUCTION" missed="0" covered="15"/><counter type="LINE" missed="0" covered="1"/><counter type="COMPLEXITY" missed="0" covered="1"/><counter type="METHOD" missed="0" covered="1"/></method><method name="lambda$nextSkewSymmetricRealComplexNumberMatrix$95" desc="(Ljava/lang/Integer;JILcom/github/ltennstedt/finnmath/core/linear/RealComplexNumberMatrix$RealComplexNumberMatrixBuilder;Ljava/lang/Integer;)V" line="2899"><counter type="INSTRUCTION" missed="0" covered="34"/><counter type="BRANCH" missed="0" covered="4"/><counter type="LINE" missed="0" covered="7"/><counter type="COMPLEXITY" missed="0" covered="3"/><counter type="METHOD" missed="0" covered="1"/></method><method name="lambda$nextSymmetricRealComplexNumberMatrix$94" desc="(IJILcom/github/ltennstedt/finnmath/core/linear/RealComplexNumberMatrix$RealComplexNumberMatrixBuilder;Ljava/lang/Integer;)V" line="2859"><counter type="INSTRUCTION" missed="0" covered="15"/><counter type="LINE" missed="0" covered="1"/><counter type="COMPLEXITY" missed="0" covered="1"/><counter type="METHOD" missed="0" covered="1"/></method><method name="lambda$nextSymmetricRealComplexNumberMatrix$93" desc="(JILjava/lang/Integer;Lcom/github/ltennstedt/finnmath/core/linear/RealComplexNumberMatrix$RealComplexNumberMatrixBuilder;Ljava/lang/Integer;)V" line="2860"><counter type="INSTRUCTION" missed="0" covered="33"/><counter type="BRANCH" missed="0" covered="4"/><counter type="LINE" missed="0" covered="7"/><counter type="COMPLEXITY" missed="0" covered="3"/><counter type="METHOD" missed="0" covered="1"/></method><method name="lambda$nextDiagonalRealComplexNumberMatrix$92" desc="(ILcom/github/ltennstedt/finnmath/core/linear/RealComplexNumberMatrix$RealComplexNumberMatrixBuilder;JILjava/lang/Integer;)V" line="2822"><counter type="INSTRUCTION" missed="0" covered="15"/><counter type="LINE" missed="0" covered="1"/><counter type="COMPLEXITY" missed="0" covered="1"/><counter type="METHOD" missed="0" covered="1"/></method><method name="lambda$nextDiagonalRealComplexNumberMatrix$91" desc="(Ljava/lang/Integer;Lcom/github/ltennstedt/finnmath/core/linear/RealComplexNumberMatrix$RealComplexNumberMatrixBuilder;JILjava/lang/Integer;)V" line="2823"><counter type="INSTRUCTION" missed="0" covered="21"/><counter type="BRANCH" missed="0" covered="2"/><counter type="LINE" missed="0" covered="4"/><counter type="COMPLEXITY" missed="0" covered="2"/><counter type="METHOD" missed="0" covered="1"/></method><method name="lambda$nextLowerTriangularRealComplexNumberMatrix$90" desc="(ILcom/github/ltennstedt/finnmath/core/linear/RealComplexNumberMatrix$RealComplexNumberMatrixBuilder;JILjava/lang/Integer;)V" line="2754"><counter type="INSTRUCTION" missed="0" covered="15"/><counter type="LINE" missed="0" covered="1"/><counter type="COMPLEXITY" missed="0" covered="1"/><counter type="METHOD" missed="0" covered="1"/></method><method name="lambda$nextLowerTriangularRealComplexNumberMatrix$89" desc="(Ljava/lang/Integer;Lcom/github/ltennstedt/finnmath/core/linear/RealComplexNumberMatrix$RealComplexNumberMatrixBuilder;JILjava/lang/Integer;)V" line="2755"><counter type="INSTRUCTION" missed="0" covered="22"/><counter type="BRANCH" missed="0" covered="2"/><counter type="LINE" missed="0" covered="4"/><counter type="COMPLEXITY" missed="0" covered="2"/><counter type="METHOD" missed="0" covered="1"/></method><method name="lambda$nextUpperTriangularRealComplexNumberMatrix$88" desc="(ILcom/github/ltennstedt/finnmath/core/linear/RealComplexNumberMatrix$RealComplexNumberMatrixBuilder;JILjava/lang/Integer;)V" line="2716"><counter type="INSTRUCTION" missed="0" covered="15"/><counter type="LINE" missed="0" covered="1"/><counter type="COMPLEXITY" missed="0" covered="1"/><counter type="METHOD" missed="0" covered="1"/></method><method name="lambda$nextUpperTriangularRealComplexNumberMatrix$87" desc="(Ljava/lang/Integer;Lcom/github/ltennstedt/finnmath/core/linear/RealComplexNumberMatrix$RealComplexNumberMatrixBuilder;JILjava/lang/Integer;)V" line="2717"><counter type="INSTRUCTION" missed="0" covered="22"/><counter type="BRANCH" missed="0" covered="2"/><counter type="LINE" missed="0" covered="4"/><counter type="COMPLEXITY" missed="0" covered="2"/><counter type="METHOD" missed="0" covered="1"/></method><method name="lambda$nextRealComplexNumberMatrix$86" desc="(ILcom/github/ltennstedt/finnmath/core/linear/RealComplexNumberMatrix$RealComplexNumberMatrixBuilder;JILjava/lang/Integer;)V" line="2683"><counter type="INSTRUCTION" missed="0" covered="15"/><counter type="LINE" missed="0" covered="2"/><counter type="COMPLEXITY" missed="0" covered="1"/><counter type="METHOD" missed="0" covered="1"/></method><method name="lambda$nextRealComplexNumberMatrix$85" desc="(Lcom/github/ltennstedt/finnmath/core/linear/RealComplexNumberMatrix$RealComplexNumberMatrixBuilder;Ljava/lang/Integer;JILjava/lang/Integer;)V" line="2684"><counter type="INSTRUCTION" missed="0" covered="11"/><counter type="LINE" missed="0" covered="1"/><counter type="COMPLEXITY" missed="0" covered="1"/><counter type="METHOD" missed="0" covered="1"/></method><method name="lambda$nextRealComplexNumberVectors$84" desc="(Ljava/util/List;JIII)V" line="2648"><counter type="INSTRUCTION" missed="0" covered="9"/><counter type="LINE" missed="0" covered="1"/><counter type="COMPLEXITY" missed="0" covered="1"/><counter type="METHOD" missed="0" covered="1"/></method><method name="lambda$nextRealComplexNumberVector$83" desc="(Lcom/github/ltennstedt/finnmath/core/linear/RealComplexNumberVector$RealComplexNumberVectorBuilder;JII)V" line="2613"><counter type="INSTRUCTION" missed="0" covered="9"/><counter type="LINE" missed="0" covered="1"/><counter type="COMPLEXITY" missed="0" covered="1"/><counter type="METHOD" missed="0" covered="1"/></method><method name="lambda$nextSkewSymmetricSimpleComplexNumberMatrices$82" desc="(Ljava/util/List;JII)V" line="2585"><counter type="INSTRUCTION" missed="0" covered="8"/><counter type="LINE" missed="0" covered="1"/><counter type="COMPLEXITY" missed="0" covered="1"/><counter type="METHOD" missed="0" covered="1"/></method><method name="lambda$nextSymmetricSimpleComplexNumberMatrices$81" desc="(Ljava/util/List;JII)V" line="2553"><counter type="INSTRUCTION" missed="0" covered="8"/><counter type="LINE" missed="0" covered="1"/><counter type="COMPLEXITY" missed="0" covered="1"/><counter type="METHOD" missed="0" covered="1"/></method><method name="lambda$nextDiagonalSimpleComplexNumberMatrices$80" desc="(Ljava/util/List;JII)V" line="2521"><counter type="INSTRUCTION" missed="0" covered="8"/><counter type="LINE" missed="0" covered="1"/><counter type="COMPLEXITY" missed="0" covered="1"/><counter type="METHOD" missed="0" covered="1"/></method><method name="lambda$nextTriangularSimpleComplexNumberMatrices$79" desc="(Ljava/util/List;JII)V" line="2489"><counter type="INSTRUCTION" missed="0" covered="8"/><counter type="LINE" missed="0" covered="1"/><counter type="COMPLEXITY" missed="0" covered="1"/><counter type="METHOD" missed="0" covered="1"/></method><method name="lambda$nextLowerTriangularSimpleComplexNumberMatrices$78" desc="(Ljava/util/List;JII)V" line="2457"><counter type="INSTRUCTION" missed="0" covered="8"/><counter type="LINE" missed="0" covered="1"/><counter type="COMPLEXITY" missed="0" covered="1"/><counter type="METHOD" missed="0" covered="1"/></method><method name="lambda$nextUpperTriangularSimpleComplexNumberMatrices$77" desc="(Ljava/util/List;JII)V" line="2424"><counter type="INSTRUCTION" missed="0" covered="8"/><counter type="LINE" missed="0" covered="1"/><counter type="COMPLEXITY" missed="0" covered="1"/><counter type="METHOD" missed="0" covered="1"/></method><method name="lambda$nextSimpleComplexNumberMatrices$76" desc="(Ljava/util/List;JIII)V" line="2391"><counter type="INSTRUCTION" missed="0" covered="9"/><counter type="LINE" missed="0" covered="1"/><counter type="COMPLEXITY" missed="0" covered="1"/><counter type="METHOD" missed="0" covered="1"/></method><method name="lambda$nextSkewSymmetricSimpleComplexNumberMatrix$75" desc="(IJLcom/github/ltennstedt/finnmath/core/linear/SimpleComplexNumberMatrix$SimpleComplexNumberMatrixBuilder;Ljava/lang/Integer;)V" line="2344"><counter type="INSTRUCTION" missed="0" covered="14"/><counter type="LINE" missed="0" covered="1"/><counter type="COMPLEXITY" missed="0" covered="1"/><counter type="METHOD" missed="0" covered="1"/></method><method name="lambda$nextSkewSymmetricSimpleComplexNumberMatrix$74" desc="(Ljava/lang/Integer;JLcom/github/ltennstedt/finnmath/core/linear/SimpleComplexNumberMatrix$SimpleComplexNumberMatrixBuilder;Ljava/lang/Integer;)V" line="2345"><counter type="INSTRUCTION" missed="0" covered="33"/><counter type="BRANCH" missed="0" covered="4"/><counter type="LINE" missed="0" covered="7"/><counter type="COMPLEXITY" missed="0" covered="3"/><counter type="METHOD" missed="0" covered="1"/></method><method name="lambda$nextSymmetricSimpleComplexNumberMatrix$73" desc="(IJLcom/github/ltennstedt/finnmath/core/linear/SimpleComplexNumberMatrix$SimpleComplexNumberMatrixBuilder;Ljava/lang/Integer;)V" line="2311"><counter type="INSTRUCTION" missed="0" covered="14"/><counter type="LINE" missed="0" covered="1"/><counter type="COMPLEXITY" missed="0" covered="1"/><counter type="METHOD" missed="0" covered="1"/></method><method name="lambda$nextSymmetricSimpleComplexNumberMatrix$72" desc="(JLjava/lang/Integer;Lcom/github/ltennstedt/finnmath/core/linear/SimpleComplexNumberMatrix$SimpleComplexNumberMatrixBuilder;Ljava/lang/Integer;)V" line="2312"><counter type="INSTRUCTION" missed="0" covered="32"/><counter type="BRANCH" missed="0" covered="4"/><counter type="LINE" missed="0" covered="7"/><counter type="COMPLEXITY" missed="0" covered="3"/><counter type="METHOD" missed="0" covered="1"/></method><method name="lambda$nextDiagonalSimpleComplexNumberMatrix$71" desc="(ILcom/github/ltennstedt/finnmath/core/linear/SimpleComplexNumberMatrix$SimpleComplexNumberMatrixBuilder;JLjava/lang/Integer;)V" line="2280"><counter type="INSTRUCTION" missed="0" covered="14"/><counter type="LINE" missed="0" covered="1"/><counter type="COMPLEXITY" missed="0" covered="1"/><counter type="METHOD" missed="0" covered="1"/></method><method name="lambda$nextDiagonalSimpleComplexNumberMatrix$70" desc="(Ljava/lang/Integer;Lcom/github/ltennstedt/finnmath/core/linear/SimpleComplexNumberMatrix$SimpleComplexNumberMatrixBuilder;JLjava/lang/Integer;)V" line="2281"><counter type="INSTRUCTION" missed="0" covered="20"/><counter type="BRANCH" missed="0" covered="2"/><counter type="LINE" missed="0" covered="4"/><counter type="COMPLEXITY" missed="0" covered="2"/><counter type="METHOD" missed="0" covered="1"/></method><method name="lambda$nextLowerTriangularSimpleComplexNumberMatrix$69" desc="(ILcom/github/ltennstedt/finnmath/core/linear/SimpleComplexNumberMatrix$SimpleComplexNumberMatrixBuilder;JLjava/lang/Integer;)V" line="2224"><counter type="INSTRUCTION" missed="0" covered="14"/><counter type="LINE" missed="0" covered="1"/><counter type="COMPLEXITY" missed="0" covered="1"/><counter type="METHOD" missed="0" covered="1"/></method><method name="lambda$nextLowerTriangularSimpleComplexNumberMatrix$68" desc="(Ljava/lang/Integer;Lcom/github/ltennstedt/finnmath/core/linear/SimpleComplexNumberMatrix$SimpleComplexNumberMatrixBuilder;JLjava/lang/Integer;)V" line="2225"><counter type="INSTRUCTION" missed="0" covered="21"/><counter type="BRANCH" missed="0" covered="2"/><counter type="LINE" missed="0" covered="4"/><counter type="COMPLEXITY" missed="0" covered="2"/><counter type="METHOD" missed="0" covered="1"/></method><method name="lambda$nextUpperTriangularSimpleComplexNumberMatrix$67" desc="(ILcom/github/ltennstedt/finnmath/core/linear/SimpleComplexNumberMatrix$SimpleComplexNumberMatrixBuilder;JLjava/lang/Integer;)V" line="2193"><counter type="INSTRUCTION" missed="0" covered="14"/><counter type="LINE" missed="0" covered="1"/><counter type="COMPLEXITY" missed="0" covered="1"/><counter type="METHOD" missed="0" covered="1"/></method><method name="lambda$nextUpperTriangularSimpleComplexNumberMatrix$66" desc="(Ljava/lang/Integer;Lcom/github/ltennstedt/finnmath/core/linear/SimpleComplexNumberMatrix$SimpleComplexNumberMatrixBuilder;JLjava/lang/Integer;)V" line="2194"><counter type="INSTRUCTION" missed="0" covered="21"/><counter type="BRANCH" missed="0" covered="2"/><counter type="LINE" missed="0" covered="4"/><counter type="COMPLEXITY" missed="0" covered="2"/><counter type="METHOD" missed="0" covered="1"/></method><method name="lambda$nextSimpleComplexNumberMatrix$65" desc="(ILcom/github/ltennstedt/finnmath/core/linear/SimpleComplexNumberMatrix$SimpleComplexNumberMatrixBuilder;JLjava/lang/Integer;)V" line="2167"><counter type="INSTRUCTION" missed="0" covered="14"/><counter type="LINE" missed="0" covered="2"/><counter type="COMPLEXITY" missed="0" covered="1"/><counter type="METHOD" missed="0" covered="1"/></method><method name="lambda$nextSimpleComplexNumberMatrix$64" desc="(Lcom/github/ltennstedt/finnmath/core/linear/SimpleComplexNumberMatrix$SimpleComplexNumberMatrixBuilder;Ljava/lang/Integer;JLjava/lang/Integer;)V" line="2168"><counter type="INSTRUCTION" missed="0" covered="10"/><counter type="LINE" missed="0" covered="1"/><counter type="COMPLEXITY" missed="0" covered="1"/><counter type="METHOD" missed="0" covered="1"/></method><method name="lambda$nextSimpleComplexNumberVectors$63" desc="(Ljava/util/List;JII)V" line="2137"><counter type="INSTRUCTION" missed="0" covered="8"/><counter type="LINE" missed="0" covered="1"/><counter type="COMPLEXITY" missed="0" covered="1"/><counter type="METHOD" missed="0" covered="1"/></method><method name="lambda$nextSimpleComplexNumberVector$62" desc="(Lcom/github/ltennstedt/finnmath/core/linear/SimpleComplexNumberVector$SimpleComplexNumberVectorBuilder;JI)V" line="2107"><counter type="INSTRUCTION" missed="0" covered="8"/><counter type="LINE" missed="0" covered="1"/><counter type="COMPLEXITY" missed="0" covered="1"/><counter type="METHOD" missed="0" covered="1"/></method><method name="lambda$nextSkewSymmetricBigDecimalMatrices$61" desc="(Ljava/util/List;JIII)V" line="2083"><counter type="INSTRUCTION" missed="0" covered="9"/><counter type="LINE" missed="0" covered="1"/><counter type="COMPLEXITY" missed="0" covered="1"/><counter type="METHOD" missed="0" covered="1"/></method><method name="lambda$nextSymmetricBigDecimalMatrices$60" desc="(Ljava/util/List;JIII)V" line="2046"><counter type="INSTRUCTION" missed="0" covered="9"/><counter type="LINE" missed="0" covered="1"/><counter type="COMPLEXITY" missed="0" covered="1"/><counter type="METHOD" missed="0" covered="1"/></method><method name="lambda$nextDiagonalBigDecimalMatrices$59" desc="(Ljava/util/List;JIII)V" line="2009"><counter type="INSTRUCTION" missed="0" covered="9"/><counter type="LINE" missed="0" covered="1"/><counter type="COMPLEXITY" missed="0" covered="1"/><counter type="METHOD" missed="0" covered="1"/></method><method name="lambda$nextTriangularBigDecimalMatrices$58" desc="(Ljava/util/List;JIII)V" line="1972"><counter type="INSTRUCTION" missed="0" covered="9"/><counter type="LINE" missed="0" covered="1"/><counter type="COMPLEXITY" missed="0" covered="1"/><counter type="METHOD" missed="0" covered="1"/></method><method name="lambda$nextLowerTriangularBigDecimalMatrices$57" desc="(Ljava/util/List;JIII)V" line="1935"><counter type="INSTRUCTION" missed="0" covered="9"/><counter type="LINE" missed="0" covered="1"/><counter type="COMPLEXITY" missed="0" covered="1"/><counter type="METHOD" missed="0" covered="1"/></method><method name="lambda$nextUpperTriangularBigDecimalMatrices$56" desc="(Ljava/util/List;JIII)V" line="1898"><counter type="INSTRUCTION" missed="0" covered="9"/><counter type="LINE" missed="0" covered="1"/><counter type="COMPLEXITY" missed="0" covered="1"/><counter type="METHOD" missed="0" covered="1"/></method><method name="lambda$nextBigDecimalMatrices$55" desc="(Ljava/util/List;JIIII)V" line="1861"><counter type="INSTRUCTION" missed="0" covered="10"/><counter type="LINE" missed="0" covered="1"/><counter type="COMPLEXITY" missed="0" covered="1"/><counter type="METHOD" missed="0" covered="1"/></method><method name="lambda$nextSkewSymmetricBigDecimalMatrix$54" desc="(IJILcom/github/ltennstedt/finnmath/core/linear/BigDecimalMatrix$BigDecimalMatrixBuilder;Ljava/lang/Integer;)V" line="1810"><counter type="INSTRUCTION" missed="0" covered="15"/><counter type="LINE" missed="0" covered="1"/><counter type="COMPLEXITY" missed="0" covered="1"/><counter type="METHOD" missed="0" covered="1"/></method><method name="lambda$nextSkewSymmetricBigDecimalMatrix$53" desc="(Ljava/lang/Integer;JILcom/github/ltennstedt/finnmath/core/linear/BigDecimalMatrix$BigDecimalMatrixBuilder;Ljava/lang/Integer;)V" line="1811"><counter type="INSTRUCTION" missed="0" covered="34"/><counter type="BRANCH" missed="0" covered="4"/><counter type="LINE" missed="0" covered="7"/><counter type="COMPLEXITY" missed="0" covered="3"/><counter type="METHOD" missed="0" covered="1"/></method><method name="lambda$nextSymmetricBigDecimalMatrix$52" desc="(IJILcom/github/ltennstedt/finnmath/core/linear/BigDecimalMatrix$BigDecimalMatrixBuilder;Ljava/lang/Integer;)V" line="1774"><counter type="INSTRUCTION" missed="0" covered="15"/><counter type="LINE" missed="0" covered="1"/><counter type="COMPLEXITY" missed="0" covered="1"/><counter type="METHOD" missed="0" covered="1"/></method><method name="lambda$nextSymmetricBigDecimalMatrix$51" desc="(JILjava/lang/Integer;Lcom/github/ltennstedt/finnmath/core/linear/BigDecimalMatrix$BigDecimalMatrixBuilder;Ljava/lang/Integer;)V" line="1775"><counter type="INSTRUCTION" missed="0" covered="33"/><counter type="BRANCH" missed="0" covered="4"/><counter type="LINE" missed="0" covered="7"/><counter type="COMPLEXITY" missed="0" covered="3"/><counter type="METHOD" missed="0" covered="1"/></method><method name="lambda$nextDiagonalBigDecimalMatrix$50" desc="(ILcom/github/ltennstedt/finnmath/core/linear/BigDecimalMatrix$BigDecimalMatrixBuilder;JILjava/lang/Integer;)V" line="1740"><counter type="INSTRUCTION" missed="0" covered="15"/><counter type="LINE" missed="0" covered="1"/><counter type="COMPLEXITY" missed="0" covered="1"/><counter type="METHOD" missed="0" covered="1"/></method><method name="lambda$nextDiagonalBigDecimalMatrix$49" desc="(Ljava/lang/Integer;Lcom/github/ltennstedt/finnmath/core/linear/BigDecimalMatrix$BigDecimalMatrixBuilder;JILjava/lang/Integer;)V" line="1741"><counter type="INSTRUCTION" missed="0" covered="21"/><counter type="BRANCH" missed="0" covered="2"/><counter type="LINE" missed="0" covered="4"/><counter type="COMPLEXITY" missed="0" covered="2"/><counter type="METHOD" missed="0" covered="1"/></method><method name="lambda$nextLowerTriangularBigDecimalMatrix$48" desc="(ILcom/github/ltennstedt/finnmath/core/linear/BigDecimalMatrix$BigDecimalMatrixBuilder;JILjava/lang/Integer;)V" line="1678"><counter type="INSTRUCTION" missed="0" covered="15"/><counter type="LINE" missed="0" covered="1"/><counter type="COMPLEXITY" missed="0" covered="1"/><counter type="METHOD" missed="0" covered="1"/></method><method name="lambda$nextLowerTriangularBigDecimalMatrix$47" desc="(Ljava/lang/Integer;Lcom/github/ltennstedt/finnmath/core/linear/BigDecimalMatrix$BigDecimalMatrixBuilder;JILjava/lang/Integer;)V" line="1679"><counter type="INSTRUCTION" missed="0" covered="22"/><counter type="BRANCH" missed="0" covered="2"/><counter type="LINE" missed="0" covered="4"/><counter type="COMPLEXITY" missed="0" covered="2"/><counter type="METHOD" missed="0" covered="1"/></method><method name="lambda$nextUpperTriangularBigDecimalMatrix$46" desc="(ILcom/github/ltennstedt/finnmath/core/linear/BigDecimalMatrix$BigDecimalMatrixBuilder;JILjava/lang/Integer;)V" line="1643"><counter type="INSTRUCTION" missed="0" covered="15"/><counter type="LINE" missed="0" covered="1"/><counter type="COMPLEXITY" missed="0" covered="1"/><counter type="METHOD" missed="0" covered="1"/></method><method name="lambda$nextUpperTriangularBigDecimalMatrix$45" desc="(Ljava/lang/Integer;Lcom/github/ltennstedt/finnmath/core/linear/BigDecimalMatrix$BigDecimalMatrixBuilder;JILjava/lang/Integer;)V" line="1644"><counter type="INSTRUCTION" missed="0" covered="22"/><counter type="BRANCH" missed="0" covered="2"/><counter type="LINE" missed="0" covered="4"/><counter type="COMPLEXITY" missed="0" covered="2"/><counter type="METHOD" missed="0" covered="1"/></method><method name="lambda$nextBigDecimalMatrix$44" desc="(ILcom/github/ltennstedt/finnmath/core/linear/BigDecimalMatrix$BigDecimalMatrixBuilder;JILjava/lang/Integer;)V" line="1613"><counter type="INSTRUCTION" missed="0" covered="15"/><counter type="LINE" missed="0" covered="2"/><counter type="COMPLEXITY" missed="0" covered="1"/><counter type="METHOD" missed="0" covered="1"/></method><method name="lambda$nextBigDecimalMatrix$43" desc="(Lcom/github/ltennstedt/finnmath/core/linear/BigDecimalMatrix$BigDecimalMatrixBuilder;Ljava/lang/Integer;JILjava/lang/Integer;)V" line="1614"><counter type="INSTRUCTION" missed="0" covered="11"/><counter type="LINE" missed="0" covered="1"/><counter type="COMPLEXITY" missed="0" covered="1"/><counter type="METHOD" missed="0" covered="1"/></method><method name="lambda$nextBigDecimalVectors$42" desc="(Ljava/util/List;JIII)V" line="1578"><counter type="INSTRUCTION" missed="0" covered="9"/><counter type="LINE" missed="0" covered="1"/><counter type="COMPLEXITY" missed="0" covered="1"/><counter type="METHOD" missed="0" covered="1"/></method><method name="lambda$nextBigDecimalVector$41" desc="(Lcom/github/ltennstedt/finnmath/core/linear/BigDecimalVector$BigDecimalVectorBuilder;JII)V" line="1539"><counter type="INSTRUCTION" missed="0" covered="9"/><counter type="LINE" missed="0" covered="1"/><counter type="COMPLEXITY" missed="0" covered="1"/><counter type="METHOD" missed="0" covered="1"/></method><method name="lambda$nextSkewSymmetricBigIntegerMatrices$40" desc="(Ljava/util/List;JII)V" line="1511"><counter type="INSTRUCTION" missed="0" covered="8"/><counter type="LINE" missed="0" covered="1"/><counter type="COMPLEXITY" missed="0" covered="1"/><counter type="METHOD" missed="0" covered="1"/></method><method name="lambda$nextSymmetricBigIntegerMatrices$39" desc="(Ljava/util/List;JII)V" line="1479"><counter type="INSTRUCTION" missed="0" covered="8"/><counter type="LINE" missed="0" covered="1"/><counter type="COMPLEXITY" missed="0" covered="1"/><counter type="METHOD" missed="0" covered="1"/></method><method name="lambda$nextDiagonalBigIntegerMatrices$38" desc="(Ljava/util/List;JII)V" line="1448"><counter type="INSTRUCTION" missed="0" covered="8"/><counter type="LINE" missed="0" covered="1"/><counter type="COMPLEXITY" missed="0" covered="1"/><counter type="METHOD" missed="0" covered="1"/></method><method name="lambda$nextTriangularBigIntegerMatrices$37" desc="(Ljava/util/List;JII)V" line="1417"><counter type="INSTRUCTION" missed="0" covered="8"/><counter type="LINE" missed="0" covered="1"/><counter type="COMPLEXITY" missed="0" covered="1"/><counter type="METHOD" missed="0" covered="1"/></method><method name="lambda$nextLowerTriangularBigIntegerMatrices$36" desc="(Ljava/util/List;JII)V" line="1385"><counter type="INSTRUCTION" missed="0" covered="8"/><counter type="LINE" missed="0" covered="1"/><counter type="COMPLEXITY" missed="0" covered="1"/><counter type="METHOD" missed="0" covered="1"/></method><method name="lambda$nextUpperTriangularBigIntegerMatrices$35" desc="(Ljava/util/List;JII)V" line="1353"><counter type="INSTRUCTION" missed="0" covered="8"/><counter type="LINE" missed="0" covered="1"/><counter type="COMPLEXITY" missed="0" covered="1"/><counter type="METHOD" missed="0" covered="1"/></method><method name="lambda$nextBigIntegerMatrices$34" desc="(Ljava/util/List;JIII)V" line="1321"><counter type="INSTRUCTION" missed="0" covered="9"/><counter type="LINE" missed="0" covered="1"/><counter type="COMPLEXITY" missed="0" covered="1"/><counter type="METHOD" missed="0" covered="1"/></method><method name="lambda$nextSkewSymmetricBigIntegerMatrix$33" desc="(IJLcom/github/ltennstedt/finnmath/core/linear/BigIntegerMatrix$BigIntegerMatrixBuilder;Ljava/lang/Integer;)V" line="1275"><counter type="INSTRUCTION" missed="0" covered="14"/><counter type="LINE" missed="0" covered="1"/><counter type="COMPLEXITY" missed="0" covered="1"/><counter type="METHOD" missed="0" covered="1"/></method><method name="lambda$nextSkewSymmetricBigIntegerMatrix$32" desc="(Ljava/lang/Integer;JLcom/github/ltennstedt/finnmath/core/linear/BigIntegerMatrix$BigIntegerMatrixBuilder;Ljava/lang/Integer;)V" line="1276"><counter type="INSTRUCTION" missed="0" covered="33"/><counter type="BRANCH" missed="0" covered="4"/><counter type="LINE" missed="0" covered="7"/><counter type="COMPLEXITY" missed="0" covered="3"/><counter type="METHOD" missed="0" covered="1"/></method><method name="lambda$nextSymmetricBigIntegerMatrix$31" desc="(IJLcom/github/ltennstedt/finnmath/core/linear/BigIntegerMatrix$BigIntegerMatrixBuilder;Ljava/lang/Integer;)V" line="1243"><counter type="INSTRUCTION" missed="0" covered="14"/><counter type="LINE" missed="0" covered="1"/><counter type="COMPLEXITY" missed="0" covered="1"/><counter type="METHOD" missed="0" covered="1"/></method><method name="lambda$nextSymmetricBigIntegerMatrix$30" desc="(JLjava/lang/Integer;Lcom/github/ltennstedt/finnmath/core/linear/BigIntegerMatrix$BigIntegerMatrixBuilder;Ljava/lang/Integer;)V" line="1244"><counter type="INSTRUCTION" missed="0" covered="32"/><counter type="BRANCH" missed="0" covered="4"/><counter type="LINE" missed="0" covered="7"/><counter type="COMPLEXITY" missed="0" covered="3"/><counter type="METHOD" missed="0" covered="1"/></method><method name="lambda$nextDiagonalBigIntegerMatrix$29" desc="(ILcom/github/ltennstedt/finnmath/core/linear/BigIntegerMatrix$BigIntegerMatrixBuilder;JLjava/lang/Integer;)V" line="1213"><counter type="INSTRUCTION" missed="0" covered="14"/><counter type="LINE" missed="0" covered="1"/><counter type="COMPLEXITY" missed="0" covered="1"/><counter type="METHOD" missed="0" covered="1"/></method><method name="lambda$nextDiagonalBigIntegerMatrix$28" desc="(Ljava/lang/Integer;Lcom/github/ltennstedt/finnmath/core/linear/BigIntegerMatrix$BigIntegerMatrixBuilder;JLjava/lang/Integer;)V" line="1214"><counter type="INSTRUCTION" missed="0" covered="20"/><counter type="BRANCH" missed="0" covered="2"/><counter type="LINE" missed="0" covered="4"/><counter type="COMPLEXITY" missed="0" covered="2"/><counter type="METHOD" missed="0" covered="1"/></method><method name="lambda$nextLowerTriangularBigIntegerMatrix$27" desc="(ILcom/github/ltennstedt/finnmath/core/linear/BigIntegerMatrix$BigIntegerMatrixBuilder;JLjava/lang/Integer;)V" line="1159"><counter type="INSTRUCTION" missed="0" covered="14"/><counter type="LINE" missed="0" covered="1"/><counter type="COMPLEXITY" missed="0" covered="1"/><counter type="METHOD" missed="0" covered="1"/></method><method name="lambda$nextLowerTriangularBigIntegerMatrix$26" desc="(Ljava/lang/Integer;Lcom/github/ltennstedt/finnmath/core/linear/BigIntegerMatrix$BigIntegerMatrixBuilder;JLjava/lang/Integer;)V" line="1160"><counter type="INSTRUCTION" missed="0" covered="21"/><counter type="BRANCH" missed="0" covered="2"/><counter type="LINE" missed="0" covered="4"/><counter type="COMPLEXITY" missed="0" covered="2"/><counter type="METHOD" missed="0" covered="1"/></method><method name="lambda$nextUpperTriangularBigIntegerMatrix$25" desc="(ILcom/github/ltennstedt/finnmath/core/linear/BigIntegerMatrix$BigIntegerMatrixBuilder;JLjava/lang/Integer;)V" line="1128"><counter type="INSTRUCTION" missed="0" covered="14"/><counter type="LINE" missed="0" covered="1"/><counter type="COMPLEXITY" missed="0" covered="1"/><counter type="METHOD" missed="0" covered="1"/></method><method name="lambda$nextUpperTriangularBigIntegerMatrix$24" desc="(Ljava/lang/Integer;Lcom/github/ltennstedt/finnmath/core/linear/BigIntegerMatrix$BigIntegerMatrixBuilder;JLjava/lang/Integer;)V" line="1129"><counter type="INSTRUCTION" missed="0" covered="21"/><counter type="BRANCH" missed="0" covered="2"/><counter type="LINE" missed="0" covered="4"/><counter type="COMPLEXITY" missed="0" covered="2"/><counter type="METHOD" missed="0" covered="1"/></method><method name="lambda$nextBigIntegerMatrix$23" desc="(ILcom/github/ltennstedt/finnmath/core/linear/BigIntegerMatrix$BigIntegerMatrixBuilder;JLjava/lang/Integer;)V" line="1102"><counter type="INSTRUCTION" missed="0" covered="14"/><counter type="LINE" missed="0" covered="2"/><counter type="COMPLEXITY" missed="0" covered="1"/><counter type="METHOD" missed="0" covered="1"/></method><method name="lambda$nextBigIntegerMatrix$22" desc="(Lcom/github/ltennstedt/finnmath/core/linear/BigIntegerMatrix$BigIntegerMatrixBuilder;Ljava/lang/Integer;JLjava/lang/Integer;)V" line="1103"><counter type="INSTRUCTION" missed="0" covered="10"/><counter type="LINE" missed="0" covered="1"/><counter type="COMPLEXITY" missed="0" covered="1"/><counter type="METHOD" missed="0" covered="1"/></method><method name="lambda$nextBigIntegerVectors$21" desc="(Ljava/util/List;JII)V" line="1073"><counter type="INSTRUCTION" missed="0" covered="8"/><counter type="LINE" missed="0" covered="1"/><counter type="COMPLEXITY" missed="0" covered="1"/><counter type="METHOD" missed="0" covered="1"/></method><method name="lambda$nextBigIntegerVector$20" desc="(Lcom/github/ltennstedt/finnmath/core/linear/BigIntegerVector$BigIntegerVectorBuilder;JI)V" line="1044"><counter type="INSTRUCTION" missed="0" covered="8"/><counter type="LINE" missed="0" covered="1"/><counter type="COMPLEXITY" missed="0" covered="1"/><counter type="METHOD" missed="0" covered="1"/></method><method name="lambda$nextPolarForms$19" desc="(Ljava/util/List;JII)V" line="1021"><counter type="INSTRUCTION" missed="0" covered="8"/><counter type="LINE" missed="0" covered="1"/><counter type="COMPLEXITY" missed="0" covered="1"/><counter type="METHOD" missed="0" covered="1"/></method><method name="lambda$nextInvertibleRealComplexNumbers$18" desc="(Ljava/util/List;JII)V" line="970"><counter type="INSTRUCTION" missed="0" covered="8"/><counter type="LINE" missed="0" covered="1"/><counter type="COMPLEXITY" missed="0" covered="1"/><counter type="METHOD" missed="0" covered="1"/></method><method name="lambda$nextRealComplexNumbers$17" desc="(Ljava/util/List;JII)V" line="939"><counter type="INSTRUCTION" missed="0" covered="8"/><counter type="LINE" missed="0" covered="1"/><counter type="COMPLEXITY" missed="0" covered="1"/><counter type="METHOD" missed="0" covered="1"/></method><method name="lambda$nextInvertibleSimpleComplexNumbers$16" desc="(Ljava/util/List;JI)V" line="864"><counter type="INSTRUCTION" missed="0" covered="7"/><counter type="LINE" missed="0" covered="1"/><counter type="COMPLEXITY" missed="0" covered="1"/><counter type="METHOD" missed="0" covered="1"/></method><method name="lambda$nextSimpleComplexNumbers$15" desc="(Ljava/util/List;JI)V" line="839"><counter type="INSTRUCTION" missed="0" covered="7"/><counter type="LINE" missed="0" covered="1"/><counter type="COMPLEXITY" missed="0" covered="1"/><counter type="METHOD" missed="0" covered="1"/></method><method name="lambda$nextInvertibleFractions$14" desc="(Ljava/util/List;JI)V" line="777"><counter type="INSTRUCTION" missed="0" covered="7"/><counter type="LINE" missed="0" covered="1"/><counter type="COMPLEXITY" missed="0" covered="1"/><counter type="METHOD" missed="0" covered="1"/></method><method name="lambda$nextInvertibleNegativeFractions$13" desc="(Ljava/util/List;JI)V" line="753"><counter type="INSTRUCTION" missed="0" covered="7"/><counter type="LINE" missed="0" covered="1"/><counter type="COMPLEXITY" missed="0" covered="1"/><counter type="METHOD" missed="0" covered="1"/></method><method name="lambda$nextInvertiblePositiveFractions$12" desc="(Ljava/util/List;JI)V" line="729"><counter type="INSTRUCTION" missed="0" covered="7"/><counter type="LINE" missed="0" covered="1"/><counter type="COMPLEXITY" missed="0" covered="1"/><counter type="METHOD" missed="0" covered="1"/></method><method name="lambda$nextFractions$11" desc="(Ljava/util/List;JI)V" line="705"><counter type="INSTRUCTION" missed="0" covered="7"/><counter type="LINE" missed="0" covered="1"/><counter type="COMPLEXITY" missed="0" covered="1"/><counter type="METHOD" missed="0" covered="1"/></method><method name="lambda$nextNegativeFractions$10" desc="(Ljava/util/List;JI)V" line="681"><counter type="INSTRUCTION" missed="0" covered="7"/><counter type="LINE" missed="0" covered="1"/><counter type="COMPLEXITY" missed="0" covered="1"/><counter type="METHOD" missed="0" covered="1"/></method><method name="lambda$nextPositiveFractions$9" desc="(Ljava/util/List;JI)V" line="657"><counter type="INSTRUCTION" missed="0" covered="7"/><counter type="LINE" missed="0" covered="1"/><counter type="COMPLEXITY" missed="0" covered="1"/><counter type="METHOD" missed="0" covered="1
[...]
<counter type="METHOD" missed="0" covered="1"/></method><method name="getCoefficient" desc="()Ljava/math/BigDecimal;" line="114"><counter type="INSTRUCTION" missed="0" covered="3"/><counter type="LINE" missed="0" covered="1"/><counter type="COMPLEXITY" missed="0" covered="1"/><counter type="METHOD" missed="0" covered="1"/></method><method name="getExponent" desc="()I" line="118"><counter type="INSTRUCTION" missed="0" covered="3"/><counter type="LINE" missed="0" covered="1"/><counter type="COMPLEXITY" missed="0" covered="1"/><counter type="METHOD" missed="0" covered="1"/></method><counter type="INSTRUCTION" missed="0" covered="135"/><counter type="BRANCH" missed="0" covered="16"/><counter type="LINE" missed="0" covered="23"/><counter type="COMPLEXITY" missed="0" covered="15"/><counter type="METHOD" missed="0" covered="7"/><counter type="CLASS" missed="0" covered="1"/></class><sourcefile name="PolarForm.java"><line nr="76" mi="0" ci="2" mb="0" cb="0"/><line nr="77" mi="0" ci="6" mb="0" cb="0"/><line nr="78" mi="0" ci="6" mb="0" cb="0"/><line nr="79" mi="0" ci="1" mb="0" cb="0"/><line nr="88" mi="0" ci="5" mb="0" cb="0"/><line nr="102" mi="0" ci="9" mb="0" cb="2"/><line nr="103" mi="0" ci="8" mb="0" cb="0"/><line nr="117" mi="0" ci="4" mb="0" cb="0"/><line nr="118" mi="0" ci="9" mb="0" cb="0"/><line nr="136" mi="0" ci="9" mb="0" cb="2"/><line nr="137" mi="0" ci="4" mb="0" cb="0"/><line nr="138" mi="0" ci="9" mb="0" cb="0"/><line nr="153" mi="0" ci="4" mb="0" cb="0"/><line nr="154" mi="0" ci="5" mb="0" cb="0"/><line nr="158" mi="0" ci="10" mb="0" cb="0"/><line nr="159" mi="0" ci="10" mb="0" cb="0"/><line nr="160" mi="0" ci="4" mb="0" cb="0"/><line nr="165" mi="0" ci="14" mb="0" cb="0"/><line nr="170" mi="0" ci="3" mb="0" cb="2"/><line nr="171" mi="0" ci="2" mb="0" cb="0"/><line nr="173" mi="0" ci="3" mb="0" cb="2"/><line nr="174" mi="0" ci="2" mb="0" cb="0"/><line nr="176" mi="0" ci="3" mb="0" cb="0"/><line nr="177" mi="0" ci="16" mb="0" cb="4"/><line nr="182" mi="0" ci="12" mb="0" cb="0"/><line nr="186" mi="0" ci="3" mb="0" cb="0"/><line nr="190" mi="0" ci="3" mb="0" cb="0"/><counter type="INSTRUCTION" missed="0" covered="166"/><counter type="BRANCH" missed="0" covered="12"/><counter type="LINE" missed="0" covered="27"/><counter type="COMPLEXITY" missed="0" covered="18"/><counter type="METHOD" missed="0" covered="12"/><counter type="CLASS" missed="0" covered="1"/></sourcefile><sourcefile name="RealComplexNumber.java"><line nr="48" mi="0" ci="6" mb="0" cb="0"/><line nr="55" mi="0" ci="6" mb="0" cb="0"/><line nr="62" mi="0" ci="6" mb="0" cb="0"/><line nr="69" mi="0" ci="6" mb="0" cb="0"/><line nr="72" mi="0" ci="4" mb="0" cb="0"/><line nr="73" mi="0" ci="1" mb="0" cb="0"/><line nr="87" mi="0" ci="4" mb="0" cb="0"/><line nr="88" mi="0" ci="18" mb="0" cb="0"/><line nr="106" mi="4" ci="0" mb="0" cb="0"/><line nr="107" mi="4" ci="0" mb="0" cb="0"/><line nr="108" mi="15" ci="0" mb="0" cb="0"/><line nr="109" mi="5" ci="0" mb="0" cb="0"/><line nr="124" mi="0" ci="4" mb="0" cb="0"/><line nr="125" mi="0" ci="14" mb="0" cb="0"/><line nr="126" mi="0" ci="4" mb="0" cb="0"/><line nr="144" mi="4" ci="0" mb="0" cb="0"/><line nr="145" mi="4" ci="0" mb="0" cb="0"/><line nr="146" mi="15" ci="0" mb="0" cb="0"/><line nr="147" mi="5" ci="0" mb="0" cb="0"/><line nr="162" mi="0" ci="4" mb="0" cb="0"/><line nr="163" mi="0" ci="16" mb="0" cb="0"/><line nr="164" mi="0" ci="16" mb="0" cb="0"/><line nr="165" mi="0" ci="6" mb="0" cb="0"/><line nr="183" mi="4" ci="0" mb="0" cb="0"/><line nr="184" mi="4" ci="0" mb="0" cb="0"/><line nr="185" mi="12" ci="0" mb="0" cb="0"/><line nr="186" mi="7" ci="0" mb="0" cb="0"/><line nr="187" mi="12" ci="0" mb="0" cb="0"/><line nr="188" mi="7" ci="0" mb="0" cb="0"/><line nr="189" mi="6" ci="0" mb="0" cb="0"/><line nr="211" mi="0" ci="4" mb="0" cb="0"/><line nr="212" mi="0" ci="5" mb="0" cb="0"/><line nr="213" mi="0" ci="4" mb="0" cb="0"/><line nr="214" mi="0" ci="12" mb="0" cb="0"/><line nr="215" mi="0" ci="17" mb="0" cb="0"/><line nr="216" mi="0" ci="2" mb="0" cb="0"/><line nr="217" mi="0" ci="11" mb="0" cb="0"/><line nr="218" mi="0" ci="8" mb="0" cb="0"/><line nr="219" mi="0" ci="6" mb="0" cb="0"/><line nr="244" mi="4" ci="0" mb="0" cb="0"/><line nr="245" mi="5" ci="0" mb="0" cb="0"/><line nr="246" mi="9" ci="0" mb="2" cb="0"/><line nr="247" mi="4" ci="0" mb="0" cb="0"/><line nr="248" mi="12" ci="0" mb="0" cb="0"/><line nr="249" mi="18" ci="0" mb="0" cb="0"/><line nr="250" mi="2" ci="0" mb="0" cb="0"/><line nr="251" mi="11" ci="0" mb="0" cb="0"/><line nr="252" mi="9" ci="0" mb="0" cb="0"/><line nr="253" mi="6" ci="0" mb="0" cb="0"/><line nr="274" mi="4" ci="0" mb="0" cb="0"/><line nr="275" mi="5" ci="0" mb="0" cb="0"/><line nr="276" mi="4" ci="0" mb="0" cb="0"/><line nr="277" mi="1" ci="0" mb="0" cb="0"/><line nr="278" mi="14" ci="0" mb="0" cb="0"/><line nr="279" mi="12" ci="0" mb="0" cb="0"/><line nr="280" mi="10" ci="0" mb="0" cb="0"/><line nr="281" mi="12" ci="0" mb="0" cb="0"/><line nr="282" mi="10" ci="0" mb="0" cb="0"/><line nr="283" mi="6" ci="0" mb="0" cb="0"/><line nr="300" mi="0" ci="9" mb="0" cb="2"/><line nr="301" mi="0" ci="3" mb="0" cb="2"/><line nr="302" mi="0" ci="8" mb="0" cb="0"/><line nr="303" mi="0" ci="3" mb="0" cb="2"/><line nr="304" mi="0" ci="2" mb="0" cb="0"/><line nr="306" mi="0" ci="2" mb="0" cb="0"/><line nr="326" mi="9" ci="0" mb="2" cb="0"/><line nr="327" mi="4" ci="0" mb="0" cb="0"/><line nr="328" mi="3" ci="0" mb="2" cb="0"/><line nr="329" mi="10" ci="0" mb="0" cb="0"/><line nr="330" mi="3" ci="0" mb="2" cb="0"/><line nr="331" mi="2" ci="0" mb="0" cb="0"/><line nr="333" mi="2" ci="0" mb="0" cb="0"/><line nr="344" mi="0" ci="12" mb="0" cb="0"/><line nr="358" mi="4" ci="0" mb="0" cb="0"/><line nr="359" mi="14" ci="0" mb="0" cb="0"/><line nr="374" mi="0" ci="5" mb="0" cb="0"/><line nr="375" mi="0" ci="4" mb="0" cb="0"/><line nr="393" mi="5" ci="0" mb="0" cb="0"/><line nr="394" mi="4" ci="0" mb="0" cb="0"/><line nr="395" mi="5" ci="0" mb="0" cb="0"/><line nr="417" mi="5" ci="0" mb="0" cb="0"/><line nr="418" mi="9" ci="0" mb="2" cb="0"/><line nr="419" mi="4" ci="0" mb="0" cb="0"/><line nr="420" mi="6" ci="0" mb="0" cb="0"/><line nr="438" mi="5" ci="0" mb="0" cb="0"/><line nr="439" mi="4" ci="0" mb="0" cb="0"/><line nr="440" mi="5" ci="0" mb="0" cb="0"/><line nr="452" mi="0" ci="8" mb="0" cb="2"/><line nr="464" mi="0" ci="7" mb="0" cb="0"/><line nr="475" mi="0" ci="12" mb="0" cb="0"/><line nr="486" mi="0" ci="11" mb="0" cb="0"/><line nr="500" mi="4" ci="0" mb="0" cb="0"/><line nr="501" mi="12" ci="0" mb="0" cb="0"/><line nr="515" mi="0" ci="10" mb="0" cb="2"/><line nr="516" mi="0" ci="7" mb="0" cb="0"/><line nr="535" mi="0" ci="10" mb="0" cb="2"/><line nr="536" mi="0" ci="9" mb="0" cb="2"/><line nr="537" mi="0" ci="7" mb="0" cb="0"/><line nr="556" mi="0" ci="10" mb="0" cb="2"/><line nr="557" mi="0" ci="4" mb="0" cb="0"/><line nr="558" mi="0" ci="8" mb="0" cb="0"/><line nr="581" mi="0" ci="10" mb="0" cb="2"/><line nr="582" mi="0" ci="9" mb="0" cb="2"/><line nr="583" mi="0" ci="4" mb="0" cb="0"/><line nr="584" mi="0" ci="8" mb="0" cb="0"/><line nr="603" mi="0" ci="18" mb="0" cb="4"/><line nr="605" mi="0" ci="4" mb="0" cb="0"/><line nr="606" mi="0" ci="3" mb="0" cb="0"/><line nr="607" mi="0" ci="6" mb="0" cb="2"/><line nr="608" mi="0" ci="12" mb="0" cb="0"/><line nr="609" mi="0" ci="6" mb="0" cb="2"/><line nr="610" mi="0" ci="3" mb="0" cb="0"/><line nr="612" mi="0" ci="3" mb="0" cb="0"/><line nr="613" mi="0" ci="13" mb="1" cb="1"/><line nr="614" mi="4" ci="0" mb="0" cb="0"/><line nr="616" mi="0" ci="9" mb="0" cb="0"/><line nr="617" mi="2" ci="9" mb="1" cb="1"/><line nr="631" mi="0" ci="10" mb="0" cb="2"/><line nr="632" mi="0" ci="7" mb="0" cb="0"/><line nr="651" mi="0" ci="10" mb="0" cb="2"/><line nr="652" mi="0" ci="9" mb="0" cb="2"/><line nr="653" mi="0" ci="7" mb="0" cb="0"/><line nr="672" mi="0" ci="10" mb="0" cb="2"/><line nr="673" mi="0" ci="4" mb="0" cb="0"/><line nr="674" mi="0" ci="8" mb="0" cb="0"/><line nr="697" mi="0" ci="10" mb="0" cb="2"/><line nr="698" mi="0" ci="9" mb="0" cb="2"/><line nr="699" mi="0" ci="4" mb="0" cb="0"/><line nr="700" mi="0" ci="8" mb="0" cb="0"/><line nr="720" mi="0" ci="10" mb="0" cb="2"/><line nr="721" mi="0" ci="4" mb="0" cb="0"/><line nr="722" mi="0" ci="9" mb="0" cb="0"/><line nr="739" mi="0" ci="4" mb="0" cb="0"/><line nr="740" mi="0" ci="20" mb="0" cb="4"/><line nr="752" mi="0" ci="33" mb="0" cb="0"/><line nr="753" mi="0" ci="9" mb="0" cb="0"/><line nr="768" mi="0" ci="6" mb="0" cb="0"/><line nr="783" mi="0" ci="6" mb="0" cb="0"/><line nr="802" mi="0" ci="4" mb="0" cb="0"/><line nr="803" mi="0" ci="4" mb="0" cb="0"/><line nr="804" mi="0" ci="10" mb="0" cb="0"/><line nr="823" mi="0" ci="4" mb="0" cb="0"/><line nr="824" mi="0" ci="4" mb="0" cb="0"/><line nr="825" mi="0" ci="6" mb="0" cb="0"/><line nr="840" mi="0" ci="4" mb="0" cb="0"/><line nr="841" mi="0" ci="8" mb="0" cb="0"/><line nr="856" mi="0" ci="2" mb="0" cb="2"/><line nr="857" mi="0" ci="2" mb="0" cb="0"/><line nr="859" mi="0" ci="2" mb="0" cb="2"/><line nr="860" mi="0" ci="2" mb="0" cb="0"/><line nr="862" mi="0" ci="4" mb="0" cb="2"/><line nr="863" mi="0" ci="2" mb="0" cb="0"/><line nr="865" mi="0" ci="8" mb="0" cb="2"/><counter type="INSTRUCTION" missed="391" covered="715"/><counter type="BRANCH" missed="12" covered="56"/><counter type="LINE" missed="57" covered="96"/><counter type="COMPLEXITY" missed="18" covered="58"/><counter type="METHOD" missed="11" covered="31"/><counter type="CLASS" missed="0" covered="2"/></sourcefile><sourcefile name="ScientificNotation.java"><line nr="64" mi="0" ci="2" mb="0" cb="0"/><line nr="65" mi="0" ci="6" mb="0" cb="0"/><line nr="66" mi="0" ci="3" mb="0" cb="0"/><line nr="67" mi="0" ci="1" mb="0" cb="0"/><line nr="76" mi="0" ci="5" mb="0" cb="2"/><line nr="77" mi="0" ci="2" mb="0" cb="0"/><line nr="79" mi="0" ci="3" mb="0" cb="2"/><line nr="80" mi="0" ci="16" mb="0" cb="0"/><line nr="82" mi="0" ci="3" mb="0" cb="2"/><line nr="83" mi="0" ci="4" mb="0" cb="0"/><line nr="85" mi="0" ci="4" mb="0" cb="2"/><line nr="86" mi="0" ci="11" mb="0" cb="0"/><line nr="88" mi="0" ci="14" mb="0" cb="0"/><line nr="93" mi="0" ci="15" mb="0" cb="0"/><line nr="98" mi="0" ci="3" mb="0" cb="2"/><line nr="99" mi="0" ci="2" mb="0" cb="0"/><line nr="101" mi="0" ci="3" mb="0" cb="2"/><line nr="102" mi="0" ci="2" mb="0" cb="0"/><line nr="104" mi="0" ci="3" mb="0" cb="0"/><line nr="105" mi="0" ci="15" mb="0" cb="4"/><line nr="110" mi="0" ci="12" mb="0" cb="0"/><line nr="114" mi="0" ci="3" mb="0" cb="0"/><line nr="118" mi="0" ci="3" mb="0" cb="0"/><counter type="INSTRUCTION" missed="0" covered="135"/><counter type="BRANCH" missed="0" covered="16"/><counter type="LINE" missed="0" covered="23"/><counter type="COMPLEXITY" missed="0" covered="15"/><counter type="METHOD" missed="0" covered="7"/><counter type="CLASS" missed="0" covered="1"/></sourcefile><sourcefile name="Fraction.java"><line nr="42" mi="0" ci="6" mb="0" cb="0"/><line nr="49" mi="0" ci="7" mb="0" cb="0"/><line nr="65" mi="0" ci="2" mb="0" cb="0"/><line nr="66" mi="0" ci="3" mb="0" cb="0"/><line nr="67" mi="0" ci="3" mb="0" cb="0"/><line nr="68" mi="0" ci="1" mb="0" cb="0"/><line nr="86" mi="0" ci="4" mb="0" cb="0"/><line nr="87" mi="0" ci="1" mb="0" cb="0"/><line nr="88" mi="0" ci="11" mb="0" cb="0"/><line nr="89" mi="0" ci="6" mb="0" cb="0"/><line nr="90" mi="0" ci="6" mb="0" cb="0"/><line nr="109" mi="0" ci="4" mb="0" cb="0"/><line nr="110" mi="0" ci="1" mb="0" cb="0"/><line nr="111" mi="0" ci="11" mb="0" cb="0"/><line nr="112" mi="0" ci="6" mb="0" cb="0"/><line nr="113" mi="0" ci="6" mb="0" cb="0"/><line nr="132" mi="0" ci="4" mb="0" cb="0"/><line nr="133" mi="0" ci="6" mb="0" cb="0"/><line nr="134" mi="0" ci="6" mb="0" cb="0"/><line nr="135" mi="0" ci="6" mb="0" cb="0"/><line nr="158" mi="0" ci="4" mb="0" cb="0"/><line nr="159" mi="0" ci="5" mb="0" cb="0"/><line nr="160" mi="0" ci="5" mb="0" cb="0"/><line nr="179" mi="0" ci="9" mb="0" cb="2"/><line nr="180" mi="0" ci="3" mb="0" cb="2"/><line nr="181" mi="0" ci="8" mb="0" cb="0"/><line nr="182" mi="0" ci="3" mb="0" cb="2"/><line nr="183" mi="0" ci="2" mb="0" cb="0"/><line nr="185" mi="0" ci="2" mb="0" cb="0"/><line nr="200" mi="0" ci="9" mb="0" cb="0"/><line nr="217" mi="0" ci="5" mb="0" cb="0"/><line nr="218" mi="0" ci="8" mb="0" cb="0"/><line nr="229" mi="0" ci="9" mb="0" cb="2"/><line nr="245" mi="0" ci="10" mb="0" cb="0"/><line nr="262" mi="0" ci="4" mb="0" cb="0"/><line nr="263" mi="0" ci="4" mb="0" cb="2"/><line nr="264" mi="0" ci="2" mb="0" cb="0"/><line nr="266" mi="0" ci="4" mb="0" cb="2"/><line nr="267" mi="0" ci="2" mb="0" cb="0"/><line nr="269" mi="0" ci="2" mb="0" cb="0"/><line nr="283" mi="0" ci="4" mb="0" cb="0"/><line nr="284" mi="0" ci="3" mb="0" cb="0"/><line nr="285" mi="0" ci="3" mb="0" cb="0"/><line nr="286" mi="0" ci="6" mb="0" cb="0"/><line nr="287" mi="0" ci="6" mb="0" cb="0"/><line nr="288" mi="0" ci="9" mb="0" cb="2"/><line nr="303" mi="0" ci="4" mb="0" cb="0"/><line nr="304" mi="0" ci="12" mb="0" cb="4"/><line nr="318" mi="0" ci="4" mb="0" cb="0"/><line nr="319" mi="0" ci="8" mb="0" cb="2"/><line nr="333" mi="0" ci="4" mb="0" cb="0"/><line nr="334" mi="0" ci="8" mb="0" cb="2"/><line nr="351" mi="0" ci="4" mb="0" cb="0"/><line nr="352" mi="0" ci="8" mb="0" cb="2"/><line nr="369" mi="0" ci="4" mb="0" cb="0"/><line nr="370" mi="0" ci="8" mb="0" cb="2"/><line nr="388" mi="0" ci="3" mb="0" cb="2"/><line nr="389" mi="0" ci="11" mb="0" cb="0"/><line nr="391" mi="0" ci="3" mb="0" cb="2"/><line nr="392" mi="0" ci="2" mb="0" cb="0"/><line nr="394" mi="0" ci="5" mb="0" cb="2"/><line nr="395" mi="0" ci="3" mb="0" cb="0"/><line nr="397" mi="0" ci="2" mb="0" cb="0"/><line nr="411" mi="0" ci="6" mb="0" cb="0"/><line nr="412" mi="0" ci="12" mb="0" cb="0"/><line nr="423" mi="0" ci="8" mb="0" cb="0"/><line nr="439" mi="0" ci="4" mb="0" cb="0"/><line nr="440" mi="0" ci="8" mb="0" cb="0"/><line nr="461" mi="0" ci="10" mb="0" cb="2"/><line nr="462" mi="0" ci="6" mb="0" cb="0"/><line nr="487" mi="0" ci="4" mb="0" cb="0"/><line nr="488" mi="0" ci="4" mb="0" cb="0"/><line nr="489" mi="0" ci="10" mb="0" cb="2"/><line nr="491" mi="0" ci="6" mb="0" cb="0"/><line nr="496" mi="0" ci="14" mb="0" cb="0"/><line nr="501" mi="0" ci="3" mb="0" cb="2"/><line nr="502" mi="0" ci="2" mb="0" cb="0"/><line nr="504" mi="0" ci="3" mb="0" cb="2"/><line nr="505" mi="0" ci="2" mb="0" cb="0"/><line nr="507" mi="0" ci="3" mb="0" cb="0"/><line nr="508" mi="0" ci="16" mb="0" cb="4"/><line nr="513" mi="0" ci="12" mb="0" cb="0"/><line nr="517" mi="0" ci="3" mb="0" cb="0"/><line nr="521" mi="0" ci="3" mb="0" cb="0"/><counter type="INSTRUCTION" missed="0" covered="463"/><counter type="BRANCH" missed="0" covered="44"/><counter type="LINE" missed="0" covered="84"/><counter type="COMPLEXITY" missed="0" covered="51"/><counter type="METHOD" missed="0" covered="29"/><counter type="CLASS" missed="0" covered="1"/></sourcefile><sourcefile name="SimpleComplexNumber.java"><line nr="46" mi="0" ci="6" mb="0" cb="0"/><line nr="53" mi="0" ci="6" mb="0" cb="0"/><line nr="60" mi="0" ci="7" mb="0" cb="0"/><line nr="63" mi="0" ci="4" mb="0" cb="0"/><line nr="64" mi="0" ci="1" mb="0" cb="0"/><line nr="78" mi="0" ci="4" mb="0" cb="0"/><line nr="79" mi="0" ci="18" mb="0" cb="0"/><line nr="94" mi="0" ci="4" mb="0" cb="0"/><line nr="95" mi="0" ci="14" mb="0" cb="0"/><line nr="96" mi="0" ci="4" mb="0" cb="0"/><line nr="111" mi="0" ci="4" mb="0" cb="0"/><line nr="112" mi="0" ci="16" mb="0" cb="0"/><line nr="113" mi="0" ci="16" mb="0" cb="0"/><line nr="114" mi="0" ci="6" mb="0" cb="0"/><line nr="137" mi="0" ci="4" mb="0" cb="0"/><line nr="138" mi="0" ci="5" mb="0" cb="0"/><line nr="139" mi="0" ci="4" mb="0" cb="0"/><line nr="140" mi="0" ci="7" mb="0" cb="0"/><line nr="157" mi="0" ci="9" mb="0" cb="2"/><line nr="158" mi="0" ci="3" mb="0" cb="2"/><line nr="159" mi="0" ci="8" mb="0" cb="0"/><line nr="160" mi="0" ci="3" mb="0" cb="2"/><line nr="161" mi="0" ci="2" mb="0" cb="0"/><line nr="163" mi="0" ci="2" mb="0" cb="0"/><line nr="174" mi="0" ci="12" mb="0" cb="0"/><line nr="189" mi="0" ci="5" mb="0" cb="0"/><line nr="190" mi="0" ci="4" mb="0" cb="0"/><line nr="202" mi="0" ci="8" mb="0" cb="2"/><line nr="215" mi="0" ci="7" mb="0" cb="0"/><line nr="226" mi="0" ci="12" mb="0" cb="0"/><line nr="237" mi="0" ci="11" mb="0" cb="0"/><line nr="251" mi="0" ci="10" mb="0" cb="2"/><line nr="252" mi="0" ci="7" mb="0" cb="0"/><line nr="271" mi="0" ci="10" mb="0" cb="2"/><line nr="272" mi="0" ci="9" mb="0" cb="2"/><line nr="273" mi="0" ci="7" mb="0" cb="0"/><line nr="292" mi="0" ci="10" mb="0" cb="2"/><line nr="293" mi="0" ci="4" mb="0" cb="0"/><line nr="294" mi="0" ci="8" mb="0" cb="0"/><line nr="317" mi="0" ci="10" mb="0" cb="2"/><line nr="318" mi="0" ci="9" mb="0" cb="2"/><line nr="319" mi="0" ci="4" mb="0" cb="0"/><line nr="320" mi="0" ci="8" mb="0" cb="0"/><line nr="339" mi="0" ci="10" mb="0" cb="2"/><line nr="340" mi="0" ci="4" mb="0" cb="0"/><line nr="341" mi="0" ci="5" mb="0" cb="0"/><line nr="355" mi="0" ci="10" mb="0" cb="2"/><line nr="356" mi="0" ci="7" mb="0" cb="0"/><line nr="375" mi="0" ci="10" mb="0" cb="2"/><line nr="376" mi="0" ci="9" mb="0" cb="2"/><line nr="377" mi="0" ci="7" mb="0" cb="0"/><line nr="396" mi="0" ci="10" mb="0" cb="2"/><line nr="397" mi="0" ci="4" mb="0" cb="0"/><line nr="398" mi="0" ci="8" mb="0" cb="0"/><line nr="421" mi="0" ci="10" mb="0" cb="2"/><line nr="422" mi="0" ci="9" mb="0" cb="2"/><line nr="423" mi="0" ci="4" mb="0" cb="0"/><line nr="424" mi="0" ci="8" mb="0" cb="0"/><line nr="443" mi="0" ci="10" mb="0" cb="2"/><line nr="444" mi="0" ci="4" mb="0" cb="0"/><line nr="445" mi="0" ci="5" mb="0" cb="0"/><line nr="457" mi="0" ci="33" mb="0" cb="0"/><line nr="458" mi="0" ci="9" mb="0" cb="0"/><line nr="477" mi="0" ci="6" mb="0" cb="0"/><line nr="496" mi="0" ci="4" mb="0" cb="0"/><line nr="497" mi="0" ci="4" mb="0" cb="0"/><line nr="498" mi="0" ci="6" mb="0" cb="0"/><counter type="INSTRUCTION" missed="0" covered="508"/><counter type="BRANCH" missed="0" covered="36"/><counter type="LINE" missed="0" covered="67"/><counter type="COMPLEXITY" missed="0" covered="44"/><counter type="METHOD" missed="0" covered="26"/><counter type="CLASS" missed="0" covered="1"/></sourcefile><sourcefile name="AbstractComplexNumber.java"><line nr="50" mi="0" ci="3" mb="0" cb="0"/><line nr="66" mi="0" ci="2" mb="0" cb="0"/><line nr="67" mi="0" ci="5" mb="0" cb="0"/><line nr="68" mi="0" ci="5" mb="0" cb="0"/><line nr="69" mi="0" ci="1" mb="0" cb="0"/><line nr="86" mi="0" ci="4" mb="0" cb="0"/><line nr="87" mi="0" ci="5" mb="0" cb="0"/><line nr="88" mi="0" ci="5" mb="0" cb="0"/><line nr="121" mi="0" ci="14" mb="0" cb="0"/><line nr="126" mi="0" ci="3" mb="0" cb="2"/><line nr="127" mi="0" ci="2" mb="0" cb="0"/><line nr="129" mi="0" ci="3" mb="0" cb="2"/><line nr="130" mi="0" ci="2" mb="0" cb="0"/><line nr="132" mi="0" ci="3" mb="0" cb="0"/><line nr="133" mi="0" ci="16" mb="0" cb="4"/><line nr="138" mi="0" ci="12" mb="0" cb="0"/><line nr="142" mi="0" ci="3" mb="0" cb="0"/><line nr="146" mi="0" ci="3" mb="0" cb="0"/><counter type="INSTRUCTION" missed="0" covered="91"/><counter type="BRANCH" missed="0" covered="8"/><counter type="LINE" missed="0" covered="18"/><counter type="COMPLEXITY" missed="0" covered="12"/><counter type="METHOD" missed="0" covered="8"/><counter type="CLASS" missed="0" covered="1"/></sourcefile><counter type="INSTRUCTION" missed="391" covered="2078"/><counter type="BRANCH" missed="12" covered="172"/><counter type="LINE" missed="57" covered="315"/><counter type="COMPLEXITY" missed="18" covered="198"/><counter type="METHOD" missed="11" covered="113"/><counter type="CLASS" missed="0" covered="7"/></package><counter type="INSTRUCTION" missed="531" covered="16091"/><counter type="BRANCH" missed="50" covered="1416"/><counter type="LINE" missed="73" covered="2146"/><counter type="COMPLEXITY" missed="58" covered="1398"/><counter type="METHOD" missed="17" covered="706"/><counter type="CLASS" missed="0" covered="31"/></report>