<?xml version="1.0" encoding="UTF-8"?>
<testsuite xmlns:xsi="http://www.w3.org/2001/XMLSchema-instance" xsi:noNamespaceSchemaLocation="https://maven.apache.org/surefire/maven-surefire-plugin/xsd/surefire-test-report.xsd" name="com.github.ltennstedt.finnmath.core.linear.SimpleComplexNumberVectorTest" time="0.824" tests="107" errors="0" skipped="0" failures="0">
  <properties>
[...]
</properties>
  <testcase name="euclideanDistanceShouldBePositive" classname="com.github.ltennstedt.finnmath.core.linear.SimpleComplexNumberVectorTest" time="0"/>
  <testcase name="euclideanDistancePow2FromVectorToSelfShouldBeEqualToZero" classname="com.github.ltennstedt.finnmath.core.linear.SimpleComplexNumberVectorTest" time="0.004"/>
  <testcase name="maxDistanceFromVectorToSelfShouldBeEqualToZero" classname="com.github.ltennstedt.finnmath.core.linear.SimpleComplexNumberVectorTest" time="0.011"/>
  <testcase name="addShouldSucceed" classname="com.github.ltennstedt.finnmath.core.linear.SimpleComplexNumberVectorTest" time="0.015"/>
  <testcase name="scalarMultiplyShouldSucceed" classname="com.github.ltennstedt.finnmath.core.linear.SimpleComplexNumberVectorTest" time="0.017"/>
  <testcase name="euclideanDistanceWithPrecisionShouldSucceed" classname="com.github.ltennstedt.finnmath.core.linear.SimpleComplexNumberVectorTest" time="0.008"/>
  <testcase name="subtractShouldSucceed" classname="com.github.ltennstedt.finnmath.core.linear.SimpleComplexNumberVectorTest" time="0.004"/>
  <testcase name="toStringShouldSucceed" classname="com.github.ltennstedt.finnmath.core.linear.SimpleComplexNumberVectorTest" time="0.002"/>
  <testcase name="maxDistanceNullShouldThrowException" classname="com.github.ltennstedt.finnmath.core.linear.SimpleComplexNumberVectorTest" time="0.001"/>
  <testcase name="taxicabNormShouldSucceed" classname="com.github.ltennstedt.finnmath.core.linear.SimpleComplexNumberVectorTest" time="0.002"/>
  <testcase name="euclideanNormPrecisionTooLowShouldThrowException" classname="com.github.ltennstedt.finnmath.core.linear.SimpleComplexNumberVectorTest" time="0.001"/>
  <testcase name="euclideanNormPrecisionNullAndScaleAndRoundingModeShouldThrowException" classname="com.github.ltennstedt.finnmath.core.linear.SimpleComplexNumberVectorTest" time="0.001"/>
  <testcase name="taxicabDistanceNullShouldThrowException" classname="com.github.ltennstedt.finnmath.core.linear.SimpleComplexNumberVectorTest" time="0.009"/>
  <testcase name="taxicabNormShouldBeAbsolutelyHomogeneous" classname="com.github.ltennstedt.finnmath.core.linear.SimpleComplexNumberVectorTest" time="0.019"/>
  <testcase name="dotProductSizesNotEqualShouldThrowException" classname="com.github.ltennstedt.finnmath.core.linear.SimpleComplexNumberVectorTest" time="0.002"/>
  <testcase name="euclideanDistanceSizesNotEqualWithPrecisionAndScaleAndRoundingModeShouldThrowException" classname="com.github.ltennstedt.finnmath.core.linear.SimpleComplexNumberVectorTest" time="0.001"/>
  <testcase name="dotProductShouldSucceed" classname="com.github.ltennstedt.finnmath.core.linear.SimpleComplexNumberVectorTest" time="0.004"/>
  <testcase name="euclideanDistancePrecisionTooLowShouldThrowException" classname="com.github.ltennstedt.finnmath.core.linear.SimpleComplexNumberVectorTest" time="0.001"/>
  <testcase name="euclideanNormPow2NormShouldBeHomogeneous" classname="com.github.ltennstedt.finnmath.core.linear.SimpleComplexNumberVectorTest" time="0.005"/>
  <testcase name="scalarMultiplyNullShouldThrowException" classname="com.github.ltennstedt.finnmath.core.linear.SimpleComplexNumberVectorTest" time="0"/>
  <testcase name="addAndScalarMultiplyWithTwoScalarsShouldBeDistributive" classname="com.github.ltennstedt.finnmath.core.linear.SimpleComplexNumberVectorTest" time="0.034"/>
  <testcase name="euclideanDistanceWithPrecisionAndScaleAndRoundingModeShouldSucceed" classname="com.github.ltennstedt.finnmath.core.linear.SimpleComplexNumberVectorTest" time="0.012"/>
  <testcase name="elementShouldSucceed" classname="com.github.ltennstedt.finnmath.core.linear.SimpleComplexNumberVectorTest" time="0.002"/>
  <testcase name="maxNormShouldBePositive" classname="com.github.ltennstedt.finnmath.core.linear.SimpleComplexNumberVectorTest" time="0.002"/>
  <testcase name="equalsNotSimpleComplexNumberVectorShouldReturnFalse" classname="com.github.ltennstedt.finnmath.core.linear.SimpleComplexNumberVectorTest" time="0"/>
  <testcase name="taxicabNormShouldBePositive" classname="com.github.ltennstedt.finnmath.core.linear.SimpleComplexNumberVectorTest" time="0.002"/>
  <testcase name="euclideanDistanceWithPrecisionNullAndScaleAndRoundingModeShouldThrowException" classname="com.github.ltennstedt.finnmath.core.linear.SimpleComplexNumberVectorTest" time="0.003"/>
  <testcase name="scalarMultiplyWithMinusOneShouldBeEqualToNegated" classname="com.github.ltennstedt.finnmath.core.linear.SimpleComplexNumberVectorTest" time="0.001"/>
  <testcase name="elementNullShouldThrowException" classname="com.github.ltennstedt.finnmath.core.linear.SimpleComplexNumberVectorTest" time="0.001"/>
  <testcase name="euclideanDistancePow2NullShouldThrowException" classname="com.github.ltennstedt.finnmath.core.linear.SimpleComplexNumberVectorTest" time="0.001"/>
  <testcase name="maxNormShouldBeSubadditive" classname="com.github.ltennstedt.finnmath.core.linear.SimpleComplexNumberVectorTest" time="0.017"/>
  <testcase name="taxicabNormZeroVectorShouldBeEqualToZero" classname="com.github.ltennstedt.finnmath.core.linear.SimpleComplexNumberVectorTest" time="0.001"/>
  <testcase name="euclideanDistancePow2ShouldSucceed" classname="com.github.ltennstedt.finnmath.core.linear.SimpleComplexNumberVectorTest" time="0.014"/>
  <testcase name="taxicabDistanceSizesNotEqualShouldThrowException" classname="com.github.ltennstedt.finnmath.core.linear.SimpleComplexNumberVectorTest" time="0.001"/>
  <testcase name="equalsSelfShouldReturnTrue" classname="com.github.ltennstedt.finnmath.core.linear.SimpleComplexNumberVectorTest" time="0.003"/>
  <testcase name="addShouldBeCommutative" classname="com.github.ltennstedt.finnmath.core.linear.SimpleComplexNumberVectorTest" time="0.003"/>
  <testcase name="euclideanNormShouldBePositive" classname="com.github.ltennstedt.finnmath.core.linear.SimpleComplexNumberVectorTest" time="0.002"/>
  <testcase name="euclideanNormPow2ZeroVectorShouldBeEqualToZero" classname="com.github.ltennstedt.finnmath.core.linear.SimpleComplexNumberVectorTest" time="0"/>
  <testcase name="dotProductNullShouldThrowException" classname="com.github.ltennstedt.finnmath.core.linear.SimpleComplexNumberVectorTest" time="0.001"/>
  <testcase name="negateZeroMatrixShouldBeEqualToSelf" classname="com.github.ltennstedt.finnmath.core.linear.SimpleComplexNumberVectorTest" time="0"/>
  <testcase name="entriesShouldSucceed" classname="com.github.ltennstedt.finnmath.core.linear.SimpleComplexNumberVectorTest" time="0.001"/>
  <testcase name="taxicabDistanceShouldBeSucceed" classname="com.github.ltennstedt.finnmath.core.linear.SimpleComplexNumberVectorTest" time="0.013"/>
  <testcase name="equalsEqualShouldReturnTrue" classname="com.github.ltennstedt.finnmath.core.linear.SimpleComplexNumberVectorTest" time="0.002"/>
  <testcase name="elementIndexOutOfBoundShouldThrowException" classname="com.github.ltennstedt.finnmath.core.linear.SimpleComplexNumberVectorTest" time="0.002"/>
  <testcase name="hashCodeShouldSucceed" classname="com.github.ltennstedt.finnmath.core.linear.SimpleComplexNumberVectorTest" time="0.003"/>
  <testcase name="maxNormShouldSucceed" classname="com.github.ltennstedt.finnmath.core.linear.SimpleComplexNumberVectorTest" time="0.002"/>
  <testcase name="addShouldBeAssociative" classname="com.github.ltennstedt.finnmath.core.linear.SimpleComplexNumberVectorTest" time="0.017"/>
  <testcase name="euclideanDistanceNullShouldThrowException" classname="com.github.ltennstedt.finnmath.core.linear.SimpleComplexNumberVectorTest" time="0.001"/>
  <testcase name="scalarMultiplyWithZeroShouldBeEqualToZeroVector" classname="com.github.ltennstedt.finnmath.core.linear.SimpleComplexNumberVectorTest" time="0.001"/>
  <testcase name="euclideanNormWithScaleAndRoundingModeShouldSucceed" classname="com.github.ltennstedt.finnmath.core.linear.SimpleComplexNumberVectorTest" time="0.002"/>
  <testcase name="euclideanDistanceNullWithScaleAndRoundingModeShouldThrowException" classname="com.github.ltennstedt.finnmath.core.linear.SimpleComplexNumberVectorTest" time="0.001"/>
  <testcase name="equalsNotEqualShouldReturnFalse" classname="com.github.ltennstedt.finnmath.core.linear.SimpleComplexNumberVectorTest" time="0.001"/>
  <testcase name="maxDistanceSizesNotEqualShouldThrowException" classname="com.github.ltennstedt.finnmath.core.linear.SimpleComplexNumberVectorTest" time="0.001"/>
  <testcase name="euclideanNormWithPrecisionAndScaleAndRoundingModeShouldSucceed" classname="com.github.ltennstedt.finnmath.core.linear.SimpleComplexNumberVectorTest" time="0.001"/>
  <testcase name="addSizesNotEqualShouldThrowException" classname="com.github.ltennstedt.finnmath.core.linear.SimpleComplexNumberVectorTest" time="0.002"/>
  <testcase name="negateTwiceShouldBeEqualToSelf" classname="com.github.ltennstedt.finnmath.core.linear.SimpleComplexNumberVectorTest" time="0.001"/>
  <testcase name="euclideanNormShouldBeSubadditive" classname="com.github.ltennstedt.finnmath.core.linear.SimpleComplexNumberVectorTest" time="0.006"/>
  <testcase name="euclideanDistancePrecisionNullShouldThrowException" classname="com.github.ltennstedt.finnmath.core.linear.SimpleComplexNumberVectorTest" time="0.001"/>
  <testcase name="euclideanNormShouldSucceed" classname="com.github.ltennstedt.finnmath.core.linear.SimpleComplexNumberVectorTest" time="0.002"/>
  <testcase name="maxDistanceShouldBeSymmetric" classname="com.github.ltennstedt.finnmath.core.linear.SimpleComplexNumberVectorTest" time="0.01"/>
  <testcase name="maxNormShouldBeAbsolutelyHomogeneous" classname="com.github.ltennstedt.finnmath.core.linear.SimpleComplexNumberVectorTest" time="0.012"/>
  <testcase name="euclideanDistanceSizesNotEqualWithPrecisionShouldThrowException" classname="com.github.ltennstedt.finnmath.core.linear.SimpleComplexNumberVectorTest" time="0.002"/>
  <testcase name="euclideanDistanceShouldSucceed" classname="com.github.ltennstedt.finnmath.core.linear.SimpleComplexNumberVectorTest" time="0.005"/>
  <testcase name="euclideanDistanceSizesNotEqualWithScaleAndRoundingModeShouldThrowException" classname="com.github.ltennstedt.finnmath.core.linear.SimpleComplexNumberVectorTest" time="0.001"/>
  <testcase name="builderSizeTooLowShouldThrowException" classname="com.github.ltennstedt.finnmath.core.linear.SimpleComplexNumberVectorTest" time="0.001"/>
  <testcase name="euclideanNormScaleTooLowAndRoundingModeShouldThrowException" classname="com.github.ltennstedt.finnmath.core.linear.SimpleComplexNumberVectorTest" time="0.001"/>
  <testcase name="taxicabDistanceFromVectorToSelfShouldBeEqualToZero" classname="com.github.ltennstedt.finnmath.core.linear.SimpleComplexNumberVectorTest" time="0.003"/>
  <testcase name="addNegatedShouldBeEqualToZeroMatrix" classname="com.github.ltennstedt.finnmath.core.linear.SimpleComplexNumberVectorTest" time="0.001"/>
  <testcase name="euclideanDistanceSizesNotEqualShouldThrowException" classname="com.github.ltennstedt.finnmath.core.linear.SimpleComplexNumberVectorTest" time="0.002"/>
  <testcase name="scalarMultiplyWithTwoScalarsShouldBeAssociative" classname="com.github.ltennstedt.finnmath.core.linear.SimpleComplexNumberVectorTest" time="0.014"/>
  <testcase name="elementsShouldSucceed" classname="com.github.ltennstedt.finnmath.core.linear.SimpleComplexNumberVectorTest" time="0.001"/>
  <testcase name="addNullShouldThrowException" classname="com.github.ltennstedt.finnmath.core.linear.SimpleComplexNumberVectorTest" time="0"/>
  <testcase name="maxDistanceShouldBePositive" classname="com.github.ltennstedt.finnmath.core.linear.SimpleComplexNumberVectorTest" time="0.006"/>
  <testcase name="euclideanDistanceScaleToLowAndRoundingModeShouldThrowException" classname="com.github.ltennstedt.finnmath.core.linear.SimpleComplexNumberVectorTest" time="0.001"/>
  <testcase name="euclideanDistanceWithScaleAndRoundingModeShouldSucceed" classname="com.github.ltennstedt.finnmath.core.linear.SimpleComplexNumberVectorTest" time="0.004"/>
  <testcase name="maxDistanceShouldBeSubadditive" classname="com.github.ltennstedt.finnmath.core.linear.SimpleComplexNumberVectorTest" time="0.145"/>
  <testcase name="euclideanDistancePrecisionTooHighAndScaleAndRoundingModeShouldThrowException" classname="com.github.ltennstedt.finnmath.core.linear.SimpleComplexNumberVectorTest" time="0.004"/>
  <testcase name="euclideanNormPrecisionTooHighShouldThrowException" classname="com.github.ltennstedt.finnmath.core.linear.SimpleComplexNumberVectorTest" time="0.001"/>
  <testcase name="addZeroVectorShouldBeEqualToSelf" classname="com.github.ltennstedt.finnmath.core.linear.SimpleComplexNumberVectorTest" time="0.001"/>
  <testcase name="euclideanNormPrecisionTooHighAndScaleAndRoundingModeShouldThrowException" classname="com.github.ltennstedt.finnmath.core.linear.SimpleComplexNumberVectorTest" time="0.001"/>
  <testcase name="subtractSizesNotEqualShouldThrowException" classname="com.github.ltennstedt.finnmath.core.linear.SimpleComplexNumberVectorTest" time="0.001"/>
  <testcase name="euclideanNormScaleTooLowAndPrecisionAndRoundingModeShouldThrowException" classname="com.github.ltennstedt.finnmath.core.linear.SimpleComplexNumberVectorTest" time="0.002"/>
  <testcase name="subtractZeroVectorShouldBeEqualToSelf" classname="com.github.ltennstedt.finnmath.core.linear.SimpleComplexNumberVectorTest" time="0.001"/>
  <testcase name="euclideanDistanceWithPrecisionAndScaleToLowAndRoundingModeShouldThrowException" classname="com.github.ltennstedt.finnmath.core.linear.SimpleComplexNumberVectorTest" time="0.001"/>
  <testcase name="taxicabDistanceShouldBeSubadditive" classname="com.github.ltennstedt.finnmath.core.linear.SimpleComplexNumberVectorTest" time="0.136"/>
  <testcase name="euclideanDistanceWithPrecisionTooLowAndScaleAndRoundingModeShouldThrowException" classname="com.github.ltennstedt.finnmath.core.linear.SimpleComplexNumberVectorTest" time="0.001"/>
  <testcase name="maxDistanceShouldBeSucceed" classname="com.github.ltennstedt.finnmath.core.linear.SimpleComplexNumberVectorTest" time="0.014"/>
  <testcase name="maxNormZeroVectorShouldBeEqualToZero" classname="com.github.ltennstedt.finnmath.core.linear.SimpleComplexNumberVectorTest" time="0.001"/>
  <testcase name="euclideanNormPrecisionNullShouldThrowException" classname="com.github.ltennstedt.finnmath.core.linear.SimpleComplexNumberVectorTest" time="0.002"/>
  <testcase name="euclideanDistanceNullWithPrecisionShouldThrowException" classname="com.github.ltennstedt.finnmath.core.linear.SimpleComplexNumberVectorTest" time="0.001"/>
  <testcase name="euclideanNormWithPrecisionShouldSucceed" classname="com.github.ltennstedt.finnmath.core.linear.SimpleComplexNumberVectorTest" time="0.003"/>
  <testcase name="addAndScalarMultiplyWithTwoVectorsShouldBeDistributive" classname="com.github.ltennstedt.finnmath.core.linear.SimpleComplexNumberVectorTest" time="0.024"/>
  <testcase name="euclideanNormPow2ShouldSucceed" classname="com.github.ltennstedt.finnmath.core.linear.SimpleComplexNumberVectorTest" time="0.001"/>
  <testcase name="euclideanDistanceNullWithPrecisionAndScaleAndRoundingModeShouldThrowException" classname="com.github.ltennstedt.finnmath.core.linear.SimpleComplexNumberVectorTest" time="0.001"/>
  <testcase name="euclideanDistanceShouldBeSubadditive" classname="com.github.ltennstedt.finnmath.core.linear.SimpleComplexNumberVectorTest" time="0.057"/>
  <testcase name="subtractNullShouldThrowException" classname="com.github.ltennstedt.finnmath.core.linear.SimpleComplexNumberVectorTest" time="0.001"/>
  <testcase name="taxicabDistanceShouldBeSymmetric" classname="com.github.ltennstedt.finnmath.core.linear.SimpleComplexNumberVectorTest" time="0.009"/>
  <testcase name="negateShouldSucceed" classname="com.github.ltennstedt.finnmath.core.linear.SimpleComplexNumberVectorTest" time="0.001"/>
  <testcase name="sizeShouldSucceed" classname="com.github.ltennstedt.finnmath.core.linear.SimpleComplexNumberVectorTest" time="0.001"/>
  <testcase name="taxicabNormShouldBeSubadditive" classname="com.github.ltennstedt.finnmath.core.linear.SimpleComplexNumberVectorTest" time="0.013"/>
  <testcase name="euclideanDistancePow2SizesNotEqualShouldThrowException" classname="com.github.ltennstedt.finnmath.core.linear.SimpleComplexNumberVectorTest" time="0.001"/>
  <testcase name="euclideanDistancePow2AbsShouldBeSymmetric" classname="com.github.ltennstedt.finnmath.core.linear.SimpleComplexNumberVectorTest" time="0.001"/>
  <testcase name="subtractSelfShouldBeEqualToZeroVector" classname="com.github.ltennstedt.finnmath.core.linear.SimpleComplexNumberVectorTest" time="0.001"/>
  <testcase name="euclideanNormPrecisionTooLowAndScaleAndRoundingModeShouldThrowException" classname="com.github.ltennstedt.finnmath.core.linear.SimpleComplexNumberVectorTest" time="0.001"/>
  <testcase name="taxicabDistanceShouldBePositive" classname="com.github.ltennstedt.finnmath.core.linear.SimpleComplexNumberVectorTest" time="0.006"/>
  <testcase name="euclideanDistancePrecisionTooHighShouldThrowException" classname="com.github.ltennstedt.finnmath.core.linear.SimpleComplexNumberVectorTest" time="0.001"/>
  <testcase name="scalarMultiplyWithOneShouldBeEqualToSelf" classname="com.github.ltennstedt.finnmath.core.linear.SimpleComplexNumberVectorTest" time="0.002"/>
</testsuite>