<?xml version="1.0" encoding="UTF-8"?>
<testsuite xmlns:xsi="http://www.w3.org/2001/XMLSchema-instance" xsi:noNamespaceSchemaLocation="https://maven.apache.org/surefire/maven-surefire-plugin/xsd/surefire-test-report.xsd" name="com.github.ltennstedt.finnmath.core.linear.RealComplexNumberMatrixTest" time="5.872" tests="161" errors="0" skipped="0" failures="0">
  <properties>
[...]
</properties>
  <testcase name="multiplyZeroVectorShouldBeEqualToZeroMatrix" classname="com.github.ltennstedt.finnmath.core.linear.RealComplexNumberMatrixTest" time="0.019"/>
  <testcase name="multiplyIdentityMatrixShouldBeEqualToSelf" classname="com.github.ltennstedt.finnmath.core.linear.RealComplexNumberMatrixTest" time="0.021"/>
  <testcase name="transposeShouldBeAdditive" classname="com.github.ltennstedt.finnmath.core.linear.RealComplexNumberMatrixTest" time="0.065"/>
  <testcase name="frobeniusNormShouldBeSubadditive" classname="com.github.ltennstedt.finnmath.core.linear.RealComplexNumberMatrixTest" time="0.028"/>
  <testcase name="squareShouldBePredictable" classname="com.github.ltennstedt.finnmath.core.linear.RealComplexNumberMatrixTest" time="0"/>
  <testcase name="identityShouldSucceed" classname="com.github.ltennstedt.finnmath.core.linear.RealComplexNumberMatrixTest" time="0"/>
  <testcase name="addShouldSucceed" classname="com.github.ltennstedt.finnmath.core.linear.RealComplexNumberMatrixTest" time="0.02"/>
  <testcase name="skewSymmetricNotSymmetricShouldReturnFalse" classname="com.github.ltennstedt.finnmath.core.linear.RealComplexNumberMatrixTest" time="0.003"/>
  <testcase name="multiplyNullVectorShouldThrowException" classname="com.github.ltennstedt.finnmath.core.linear.RealComplexNumberMatrixTest" time="0.001"/>
  <testcase name="scalarMultiplyShouldSucceed" classname="com.github.ltennstedt.finnmath.core.linear.RealComplexNumberMatrixTest" time="0.02"/>
  <testcase name="determinatOfTriangularMatricesShouldBeEqualToProductOfTheDiagonalEntries" classname="com.github.ltennstedt.finnmath.core.linear.RealComplexNumberMatrixTest" time="0.002"/>
  <testcase name="subtractShouldSucceed" classname="com.github.ltennstedt.finnmath.core.linear.RealComplexNumberMatrixTest" time="0.021"/>
  <testcase name="maxAbsRowSumNormShouldBePositiveValued" classname="com.github.ltennstedt.finnmath.core.linear.RealComplexNumberMatrixTest" time="0.011"/>
  <testcase name="toStringShouldSucceed" classname="com.github.ltennstedt.finnmath.core.linear.RealComplexNumberMatrixTest" time="0.007"/>
  <testcase name="invertibleIdShouldSucceed" classname="com.github.ltennstedt.finnmath.core.linear.RealComplexNumberMatrixTest" time="0.002"/>
  <testcase name="elementColumnIndexOutOfBoundShouldThrowException" classname="com.github.ltennstedt.finnmath.core.linear.RealComplexNumberMatrixTest" time="0.001"/>
  <testcase name="subtractRowSizesNotEqualShouldThrowException" classname="com.github.ltennstedt.finnmath.core.linear.RealComplexNumberMatrixTest" time="0.001"/>
  <testcase name="columnSizeShouldSucceed" classname="com.github.ltennstedt.finnmath.core.linear.RealComplexNumberMatrixTest" time="0.002"/>
  <testcase name="frobeniusNormPow2OfZeroMatrixShouldBeEqualToZero" classname="com.github.ltennstedt.finnmath.core.linear.RealComplexNumberMatrixTest" time="0.001"/>
  <testcase name="frobeniusNormShouldBeSubmultiplicative" classname="com.github.ltennstedt.finnmath.core.linear.RealComplexNumberMatrixTest" time="0.038"/>
  <testcase name="maxNormOfZeroMatrixShouldBeEqualToZero" classname="com.github.ltennstedt.finnmath.core.linear.RealComplexNumberMatrixTest" time="0.001"/>
  <testcase name="minorColumnIndexTooHighShouldThrowException" classname="com.github.ltennstedt.finnmath.core.linear.RealComplexNumberMatrixTest" time="0.001"/>
  <testcase name="maxAbsColumnSumNormShouldBeSubadditive" classname="com.github.ltennstedt.finnmath.core.linear.RealComplexNumberMatrixTest" time="0.179"/>
  <testcase name="determinatOfTransposeShouldBeEqualToDeterminant" classname="com.github.ltennstedt.finnmath.core.linear.RealComplexNumberMatrixTest" time="0.019"/>
  <testcase name="maxAbsColumnSumNormOfZeroMatrixShouldBeEqualToZero" classname="com.github.ltennstedt.finnmath.core.linear.RealComplexNumberMatrixTest" time="0"/>
  <testcase name="maxAbsRowSumNormShouldBeSucceed" classname="com.github.ltennstedt.finnmath.core.linear.RealComplexNumberMatrixTest" time="0.025"/>
  <testcase name="multiplyVectorShouldSucceed" classname="com.github.ltennstedt.finnmath.core.linear.RealComplexNumberMatrixTest" time="0.014"/>
  <testcase name="lowerTriangularNotSquareShouldReturnFalse" classname="com.github.ltennstedt.finnmath.core.linear.RealComplexNumberMatrixTest" time="0"/>
  <testcase name="minorRowIndexTooLowShouldThrowException" classname="com.github.ltennstedt.finnmath.core.linear.RealComplexNumberMatrixTest" time="0.001"/>
  <testcase name="transposeShouldBeLinear" classname="com.github.ltennstedt.finnmath.core.linear.RealComplexNumberMatrixTest" time="0.044"/>
  <testcase name="maxAbsColumnSumNormShouldBePositiveValued" classname="com.github.ltennstedt.finnmath.core.linear.RealComplexNumberMatrixTest" time="0.007"/>
  <testcase name="traceShouldBeLinear" classname="com.github.ltennstedt.finnmath.core.linear.RealComplexNumberMatrixTest" time="0.013"/>
  <testcase name="rowIndexesShouldSucceed" classname="com.github.ltennstedt.finnmath.core.linear.RealComplexNumberMatrixTest" time="0.004"/>
  <testcase name="determinatOfTwoByTwoMatricesShouldSucceed" classname="com.github.ltennstedt.finnmath.core.linear.RealComplexNumberMatrixTest" time="0.002"/>
  <testcase name="addZeroMatrixShouldBeEqualToSelf" classname="com.github.ltennstedt.finnmath.core.linear.RealComplexNumberMatrixTest" time="0.002"/>
  <testcase name="lowerTriangularNotLowerTriangularShouldReturnFalse" classname="com.github.ltennstedt.finnmath.core.linear.RealComplexNumberMatrixTest" time="0.007"/>
  <testcase name="multiplyNegativeIdentityMatrixShouldBeEqualToNegated" classname="com.github.ltennstedt.finnmath.core.linear.RealComplexNumberMatrixTest" time="0.005"/>
  <testcase name="subtractZeroMatrixShouldBeEqualToSelf" classname="com.github.ltennstedt.finnmath.core.linear.RealComplexNumberMatrixTest" time="0.004"/>
  <testcase name="minorRowIndexTooHighShouldThrowException" classname="com.github.ltennstedt.finnmath.core.linear.RealComplexNumberMatrixTest" time="0.001"/>
  <testcase name="rowsShouldSucceed" classname="com.github.ltennstedt.finnmath.core.linear.RealComplexNumberMatrixTest" time="0.016"/>
  <testcase name="muliplyZeroMatrixShouldBeEqualToZeroMatrix" classname="com.github.ltennstedt.finnmath.core.linear.RealComplexNumberMatrixTest" time="0.002"/>
  <testcase name="maxNormShouldBeSucceed" classname="com.github.ltennstedt.finnmath.core.linear.RealComplexNumberMatrixTest" time="0.008"/>
  <testcase name="scalarMultiplyNullShouldThrowException" classname="com.github.ltennstedt.finnmath.core.linear.RealComplexNumberMatrixTest" time="0.001"/>
  <testcase name="determinatWithScalarShouldBeEqualToPowOfScalarMultipliedWithDet" classname="com.github.ltennstedt.finnmath.core.linear.RealComplexNumberMatrixTest" time="0.07"/>
  <testcase name="addAndScalarMultiplyWithTwoScalarsShouldBeDistributive" classname="com.github.ltennstedt.finnmath.core.linear.RealComplexNumberMatrixTest" time="0.227"/>
  <testcase name="lowerTriangularShouldSucceed" classname="com.github.ltennstedt.finnmath.core.linear.RealComplexNumberMatrixTest" time="0.002"/>
  <testcase name="elementShouldSucceed" classname="com.github.ltennstedt.finnmath.core.linear.RealComplexNumberMatrixTest" time="0.005"/>
  <testcase name="squareOfSquareMatricesShouldBeTrue" classname="com.github.ltennstedt.finnmath.core.linear.RealComplexNumberMatrixTest" time="0.001"/>
  <testcase name="minorColumnIndexTooLowShouldThrowException" classname="com.github.ltennstedt.finnmath.core.linear.RealComplexNumberMatrixTest" time="0.001"/>
  <testcase name="determinatOfIdentityMatrixShouldBeEqualToOne" classname="com.github.ltennstedt.finnmath.core.linear.RealComplexNumberMatrixTest" time="0.001"/>
  <testcase name="frobeniusNormWithPrecisionAndScaleTooLowAndRoundingModeShouldThrowException" classname="com.github.ltennstedt.finnmath.core.linear.RealComplexNumberMatrixTest" time="0.001"/>
  <testcase name="multiplyNullShouldThrowException" classname="com.github.ltennstedt.finnmath.core.linear.RealComplexNumberMatrixTest" time="0.001"/>
  <testcase name="diagonalNotSquareShouldReturnFalse" classname="com.github.ltennstedt.finnmath.core.linear.RealComplexNumberMatrixTest" time="0"/>
  <testcase name="invertibleMatrixWithDetEqualToMinusOneShouldSucceed" classname="com.github.ltennstedt.finnmath.core.linear.RealComplexNumberMatrixTest" time="0.002"/>
  <testcase name="scalarMultiplyWithMinusOneShouldBeEqualToNegated" classname="com.github.ltennstedt.finnmath.core.linear.RealComplexNumberMatrixTest" time="0.002"/>
  <testcase name="frobeniusNormWithPrecisionNullAndScaleAndRoundingModeShouldThrowException" classname="com.github.ltennstedt.finnmath.core.linear.RealComplexNumberMatrixTest" time="0.001"/>
  <testcase name="symmetricNotSymmetricShouldReturnFalse" classname="com.github.ltennstedt.finnmath.core.linear.RealComplexNumberMatrixTest" time="0.003"/>
  <testcase name="traceShouldBeAdditive" classname="com.github.ltennstedt.finnmath.core.linear.RealComplexNumberMatrixTest" time="0.008"/>
  <testcase name="elementRowIndexOutOfBoundShouldThrowException" classname="com.github.ltennstedt.finnmath.core.linear.RealComplexNumberMatrixTest" time="0.001"/>
  <testcase name="rowRowIndexOutOfBoundShouldThrowException" classname="com.github.ltennstedt.finnmath.core.linear.RealComplexNumberMatrixTest" time="0.001"/>
  <testcase name="maxNormShouldBeSubadditive" classname="com.github.ltennstedt.finnmath.core.linear.RealComplexNumberMatrixTest" time="0.092"/>
  <testcase name="transposeTwiceIsEqualToSelf" classname="com.github.ltennstedt.finnmath.core.linear.RealComplexNumberMatrixTest" time="0.002"/>
  <testcase name="builderColumnSizeTooLowShouldThrowException" classname="com.github.ltennstedt.finnmath.core.linear.RealComplexNumberMatrixTest" time="0.001"/>
  <testcase name="equalsSelfShouldReturnTrue" classname="com.github.ltennstedt.finnmath.core.linear.RealComplexNumberMatrixTest" time="0.001"/>
  <testcase name="maxAbsRowSumNormOfZeroMatrixShouldBeEqualToZero" classname="com.github.ltennstedt.finnmath.core.linear.RealComplexNumberMatrixTest" time="0.001"/>
  <testcase name="invertibleZeroMatrixShouldReturnFalse" classname="com.github.ltennstedt.finnmath.core.linear.RealComplexNumberMatrixTest" time="0.001"/>
  <testcase name="addShouldBeCommutative" classname="com.github.ltennstedt.finnmath.core.linear.RealComplexNumberMatrixTest" time="0.015"/>
  <testcase name="maxAbsRowSumNormShouldBeSubmultiplicative" classname="com.github.ltennstedt.finnmath.core.linear.RealComplexNumberMatrixTest" time="0.109"/>
  <testcase name="traceShouldBeEqualToTheTraceOfTheTranspose" classname="com.github.ltennstedt.finnmath.core.linear.RealComplexNumberMatrixTest" time="0.003"/>
  <testcase name="multiplyColumnSizeNotEqualToFactorRowSizeShouldThrowException" classname="com.github.ltennstedt.finnmath.core.linear.RealComplexNumberMatrixTest" time="0.001"/>
  <testcase name="identityNotDiagonalhouldReturnFalse" classname="com.github.ltennstedt.finnmath.core.linear.RealComplexNumberMatrixTest" time="0.003"/>
  <testcase name="negateZeroMatrixShouldBeEqualToSelf" classname="com.github.ltennstedt.finnmath.core.linear.RealComplexNumberMatrixTest" time="0.001"/>
  <testcase name="diagonalShouldSucceed" classname="com.github.ltennstedt.finnmath.core.linear.RealComplexNumberMatrixTest" time="0"/>
  <testcase name="multiplyShouldBeAssociative" classname="com.github.ltennstedt.finnmath.core.linear.RealComplexNumberMatrixTest" time="0.892"/>
  <testcase name="invertibleNotSquareShouldReturnFalse" classname="com.github.ltennstedt.finnmath.core.linear.RealComplexNumberMatrixTest" time="0"/>
  <testcase name="transposeShouldBeMultiplicativeWithInversedOrder" classname="com.github.ltennstedt.finnmath.core.linear.RealComplexNumberMatrixTest" time="0.037"/>
  <testcase name="addAndScalarMultiplyWithTwoMatricesShouldBeDistributive" classname="com.github.ltennstedt.finnmath.core.linear.RealComplexNumberMatrixTest" time="0.28"/>
  <testcase name="columnShouldSucceed" classname="com.github.ltennstedt.finnmath.core.linear.RealComplexNumberMatrixTest" time="0.002"/>
  <testcase name="elementRowIndexNullShouldThrowException" classname="com.github.ltennstedt.finnmath.core.linear.RealComplexNumberMatrixTest" time="0.001"/>
  <testcase name="scalarMultiplyWithTwoMatricesShouldBeAssociative" classname="com.github.ltennstedt.finnmath.core.linear.RealComplexNumberMatrixTest" time="0.469"/>
  <testcase name="scalarMultiplyWithZeroShouldBeEqualToZeroMatrix" classname="com.github.ltennstedt.finnmath.core.linear.RealComplexNumberMatrixTest" time="0.004"/>
  <testcase name="multiplyVectorColumnSizeNotEqualToVectorSizeShouldThrowException" classname="com.github.ltennstedt.finnmath.core.linear.RealComplexNumberMatrixTest" time="0.001"/>
  <testcase name="equalsEqualShouldReturnTrue" classname="com.github.ltennstedt.finnmath.core.linear.RealComplexNumberMatrixTest" time="0.003"/>
  <testcase name="scalarMultiplyAndMultiplyVectorShouldBeCommutative" classname="com.github.ltennstedt.finnmath.core.linear.RealComplexNumberMatrixTest" time="0.125"/>
  <testcase name="maxNormShouldBePositiveValued" classname="com.github.ltennstedt.finnmath.core.linear.RealComplexNumberMatrixTest" time="0.004"/>
  <testcase name="squareOfNonSquareMatrixShouldBeFalse" classname="com.github.ltennstedt.finnmath.core.linear.RealComplexNumberMatrixTest" time="0"/>
  <testcase name="frobeniusNormWithPrecisionNullShouldThrowException" classname="com.github.ltennstedt.finnmath.core.linear.RealComplexNumberMatrixTest" time="0.001"/>
  <testcase name="frobeniusNormWithPrecisionTooLowShouldThrowException" classname="com.github.ltennstedt.finnmath.core.linear.RealComplexNumberMatrixTest" time="0.001"/>
  <testcase name="addColumnSizesNotEqualShouldThrowException" classname="com.github.ltennstedt.finnmath.core.linear.RealComplexNumberMatrixTest" time="0.001"/>
  <testcase name="minorShouldSucceed" classname="com.github.ltennstedt.finnmath.core.linear.RealComplexNumberMatrixTest" time="0.005"/>
  <testcase name="hashCodeShouldSucceed" classname="com.github.ltennstedt.finnmath.core.linear.RealComplexNumberMatrixTest" time="0.007"/>
  <testcase name="maxAbsColumnSumNormShouldBeSucceed" classname="com.github.ltennstedt.finnmath.core.linear.RealComplexNumberMatrixTest" time="0.007"/>
  <testcase name="addShouldBeAssociative" classname="com.github.ltennstedt.finnmath.core.linear.RealComplexNumberMatrixTest" time="0.194"/>
  <testcase name="builderRowSizeTooLowShouldThrowException" classname="com.github.ltennstedt.finnmath.core.linear.RealComplexNumberMatrixTest" time="0.001"/>
  <testcase name="maxAbsColumnSumNormShouldBeAbsolutelyHomogeneous" classname="com.github.ltennstedt.finnmath.core.linear.RealComplexNumberMatrixTest" time="0.071"/>
  <testcase name="subtractColumnSizesNotEqualShouldThrowException" classname="com.github.ltennstedt.finnmath.core.linear.RealComplexNumberMatrixTest" time="0.006"/>
  <testcase name="equalsNotEqualShouldReturnFalse" classname="com.github.ltennstedt.finnmath.core.linear.RealComplexNumberMatrixTest" time="0.004"/>
  <testcase name="addRowSizesNotEqualShouldThrowException" classname="com.github.ltennstedt.finnmath.core.linear.RealComplexNumberMatrixTest" time="0.001"/>
  <testcase name="rowSizeShouldSucceed" classname="com.github.ltennstedt.finnmath.core.linear.RealComplexNumberMatrixTest" time="0.001"/>
  <testcase name="negateTwiceShouldBeEqualToSelf" classname="com.github.ltennstedt.finnmath.core.linear.RealComplexNumberMatrixTest" time="0.002"/>
  <testcase name="minorColumnIndexNullShouldThrowException" classname="com.github.ltennstedt.finnmath.core.linear.RealComplexNumberMatrixTest" time="0.001"/>
  <testcase name="traceShouldSucceed" classname="com.github.ltennstedt.finnmath.core.linear.RealComplexNumberMatrixTest" time="0"/>
  <testcase name="symmetricShouldSucceed" classname="com.github.ltennstedt.finnmath.core.linear.RealComplexNumberMatrixTest" time="0.003"/>
  <testcase name="identityNotIdentityMatrixShouldReturnFalse" classname="com.github.ltennstedt.finnmath.core.linear.RealComplexNumberMatrixTest" time="0"/>
  <testcase name="frobeniusNormWithPrecisionAndScaleAndRoundingModeShouldSucceed" classname="com.github.ltennstedt.finnmath.core.linear.RealComplexNumberMatrixTest" time="0.002"/>
  <testcase name="maxNormShouldBeAbsolutelyHomogeneous" classname="com.github.ltennstedt.finnmath.core.linear.RealComplexNumberMatrixTest" time="0.203"/>
  <testcase name="skewSymmetricNotquareShouldReturnFalse" classname="com.github.ltennstedt.finnmath.core.linear.RealComplexNumberMatrixTest" time="0"/>
  <testcase name="determinatOfThreeByThreeMatricesShouldSucceed" classname="com.github.ltennstedt.finnmath.core.linear.RealComplexNumberMatrixTest" time="0.002"/>
  <testcase name="addAndMultiplyShouldBeDistributive" classname="com.github.ltennstedt.finnmath.core.linear.RealComplexNumberMatrixTest" time="0.63"/>
  <testcase name="frobeniusNormPow2ShouldBeHomogeneous" classname="com.github.ltennstedt.finnmath.core.linear.RealComplexNumberMatrixTest" time="0.009"/>
  <testcase name="cellsShouldSucceed" classname="com.github.ltennstedt.finnmath.core.linear.RealComplexNumberMatrixTest" time="0.001"/>
  <testcase name="frobeniusNormWithPrecisionTooLowAndScaleAndRoundingModeShouldThrowException" classname="com.github.ltennstedt.finnmath.core.linear.RealComplexNumberMatrixTest" time="0.001"/>
  <testcase name="symmetricNotquareShouldReturnFalse" classname="com.github.ltennstedt.finnmath.core.linear.RealComplexNumberMatrixTest" time="0.001"/>
  <testcase name="elementColumnIndexNullShouldThrowException" classname="com.github.ltennstedt.finnmath.core.linear.RealComplexNumberMatrixTest" time="0.001"/>
  <testcase name="rowShouldSucceed" classname="com.github.ltennstedt.finnmath.core.linear.RealComplexNumberMatrixTest" time="0.003"/>
  <testcase name="frobeniusNormPow2ShouldBeSucceed" classname="com.github.ltennstedt.finnmath.core.linear.RealComplexNumberMatrixTest" time="0.001"/>
  <testcase name="traceNotSquareShouldThrowException" classname="com.github.ltennstedt.finnmath.core.linear.RealComplexNumberMatrixTest" time="0.002"/>
  <testcase name="addNegatedShouldBeEqualToZeroMatrix" classname="com.github.ltennstedt.finnmath.core.linear.RealComplexNumberMatrixTest" time="0.003"/>
  <testcase name="columnColumnIndexNullShouldThrowException" classname="com.github.ltennstedt.finnmath.core.linear.RealComplexNumberMatrixTest" time="0.001"/>
  <testcase name="frobeniusNormWithPrecisionShouldSucceed" classname="com.github.ltennstedt.finnmath.core.linear.RealComplexNumberMatrixTest" time="0.003"/>
  <testcase name="maxAbsColumnSumNormShouldBeSubmultiplicative" classname="com.github.ltennstedt.finnmath.core.linear.RealComplexNumberMatrixTest" time="0.083"/>
  <testcase name="scalarMultiplyWithTwoScalarsShouldBeAssociative" classname="com.github.ltennstedt.finnmath.core.linear.RealComplexNumberMatrixTest" time="0.102"/>
  <testcase name="elementsShouldSucceed" classname="com.github.ltennstedt.finnmath.core.linear.RealComplexNumberMatrixTest" time="0.003"/>
  <testcase name="addNullShouldThrowException" classname="com.github.ltennstedt.finnmath.core.linear.RealComplexNumberMatrixTest" time="0.002"/>
  <testcase name="determinatOfZeroMatrixShouldBeEqualToZero" classname="com.github.ltennstedt.finnmath.core.linear.RealComplexNumberMatrixTest" time="0.001"/>
  <testcase name="traceShouldBeIndependentOfTheOrderOfTheFactors" classname="com.github.ltennstedt.finnmath.core.linear.RealComplexNumberMatrixTest" time="0.019"/>
  <testcase name="multiplyShouldSucceed" classname="com.github.ltennstedt.finnmath.core.linear.RealComplexNumberMatrixTest" time="0.052"/>
  <testcase name="minorRowIndexNullShouldThrowException" classname="com.github.ltennstedt.finnmath.core.linear.RealComplexNumberMatrixTest" time="0.004"/>
  <testcase name="skewSymmetricShouldSucceed" classname="com.github.ltennstedt.finnmath.core.linear.RealComplexNumberMatrixTest" time="0.003"/>
  <testcase name="maxAbsRowSumNormShouldBeSubadditive" classname="com.github.ltennstedt.finnmath.core.linear.RealComplexNumberMatrixTest" time="0.066"/>
  <testcase name="rowRowIndexNullShouldThrowException" classname="com.github.ltennstedt.finnmath.core.linear.RealComplexNumberMatrixTest" time="0.001"/>
  <testcase name="frobeniusNormWithRoundingModeAndScaleTooLowShouldThrowException" classname="com.github.ltennstedt.finnmath.core.linear.RealComplexNumberMatrixTest" time="0.002"/>
  <testcase name="diagonalNotNotDiagonalShouldReturnFalse" classname="com.github.ltennstedt.finnmath.core.linear.RealComplexNumberMatrixTest" time="0.003"/>
  <testcase name="triangularNotUpperTriangularShouldReturnFalse" classname="com.github.ltennstedt.finnmath.core.linear.RealComplexNumberMatrixTest" time="0.004"/>
  <testcase name="frobeniusNormWithPrecisionTooHighShouldThrowException" classname="com.github.ltennstedt.finnmath.core.linear.RealComplexNumberMatrixTest" time="0.001"/>
  <testcase name="triangularShouldSucceed" classname="com.github.ltennstedt.finnmath.core.linear.RealComplexNumberMatrixTest" time="0.001"/>
  <testcase name="transposeShouldSucceed" classname="com.github.ltennstedt.finnmath.core.linear.RealComplexNumberMatrixTest" time="0.003"/>
  <testcase name="frobeniusNormWithPrecisionTooHighAndScaleAndRoundingModeShouldThrowException" classname="com.github.ltennstedt.finnmath.core.linear.RealComplexNumberMatrixTest" time="0.002"/>
  <testcase name="determinatNotSquareShouldThrowException" classname="com.github.ltennstedt.finnmath.core.linear.RealComplexNumberMatrixTest" time="0.002"/>
  <testcase name="frobeniusNormWithScaleAndRoundingModeShouldSucceed" classname="com.github.ltennstedt.finnmath.core.linear.RealComplexNumberMatrixTest" time="0.001"/>
  <testcase name="equalsNotRealComplexNumberShouldReturnFalse" classname="com.github.ltennstedt.finnmath.core.linear.RealComplexNumberMatrixTest" time="0"/>
  <testcase name="upperTriangularShouldSucceed" classname="com.github.ltennstedt.finnmath.core.linear.RealComplexNumberMatrixTest" time="0.001"/>
  <testcase name="columnIndexesShouldSucceed" classname="com.github.ltennstedt.finnmath.core.linear.RealComplexNumberMatrixTest" time="0.001"/>
  <testcase name="frobeniusNormShouldSucceed" classname="com.github.ltennstedt.finnmath.core.linear.RealComplexNumberMatrixTest" time="0.005"/>
  <testcase name="traceOfZeroMatrixShouldBeEqualToZero" classname="com.github.ltennstedt.finnmath.core.linear.RealComplexNumberMatrixTest" time="0"/>
  <testcase name="columnColumnIndexOutOfBoundShouldThrowException" classname="com.github.ltennstedt.finnmath.core.linear.RealComplexNumberMatrixTest" time="0.002"/>
  <testcase name="columnsShouldSucceed" classname="com.github.ltennstedt.finnmath.core.linear.RealComplexNumberMatrixTest" time="0.002"/>
  <testcase name="subtractNullShouldThrowException" classname="com.github.ltennstedt.finnmath.core.linear.RealComplexNumberMatrixTest" time="0.001"/>
  <testcase name="subtractSelfShouldBeEqualToZeroMatrix" classname="com.github.ltennstedt.finnmath.core.linear.RealComplexNumberMatrixTest" time="0.003"/>
  <testcase name="maxAbsRowSumNormShouldBeAbsolutelyHomogeneous" classname="com.github.ltennstedt.finnmath.core.linear.RealComplexNumberMatrixTest" time="0.054"/>
  <testcase name="upperTriangularNotSquareShouldReturnFalse" classname="com.github.ltennstedt.finnmath.core.linear.RealComplexNumberMatrixTest" time="0"/>
  <testcase name="negateShouldSucceed" classname="com.github.ltennstedt.finnmath.core.linear.RealComplexNumberMatrixTest" time="0.002"/>
  <testcase name="identityNotDiagonalShouldReturnFalse" classname="com.github.ltennstedt.finnmath.core.linear.RealComplexNumberMatrixTest" time="0"/>
  <testcase name="sizeShouldSucceed" classname="com.github.ltennstedt.finnmath.core.linear.RealComplexNumberMatrixTest" time="0.086"/>
  <testcase name="upperTriangularNotUpperTriangularShouldReturnFalse" classname="com.github.ltennstedt.finnmath.core.linear.RealComplexNumberMatrixTest" time="0.002"/>
  <testcase name="triangularNotLowerTriangularShouldReturnFalse" classname="com.github.ltennstedt.finnmath.core.linear.RealComplexNumberMatrixTest" time="0.006"/>
  <testcase name="determinantOfFourByFourMatricesShouldSucceed" classname="com.github.ltennstedt.finnmath.core.linear.RealComplexNumberMatrixTest" time="0.024"/>
  <testcase name="frobeniusNormShouldBePositiveValued" classname="com.github.ltennstedt.finnmath.core.linear.RealComplexNumberMatrixTest" time="0.005"/>
  <testcase name="triangularNotSquareShouldReturnFalse" classname="com.github.ltennstedt.finnmath.core.linear.RealComplexNumberMatrixTest" time="0"/>
  <testcase name="determinatShouldBeMultiplicative" classname="com.github.ltennstedt.finnmath.core.linear.RealComplexNumberMatrixTest" time="0.109"/>
  <testcase name="scalarMultiplyWithOneShouldBeEqualToSelf" classname="com.github.ltennstedt.finnmath.core.linear.RealComplexNumberMatrixTest" time="0.002"/>
</testsuite>