<?xml version="1.0" encoding="UTF-8"?>
<testsuite xmlns:xsi="http://www.w3.org/2001/XMLSchema-instance" xsi:noNamespaceSchemaLocation="https://maven.apache.org/surefire/maven-surefire-plugin/xsd/surefire-test-report.xsd" name="com.github.ltennstedt.finnmath.core.linear.BigDecimalMatrixGuavaTest" time="3.986" tests="27" errors="0" skipped="0" failures="0">
  <properties>
[...]
</properties>
  <testcase name="multiplyIdentityMatrixShouldBeEqualToSelf" classname="com.github.ltennstedt.finnmath.core.linear.BigDecimalMatrixGuavaTest" time="0.429"/>
  <testcase name="transposeShouldBeAdditive" classname="com.github.ltennstedt.finnmath.core.linear.BigDecimalMatrixGuavaTest" time="0.055"/>
  <testcase name="addShouldSucceed" classname="com.github.ltennstedt.finnmath.core.linear.BigDecimalMatrixGuavaTest" time="0.015"/>
  <testcase name="scalarMultiplyShouldSucceed" classname="com.github.ltennstedt.finnmath.core.linear.BigDecimalMatrixGuavaTest" time="0.016"/>
  <testcase name="subtractShouldSucceed" classname="com.github.ltennstedt.finnmath.core.linear.BigDecimalMatrixGuavaTest" time="0.02"/>
  <testcase name="transposeShouldBeLinear" classname="com.github.ltennstedt.finnmath.core.linear.BigDecimalMatrixGuavaTest" time="0.015"/>
  <testcase name="addZeroMatrixShouldBeEqualToSelf" classname="com.github.ltennstedt.finnmath.core.linear.BigDecimalMatrixGuavaTest" time="0.002"/>
  <testcase name="multiplyNegativeIdentityMatrixShouldBeEqualToNegated" classname="com.github.ltennstedt.finnmath.core.linear.BigDecimalMatrixGuavaTest" time="0.004"/>
  <testcase name="subtractZeroMatrixShouldBeEqualToSelf" classname="com.github.ltennstedt.finnmath.core.linear.BigDecimalMatrixGuavaTest" time="0.001"/>
  <testcase name="addAndScalarMultiplyWithTwoScalarsShouldBeDistributive" classname="com.github.ltennstedt.finnmath.core.linear.BigDecimalMatrixGuavaTest" time="0.121"/>
  <testcase name="scalarMultiplyWithMinusOneShouldBeEqualToNegated" classname="com.github.ltennstedt.finnmath.core.linear.BigDecimalMatrixGuavaTest" time="0.002"/>
  <testcase name="transposeTwiceIsEqualToSelf" classname="com.github.ltennstedt.finnmath.core.linear.BigDecimalMatrixGuavaTest" time="0.001"/>
  <testcase name="addShouldBeCommutative" classname="com.github.ltennstedt.finnmath.core.linear.BigDecimalMatrixGuavaTest" time="0.009"/>
  <testcase name="negateZeroMatrixShouldBeEqualToSelf" classname="com.github.ltennstedt.finnmath.core.linear.BigDecimalMatrixGuavaTest" time="0"/>
  <testcase name="multiplyShouldBeAssociative" classname="com.github.ltennstedt.finnmath.core.linear.BigDecimalMatrixGuavaTest" time="0.294"/>
  <testcase name="transposeShouldBeMultiplicativeWithInversedOrder" classname="com.github.ltennstedt.finnmath.core.linear.BigDecimalMatrixGuavaTest" time="0.017"/>
  <testcase name="addAndScalarMultiplyWithTwoMatricesShouldBeDistributive" classname="com.github.ltennstedt.finnmath.core.linear.BigDecimalMatrixGuavaTest" time="0.899"/>
  <testcase name="scalarMultiplyWithTwoMatricesShouldBeAssociative" classname="com.github.ltennstedt.finnmath.core.linear.BigDecimalMatrixGuavaTest" time="0.178"/>
  <testcase name="minorShouldSucceed" classname="com.github.ltennstedt.finnmath.core.linear.BigDecimalMatrixGuavaTest" time="0.004"/>
  <testcase name="addShouldBeAssociative" classname="com.github.ltennstedt.finnmath.core.linear.BigDecimalMatrixGuavaTest" time="0.288"/>
  <testcase name="negateTwiceShouldBeEqualToSelf" classname="com.github.ltennstedt.finnmath.core.linear.BigDecimalMatrixGuavaTest" time="0.064"/>
  <testcase name="addAndMultiplyShouldBeDistributive" classname="com.github.ltennstedt.finnmath.core.linear.BigDecimalMatrixGuavaTest" time="0.99"/>
  <testcase name="scalarMultiplyWithTwoScalarsShouldBeAssociative" classname="com.github.ltennstedt.finnmath.core.linear.BigDecimalMatrixGuavaTest" time="0.083"/>
  <testcase name="multiplyShouldSucceed" classname="com.github.ltennstedt.finnmath.core.linear.BigDecimalMatrixGuavaTest" time="0.378"/>
  <testcase name="transposeShouldSucceed" classname="com.github.ltennstedt.finnmath.core.linear.BigDecimalMatrixGuavaTest" time="0.003"/>
  <testcase name="negateShouldSucceed" classname="com.github.ltennstedt.finnmath.core.linear.BigDecimalMatrixGuavaTest" time="0.002"/>
  <testcase name="scalarMultiplyWithOneShouldBeEqualToSelf" classname="com.github.ltennstedt.finnmath.core.linear.BigDecimalMatrixGuavaTest" time="0.001"/>
</testsuite>