<?xml version="1.0" encoding="UTF-8"?>
<testsuite xmlns:xsi="http://www.w3.org/2001/XMLSchema-instance" xsi:noNamespaceSchemaLocation="https://maven.apache.org/surefire/maven-surefire-plugin/xsd/surefire-test-report.xsd" name="com.github.ltennstedt.finnmath.core.util.MathRandomTest" time="2.437" tests="384" errors="0" skipped="0" failures="0">
  <properties>
[...]
</properties>
  <testcase name="nextInvertibleNegativeFractionsTooLessShoudThrowException" classname="com.github.ltennstedt.finnmath.core.util.MathRandomTest" time="0.006"/>
  <testcase name="nextLowerTriangularBigDecimalMatricesSizeTooLowShouldThrowException" classname="com.github.ltennstedt.finnmath.core.util.MathRandomTest" time="0.001"/>
  <testcase name="nextSimpleComplexNumberMatricesBoundTooLowShouldThrowException" classname="com.github.ltennstedt.finnmath.core.util.MathRandomTest" time="0.002"/>
  <testcase name="nextBigDecimalMatrixShouldSucceed" classname="com.github.ltennstedt.finnmath.core.util.MathRandomTest" time="0.441"/>
  <testcase name="nextBigDecimalMatricesBoundTooLowShouldThrowException" classname="com.github.ltennstedt.finnmath.core.util.MathRandomTest" time="0.002"/>
  <testcase name="nextLowerTriangularSimpleComplexNumberMatrixBoundTooLowShouldThrowException" classname="com.github.ltennstedt.finnmath.core.util.MathRandomTest" time="0.002"/>
  <testcase name="nextPositiveBigDecimalShouldSucceed" classname="com.github.ltennstedt.finnmath.core.util.MathRandomTest" time="0"/>
  <testcase name="nextSkewSymmetricBigDecimalMatricesScaleTooLowShouldThrowException" classname="com.github.ltennstedt.finnmath.core.util.MathRandomTest" time="0.007"/>
  <testcase name="nextInvertiblePositiveBigDecimalsShouldSucceed" classname="com.github.ltennstedt.finnmath.core.util.MathRandomTest" time="0.021"/>
  <testcase name="nextBigIntegerVectorSizeTooLowhouldThrowException" classname="com.github.ltennstedt.finnmath.core.util.MathRandomTest" time="0"/>
  <testcase name="nextBigIntegerMatricesColumnSizeTooLowShouldThrowException" classname="com.github.ltennstedt.finnmath.core.util.MathRandomTest" time="0.004"/>
  <testcase name="nextTriangularBigIntegerMatrixShouldSucceed" classname="com.github.ltennstedt.finnmath.core.util.MathRandomTest" time="0.038"/>
  <testcase name="nextUpperTriangularBigIntegerMatrixBoundTooLowShouldThrowException" classname="com.github.ltennstedt.finnmath.core.util.MathRandomTest" time="0.001"/>
  <testcase name="nextDiagonalRealComplexNumberMatrixScaleTooLowShouldThrowException" classname="com.github.ltennstedt.finnmath.core.util.MathRandomTest" time="0.007"/>
  <testcase name="nextSymmetricBigIntegerMatrixBoundTooLowShouldThrowException" classname="com.github.ltennstedt.finnmath.core.util.MathRandomTest" time="0.006"/>
  <testcase name="nextSimpleComplexNumberVectorSizeTooLowhouldThrowException" classname="com.github.ltennstedt.finnmath.core.util.MathRandomTest" time="0.003"/>
  <testcase name="nextSkewSymmetricBigIntegerMatricesBoundTooLowShouldThrowException" classname="com.github.ltennstedt.finnmath.core.util.MathRandomTest" time="0.001"/>
  <testcase name="nextDiagonalSimpleComplexNumberMatricesTooLessShouldThrowException" classname="com.github.ltennstedt.finnmath.core.util.MathRandomTest" time="0.004"/>
  <testcase name="nextSymmetricBigIntegerMatricesTooLessShouldThrowException" classname="com.github.ltennstedt.finnmath.core.util.MathRandomTest" time="0.003"/>
  <testcase name="nextDiagonalBigIntegerMatrixBoundTooLowShouldThrowException" classname="com.github.ltennstedt.finnmath.core.util.MathRandomTest" time="0.002"/>
  <testcase name="nextInvertibleNegativeBigDecimalsTooLessShoudThrowException" classname="com.github.ltennstedt.finnmath.core.util.MathRandomTest" time="0.001"/>
  <testcase name="nextTriangularBigIntegerMatricesTooLessShouldThrowException" classname="com.github.ltennstedt.finnmath.core.util.MathRandomTest" time="0.002"/>
  <testcase name="nextUpperTriangularBigDecimalMatricesSizeTooLowShouldThrowException" classname="com.github.ltennstedt.finnmath.core.util.MathRandomTest" time="0.001"/>
  <testcase name="nextBigIntegerBoundTooLowShouldThrowException" classname="com.github.ltennstedt.finnmath.core.util.MathRandomTest" time="0.002"/>
  <testcase name="nextRealComplexNumbersTooLessShoudThrowException" classname="com.github.ltennstedt.finnmath.core.util.MathRandomTest" time="0.002"/>
  <testcase name="nextInvertiblePositiveFractionBoundTooLowShouldThrowException" classname="com.github.ltennstedt.finnmath.core.util.MathRandomTest" time="0.003"/>
  <testcase name="nextSkewSymmetricRealComplexNumberMatrixSizeTooLowShouldThrowException" classname="com.github.ltennstedt.finnmath.core.util.MathRandomTest" time="0.001"/>
  <testcase name="toStringShouldSucceed" classname="com.github.ltennstedt.finnmath.core.util.MathRandomTest" time="0.001"/>
  <testcase name="nextNegativeBigIntegersShouldSucceed" classname="com.github.ltennstedt.finnmath.core.util.MathRandomTest" time="0.002"/>
  <testcase name="nextDiagonalBigDecimalMatricesShouldSucceed" classname="com.github.ltennstedt.finnmath.core.util.MathRandomTest" time="0.051"/>
  <testcase name="nextSkewSymmetricBigDecimalMatrixScaleTooLowShouldThrowException" classname="com.github.ltennstedt.finnmath.core.util.MathRandomTest" time="0.025"/>
  <testcase name="nextUpperTriangularRealComplexNumberMatrixSizeTooLowShouldThrowException" classname="com.github.ltennstedt.finnmath.core.util.MathRandomTest" time="0.003"/>
  <testcase name="nextLowerTriangularSimpleComplexNumberMatrixSizeTooLowShouldThrowException" classname="com.github.ltennstedt.finnmath.core.util.MathRandomTest" time="0.002"/>
  <testcase name="nextUpperTriangularBigDecimalMatricesBoundTooLowShouldThrowException" classname="com.github.ltennstedt.finnmath.core.util.MathRandomTest" time="0.003"/>
  <testcase name="nextSymmetricBigDecimalMatricesSizeTooLowShouldThrowException" classname="com.github.ltennstedt.finnmath.core.util.MathRandomTest" time="0.003"/>
  <testcase name="nextDiagonalSimpleComplexNumberMatricesShouldSucceed" classname="com.github.ltennstedt.finnmath.core.util.MathRandomTest" time="0.063"/>
  <testcase name="nextTriangularBigIntegerMatrixSizeTooLowShouldThrowException" classname="com.github.ltennstedt.finnmath.core.util.MathRandomTest" time="0.003"/>
  <testcase name="nextRealComplexNumberMatricesShouldSucceed" classname="com.github.ltennstedt.finnmath.core.util.MathRandomTest" time="0.043"/>
  <testcase name="nextTriangularRealComplexNumberMatricesShouldSucceed" classname="com.github.ltennstedt.finnmath.core.util.MathRandomTest" time="0.078"/>
  <testcase name="nextBigDecimalScaleTooLowShouldThrowException" classname="com.github.ltennstedt.finnmath.core.util.MathRandomTest" time="0.001"/>
  <testcase name="nextSkewSymmetricSimpleComplexNumberMatrixSizeTooLowShouldThrowException" classname="com.github.ltennstedt.finnmath.core.util.MathRandomTest" time="0.002"/>
  <testcase name="nextRealComplexNumberMatrixColumnSizeTooLowShouldThrowException" classname="com.github.ltennstedt.finnmath.core.util.MathRandomTest" time="0.002"/>
  <testcase name="nextUpperTriangularRealComplexNumberMatricesSizeTooLowShouldThrowException" classname="com.github.ltennstedt.finnmath.core.util.MathRandomTest" time="0.001"/>
  <testcase name="nextInvertibleNegativeFractionsShouldSucceed" classname="com.github.ltennstedt.finnmath.core.util.MathRandomTest" time="0.008"/>
  <testcase name="nextSkewSymmetricBigIntegerMatricesTooLessShouldThrowException" classname="com.github.ltennstedt.finnmath.core.util.MathRandomTest" time="0.003"/>
  <testcase name="nextTriangularBigDecimalMatrixSizeTooLowShouldThrowException" classname="com.github.ltennstedt.finnmath.core.util.MathRandomTest" time="0.002"/>
  <testcase name="nextUpperTriangularSimpleComplexNumberMatricesSizeTooLowShouldThrowException" classname="com.github.ltennstedt.finnmath.core.util.MathRandomTest" time="0.002"/>
  <testcase name="nextSimpleComplexNumberVectorBoundTooLowShouldThrowException" classname="com.github.ltennstedt.finnmath.core.util.MathRandomTest" time="0.007"/>
  <testcase name="nextBigDecimalsScaleTooLowShoudThrowException" classname="com.github.ltennstedt.finnmath.core.util.MathRandomTest" time="0.001"/>
  <testcase name="nextInvertibleSimpleComplexNumbersTooLessShoudThrowException" classname="com.github.ltennstedt.finnmath.core.util.MathRandomTest" time="0.006"/>
  <testcase name="nextBigIntegerVectorsSizeTooLowhouldThrowException" classname="com.github.ltennstedt.finnmath.core.util.MathRandomTest" time="0.002"/>
  <testcase name="nextBigDecimalMatrixColumnSizeTooLowShouldThrowException" classname="com.github.ltennstedt.finnmath.core.util.MathRandomTest" time="0.002"/>
  <testcase name="nextPositiveFractionShouldSucceed" classname="com.github.ltennstedt.finnmath.core.util.MathRandomTest" time="0.001"/>
  <testcase name="nextSymmetricBigDecimalMatricesShouldSucceed" classname="com.github.ltennstedt.finnmath.core.util.MathRandomTest" time="0.039"/>
  <testcase name="nextBigDecimalVectorsSizeTooLowhouldThrowException" classname="com.github.ltennstedt.finnmath.core.util.MathRandomTest" time="0.002"/>
  <testcase name="nextPositiveFractionBoundTooLowShouldThrowException" classname="com.github.ltennstedt.finnmath.core.util.MathRandomTest" time="0.001"/>
  <testcase name="nextSkewSymmetricBigIntegerMatrixBoundTooLowShouldThrowException" classname="com.github.ltennstedt.finnmath.core.util.MathRandomTest" time="0.001"/>
  <testcase name="nextUpperTriangularRealComplexNumberMatricesShouldSucceed" classname="com.github.ltennstedt.finnmath.core.util.MathRandomTest" time="0.018"/>
  <testcase name="nextSimpleComplexNumbersBoundTooLowShoudThrowException" classname="com.github.ltennstedt.finnmath.core.util.MathRandomTest" time="0.002"/>
  <testcase name="nextSymmetricBigIntegerMatrixShouldSucceed" classname="com.github.ltennstedt.finnmath.core.util.MathRandomTest" time="0.015"/>
  <testcase name="nextLowerTriangularRealComplexNumberMatricesBoundTooLowShouldThrowException" classname="com.github.ltennstedt.finnmath.core.util.MathRandomTest" time="0.006"/>
  <testcase name="nextSymmetricRealComplexNumberMatricesSizeTooLowShouldThrowException" classname="com.github.ltennstedt.finnmath.core.util.MathRandomTest" time="0.002"/>
  <testcase name="nextSymmetricBigDecimalMatricesBoundTooLowShouldThrowException" classname="com.github.ltennstedt.finnmath.core.util.MathRandomTest" time="0.007"/>
  <testcase name="nextPositiveBigDecimalsTooLessShoudThrowException" classname="com.github.ltennstedt.finnmath.core.util.MathRandomTest" time="0.001"/>
  <testcase name="nextDiagonalRealComplexNumberMatricesScaleTooLowShouldThrowException" classname="com.github.ltennstedt.finnmath.core.util.MathRandomTest" time="0.001"/>
  <testcase name="nextLowerTriangularBigDecimalMatrixScaleTooLowShouldThrowException" classname="com.github.ltennstedt.finnmath.core.util.MathRandomTest" time="0.007"/>
  <testcase name="nextBigIntegerVectorsTooLessShouldThrowException" classname="com.github.ltennstedt.finnmath.core.util.MathRandomTest" time="0.003"/>
  <testcase name="nextUpperTriangularBigDecimalMatrixShouldSucceed" classname="com.github.ltennstedt.finnmath.core.util.MathRandomTest" time="0.012"/>
  <testcase name="nextPositiveBigIntegerBoundTooLowShouldThrowException" classname="com.github.ltennstedt.finnmath.core.util.MathRandomTest" time="0.002"/>
  <testcase name="nextInvertibleNegativeFractionsBoundTooLowShoudThrowException" classname="com.github.ltennstedt.finnmath.core.util.MathRandomTest" time="0.001"/>
  <testcase name="nextDiagonalSimpleComplexNumberMatricesSizeTooLowShouldThrowException" classname="com.github.ltennstedt.finnmath.core.util.MathRandomTest" time="0.001"/>
  <testcase name="nextLowerTriangularSimpleComplexNumberMatricesSizeTooLowShouldThrowException" classname="com.github.ltennstedt.finnmath.core.util.MathRandomTest" time="0.002"/>
  <testcase name="nextDiagonalRealComplexNumberMatricesSizeTooLowShouldThrowException" classname="com.github.ltennstedt.finnmath.core.util.MathRandomTest" time="0.006"/>
  <testcase name="nextInvertibleSimpleComplexNumbersBoundTooLowShoudThrowException" classname="com.github.ltennstedt.finnmath.core.util.MathRandomTest" time="0.001"/>
  <testcase name="nextSimpleComplexNumberMatrixBoundTooLowShouldThrowException" classname="com.github.ltennstedt.finnmath.core.util.MathRandomTest" time="0.001"/>
  <testcase name="nextDiagonalBigIntegerMatricesSizeTooLowShouldThrowException" classname="com.github.ltennstedt.finnmath.core.util.MathRandomTest" time="0.002"/>
  <testcase name="nextNegativeBigDecimalBoundTooLowShouldThrowException" classname="com.github.ltennstedt.finnmath.core.util.MathRandomTest" time="0.001"/>
  <testcase name="nextInvertibleBigDecimalShouldSucceed" classname="com.github.ltennstedt.finnmath.core.util.MathRandomTest" time="0"/>
  <testcase name="nextInvertibleNegativeBigDecimalBoundTooLowShouldThrowException" classname="com.github.ltennstedt.finnmath.core.util.MathRandomTest" time="0.006"/>
  <testcase name="nextLowerTriangularBigDecimalMatricesScaleTooLowShouldThrowException" classname="com.github.ltennstedt.finnmath.core.util.MathRandomTest" time="0.002"/>
  <testcase name="nextInvertibleBigDecimalBoundTooLowShouldThrowException" classname="com.github.ltennstedt.finnmath.core.util.MathRandomTest" time="0.004"/>
  <testcase name="nextBigDecimalsTooLessShoudThrowException" classname="com.github.ltennstedt.finnmath.core.util.MathRandomTest" time="0.002"/>
  <testcase name="nextBigIntegerMatricesRowSizeTooLowShouldThrowException" classname="com.github.ltennstedt.finnmath.core.util.MathRandomTest" time="0.001"/>
  <testcase name="nextLowerTriangularBigIntegerMatricesBoundTooLowShouldThrowException" classname="com.github.ltennstedt.finnmath.core.util.MathRandomTest" time="0.002"/>
  <testcase name="nextBigIntegerShouldSucceed" classname="com.github.ltennstedt.finnmath.core.util.MathRandomTest" time="0"/>
  <testcase name="nextSimpleComplexNumberMatrixShouldSucceed" classname="com.github.ltennstedt.finnmath.core.util.MathRandomTest" time="0.009"/>
  <testcase name="nextTriangularSimpleComplexNumberMatrixShouldSucceed" classname="com.github.ltennstedt.finnmath.core.util.MathRandomTest" time="0.01"/>
  <testcase name="keepBigDecimalInBoundBigDecimalLowerThanZeroAndBigDecimalGreaterThanMinusBound" classname="com.github.ltennstedt.finnmath.core.util.MathRandomTest" time="0.001"/>
  <testcase name="nextSkewSymmetricBigDecimalMatricesShouldSucceed" classname="com.github.ltennstedt.finnmath.core.util.MathRandomTest" time="0.021"/>
  <testcase name="nextPositiveBigDecimalScaleTooLowShouldThrowException" classname="com.github.ltennstedt.finnmath.core.util.MathRandomTest" time="0.002"/>
  <testcase name="nextRealComplexNumberVectorBoundTooLowShouldThrowException" classname="com.github.ltennstedt.finnmath.core.util.MathRandomTest" time="0.002"/>
  <testcase name="nextInvertiblePositiveBigDecimalScaleTooLowShouldThrowException" classname="com.github.ltennstedt.finnmath.core.util.MathRandomTest" time="0.002"/>
  <testcase name="nextUpperTriangularRealComplexNumberMatricesScaleTooLowShouldThrowException" classname="com.github.ltennstedt.finnmath.core.util.MathRandomTest" time="0.002"/>
  <testcase name="nextInvertibleFractionsTooLessShoudThrowException" classname="com.github.ltennstedt.finnmath.core.util.MathRandomTest" time="0.002"/>
  <testcase name="nextDiagonalBigIntegerMatricesShouldSucceed" classname="com.github.ltennstedt.finnmath.core.util.MathRandomTest" time="0.025"/>
  <testcase name="nextRealComplexNumberVectorsTooLessShouldThrowException" classname="com.github.ltennstedt.finnmath.core.util.MathRandomTest" time="0.001"/>
  <testcase name="nextLowerTriangularBigIntegerMatrixBoundTooLowShouldThrowException" classname="com.github.ltennstedt.finnmath.core.util.MathRandomTest" time="0.003"/>
  <testcase name="nextSkewSymmetricSimpleComplexNumberMatricesShouldSucceed" classname="com.github.ltennstedt.finnmath.core.util.MathRandomTest" time="0.05"/>
  <testcase name="nextPositiveBigDecimalsScaleTooLowShoudThrowException" classname="com.github.ltennstedt.finnmath.core.util.MathRandomTest" time="0.002"/>
  <testcase name="nextInvertiblePositiveBigDecimalsScaleTooLowShoudThrowException" classname="com.github.ltennstedt.finnmath.core.util.MathRandomTest" time="0.002"/>
  <testcase name="nextInvertibleRealComplexNumbersShouldSucceed" classname="com.github.ltennstedt.finnmath.core.util.MathRandomTest" time="0.008"/>
  <testcase name="nextBigIntegerVectorShouldSucceed" classname="com.github.ltennstedt.finnmath.core.util.MathRandomTest" time="0.011"/>
  <testcase name="nextSkewSymmetricRealComplexNumberMatricesScaleTooLowShouldThrowException" classname="com.github.ltennstedt.finnmath.core.util.MathRandomTest" time="0.002"/>
  <testcase name="nextSkewSymmetricSimpleComplexNumberMatricesBoundTooLowShouldThrowException" classname="com.github.ltennstedt.finnmath.core.util.MathRandomTest" time="0.002"/>
  <testcase name="nextLowerTriangularRealComplexNumberMatrixScaleTooLowShouldThrowException" classname="com.github.ltennstedt.finnmath.core.util.MathRandomTest" time="0.002"/>
  <testcase name="nextBigDecimalsBoundTooLowShoudThrowException" classname="com.github.ltennstedt.finnmath.core.util.MathRandomTest" time="0.001"/>
  <testcase name="nextPositiveBigIntegersShouldSucceed" classname="com.github.ltennstedt.finnmath.core.util.MathRandomTest" time="0.001"/>
  <testcase name="nextLowerTriangularSimpleComplexNumberMatricesTooLessShouldThrowException" classname="com.github.ltennstedt.finnmath.core.util.MathRandomTest" time="0.001"/>
  <testcase name="nextSymmetricSimpleComplexNumberMatricesSizeTooLowShouldThrowException" classname="com.github.ltennstedt.finnmath.core.util.MathRandomTest" time="0.001"/>
  <testcase name="nextBigDecimalShouldSucceed" classname="com.github.ltennstedt.finnmath.core.util.MathRandomTest" time="0"/>
  <testcase name="nextPositiveFractionsTooLessShoudThrowException" classname="com.github.ltennstedt.finnmath.core.util.MathRandomTest" time="0.001"/>
  <testcase name="nextNegativeFractionsBoundTooLowShoudThrowException" classname="com.github.ltennstedt.finnmath.core.util.MathRandomTest" time="0.001"/>
  <testcase name="nextBigIntegerVectorsShouldSucceed" classname="com.github.ltennstedt.finnmath.core.util.MathRandomTest" time="0.005"/>
  <testcase name="nextUpperTriangularSimpleComplexNumberMatrixShouldSucceed" classname="com.github.ltennstedt.finnmath.core.util.MathRandomTest" time="0.017"/>
  <testcase name="nextTriangularBigDecimalMatricesScaleTooLowShouldThrowException" classname="com.github.ltennstedt.finnmath.core.util.MathRandomTest" time="0.001"/>
  <testcase name="nextSimpleComplexNumbersTooLessShoudThrowException" classname="com.github.ltennstedt.finnmath.core.util.MathRandomTest" time="0.001"/>
  <testcase name="nextLowerTriangularSimpleComplexNumberMatricesShouldSucceed" classname="com.github.ltennstedt.finnmath.core.util.MathRandomTest" time="0.021"/>
  <testcase name="nextTriangularBigDecimalMatrixShouldSucceed" classname="com.github.ltennstedt.finnmath.core.util.MathRandomTest" time="0.015"/>
  <testcase name="nextTriangularBigIntegerMatricesBoundTooLowShouldThrowException" classname="com.github.ltennstedt.finnmath.core.util.MathRandomTest" time="0.003"/>
  <testcase name="nextBigDecimalVectorScaleTooLowShouldThrowException" classname="com.github.ltennstedt.finnmath.core.util.MathRandomTest" time="0.003"/>
  <testcase name="nextSymmetricSimpleComplexNumberMatrixBoundTooLowShouldThrowException" classname="com.github.ltennstedt.finnmath.core.util.MathRandomTest" time="0.006"/>
  <testcase name="nextInvertibleSimpleComplexNumberShouldSucceed" classname="com.github.ltennstedt.finnmath.core.util.MathRandomTest" time="0.001"/>
  <testcase name="nextSimpleComplexNumberVectorsSizeTooLowhouldThrowException" classname="com.github.ltennstedt.finnmath.core.util.MathRandomTest" time="0.001"/>
  <testcase name="nextTriangularBigIntegerMatricesSizeTooLowShouldThrowException" classname="com.github.ltennstedt.finnmath.core.util.MathRandomTest" time="0.003"/>
  <testcase name="nextBigDecimalMatricesTooLessShouldThrowException" classname="com.github.ltennstedt.finnmath.core.util.MathRandomTest" time="0.006"/>
  <testcase name="nextNegativeBigIntegerShouldSucceed" classname="com.github.ltennstedt.finnmath.core.util.MathRandomTest" time="0.001"/>
  <testcase name="nextSymmetricBigIntegerMatricesShouldSucceed" classname="com.github.ltennstedt.finnmath.core.util.MathRandomTest" time="0.019"/>
  <testcase name="nextLowerTriangularRealComplexNumberMatricesTooLessShouldThrowException" classname="com.github.ltennstedt.finnmath.core.util.MathRandomTest" time="0.002"/>
  <testcase name="nextUpperTriangularBigDecimalMatricesTooLessShouldThrowException" classname="com.github.ltennstedt.finnmath.core.util.MathRandomTest" time="0.002"/>
  <testcase name="nextRealComplexNumberMatrixBoundTooLowShouldThrowException" classname="com.github.ltennstedt.finnmath.core.util.MathRandomTest" time="0.002"/>
  <testcase name="nextRealComplexNumberScaleTooLowShouldThrowException" classname="com.github.ltennstedt.finnmath.core.util.MathRandomTest" time="0.002"/>
  <testcase name="nextSymmetricRealComplexNumberMatricesShouldSucceed" classname="com.github.ltennstedt.finnmath.core.util.MathRandomTest" time="0.045"/>
  <testcase name="nextSymmetricRealComplexNumberMatrixBoundTooLowShouldThrowException" classname="com.github.ltennstedt.finnmath.core.util.MathRandomTest" time="0.002"/>
  <testcase name="nextUpperTriangularRealComplexNumberMatricesTooLessShouldThrowException" classname="com.github.ltennstedt.finnmath.core.util.MathRandomTest" time="0.001"/>
  <testcase name="nextInvertibleRealComplexNumberBoundTooLowShouldThrowException" classname="com.github.ltennstedt.finnmath.core.util.MathRandomTest" time="0.001"/>
  <testcase name="nextSkewSymmetricBigIntegerMatricesSizeTooLowShouldThrowException" classname="com.github.ltennstedt.finnmath.core.util.MathRandomTest" time="0.001"/>
  <testcase name="nextTriangularRealComplexNumberMatricesScaleTooLowShouldThrowException" classname="com.github.ltennstedt.finnmath.core.util.MathRandomTest" time="0.001"/>
  <testcase name="nextRealComplexNumbersScaleTooLowShoudThrowException" classname="com.github.ltennstedt.finnmath.core.util.MathRandomTest" time="0.005"/>
  <testcase name="nextNegativeBigDecimalsShouldSucceed" classname="com.github.ltennstedt.finnmath.core.util.MathRandomTest" time="0.002"/>
  <testcase name="nextUpperTriangularRealComplexNumberMatrixScaleTooLowShouldThrowException" classname="com.github.ltennstedt.finnmath.core.util.MathRandomTest" time="0.002"/>
  <testcase name="nextRealComplexNumberMatricesBoundTooLowShouldThrowException" classname="com.github.ltennstedt.finnmath.core.util.MathRandomTest" time="0.001"/>
  <testcase name="nextUpperTriangularSimpleComplexNumberMatricesTooLessShouldThrowException" classname="com.github.ltennstedt.finnmath.core.util.MathRandomTest" time="0.001"/>
  <testcase name="nextNegativeBigDecimalShouldSucceed" classname="com.github.ltennstedt.finnmath.core.util.MathRandomTest" time="0"/>
  <testcase name="nextPolarFormsBoundTooLowShouldThrowException" classname="com.github.ltennstedt.finnmath.core.util.MathRandomTest" time="0.004"/>
  <testcase name="nextBigIntegerVectorBoundTooLowShouldThrowException" classname="com.github.ltennstedt.finnmath.core.util.MathRandomTest" time="0.001"/>
  <testcase name="nextNegativeBigDecimalsTooLessShoudThrowException" classname="com.github.ltennstedt.finnmath.core.util.MathRandomTest" time="0.001"/>
  <testcase name="nextBigDecimalMatricesColumnSizeTooLowShouldThrowException" classname="com.github.ltennstedt.finnmath.core.util.MathRandomTest" time="0.001"/>
  <testcase name="nextLowerTriangularBigIntegerMatrixShouldSucceed" classname="com.github.ltennstedt.finnmath.core.util.MathRandomTest" time="0.004"/>
  <testcase name="nextDiagonalBigDecimalMatricesBoundTooLowShouldThrowException" classname="com.github.ltennstedt.finnmath.core.util.MathRandomTest" time="0.001"/>
  <testcase name="nextLowerTriangularBigIntegerMatricesTooLessShouldThrowException" classname="com.github.ltennstedt.finnmath.core.util.MathRandomTest" time="0.002"/>
  <testcase name="nextSimpleComplexNumberMatrixRowSizeTooLowShouldThrowException" classname="com.github.ltennstedt.finnmath.core.util.MathRandomTest" time="0.001"/>
  <testcase name="nextTriangularRealComplexNumberMatrixBoundTooLowShouldThrowException" classname="com.github.ltennstedt.finnmath.core.util.MathRandomTest" time="0.001"/>
  <testcase name="nextBigDecimalMatrixRowSizeTooLowShouldThrowException" classname="com.github.ltennstedt.finnmath.core.util.MathRandomTest" time="0.002"/>
  <testcase name="nextBigDecimalMatrixScaleTooLowShouldThrowException" classname="com.github.ltennstedt.finnmath.core.util.MathRandomTest" time="0.001"/>
  <testcase name="nextTriangularSimpleComplexNumberMatricesSizeTooLowShouldThrowException" classname="com.github.ltennstedt.finnmath.core.util.MathRandomTest" time="0.002"/>
  <testcase name="nextPolarFormBoundTooLowShouldThrowException" classname="com.github.ltennstedt.finnmath.core.util.MathRandomTest" time="0.001"/>
  <testcase name="nextInvertiblePositiveFractionsTooLessShoudThrowException" classname="com.github.ltennstedt.finnmath.core.util.MathRandomTest" time="0.002"/>
  <testcase name="nextPositiveBigDecimalsBoundTooLowShoudThrowException" classname="com.github.ltennstedt.finnmath.core.util.MathRandomTest" time="0.001"/>
  <testcase name="nextInvertiblePositiveBigDecimalsBoundTooLowShoudThrowException" classname="com.github.ltennstedt.finnmath.core.util.MathRandomTest" time="0.007"/>
  <testcase name="nextSkewSymmetricRealComplexNumberMatrixBoundTooLowShouldThrowException" classname="com.github.ltennstedt.finnmath.core.util.MathRandomTest" time="0.001"/>
  <testcase name="nextSymmetricRealComplexNumberMatrixSizeTooLowShouldThrowException" classname="com.github.ltennstedt.finnmath.core.util.MathRandomTest" time="0.001"/>
  <testcase name="nextBigIntegersShouldSucceed" classname="com.github.ltennstedt.finnmath.core.util.MathRandomTest" time="0.008"/>
  <testcase name="nextSkewSymmetricBigIntegerMatricesShouldSucceed" classname="com.github.ltennstedt.finnmath.core.util.MathRandomTest" time="0.019"/>
  <testcase name="nextSymmetricBigDecimalMatrixShouldSucceed" classname="com.github.ltennstedt.finnmath.core.util.MathRandomTest" time="0.009"/>
  <testcase name="nextSymmetricSimpleComplexNumberMatricesShouldSucceed" classname="com.github.ltennstedt.finnmath.core.util.MathRandomTest" time="0.032"/>
  <testcase name="nextTriangularRealComplexNumberMatricesTooLessShouldThrowException" classname="com.github.ltennstedt.finnmath.core.util.MathRandomTest" time="0.001"/>
  <testcase name="nextInvertiblePositiveFractionShouldSucceed" classname="com.github.ltennstedt.finnmath.core.util.MathRandomTest" time="0"/>
  <testcase name="nextRealComplexNumberMatrixShouldSucceed" classname="com.github.ltennstedt.finnmath.core.util.MathRandomTest" time="0.008"/>
  <testcase name="nextLowerTriangularRealComplexNumberMatricesSizeTooLowShouldThrowException" classname="com.github.ltennstedt.finnmath.core.util.MathRandomTest" time="0.002"/>
  <testcase name="nextDiagonalBigDecimalMatricesSizeTooLowShouldThrowException" classname="com.github.ltennstedt.finnmath.core.util.MathRandomTest" time="0.002"/>
  <testcase name="nextSymmetricRealComplexNumberMatricesBoundTooLowShouldThrowException" classname="com.github.ltennstedt.finnmath.core.util.MathRandomTest" time="0.002"/>
  <testcase name="nextDiagonalBigIntegerMatricesTooLessShouldThrowException" classname="com.github.ltennstedt.finnmath.core.util.MathRandomTest" time="0.002"/>
  <testcase name="nextBigIntegerMatrixBoundTooLowShouldThrowException" classname="com.github.ltennstedt.finnmath.core.util.MathRandomTest" time="0.002"/>
  <testcase name="nextSkewSymmetricRealComplexNumberMatricesSizeTooLowShouldThrowException" classname="com.github.ltennstedt.finnmath.core.util.MathRandomTest" time="0.001"/>
  <testcase name="nextTriangularBigDecimalMatrixScaleTooLowShouldThrowException" classname="com.github.ltennstedt.finnmath.core.util.MathRandomTest" time="0.002"/>
  <testcase name="nextSymmetricSimpleComplexNumberMatrixShouldSucceed" classname="com.github.ltennstedt.finnmath.core.util.MathRandomTest" time="0.006"/>
  <testcase name="nextSimpleComplexNumberMatricesColumnSizeTooLowShouldThrowException" classname="com.github.ltennstedt.finnmath.core.util.MathRandomTest" time="0.002"/>
  <testcase name="nextInvertibleBigDecimalsTooLessShoudThrowException" classname="com.github.ltennstedt.finnmath.core.util.MathRandomTest" time="0.002"/>
  <testcase name="nextTriangularBigDecimalMatricesShouldSucceed" classname="com.github.ltennstedt.finnmath.core.util.MathRandomTest" time="0.009"/>
  <testcase name="nextLowerTriangularRealComplexNumberMatrixShouldSucceed" classname="com.github.ltennstedt.finnmath.core.util.MathRandomTest" time="0.007"/>
  <testcase name="nextBigDecimalMatricesScaleTooLowShouldThrowException" classname="com.github.ltennstedt.finnmath.core.util.MathRandomTest" time="0.001"/>
  <testcase name="nextUpperTriangularBigDecimalMatrixBoundTooLowShouldThrowException" classname="com.github.ltennstedt.finnmath.core.util.MathRandomTest" time="0.001"/>
  <testcase name="nextSymmetricBigDecimalMatrixBoundTooLowShouldThrowException" classname="com.github.ltennstedt.finnmath.core.util.MathRandomTest" time="0.001"/>
  <testcase name="nextTriangularSimpleComplexNumberMatrixSizeTooLowShouldThrowException" classname="com.github.ltennstedt.finnmath.core.util.MathRandomTest" time="0.001"/>
  <testcase name="nextRealComplexNumberMatricesColumnSizeTooLowShouldThrowException" classname="com.github.ltennstedt.finnmath.core.util.MathRandomTest" time="0.001"/>
  <testcase name="nextRealComplexNumbersBoundTooLowShoudThrowException" classname="com.github.ltennstedt.finnmath.core.util.MathRandomTest" time="0.001"/>
  <testcase name="nextPositiveFractionsShouldSucceed" classname="com.github.ltennstedt.finnmath.core.util.MathRandomTest" time="0.001"/>
  <testcase name="nextBigIntegerMatricesBoundTooLowShouldThrowException" classname="com.github.ltennstedt.finnmath.core.util.MathRandomTest" time="0"/>
  <testcase name="nextInvertibleFractionsBoundTooLowShoudThrowException" classname="com.github.ltennstedt.finnmath.core.util.MathRandomTest" time="0.001"/>
  <testcase name="nextRealComplexNumberShouldSucceed" classname="com.github.ltennstedt.finnmath.core.util.MathRandomTest" time="0.003"/>
  <testcase name="nextDiagonalBigDecimalMatrixBoundTooLowShouldThrowException" classname="com.github.ltennstedt.finnmath.core.util.MathRandomTest" time="0.001"/>
  <testcase name="nextLowerTriangularBigIntegerMatrixSizeTooLowShouldThrowException" classname="com.github.ltennstedt.finnmath.core.util.MathRandomTest" time="0.001"/>
  <testcase name="nextSkewSymmetricBigIntegerMatrixShouldSucceed" classname="com.github.ltennstedt.finnmath.core.util.MathRandomTest" time="0.007"/>
  <testcase name="nextSimpleComplexNumberBoundTooLowShouldThrowException" classname="com.github.ltennstedt.finnmath.core.util.MathRandomTest" time="0"/>
  <testcase name="keepBigDecimalInBoundBigDecimalLowerThanZeroAndBigDecimalLowerThanOrEqualToMinusBound" classname="com.github.ltennstedt.finnmath.core.util.MathRandomTest" time="0"/>
  <testcase name="nextLowerTriangularBigDecimalMatrixSizeTooLowShouldThrowException" classname="com.github.ltennstedt.finnmath.core.util.MathRandomTest" time="0"/>
  <testcase name="nextBigDecimalVectorShouldSucceed" classname="com.github.ltennstedt.finnmath.core.util.MathRandomTest" time="0.007"/>
  <testcase name="nextBigDecimalVectorsScaleTooLowhouldThrowException" classname="com.github.ltennstedt.finnmath.core.util.MathRandomTest" time="0.001"/>
  <testcase name="nextTriangularBigIntegerMatrixBoundTooLowShouldThrowException" classname="com.github.ltennstedt.finnmath.core.util.MathRandomTest" time="0.002"/>
  <testcase name="nextSimpleComplexNumberVectorsShouldSucceed" classname="com.github.ltennstedt.finnmath.core.util.MathRandomTest" time="0.019"/>
  <testcase name="nextSimpleComplexNumberVectorsTooLessShouldThrowException" classname="com.github.ltennstedt.finnmath.core.util.MathRandomTest" time="0.001"/>
  <testcase name="nextBigDecimalVectorSizeTooLowhouldThrowException" classname="com.github.ltennstedt.finnmath.core.util.MathRandomTest" time="0.001"/>
  <testcase name="nextUpperTriangularBigDecimalMatricesShouldSucceed" classname="com.github.ltennstedt.finnmath.core.util.MathRandomTest" time="0.015"/>
  <testcase name="nextDiagonalRealComplexNumberMatrixSizeTooLowShouldThrowException" classname="com.github.ltennstedt.finnmath.core.util.MathRandomTest" time="0.001"/>
  <testcase name="nextSkewSymmetricBigDecimalMatricesBoundTooLowShouldThrowException" classname="com.github.ltennstedt.finnmath.core.util.MathRandomTest" time="0.002"/>
  <testcase name="nextPositiveBigDecimalsShouldSucceed" classname="com.github.ltennstedt.finnmath.core.util.MathRandomTest" time="0"/>
  <testcase name="nextUpperTriangularBigDecimalMatricesScaleTooLowShouldThrowException" classname="com.github.ltennstedt.finnmath.core.util.MathRandomTest" time="0.002"/>
  <testcase name="nextRealComplexNumberVectorsBoundTooLowShouldThrowException" classname="com.github.ltennstedt.finnmath.core.util.MathRandomTest" time="0.001"/>
  <testcase name="nextSymmetricBigDecimalMatricesTooLessShouldThrowException" classname="com.github.ltennstedt.finnmath.core.util.MathRandomTest" time="0.001"/>
  <testcase name="nextInvertibleNegativeFractionBoundTooLowShouldThrowException" classname="com.github.ltennstedt.finnmath.core.util.MathRandomTest" time="0.003"/>
  <testcase name="nextTriangularBigDecimalMatricesSizeTooLowShouldThrowException" classname="com.github.ltennstedt.finnmath.core.util.MathRandomTest" time="0.002"/>
  <testcase name="nextDiagonalSimpleComplexNumberMatrixBoundTooLowShouldThrowException" classname="com.github.ltennstedt.finnmath.core.util.MathRandomTest" time="0.001"/>
  <testcase name="nextDiagonalRealComplexNumberMatrixBoundTooLowShouldThrowException" classname="com.github.ltennstedt.finnmath.core.util.MathRandomTest" time="0.002"/>
  <testcase name="nextTriangularBigDecimalMatricesTooLessShouldThrowException" classname="com.github.ltennstedt.finnmath.core.util.MathRandomTest" time="0.002"/>
  <testcase name="nextInvertibleSimpleComplexNumberBoundTooLowShouldThrowException" classname="com.github.ltennstedt.finnmath.core.util.MathRandomTest" time="0.001"/>
  <testcase name="nextUpperTriangularBigIntegerMatricesBoundTooLowShouldThrowException" classname="com.github.ltennstedt.finnmath.core.util.MathRandomTest" time="0.002"/>
  <testcase name="nextInvertiblePositiveBigDecimalShouldSucceed" classname="com.github.ltennstedt.finnmath.core.util.MathRandomTest" time="0"/>
  <testcase name="nextSkewSymmetricBigDecimalMatricesSizeTooLowShouldThrowException" classname="com.github.ltennstedt.finnmath.core.util.MathRandomTest" time="0.001"/>
  <testcase name="nextPolarFormsTooLessShouldThrowException" classname="com.github.ltennstedt.finnmath.core.util.MathRandomTest" time="0.001"/>
  <testcase name="nextBigDecimalVectorsShouldSucceed" classname="com.github.ltennstedt.finnmath.core.util.MathRandomTest" time="0.007"/>
  <testcase name="nextDiagonalBigIntegerMatrixSizeTooLowShouldThrowException" classname="com.github.ltennstedt.finnmath.core.util.MathRandomTest" time="0"/>
  <testcase name="nextInvertibleFractionShouldSucceed" classname="com.github.ltennstedt.finnmath.core.util.MathRandomTest" time="0.001"/>
  <testcase name="keepBigDecimalInBoundBigDecimalGreaterThanOrEqualToZeroAndBigDecimalLowerThanBound" classname="com.github.ltennstedt.finnmath.core.util.MathRandomTest" time="0"/>
  <testcase name="nextSkewSymmetricBigDecimalMatrixBoundTooLowShouldThrowException" classname="com.github.ltennstedt.finnmath.core.util.MathRandomTest" time="0.001"/>
  <testcase name="nextDiagonalSimpleComplexNumberMatricesBoundTooLowShouldThrowException" classname="com.github.ltennstedt.finnmath.core.util.MathRandomTest" time="0.001"/>
  <testcase name="nextTriangularSimpleComplexNumberMatricesBoundTooLowShouldThrowException" classname="com.github.ltennstedt.finnmath.core.util.MathRandomTest" time="0.001"/>
  <testcase name="nextDiagonalBigDecimalMatrixSizeTooLowShouldThrowException" classname="com.github.ltennstedt.finnmath.core.util.MathRandomTest" time="0.001"/>
  <testcase name="nextSkewSymmetricRealComplexNumberMatricesShouldSucceed" classname="com.github.ltennstedt.finnmath.core.util.MathRandomTest" time="0.019"/>
  <testcase name="nextFractionsBoundTooLowShoudThrowException" classname="com.github.ltennstedt.finnmath.core.util.MathRandomTest" time="0.001"/>
  <testcase name="nextUpperTriangularSimpleComplexNumberMatrixBoundTooLowShouldThrowException" classname="com.github.ltennstedt.finnmath.core.util.MathRandomTest" time="0.001"/>
  <testcase name="nextLowerTriangularRealComplexNumberMatrixSizeTooLowShouldThrowException" classname="com.github.ltennstedt.finnmath.core.util.MathRandomTest" time="0.001"/>
  <testcase name="nextSkewSymmetricBigDecimalMatricesTooLessShouldThrowException" classname="com.github.ltennstedt.finnmath.core.util.MathRandomTest" time="0.001"/>
  <testcase name="nextBigDecimalBoundTooLowShouldThrowException" classname="com.github.ltennstedt.finnmath.core.util.MathRandomTest" time="0.002"/>
  <testcase name="nextUpperTriangularBigIntegerMatrixSizeTooLowShouldThrowException" classname="com.github.ltennstedt.finnmath.core.util.MathRandomTest" time="0.001"/>
  <testcase name="nextLowerTriangularRealComplexNumberMatricesScaleTooLowShouldThrowException" classname="com.github.ltennstedt.finnmath.core.util.MathRandomTest" time="0.001"/>
  <testcase name="nextSymmetricBigDecimalMatricesScaleTooLowShouldThrowException" classname="com.github.ltennstedt.finnmath.core.util.MathRandomTest" time="0.002"/>
  <testcase name="nextNegativeFractionBoundTooLowShouldThrowException" classname="com.github.ltennstedt.finnmath.core.util.MathRandomTest" time="0.001"/>
  <testcase name="nextNegativeBigIntegerBoundTooLowShouldThrowException" classname="com.github.ltennstedt.finnmath.core.util.MathRandomTest" time="0.002"/>
  <testcase name="nextSkewSymmetricSimpleComplexNumberMatrixBoundTooLowShouldThrowException" classname="com.github.ltennstedt.finnmath.core.util.MathRandomTest" time="0.001"/>
  <testcase name="nextUpperTriangularBigDecimalMatrixSizeTooLowShouldThrowException" classname="com.github.ltennstedt.finnmath.core.util.MathRandomTest" time="0.001"/>
  <testcase name="nextLowerTriangularBigDecimalMatrixShouldSucceed" classname="com.github.ltennstedt.finnmath.core.util.MathRandomTest" time="0.004"/>
  <testcase name="nextInvertibleSimpleComplexNumbersShouldSucceed" classname="com.github.ltennstedt.finnmath.core.util.MathRandomTest" time="0.005"/>
  <testcase name="nextSymmetricBigIntegerMatricesBoundTooLowShouldThrowException" classname="com.github.ltennstedt.finnmath.core.util.MathRandomTest" time="0.002"/>
  <testcase name="nextTriangularBigIntegerMatricesShouldSucceed" classname="com.github.ltennstedt.finnmath.core.util.MathRandomTest" time="0.012"/>
  <testcase name="nextBigIntegerVectorsBoundTooLowShouldThrowException" classname="com.github.ltennstedt.finnmath.core.util.MathRandomTest" time="0"/>
  <testcase name="nextNegativeFractionShouldSucceed" classname="com.github.ltennstedt.finnmath.core.util.MathRandomTest" time="0"/>
  <testcase name="nextPolarFormShouldSucceed" classname="com.github.ltennstedt.finnmath.core.util.MathRandomTest" time="0"/>
  <testcase name="nextRealComplexNumberMatricesTooLessShouldThrowException" classname="com.github.ltennstedt.finnmath.core.util.MathRandomTest" time="0.001"/>
  <testcase name="nextFractionsShouldSucceed" classname="com.github.ltennstedt.finnmath.core.util.MathRandomTest" time="0.005"/>
  <testcase name="nextNegativeBigDecimalScaleTooLowShouldThrowException" classname="com.github.ltennstedt.finnmath.core.util.MathRandomTest" time="0.001"/>
  <testcase name="nextInvertibleNegativeBigDecimalScaleTooLowShouldThrowException" classname="com.github.ltennstedt.finnmath.core.util.MathRandomTest" time="0.001"/>
  <testcase name="nextTriangularRealComplexNumberMatrixShouldSucceed" classname="com.github.ltennstedt.finnmath.core.util.MathRandomTest" time="0.006"/>
  <testcase name="nextInvertibleBigDecimalScaleTooLowShouldThrowException" classname="com.github.ltennstedt.finnmath.core.util.MathRandomTest" time="0.001"/>
  <testcase name="nextSkewSymmetricRealComplexNumberMatrixShouldSucceed" classname="com.github.ltennstedt.finnmath.core.util.MathRandomTest" time="0.006"/>
  <testcase name="nextSkewSymmetricRealComplexNumberMatricesTooLessShouldThrowException" classname="com.github.ltennstedt.finnmath.core.util.MathRandomTest" time="0.001"/>
  <testcase name="nextRealComplexNumbersShouldSucceed" classname="com.github.ltennstedt.finnmath.core.util.MathRandomTest" time="0.006"/>
  <testcase name="nextInvertiblePositiveFractionsBoundTooLowShoudThrowException" classname="com.github.ltennstedt.finnmath.core.util.MathRandomTest" time="0.002"/>
  <testcase name="nextDiagonalBigIntegerMatrixShouldSucceed" classname="com.github.ltennstedt.finnmath.core.util.MathRandomTest" time="0.003"/>
  <testcase name="nextBigDecimalsShouldSucceed" classname="com.github.ltennstedt.finnmath.core.util.MathRandomTest" time="0"/>
  <testcase name="nextNegativeBigDecimalsScaleTooLowShoudThrowException" classname="com.github.ltennstedt.finnmath.core.util.MathRandomTest" time="0.001"/>
  <testcase name="nextInvertibleNegativeBigDecimalsScaleTooLowShoudThrowException" classname="com.github.ltennstedt.finnmath.core.util.MathRandomTest" time="0.001"/>
  <testcase name="nextLowerTriangularSimpleComplexNumberMatricesBoundTooLowShouldThrowException" classname="com.github.ltennstedt.finnmath.core.util.MathRandomTest" time="0.001"/>
  <testcase name="nextInvertibleBigDecimalsShouldSucceed" classname="com.github.ltennstedt.finnmath.core.util.MathRandomTest" time="0.003"/>
  <testcase name="nextDiagonalRealComplexNumberMatricesBoundTooLowShouldThrowException" classname="com.github.ltennstedt.finnmath.core.util.MathRandomTest" time="0.001"/>
  <testcase name="nextDiagonalRealComplexNumberMatricesTooLessShouldThrowException" classname="com.github.ltennstedt.finnmath.core.util.MathRandomTest" time="0.001"/>
  <testcase name="nextInvertibleBigDecimalsScaleTooLowShoudThrowException" classname="com.github.ltennstedt.finnmath.core.util.MathRandomTest" time="0.002"/>
  <testcase name="nextRealComplexNumberVectorScaleTooLowShouldThrowException" classname="com.github.ltennstedt.finnmath.core.util.MathRandomTest" time="0.001"/>
  <testcase name="nextLowerTriangularBigDecimalMatrixBoundTooLowShouldThrowException" classname="com.github.ltennstedt.finnmath.core.util.MathRandomTest" time="0.005"/>
  <testcase name="nextDiagonalRealComplexNumberMatricesShouldSucceed" classname="com.github.ltennstedt.finnmath.core.util.MathRandomTest" time="0.015"/>
  <testcase name="nextTriangularSimpleComplexNumberMatrixBoundTooLowShouldThrowException" classname="com.github.ltennstedt.finnmath.core.util.MathRandomTest" time="0.001"/>
  <testcase name="nextUpperTriangularBigIntegerMatricesShouldSucceed" classname="com.github.ltennstedt.finnmath.core.util.MathRandomTest" time="0.01"/>
  <testcase name="nextRealComplexNumberMatrixRowSizeTooLowShouldThrowException" classname="com.github.ltennstedt.finnmath.core.util.MathRandomTest" time="0.001"/>
  <testcase name="nextBigDecimalMatricesShouldSucceed" classname="com.github.ltennstedt.finnmath.core.util.MathRandomTest" time="0.012"/>
  <testcase name="nextSymmetricRealComplexNumberMatricesTooLessShouldThrowException" classname="com.github.ltennstedt.finnmath.core.util.MathRandomTest" time="0.001"/>
  <testcase name="nextBigIntegerMatrixShouldSucceed" classname="com.github.ltennstedt.finnmath.core.util.MathRandomTest" time="0.008"/>
  <testcase name="nextLowerTriangularBigDecimalMatricesBoundTooLowShouldThrowException" classname="com.github.ltennstedt.finnmath.core.util.MathRandomTest" time="0.002"/>
  <testcase name="nextUpperTriangularSimpleComplexNumberMatrixSizeTooLowShouldThrowException" classname="com.github.ltennstedt.finnmath.core.util.MathRandomTest" time="0.001"/>
  <testcase name="nextSkewSymmetricSimpleComplexNumberMatrixShouldSucceed" classname="com.github.ltennstedt.finnmath.core.util.MathRandomTest" time="0.005"/>
  <testcase name="nextLowerTriangularBigDecimalMatricesShouldSucceed" classname="com.github.ltennstedt.finnmath.core.util.MathRandomTest" time="0.008"/>
  <testcase name="nextSimpleComplexNumberVectorShouldSucceed" classname="com.github.ltennstedt.finnmath.core.util.MathRandomTest" time="0.011"/>
  <testcase name="nextInvertibleFractionsShouldSucceed" classname="com.github.ltennstedt.finnmath.core.util.MathRandomTest" time="0.005"/>
  <testcase name="nextSimpleComplexNumberMatrixColumnSizeTooLowShouldThrowException" classname="com.github.ltennstedt.finnmath.core.util.MathRandomTest" time="0.001"/>
  <testcase name="nextLowerTriangularBigIntegerMatricesSizeTooLowShouldThrowException" classname="com.github.ltennstedt.finnmath.core.util.MathRandomTest" time="0.003"/>
  <testcase name="nextPositiveBigDecimalBoundTooLowShouldThrowException" classname="com.github.ltennstedt.finnmath.core.util.MathRandomTest" time="0.001"/>
  <testcase name="nextInvertiblePositiveBigDecimalBoundTooLowShouldThrowException" classname="com.github.ltennstedt.finnmath.core.util.MathRandomTest" time="0.001"/>
  <testcase name="nextUpperTriangularRealComplexNumberMatricesBoundTooLowShouldThrowException" classname="com.github.ltennstedt.finnmath.core.util.MathRandomTest" time="0.001"/>
  <testcase name="nextSimpleComplexNumberVectorsBoundTooLowShouldThrowException" classname="com.github.ltennstedt.finnmath.core.util.MathRandomTest" time="0"/>
  <testcase name="nextPositiveFractionsBoundTooLowShoudThrowException" classname="com.github.ltennstedt.finnmath.core.util.MathRandomTest" time="0"/>
  <testcase name="nextPositiveBigIntegersTooLessShoudThrowException" classname="com.github.ltennstedt.finnmath.core.util.MathRandomTest" time="0.002"/>
  <testcase name="nextSkewSymmetricBigDecimalMatrixShouldSucceed" classname="com.github.ltennstedt.finnmath.core.util.MathRandomTest" time="0.004"/>
  <testcase name="nextBigDecimalVectorsTooLessShouldThrowException" classname="com.github.ltennstedt.finnmath.core.util.MathRandomTest" time="0.001"/>
  <testcase name="nextInvertibleRealComplexNumbersTooLessShoudThrowException" classname="com.github.ltennstedt.finnmath.core.util.MathRandomTest" time="0.002"/>
  <testcase name="nextSkewSymmetricRealComplexNumberMatricesBoundTooLowShouldThrowException" classname="com.github.ltennstedt.finnmath.core.util.MathRandomTest" time="0.001"/>
  <testcase name="nextLowerTriangularRealComplexNumberMatrixBoundTooLowShouldThrowException" classname="com.github.ltennstedt.finnmath.core.util.MathRandomTest" time="0.001"/>
  <testcase name="nextNegativeFractionsShouldSucceed" classname="com.github.ltennstedt.finnmath.core.util.MathRandomTest" time="0.006"/>
  <testcase name="nextSkewSymmetricSimpleComplexNumberMatricesSizeTooLowShouldThrowException" classname="com.github.ltennstedt.finnmath.core.util.MathRandomTest" time="0.001"/>
  <testcase name="nextRealComplexNumberMatrixScaleTooLowShouldThrowException" classname="com.github.ltennstedt.finnmath.core.util.MathRandomTest" time="0.001"/>
  <testcase name="nextSymmetricSimpleComplexNumberMatrixSizeTooLowShouldThrowException" classname="com.github.ltennstedt.finnmath.core.util.MathRandomTest" time="0.001"/>
  <testcase name="nextFractionsTooLessShoudThrowException" classname="com.github.ltennstedt.finnmath.core.util.MathRandomTest" time="0.001"/>
  <testcase name="nextBigIntegerMatricesTooLessShouldThrowException" classname="com.github.ltennstedt.finnmath.core.util.MathRandomTest" time="0.001"/>
  <testcase name="nextSymmetricRealComplexNumberMatrixScaleTooLowShouldThrowException" classname="com.github.ltennstedt.finnmath.core.util.MathRandomTest" time="0.001"/>
  <testcase name="nextInvertiblePositiveFractionsShouldSucceed" classname="com.github.ltennstedt.finnmath.core.util.MathRandomTest" time="0.004"/>
  <testcase name="nextUpperTriangularBigIntegerMatricesTooLessShouldThrowException" classname="com.github.ltennstedt.finnmath.core.util.MathRandomTest" time="0.002"/>
  <testcase name="nextSimpleComplexNumberMatricesTooLessShouldThrowException" classname="com.github.ltennstedt.finnmath.core.util.MathRandomTest" time="0.001"/>
  <testcase name="nextUpperTriangularRealComplexNumberMatrixShouldSucceed" classname="com.github.ltennstedt.finnmath.core.util.MathRandomTest" time="0.007"/>
  <testcase name="nextUpperTriangularBigIntegerMatricesSizeTooLowShouldThrowException" classname="com.github.ltennstedt.finnmath.core.util.MathRandomTest" time="0.003"/>
  <testcase name="nextInvertibleRealComplexNumberShouldSucceed" classname="com.github.ltennstedt.finnmath.core.util.MathRandomTest" time="0.003"/>
  <testcase name="nextInvertibleRealComplexNumberScaleTooLowShouldThrowException" classname="com.github.ltennstedt.finnmath.core.util.MathRandomTest" time="0.001"/>
  <testcase name="nextSymmetricSimpleComplexNumberMatricesTooLessShouldThrowException" classname="com.github.ltennstedt.finnmath.core.util.MathRandomTest" time="0.001"/>
  <testcase name="nextTriangularBigDecimalMatricesBoundTooLowShouldThrowException" classname="com.github.ltennstedt.finnmath.core.util.MathRandomTest" time="0.001"/>
  <testcase name="nextFractionShouldSucceed" classname="com.github.ltennstedt.finnmath.core.util.MathRandomTest" time="0"/>
  <testcase name="nextInvertibleNegativeBigDecimalsShouldSucceed" classname="com.github.ltennstedt.finnmath.core.util.MathRandomTest" time="0.002"/>
  <testcase name="nextRealComplexNumberMatricesScaleTooLowShouldThrowException" classname="com.github.ltennstedt.finnmath.core.util.MathRandomTest" time="0.001"/>
  <testcase name="nextBigIntegersTooLessShoudThrowException" classname="com.github.ltennstedt.finnmath.core.util.MathRandomTest" time="0.001"/>
  <testcase name="nextInvertibleRealComplexNumbersScaleTooLowShoudThrowException" classname="com.github.ltennstedt.finnmath.core.util.MathRandomTest" time="0.002"/>
  <testcase name="nextPolarFormsShouldSucceed" classname="com.github.ltennstedt.finnmath.core.util.MathRandomTest" time="0.039"/>
  <testcase name="nextBigDecimalVectorBoundTooLowShouldThrowException" classname="com.github.ltennstedt.finnmath.core.util.MathRandomTest" time="0.003"/>
  <testcase name="nextSimpleComplexNumberShouldSucceed" classname="com.github.ltennstedt.finnmath.core.util.MathRandomTest" time="0.001"/>
  <testcase name="nextPolarFormsScaleTooLowShouldThrowException" classname="com.github.ltennstedt.finnmath.core.util.MathRandomTest" time="0.001"/>
  <testcase name="nextDiagonalSimpleComplexNumberMatrixSizeTooLowShouldThrowException" classname="com.github.ltennstedt.finnmath.core.util.MathRandomTest" time="0.001"/>
  <testcase name="nextSymmetricBigIntegerMatricesSizeTooLowShouldThrowException" classname="com.github.ltennstedt.finnmath.core.util.MathRandomTest" time="0.002"/>
  <testcase name="nextInvertiblePositiveBigDecimalsTooLessShoudThrowException" classname="com.github.ltennstedt.finnmath.core.util.MathRandomTest" time="0.002"/>
  <testcase name="nextNegativeBigDecimalsBoundTooLowShoudThrowException" classname="com.github.ltennstedt.finnmath.core.util.MathRandomTest" time="0.002"/>
  <testcase name="nextInvertibleNegativeBigDecimalsBoundTooLowShoudThrowException" classname="com.github.ltennstedt.finnmath.core.util.MathRandomTest" time="0.001"/>
  <testcase name="nextLowerTriangularRealComplexNumberMatricesShouldSucceed" classname="com.github.ltennstedt.finnmath.core.util.MathRandomTest" time="0.012"/>
  <testcase name="nextTriangularRealComplexNumberMatricesSizeTooLowShouldThrowException" classname="com.github.ltennstedt.finnmath.core.util.MathRandomTest" time="0.001"/>
  <testcase name="nextDiagonalBigDecimalMatricesScaleTooLowShouldThrowException" classname="com.github.ltennstedt.finnmath.core.util.MathRandomTest" time="0.002"/>
  <testcase name="nextBigIntegerMatrixColumnSizeTooLowShouldThrowException" classname="com.github.ltennstedt.finnmath.core.util.MathRandomTest" time="0.002"/>
  <testcase name="nextRealComplexNumberBoundTooLowShouldThrowException" classname="com.github.ltennstedt.finnmath.core.util.MathRandomTest" time="0.001"/>
  <testcase name="nextInvertibleBigDecimalsBoundTooLowShoudThrowException" classname="com.github.ltennstedt.finnmath.core.util.MathRandomTest" time="0.001"/>
  <testcase name="nextTriangularRealComplexNumberMatrixScaleTooLowShouldThrowException" classname="com.github.ltennstedt.finnmath.core.util.MathRandomTest" time="0.001"/>
  <testcase name="nextDiagonalSimpleComplexNumberMatrixShouldSucceed" classname="com.github.ltennstedt.finnmath.core.util.MathRandomTest" time="0.006"/>
  <testcase name="nextInvertibleFractionBoundTooLowShouldThrowException" classname="com.github.ltennstedt.finnmath.core.util.MathRandomTest" time="0.002"/>
  <testcase name="nextDiagonalRealComplexNumberMatrixShouldSucceed" classname="com.github.ltennstedt.finnmath.core.util.MathRandomTest" time="0.006"/>
  <testcase name="nextSimpleComplexNumberMatricesRowSizeTooLowShouldThrowException" classname="com.github.ltennstedt.finnmath.core.util.MathRandomTest" time="0.002"/>
  <testcase name="nextDiagonalBigIntegerMatricesBoundTooLowShouldThrowException" classname="com.github.ltennstedt.finnmath.core.util.MathRandomTest" time="0.002"/>
  <testcase name="nextPolarFormScaleTooLowShouldThrowException" classname="com.github.ltennstedt.finnmath.core.util.MathRandomTest" time="0.001"/>
  <testcase name="nextTriangularSimpleComplexNumberMatricesTooLessShouldThrowException" classname="com.github.ltennstedt.finnmath.core.util.MathRandomTest" time="0.001"/>
  <testcase name="nextTriangularRealComplexNumberMatricesBoundTooLowShouldThrowException" classname="com.github.ltennstedt.finnmath.core.util.MathRandomTest" time="0.002"/>
  <testcase name="nextBigIntegerMatrixRowSizeTooLowShouldThrowException" classname="com.github.ltennstedt.finnmath.core.util.MathRandomTest" time="0.002"/>
  <testcase name="nextBigDecimalMatricesRowSizeTooLowShouldThrowException" classname="com.github.ltennstedt.finnmath.core.util.MathRandomTest" time="0.001"/>
  <testcase name="nextSkewSymmetricRealComplexNumberMatrixScaleTooLowShouldThrowException" classname="com.github.ltennstedt.finnmath.core.util.MathRandomTest" time="0.001"/>
  <testcase name="nextUpperTriangularRealComplexNumberMatrixBoundTooLowShouldThrowException" classname="com.github.ltennstedt.finnmath.core.util.MathRandomTest" time="0.001"/>
  <testcase name="nextNegativeFractionsTooLessShoudThrowException" classname="com.github.ltennstedt.finnmath.core.util.MathRandomTest" time="0.002"/>
  <testcase name="nextSkewSymmetricSimpleComplexNumberMatricesTooLessShouldThrowException" classname="com.github.ltennstedt.finnmath.core.util.MathRandomTest" time="0.001"/>
  <testcase name="nextSymmetricBigIntegerMatrixSizeTooLowShouldThrowException" classname="com.github.ltennstedt.finnmath.core.util.MathRandomTest" time="0.001"/>
  <testcase name="nextRealComplexNumberVectorSizeTooLowhouldThrowException" classname="com.github.ltennstedt.finnmath.core.util.MathRandomTest" time="0.001"/>
  <testcase name="nextSimpleComplexNumberMatricesShouldSucceed" classname="com.github.ltennstedt.finnmath.core.util.MathRandomTest" time="0.01"/>
  <testcase name="nextSymmetricRealComplexNumberMatrixShouldSucceed" classname="com.github.ltennstedt.finnmath.core.util.MathRandomTest" time="0.006"/>
  <testcase name="nextLowerTriangularBigDecimalMatricesTooLessShouldThrowException" classname="com.github.ltennstedt.finnmath.core.util.MathRandomTest" time="0.002"/>
  <testcase name="nextBigDecimalVectorsBoundTooLowShouldThrowException" classname="com.github.ltennstedt.finnmath.core.util.MathRandomTest" time="0.001"/>
  <testcase name="nextSymmetricBigDecimalMatrixSizeTooLowShouldThrowException" classname="com.github.ltennstedt.finnmath.core.util.MathRandomTest" time="0.001"/>
  <testcase name="nextBigIntegerMatricesShouldSucceed" classname="com.github.ltennstedt.finnmath.core.util.MathRandomTest" time="0.012"/>
  <testcase name="nextBigDecimalMatrixBoundTooLowShouldThrowException" classname="com.github.ltennstedt.finnmath.core.util.MathRandomTest" time="0.002"/>
  <testcase name="nextSymmetricRealComplexNumberMatricesScaleTooLowShouldThrowException" classname="com.github.ltennstedt.finnmath.core.util.MathRandomTest" time="0.002"/>
  <testcase name="nextSkewSymmetricBigIntegerMatrixSizeTooLowShouldThrowException" classname="com.github.ltennstedt.finnmath.core.util.MathRandomTest" time="0.001"/>
  <testcase name="nextInvertibleNegativeBigDecimalShouldSucceed" classname="com.github.ltennstedt.finnmath.core.util.MathRandomTest" time="0"/>
  <testcase name="nextUpperTriangularBigIntegerMatrixShouldSucceed" classname="com.github.ltennstedt.finnmath.core.util.MathRandomTest" time="0.002"/>
  <testcase name="nextRealComplexNumberVectorsSizeTooLowhouldThrowException" classname="com.github.ltennstedt.finnmath.core.util.MathRandomTest" time="0.001"/>
  <testcase name="nextRealComplexNumberVectorsShouldSucceed" classname="com.github.ltennstedt.finnmath.core.util.MathRandomTest" time="0.011"/>
  <testcase name="nextLowerTriangularBigIntegerMatricesShouldSucceed" classname="com.github.ltennstedt.finnmath.core.util.MathRandomTest" time="0.01"/>
  <testcase name="nextRealComplexNumberVectorsScaleTooLowhouldThrowException" classname="com.github.ltennstedt.finnmath.core.util.MathRandomTest" time="0.001"/>
  <testcase name="nextRealComplexNumberMatricesRowSizeTooLowShouldThrowException" classname="com.github.ltennstedt.finnmath.core.util.MathRandomTest" time="0.001"/>
  <testcase name="nextSkewSymmetricBigDecimalMatrixSizeTooLowShouldThrowException" classname="com.github.ltennstedt.finnmath.core.util.MathRandomTest" time="0.005"/>
  <testcase name="nextRealComplexNumberVectorShouldSucceed" classname="com.github.ltennstedt.finnmath.core.util.MathRandomTest" time="0.002"/>
  <testcase name="nextUpperTriangularBigDecimalMatrixScaleTooLowShouldThrowException" classname="com.github.ltennstedt.finnmath.core.util.MathRandomTest" time="0.002"/>
  <testcase name="nextSymmetricBigDecimalMatrixScaleTooLowShouldThrowException" classname="com.github.ltennstedt.finnmath.core.util.MathRandomTest" time="0.001"/>
  <testcase name="keepBigDecimalInBoundBigDecimalGreaterThanOrEqualToZeroAndBigDecimalGreaterThanOrEqualToBound" classname="com.github.ltennstedt.finnmath.core.util.MathRandomTest" time="0.001"/>
  <testcase name="nextInvertibleNegativeFractionShouldSucceed" classname="com.github.ltennstedt.finnmath.core.util.MathRandomTest" time="0"/>
  <testcase name="nextDiagonalBigDecimalMatrixShouldSucceed" classname="com.github.ltennstedt.finnmath.core.util.MathRandomTest" time="0.003"/>
  <testcase name="nextDiagonalBigDecimalMatricesTooLessShouldThrowException" classname="com.github.ltennstedt.finnmath.core.util.MathRandomTest" time="0.002"/>
  <testcase name="nextPositiveBigIntegerShouldSucceed" classname="com.github.ltennstedt.finnmath.core.util.MathRandomTest" time="0"/>
  <testcase name="nextDiagonalBigDecimalMatrixScaleTooLowShouldThrowException" classname="com.github.ltennstedt.finnmath.core.util.MathRandomTest" time="0.001"/>
  <testcase name="nextTriangularSimpleComplexNumberMatricesShouldSucceed" classname="com.github.ltennstedt.finnmath.core.util.MathRandomTest" time="0.026"/>
  <testcase name="nextInvertibleRealComplexNumbersBoundTooLowShoudThrowException" classname="com.github.ltennstedt.finnmath.core.util.MathRandomTest" time="0.001"/>
  <testcase name="nextFractionBoundTooLowShouldThrowException" classname="com.github.ltennstedt.finnmath.core.util.MathRandomTest" time="0.001"/>
  <testcase name="nextNegativeBigIntegersTooLessShoudThrowException" classname="com.github.ltennstedt.finnmath.core.util.MathRandomTest" time="0.002"/>
  <testcase name="nextUpperTriangularSimpleComplexNumberMatricesShouldSucceed" classname="com.github.ltennstedt.finnmath.core.util.MathRandomTest" time="0.019"/>
  <testcase name="nextLowerTriangularSimpleComplexNumberMatrixShouldSucceed" classname="com.github.ltennstedt.finnmath.core.util.MathRandomTest" time="0.005"/>
  <testcase name="nextSymmetricSimpleComplexNumberMatricesBoundTooLowShouldThrowException" classname="com.github.ltennstedt.finnmath.core.util.MathRandomTest" time="0.001"/>
  <testcase name="nextSimpleComplexNumbersShouldSucceed" classname="com.github.ltennstedt.finnmath.core.util.MathRandomTest" time="0.004"/>
  <testcase name="nextTriangularBigDecimalMatrixBoundTooLowShouldThrowException" classname="com.github.ltennstedt.finnmath.core.util.MathRandomTest" time="0.001"/>
  <testcase name="nextTriangularRealComplexNumberMatrixSizeTooLowShouldThrowException" classname="com.github.ltennstedt.finnmath.core.util.MathRandomTest" time="0.001"/>
  <testcase name="nextUpperTriangularSimpleComplexNumberMatricesBoundTooLowShouldThrowException" classname="com.github.ltennstedt.finnmath.core.util.MathRandomTest" time="0.001"/>
</testsuite>